<?xml version="1.0" encoding="utf-8"?><testsuites><testsuite name="pytest" errors="3" failures="33" skipped="3" tests="316" time="4608.619" timestamp="2024-12-18T16:45:52.170390+00:00" hostname="7ca09b1e7b0f"><testcase classname="" name="examples.multirotor.opt_drone_rural" time="0.000"><error message="collection failure">examples/multirotor/opt_drone_rural.py:47: in &lt;module&gt;
    def_mdl = Drone()
fmdtools/define/architecture/function.py:512: in __init__
    Architecture.__init__(self, h=h, **kwargs)
fmdtools/define/architecture/base.py:90: in __init__
    self.init_architecture(**kwargs)
examples/multirotor/drone_mdl_rural.py:700: in init_architecture
    self.add_flow('environment', DroneEnvironment, p=self.p.env_param)
fmdtools/define/architecture/base.py:197: in add_flow
    self.add_flex_role_obj('flows', name, objclass=fclass, use_copy=use_copy,
fmdtools/define/architecture/base.py:162: in add_flex_role_obj
    obj = init_obj(name=name, objclass=objclass, track=track,
fmdtools/define/object/base.py:962: in init_obj
    fl = objclass(name=name, track=track, **kwargs)
fmdtools/define/environment.py:69: in __init__
    super().__init__(name=name, root=root, glob=glob, p=p, s=s, track=track)
fmdtools/define/flow/commsflow.py:103: in __init__
    super().__init__(name=name, glob=glob, track=track, **kwargs)
fmdtools/define/flow/multiflow.py:110: in __init__
    super().__init__(name=name, root=root, track=track, **kwargs)
fmdtools/define/object/base.py:190: in __init__
    self.init_roletypes(*roletypes, **kwargs)
fmdtools/define/object/base.py:251: in init_roletypes
    self.init_roles(roletype, **kwargs)
fmdtools/define/object/base.py:296: in init_roles
    container = container_initializer(**container_args)
fmdtools/define/object/coords.py:948: in __init__
    self.init_properties(*args, **kwargs)
examples/multirotor/drone_mdl_dynamic.py:90: in init_properties
    self.set_range("target", True, 0, 150, 10, 160)
fmdtools/define/object/coords.py:411: in set_range
    _, y_max_ind = self.to_index(0.0, ymax)
fmdtools/define/object/coords.py:188: in to_index
    raise Exception("Outside bounds of grid: "+str(x)+','+str(y))
E   Exception: Outside bounds of grid: 0.0,160</error></testcase><testcase classname="" name="examples.multirotor.test_multirotor" time="0.000"><error message="collection failure">examples/multirotor/test_multirotor.py:47: in &lt;module&gt;
    ex_soc_opt = ParameterSimProblem(Drone(track=None), expd1, 'nominal')
fmdtools/define/architecture/function.py:512: in __init__
    Architecture.__init__(self, h=h, **kwargs)
fmdtools/define/architecture/base.py:90: in __init__
    self.init_architecture(**kwargs)
examples/multirotor/drone_mdl_rural.py:700: in init_architecture
    self.add_flow('environment', DroneEnvironment, p=self.p.env_param)
fmdtools/define/architecture/base.py:197: in add_flow
    self.add_flex_role_obj('flows', name, objclass=fclass, use_copy=use_copy,
fmdtools/define/architecture/base.py:162: in add_flex_role_obj
    obj = init_obj(name=name, objclass=objclass, track=track,
fmdtools/define/object/base.py:962: in init_obj
    fl = objclass(name=name, track=track, **kwargs)
fmdtools/define/environment.py:69: in __init__
    super().__init__(name=name, root=root, glob=glob, p=p, s=s, track=track)
fmdtools/define/flow/commsflow.py:103: in __init__
    super().__init__(name=name, glob=glob, track=track, **kwargs)
fmdtools/define/flow/multiflow.py:110: in __init__
    super().__init__(name=name, root=root, track=track, **kwargs)
fmdtools/define/object/base.py:190: in __init__
    self.init_roletypes(*roletypes, **kwargs)
fmdtools/define/object/base.py:251: in init_roletypes
    self.init_roles(roletype, **kwargs)
fmdtools/define/object/base.py:296: in init_roles
    container = container_initializer(**container_args)
fmdtools/define/object/coords.py:948: in __init__
    self.init_properties(*args, **kwargs)
examples/multirotor/drone_mdl_dynamic.py:90: in init_properties
    self.set_range("target", True, 0, 150, 10, 160)
fmdtools/define/object/coords.py:411: in set_range
    _, y_max_ind = self.to_index(0.0, ymax)
fmdtools/define/object/coords.py:188: in to_index
    raise Exception("Outside bounds of grid: "+str(x)+','+str(y))
E   Exception: Outside bounds of grid: 0.0,160</error><error message="collection failure">examples/multirotor/test_multirotor.py:47: in &lt;module&gt;
    ex_soc_opt = ParameterSimProblem(Drone(track=None), expd1, 'nominal')
fmdtools/define/architecture/function.py:512: in __init__
    Architecture.__init__(self, h=h, **kwargs)
fmdtools/define/architecture/base.py:90: in __init__
    self.init_architecture(**kwargs)
examples/multirotor/drone_mdl_rural.py:700: in init_architecture
    self.add_flow('environment', DroneEnvironment, p=self.p.env_param)
fmdtools/define/architecture/base.py:197: in add_flow
    self.add_flex_role_obj('flows', name, objclass=fclass, use_copy=use_copy,
fmdtools/define/architecture/base.py:162: in add_flex_role_obj
    obj = init_obj(name=name, objclass=objclass, track=track,
fmdtools/define/object/base.py:962: in init_obj
    fl = objclass(name=name, track=track, **kwargs)
fmdtools/define/environment.py:69: in __init__
    super().__init__(name=name, root=root, glob=glob, p=p, s=s, track=track)
fmdtools/define/flow/commsflow.py:103: in __init__
    super().__init__(name=name, glob=glob, track=track, **kwargs)
fmdtools/define/flow/multiflow.py:110: in __init__
    super().__init__(name=name, root=root, track=track, **kwargs)
fmdtools/define/object/base.py:190: in __init__
    self.init_roletypes(*roletypes, **kwargs)
fmdtools/define/object/base.py:251: in init_roletypes
    self.init_roles(roletype, **kwargs)
fmdtools/define/object/base.py:296: in init_roles
    container = container_initializer(**container_args)
fmdtools/define/object/coords.py:948: in __init__
    self.init_properties(*args, **kwargs)
examples/multirotor/drone_mdl_dynamic.py:90: in init_properties
    self.set_range("target", True, 0, 150, 10, 160)
fmdtools/define/object/coords.py:411: in set_range
    _, y_max_ind = self.to_index(0.0, ymax)
fmdtools/define/object/coords.py:188: in to_index
    raise Exception("Outside bounds of grid: "+str(x)+','+str(y))
E   Exception: Outside bounds of grid: 0.0,160</error></testcase><testcase classname="examples.asg_demo.Action_Sequence_Graph.ipynb" name="" time="18.431" /><testcase classname="examples.eps.EPS_Example_Notebook.ipynb" name="" time="13.716" /><testcase classname="examples.eps.test_eps.epsTests" name="test_all_faults" time="1.655" /><testcase classname="examples.eps.test_eps.epsTests" name="test_backward_fault_prop_1" time="0.105" /><testcase classname="examples.eps.test_eps.epsTests" name="test_backward_fault_prop_2" time="0.110" /><testcase classname="examples.eps.test_eps.epsTests" name="test_fault_app" time="304.512" /><testcase classname="examples.eps.test_eps.epsTests" name="test_multfault_saving" time="0.310" /><testcase classname="examples.eps.test_eps.epsTests" name="test_nominal_saving" time="0.232" /><testcase classname="examples.eps.test_eps.epsTests" name="test_pickleability" time="0.026" /><testcase classname="examples.eps.test_eps.epsTests" name="test_save_load_onefault" time="0.355" /><testcase classname="examples.eps.test_eps.epsTests" name="test_save_load_singlefaults" time="5.046" /><testcase classname="examples.multiflow_demo.Multiflow_and_Commsflow_Demonstration.ipynb" name="" time="8.854"><failure message="#x1B[0;31mException#x1B[0m: Error in scenario Scenario(sequence={}, times=(), rate=1.0, name='nominal', time=0.0)">---------------------------------------------------------------------------
mdl.flows["communications"].mover_1.s.x=25
mdl.flows["communications"].mover_1.send("mover_2")
from fmdtools.sim import propagate

result, mdlhist = propagate.nominal(mdl,track='all', desired_result={'graph': FunctionArchitectureGraph})
#fig = result.graph.draw(figsize=(8,6)) #graph can be drawn, but it's the same as before since it's nominal
mdlhist
#x1B[0;31m---------------------------------------------------------------------------#x1B[0m
#x1B[0;31mAttributeError#x1B[0m                            Traceback (most recent call last)
File #x1B[0;32m/fmdtools/fmdtools/define/architecture/function.py:782#x1B[0m, in #x1B[0;36mFunctionArchitecture.propagate#x1B[0;34m(self, time, fxnfaults, disturbances, run_stochastic)#x1B[0m
#x1B[1;32m    781#x1B[0m #x1B[38;5;28;01mtry#x1B[39;00m:
#x1B[0;32m--&gt; 782#x1B[0m     #x1B[38;5;28;43mself#x1B[39;49m#x1B[38;5;241;43m.#x1B[39;49m#x1B[43mprop_static#x1B[49m#x1B[43m(#x1B[49m#x1B[43mtime#x1B[49m#x1B[43m,#x1B[49m#x1B[43m #x1B[49m#x1B[43mrun_stochastic#x1B[49m#x1B[38;5;241;43m=#x1B[39;49m#x1B[43mrun_stochastic#x1B[49m#x1B[43m)#x1B[49m
#x1B[1;32m    783#x1B[0m #x1B[38;5;28;01mexcept#x1B[39;00m #x1B[38;5;167;01mException#x1B[39;00m #x1B[38;5;28;01mas#x1B[39;00m e:

File #x1B[0;32m/fmdtools/fmdtools/define/architecture/function.py:812#x1B[0m, in #x1B[0;36mFunctionArchitecture.prop_static#x1B[0;34m(self, time, run_stochastic)#x1B[0m
#x1B[1;32m    811#x1B[0m oldmutables #x1B[38;5;241m=#x1B[39m #x1B[38;5;28mself#x1B[39m#x1B[38;5;241m.#x1B[39mfxns[fxnname]#x1B[38;5;241m.#x1B[39mreturn_mutables()
#x1B[0;32m--&gt; 812#x1B[0m #x1B[38;5;28;43mself#x1B[39;49m#x1B[38;5;241;43m.#x1B[39;49m#x1B[43mfxns#x1B[49m#x1B[43m[#x1B[49m#x1B[43mfxnname#x1B[49m#x1B[43m]#x1B[49m#x1B[43m(#x1B[49m#x1B[38;5;124;43m'#x1B[39;49m#x1B[38;5;124;43mstatic#x1B[39;49m#x1B[38;5;124;43m'#x1B[39;49m#x1B[43m,#x1B[49m#x1B[43m #x1B[49m#x1B[43mtime#x1B[49m#x1B[38;5;241;43m=#x1B[39;49m#x1B[43mtime#x1B[49m#x1B[43m,#x1B[49m#x1B[43m #x1B[49m#x1B[43mrun_stochastic#x1B[49m#x1B[38;5;241;43m=#x1B[39;49m#x1B[43mrun_stochastic#x1B[49m#x1B[43m)#x1B[49m
#x1B[1;32m    813#x1B[0m #x1B[38;5;28;01mif#x1B[39;00m oldmutables #x1B[38;5;241m!=#x1B[39m #x1B[38;5;28mself#x1B[39m#x1B[38;5;241m.#x1B[39mfxns[fxnname]#x1B[38;5;241m.#x1B[39mreturn_mutables():

File #x1B[0;32m/fmdtools/fmdtools/define/block/function.py:189#x1B[0m, in #x1B[0;36mFunction.__call__#x1B[0;34m(self, proptype, faults, time, run_stochastic)#x1B[0m
#x1B[1;32m    188#x1B[0m #x1B[38;5;28;01mif#x1B[39;00m proptype #x1B[38;5;241m==#x1B[39m #x1B[38;5;124m'#x1B[39m#x1B[38;5;124mstatic#x1B[39m#x1B[38;5;124m'#x1B[39m #x1B[38;5;129;01mand#x1B[39;00m #x1B[38;5;28mhasattr#x1B[39m(#x1B[38;5;28mself#x1B[39m, #x1B[38;5;124m'#x1B[39m#x1B[38;5;124mstatic_behavior#x1B[39m#x1B[38;5;124m'#x1B[39m):
#x1B[0;32m--&gt; 189#x1B[0m     #x1B[38;5;28;43mself#x1B[39;49m#x1B[38;5;241;43m.#x1B[39;49m#x1B[43mstatic_behavior#x1B[49m#x1B[43m(#x1B[49m#x1B[43mtime#x1B[49m#x1B[43m)#x1B[49m
#x1B[1;32m    190#x1B[0m #x1B[38;5;28;01melif#x1B[39;00m proptype #x1B[38;5;241m==#x1B[39m #x1B[38;5;124m'#x1B[39m#x1B[38;5;124mdynamic#x1B[39m#x1B[38;5;124m'#x1B[39m #x1B[38;5;129;01mand#x1B[39;00m #x1B[38;5;28mhasattr#x1B[39m(#x1B[38;5;28mself#x1B[39m, #x1B[38;5;124m'#x1B[39m#x1B[38;5;124mdynamic_behavior#x1B[39m#x1B[38;5;124m'#x1B[39m) #x1B[38;5;129;01mand#x1B[39;00m time #x1B[38;5;241m&gt;#x1B[39m #x1B[38;5;28mself#x1B[39m#x1B[38;5;241m.#x1B[39mt#x1B[38;5;241m.#x1B[39mtime:

File #x1B[0;32m/fmdtools/examples/multiflow_demo/multiflow_demo.py:69#x1B[0m, in #x1B[0;36mMover.static_behavior#x1B[0;34m(self, time)#x1B[0m
#x1B[1;32m     68#x1B[0m     #x1B[38;5;28mself#x1B[39m#x1B[38;5;241m.#x1B[39minternal_info#x1B[38;5;241m.#x1B[39ms#x1B[38;5;241m.#x1B[39mx #x1B[38;5;241m=#x1B[39m #x1B[38;5;28mself#x1B[39m#x1B[38;5;241m.#x1B[39mloc#x1B[38;5;241m.#x1B[39ms#x1B[38;5;241m.#x1B[39mx
#x1B[0;32m---&gt; 69#x1B[0m     #x1B[38;5;28;43mself#x1B[39;49m#x1B[38;5;241;43m.#x1B[39;49m#x1B[43minternal_info#x1B[49m#x1B[38;5;241;43m.#x1B[39;49m#x1B[43msend#x1B[49m#x1B[43m(#x1B[49m#x1B[38;5;124;43m"#x1B[39;49m#x1B[38;5;124;43mall#x1B[39;49m#x1B[38;5;124;43m"#x1B[39;49m#x1B[43m,#x1B[49m#x1B[43m #x1B[49m#x1B[38;5;124;43m"#x1B[39;49m#x1B[38;5;124;43mlocal#x1B[39;49m#x1B[38;5;124;43m"#x1B[39;49m#x1B[43m,#x1B[49m#x1B[43m #x1B[49m#x1B[38;5;124;43m"#x1B[39;49m#x1B[38;5;124;43mx#x1B[39;49m#x1B[38;5;124;43m"#x1B[39;49m#x1B[43m)#x1B[49m
#x1B[1;32m     70#x1B[0m #x1B[38;5;28;01melif#x1B[39;00m #x1B[38;5;28mself#x1B[39m#x1B[38;5;241m.#x1B[39mp#x1B[38;5;241m.#x1B[39my_up #x1B[38;5;241m!=#x1B[39m #x1B[38;5;241m0.0#x1B[39m:

File #x1B[0;32m/fmdtools/fmdtools/define/flow/commsflow.py:185#x1B[0m, in #x1B[0;36mCommsFlow.send#x1B[0;34m(self, fxn_to, fxn_from, *states)#x1B[0m
#x1B[1;32m    184#x1B[0m port_out #x1B[38;5;241m=#x1B[39m #x1B[38;5;28mself#x1B[39m#x1B[38;5;241m.#x1B[39mget_port(fxn_from, f_to, #x1B[38;5;124m"#x1B[39m#x1B[38;5;124mout#x1B[39m#x1B[38;5;124m"#x1B[39m)
#x1B[0;32m--&gt; 185#x1B[0m #x1B[43mport_out#x1B[49m#x1B[38;5;241;43m.#x1B[39;49m#x1B[43ms#x1B[49m#x1B[38;5;241;43m.#x1B[39;49m#x1B[43massign#x1B[49m#x1B[43m(#x1B[49m#x1B[43mport_internal#x1B[49m#x1B[38;5;241;43m.#x1B[39;49m#x1B[43ms#x1B[49m#x1B[43m,#x1B[49m#x1B[43m #x1B[49m#x1B[38;5;241;43m*#x1B[39;49m#x1B[43mstates#x1B[49m#x1B[43m,#x1B[49m#x1B[43m #x1B[49m#x1B[43mas_copy#x1B[49m#x1B[38;5;241;43m=#x1B[39;49m#x1B[38;5;28;43;01mTrue#x1B[39;49;00m#x1B[43m)#x1B[49m
#x1B[1;32m    187#x1B[0m #x1B[38;5;28;01mif#x1B[39;00m fxn_from #x1B[38;5;129;01mnot#x1B[39;00m #x1B[38;5;129;01min#x1B[39;00m #x1B[38;5;28mself#x1B[39m#x1B[38;5;241m.#x1B[39mglob#x1B[38;5;241m.#x1B[39mfxns[f_to][#x1B[38;5;124m"#x1B[39m#x1B[38;5;124mreceived#x1B[39m#x1B[38;5;124m"#x1B[39m]:

File #x1B[0;32m/fmdtools/fmdtools/define/container/base.py:263#x1B[0m, in #x1B[0;36mBaseContainer.assign#x1B[0;34m(self, obj, as_copy, *fields, **fielddict)#x1B[0m
#x1B[1;32m    231#x1B[0m #x1B[38;5;250m#x1B[39m#x1B[38;5;124;03m"""#x1B[39;00m
#x1B[1;32m    232#x1B[0m #x1B[38;5;124;03mSet the same-named values of the current object to those of another.#x1B[39;00m
#x1B[1;32m    233#x1B[0m 
#x1B[0;32m   (...)#x1B[0m
#x1B[1;32m    261#x1B[0m #x1B[38;5;124;03m    set to True for dicts/sets to be copied rather than referenced#x1B[39;00m
#x1B[1;32m    262#x1B[0m #x1B[38;5;124;03m"""#x1B[39;00m
#x1B[0;32m--&gt; 263#x1B[0m fielddict #x1B[38;5;241m=#x1B[39m #x1B[38;5;28;43mself#x1B[39;49m#x1B[38;5;241;43m.#x1B[39;49m#x1B[43mget_field_dict#x1B[49m#x1B[43m(#x1B[49m#x1B[43mobj#x1B[49m#x1B[43m,#x1B[49m#x1B[43m #x1B[49m#x1B[38;5;241;43m*#x1B[39;49m#x1B[43mfields#x1B[49m#x1B[43m,#x1B[49m#x1B[43m #x1B[49m#x1B[38;5;241;43m*#x1B[39;49m#x1B[38;5;241;43m*#x1B[39;49m#x1B[43mfielddict#x1B[49m#x1B[43m)#x1B[49m
#x1B[1;32m    264#x1B[0m #x1B[38;5;28;01mfor#x1B[39;00m field, value #x1B[38;5;129;01min#x1B[39;00m fielddict#x1B[38;5;241m.#x1B[39mitems():

File #x1B[0;32m/fmdtools/fmdtools/define/container/base.py:217#x1B[0m, in #x1B[0;36mBaseContainer.get_field_dict#x1B[0;34m(self, obj, *fields, **fielddict)#x1B[0m
#x1B[1;32m    215#x1B[0m #x1B[38;5;28;01mif#x1B[39;00m #x1B[38;5;129;01mnot#x1B[39;00m fielddict:
#x1B[1;32m    216#x1B[0m     #x1B[38;5;66;03m# if states provided, only assign those states#x1B[39;00m
#x1B[0;32m--&gt; 217#x1B[0m     fielddict #x1B[38;5;241m=#x1B[39m #x1B[43m{#x1B[49m#x1B[43ms#x1B[49m#x1B[43m:#x1B[49m#x1B[43m #x1B[49m#x1B[38;5;28;43mgetattr#x1B[39;49m#x1B[43m(#x1B[49m#x1B[43mobj#x1B[49m#x1B[43m,#x1B[49m#x1B[43m #x1B[49m#x1B[43ms#x1B[49m#x1B[43m)#x1B[49m#x1B[43m #x1B[49m#x1B[38;5;28;43;01mfor#x1B[39;49;00m#x1B[43m #x1B[49m#x1B[43ms#x1B[49m#x1B[43m #x1B[49m#x1B[38;5;129;43;01min#x1B[39;49;00m#x1B[43m #x1B[49m#x1B[43mfields#x1B[49m#x1B[43m}#x1B[49m
#x1B[1;32m    218#x1B[0m #x1B[38;5;28;01melse#x1B[39;00m:
#x1B[1;32m    219#x1B[0m     #x1B[38;5;66;03m# if kwarg states provided, assign keys to values#x1B[39;00m

File #x1B[0;32m/fmdtools/fmdtools/define/container/base.py:217#x1B[0m, in #x1B[0;36m&lt;dictcomp&gt;#x1B[0;34m(.0)#x1B[0m
#x1B[1;32m    215#x1B[0m #x1B[38;5;28;01mif#x1B[39;00m #x1B[38;5;129;01mnot#x1B[39;00m fielddict:
#x1B[1;32m    216#x1B[0m     #x1B[38;5;66;03m# if states provided, only assign those states#x1B[39;00m
#x1B[0;32m--&gt; 217#x1B[0m     fielddict #x1B[38;5;241m=#x1B[39m {s: #x1B[38;5;28;43mgetattr#x1B[39;49m#x1B[43m(#x1B[49m#x1B[43mobj#x1B[49m#x1B[43m,#x1B[49m#x1B[43m #x1B[49m#x1B[43ms#x1B[49m#x1B[43m)#x1B[49m #x1B[38;5;28;01mfor#x1B[39;00m s #x1B[38;5;129;01min#x1B[39;00m fields}
#x1B[1;32m    218#x1B[0m #x1B[38;5;28;01melse#x1B[39;00m:
#x1B[1;32m    219#x1B[0m     #x1B[38;5;66;03m# if kwarg states provided, assign keys to values#x1B[39;00m

#x1B[0;31mAttributeError#x1B[0m: 'LocationState' object has no attribute 'local'

The above exception was the direct cause of the following exception:

#x1B[0;31mException#x1B[0m                                 Traceback (most recent call last)
File #x1B[0;32m/fmdtools/fmdtools/sim/propagate.py:1111#x1B[0m, in #x1B[0;36mprop_one_scen#x1B[0;34m(mdl, scen, ctimes, nomhist, nomresult, **kwargs)#x1B[0m
#x1B[1;32m   1110#x1B[0m #x1B[38;5;28;01mtry#x1B[39;00m:
#x1B[0;32m-&gt; 1111#x1B[0m     #x1B[43mmdl#x1B[49m#x1B[38;5;241;43m.#x1B[39;49m#x1B[43mpropagate#x1B[49m#x1B[43m(#x1B[49m#x1B[43mt#x1B[49m#x1B[43m,#x1B[49m#x1B[43m #x1B[49m#x1B[43mfxnfaults#x1B[49m#x1B[43m,#x1B[49m#x1B[43m #x1B[49m#x1B[43mdisturbances#x1B[49m#x1B[43m,#x1B[49m#x1B[43m #x1B[49m#x1B[43mrun_stochastic#x1B[49m#x1B[38;5;241;43m=#x1B[39;49m#x1B[43mrun_stochastic#x1B[49m#x1B[43m)#x1B[49m
#x1B[1;32m   1112#x1B[0m #x1B[38;5;28;01mexcept#x1B[39;00m #x1B[38;5;167;01mException#x1B[39;00m #x1B[38;5;28;01mas#x1B[39;00m e:

File #x1B[0;32m/fmdtools/fmdtools/define/architecture/function.py:784#x1B[0m, in #x1B[0;36mFunctionArchitecture.propagate#x1B[0;34m(self, time, fxnfaults, disturbances, run_stochastic)#x1B[0m
#x1B[1;32m    783#x1B[0m #x1B[38;5;28;01mexcept#x1B[39;00m #x1B[38;5;167;01mException#x1B[39;00m #x1B[38;5;28;01mas#x1B[39;00m e:
#x1B[0;32m--&gt; 784#x1B[0m     #x1B[38;5;28;01mraise#x1B[39;00m #x1B[38;5;167;01mException#x1B[39;00m(#x1B[38;5;124m"#x1B[39m#x1B[38;5;124mError in static propagation at time t=#x1B[39m#x1B[38;5;124m"#x1B[39m #x1B[38;5;241m+#x1B[39m #x1B[38;5;28mstr#x1B[39m(time)) #x1B[38;5;28;01mfrom#x1B[39;00m #x1B[38;5;21;01me#x1B[39;00m

#x1B[0;31mException#x1B[0m: Error in static propagation at time t=0.0

The above exception was the direct cause of the following exception:

#x1B[0;31mException#x1B[0m                                 Traceback (most recent call last)
Cell #x1B[0;32mIn[10], line 5#x1B[0m
#x1B[1;32m      2#x1B[0m mdl#x1B[38;5;241m.#x1B[39mflows[#x1B[38;5;124m"#x1B[39m#x1B[38;5;124mcommunications#x1B[39m#x1B[38;5;124m"#x1B[39m]#x1B[38;5;241m.#x1B[39mmover_1#x1B[38;5;241m.#x1B[39msend(#x1B[38;5;124m"#x1B[39m#x1B[38;5;124mmover_2#x1B[39m#x1B[38;5;124m"#x1B[39m)
#x1B[1;32m      3#x1B[0m #x1B[38;5;28;01mfrom#x1B[39;00m #x1B[38;5;21;01mfmdtools#x1B[39;00m#x1B[38;5;21;01m.#x1B[39;00m#x1B[38;5;21;01msim#x1B[39;00m #x1B[38;5;28;01mimport#x1B[39;00m propagate
#x1B[0;32m----&gt; 5#x1B[0m result, mdlhist #x1B[38;5;241m=#x1B[39m #x1B[43mpropagate#x1B[49m#x1B[38;5;241;43m.#x1B[39;49m#x1B[43mnominal#x1B[49m#x1B[43m(#x1B[49m#x1B[43mmdl#x1B[49m#x1B[43m,#x1B[49m#x1B[43mtrack#x1B[49m#x1B[38;5;241;43m=#x1B[39;49m#x1B[38;5;124;43m'#x1B[39;49m#x1B[38;5;124;43mall#x1B[39;49m#x1B[38;5;124;43m'#x1B[39;49m#x1B[43m,#x1B[49m#x1B[43m #x1B[49m#x1B[43mdesired_result#x1B[49m#x1B[38;5;241;43m=#x1B[39;49m#x1B[43m{#x1B[49m#x1B[38;5;124;43m'#x1B[39;49m#x1B[38;5;124;43mgraph#x1B[39;49m#x1B[38;5;124;43m'#x1B[39;49m#x1B[43m:#x1B[49m#x1B[43m #x1B[49m#x1B[43mFunctionArchitectureGraph#x1B[49m#x1B[43m}#x1B[49m#x1B[43m)#x1B[49m
#x1B[1;32m      6#x1B[0m #x1B[38;5;66;03m#fig = result.graph.draw(figsize=(8,6)) #graph can be drawn, but it's the same as before since it's nominal#x1B[39;00m
#x1B[1;32m      7#x1B[0m mdlhist

File #x1B[0;32m/fmdtools/fmdtools/sim/propagate.py:237#x1B[0m, in #x1B[0;36mnominal#x1B[0;34m(mdl, **kwargs)#x1B[0m
#x1B[1;32m    208#x1B[0m #x1B[38;5;28;01mdef#x1B[39;00m #x1B[38;5;21mnominal#x1B[39m(mdl, #x1B[38;5;241m*#x1B[39m#x1B[38;5;241m*#x1B[39mkwargs):
#x1B[1;32m    209#x1B[0m #x1B[38;5;250m    #x1B[39m#x1B[38;5;124;03m"""#x1B[39;00m
#x1B[1;32m    210#x1B[0m #x1B[38;5;124;03m    Run the model over time in the nominal scenario.#x1B[39;00m
#x1B[1;32m    211#x1B[0m 
#x1B[0;32m   (...)#x1B[0m
#x1B[1;32m    235#x1B[0m #x1B[38;5;124;03m        A History dict with a history of modelstates#x1B[39;00m
#x1B[1;32m    236#x1B[0m #x1B[38;5;124;03m    """#x1B[39;00m
#x1B[0;32m--&gt; 237#x1B[0m     result, mdlhist, _, mdl, t_end #x1B[38;5;241m=#x1B[39m #x1B[43mnom_helper#x1B[49m#x1B[43m(#x1B[49m#x1B[43mmdl#x1B[49m#x1B[43m,#x1B[49m#x1B[43m #x1B[49m#x1B[38;5;28;43;01mNone#x1B[39;49;00m#x1B[43m,#x1B[49m#x1B[43m #x1B[49m#x1B[43mcut_hist#x1B[49m#x1B[38;5;241;43m=#x1B[39;49m#x1B[38;5;28;43;01mTrue#x1B[39;49;00m#x1B[43m,#x1B[49m#x1B[43m #x1B[49m#x1B[38;5;241;43m*#x1B[39;49m#x1B[38;5;241;43m*#x1B[39;49m#x1B[43mkwargs#x1B[49m#x1B[43m)#x1B[49m
#x1B[1;32m    238#x1B[0m     save_helper(kwargs#x1B[38;5;241m.#x1B[39mget(#x1B[38;5;124m'#x1B[39m#x1B[38;5;124msave_args#x1B[39m#x1B[38;5;124m'#x1B[39m, {}), result, mdlhist)
#x1B[1;32m    239#x1B[0m     #x1B[38;5;28;01mreturn#x1B[39;00m result, mdlhist

File #x1B[0;32m/fmdtools/fmdtools/sim/propagate.py:574#x1B[0m, in #x1B[0;36mnom_helper#x1B[0;34m(mdl, ctimes, protect, save_args, mdl_kwargs, scen, warn_faults, **kwargs)#x1B[0m
#x1B[1;32m    571#x1B[0m #x1B[38;5;28;01melse#x1B[39;00m:
#x1B[1;32m    572#x1B[0m     ctimes #x1B[38;5;241m=#x1B[39m []
#x1B[0;32m--&gt; 574#x1B[0m result, nommdlhist, mdls, t_end_nom #x1B[38;5;241m=#x1B[39m #x1B[43mprop_one_scen#x1B[49m#x1B[43m(#x1B[49m#x1B[43mmdl#x1B[49m#x1B[43m,#x1B[49m
#x1B[1;32m    575#x1B[0m #x1B[43m                                                    #x1B[49m#x1B[43mnomscen#x1B[49m#x1B[43m,#x1B[49m
#x1B[1;32m    576#x1B[0m #x1B[43m                                                    #x1B[49m#x1B[43mctimes#x1B[49m#x1B[38;5;241;43m=#x1B[39;49m#x1B[43mctimes#x1B[49m#x1B[43m,#x1B[49m
#x1B[1;32m    577#x1B[0m #x1B[43m                                                    #x1B[49m#x1B[38;5;241;43m*#x1B[39;49m#x1B[38;5;241;43m*#x1B[39;49m#x1B[43mkwargs#x1B[49m#x1B[43m)#x1B[49m
#x1B[1;32m    579#x1B[0m endfaults, endfaultprops #x1B[38;5;241m=#x1B[39m mdl#x1B[38;5;241m.#x1B[39mreturn_faultmodes()
#x1B[1;32m    580#x1B[0m #x1B[38;5;28;01mif#x1B[39;00m #x1B[38;5;28many#x1B[39m(endfaults) #x1B[38;5;129;01mand#x1B[39;00m warn_faults:

File #x1B[0;32m/fmdtools/fmdtools/sim/propagate.py:1113#x1B[0m, in #x1B[0;36mprop_one_scen#x1B[0;34m(mdl, scen, ctimes, nomhist, nomresult, **kwargs)#x1B[0m
#x1B[1;32m   1111#x1B[0m     mdl#x1B[38;5;241m.#x1B[39mpropagate(t, fxnfaults, disturbances, run_stochastic#x1B[38;5;241m=#x1B[39mrun_stochastic)
#x1B[1;32m   1112#x1B[0m #x1B[38;5;28;01mexcept#x1B[39;00m #x1B[38;5;167;01mException#x1B[39;00m #x1B[38;5;28;01mas#x1B[39;00m e:
#x1B[0;32m-&gt; 1113#x1B[0m     #x1B[38;5;28;01mraise#x1B[39;00m #x1B[38;5;167;01mException#x1B[39;00m(#x1B[38;5;124m"#x1B[39m#x1B[38;5;124mError in scenario #x1B[39m#x1B[38;5;124m"#x1B[39m #x1B[38;5;241m+#x1B[39m #x1B[38;5;28mstr#x1B[39m(scen)) #x1B[38;5;28;01mfrom#x1B[39;00m #x1B[38;5;21;01me#x1B[39;00m
#x1B[1;32m   1115#x1B[0m mdl#x1B[38;5;241m.#x1B[39mlog_hist(t_ind, t, shift)
#x1B[1;32m   1117#x1B[0m #x1B[38;5;28;01mif#x1B[39;00m #x1B[38;5;28mtype#x1B[39m(desired_result) #x1B[38;5;129;01mis#x1B[39;00m #x1B[38;5;28mdict#x1B[39m:

#x1B[0;31mException#x1B[0m: Error in scenario Scenario(sequence={}, times=(), rate=1.0, name='nominal', time=0.0)</failure></testcase><testcase classname="examples.multiflow_demo.test_multiflow.define_Tests" name="test_multiflow_combination" time="0.044"><failure message="Exception: Error in scenario Scenario(sequence={}, times=(), rate=1.0, name='nominal', time=0.0)">self = exmodel ExModel
FUNCTIONS:
mover_1 Mover
mover_2 Mover
coordinator Coordinator
FLOWS:
communications Communications fl...
location Location flow: LocationState(x=0.0, y=0.0)
   mover_1 Location flow: LocationState(x=1.0, y=0.0)
   mover...

time = 0.0, fxnfaults = {}, disturbances = {}, run_stochastic = False

    def propagate(self, time, fxnfaults={}, disturbances={}, run_stochastic=False):
        """
        Inject and propagates faults through the graph at one time-step.
    
        Parameters
        ----------
        time : float
            The current time-step.
        fxnfaults : dict
            Faults to inject during this propagation step.
            With structure {'function':['fault1', 'fault2'...]}
        disturbances : dict
            Variables to change during this propagation step.
            With structure {'function.var1':value}
        run_stochastic : bool
            Whether to run stochastic behaviors or use default values. Default is False.
            Can set as 'track_pdf' to calculate/track the probability densities of
            random states over time.
        """
        # Step 0: Update model states with disturbances
        self.set_vars(**disturbances)
    
        # Step 1: Run Dynamic Propagation Methods in Order Specified
        # Inject Faults if Applicable
        for fxnname in self.dynamicfxns.union(fxnfaults.keys()):
            fxn = self.fxns[fxnname]
            faults = fxnfaults.get(fxnname, [])
            if not isinstance(faults, list):
                faults = [faults]
            fxn('dynamic', faults=faults, time=time, run_stochastic=run_stochastic)
    
        # Step 2: Run Static Propagation Methods
        try:
&gt;           self.prop_static(time, run_stochastic=run_stochastic)

fmdtools/define/architecture/function.py:782: 
_ _ _ _ _ _ _ _ _ _ _ _ _ _ _ _ _ _ _ _ _ _ _ _ _ _ _ _ _ _ _ _ _ _ _ _ _ _ _ _ 
fmdtools/define/architecture/function.py:812: in prop_static
    self.fxns[fxnname]('static', time=time, run_stochastic=run_stochastic)
fmdtools/define/block/function.py:189: in __call__
    self.static_behavior(time)
examples/multiflow_demo/multiflow_demo.py:69: in static_behavior
    self.internal_info.send("all", "local", "x")
fmdtools/define/flow/commsflow.py:185: in send
    port_out.s.assign(port_internal.s, *states, as_copy=True)
fmdtools/define/container/base.py:263: in assign
    fielddict = self.get_field_dict(obj, *fields, **fielddict)
fmdtools/define/container/base.py:217: in get_field_dict
    fielddict = {s: getattr(obj, s) for s in fields}
_ _ _ _ _ _ _ _ _ _ _ _ _ _ _ _ _ _ _ _ _ _ _ _ _ _ _ _ _ _ _ _ _ _ _ _ _ _ _ _ 

.0 = &lt;tuple_iterator object at 0x7fef7fe2cc10&gt;

&gt;   fielddict = {s: getattr(obj, s) for s in fields}
E   AttributeError: 'LocationState' object has no attribute 'local'

fmdtools/define/container/base.py:217: AttributeError

The above exception was the direct cause of the following exception:

mdl = exmodel ExModel
FUNCTIONS:
mover_1 Mover
mover_2 Mover
coordinator Coordinator
FLOWS:
communications Communications fl...
location Location flow: LocationState(x=0.0, y=0.0)
   mover_1 Location flow: LocationState(x=1.0, y=0.0)
   mover...

scen = Scenario(sequence={}, times=(), rate=1.0, name='nominal', time=0.0)
ctimes = [], nomhist = {}, nomresult = {}, kwargs = {'cut_hist': True}
desired_result = 'endclass', staged = False, cut_hist = True
run_stochastic = False, use_end_condition = True, warn_faults = True
start_time = 0

    def prop_one_scen(mdl, scen, ctimes=[], nomhist={}, nomresult={}, **kwargs):
        """
        Simulate a single scenario in the model over time.
    
        Parameters
        ----------
        mdl : Simulable
            The model to inject faults in.
        scen : Scenario
            The Scenario to run.
        ctimes : list, optional
            List of times to copy the model (for use in staged execution).
            The default is [].
        nomhist : dict, optional
            Model history dictionary from previous runs, for use in creating the new
            mdlhist. The default is {}.
        nomresult : dict, optional
            Nominal result dictionary (to compare with current if desired)
        **kwargs : kwargs
            simulation options, see :data:`sim_kwargs`
        Returns
        -------
        result: Result
            dict of result corresponding to desired_result.
        mdlhist : dict
            A dictionary with a history of modelstates.
        c_mdl : dict
            A dictionary of models at each time given in ctimes with structure {time:model}
        t_end: float
            Last sim time
        """
        desired_result, staged, cut_hist, run_stochastic, use_end_condition, warn_faults = unpack_sim_kwargs(**kwargs)
        # if staged, we want it to start a new run from the starting time of the scenario,
        # using a copy of the input model (which is the nominal run) at this time
        if staged:
            start_time = scen.time
        else:
            start_time = 0
        timerange = mdl.sp.get_timerange(start_time)
        # check if sequence is out of timerange
        for t in scen['sequence']:
            if t not in timerange:
                raise Exception("t="+str(t)+" from sequence not in timerange: "
                                + str(timerange))
        shift = mdl.sp.get_shift(start_time)
        mdl.init_time_hist()
        # run model through the time range defined in the object
        c_mdl = dict.fromkeys(ctimes)
        result = Result()
        for t_ind, t in enumerate(timerange):
            # inject fault when it occurs, track defined flow states and graph
            try:
                if t in ctimes:
                    c_mdl[t] = mdl.copy()
                if t in scen['sequence']:
                    fxnfaults = scen['sequence'][t].get('faults', {})
                    disturbances = scen['sequence'][t].get('disturbances', {})
                else:
                    fxnfaults = {}
                    disturbances = {}
                try:
&gt;                   mdl.propagate(t, fxnfaults, disturbances, run_stochastic=run_stochastic)

fmdtools/sim/propagate.py:1111: 
_ _ _ _ _ _ _ _ _ _ _ _ _ _ _ _ _ _ _ _ _ _ _ _ _ _ _ _ _ _ _ _ _ _ _ _ _ _ _ _ 

self = exmodel ExModel
FUNCTIONS:
mover_1 Mover
mover_2 Mover
coordinator Coordinator
FLOWS:
communications Communications fl...
location Location flow: LocationState(x=0.0, y=0.0)
   mover_1 Location flow: LocationState(x=1.0, y=0.0)
   mover...

time = 0.0, fxnfaults = {}, disturbances = {}, run_stochastic = False

    def propagate(self, time, fxnfaults={}, disturbances={}, run_stochastic=False):
        """
        Inject and propagates faults through the graph at one time-step.
    
        Parameters
        ----------
        time : float
            The current time-step.
        fxnfaults : dict
            Faults to inject during this propagation step.
            With structure {'function':['fault1', 'fault2'...]}
        disturbances : dict
            Variables to change during this propagation step.
            With structure {'function.var1':value}
        run_stochastic : bool
            Whether to run stochastic behaviors or use default values. Default is False.
            Can set as 'track_pdf' to calculate/track the probability densities of
            random states over time.
        """
        # Step 0: Update model states with disturbances
        self.set_vars(**disturbances)
    
        # Step 1: Run Dynamic Propagation Methods in Order Specified
        # Inject Faults if Applicable
        for fxnname in self.dynamicfxns.union(fxnfaults.keys()):
            fxn = self.fxns[fxnname]
            faults = fxnfaults.get(fxnname, [])
            if not isinstance(faults, list):
                faults = [faults]
            fxn('dynamic', faults=faults, time=time, run_stochastic=run_stochastic)
    
        # Step 2: Run Static Propagation Methods
        try:
            self.prop_static(time, run_stochastic=run_stochastic)
        except Exception as e:
&gt;           raise Exception("Error in static propagation at time t=" + str(time)) from e
E           Exception: Error in static propagation at time t=0.0

fmdtools/define/architecture/function.py:784: Exception

The above exception was the direct cause of the following exception:

self = &lt;examples.multiflow_demo.test_multiflow.define_Tests testMethod=test_multiflow_combination&gt;

    def setUp(self):
        self.mdl = ExModel()
&gt;       self.endresults, self.mdlhist = propagate.nominal(self.mdl)

examples/multiflow_demo/test_multiflow.py:32: 
_ _ _ _ _ _ _ _ _ _ _ _ _ _ _ _ _ _ _ _ _ _ _ _ _ _ _ _ _ _ _ _ _ _ _ _ _ _ _ _ 
fmdtools/sim/propagate.py:237: in nominal
    result, mdlhist, _, mdl, t_end = nom_helper(mdl, None, cut_hist=True, **kwargs)
fmdtools/sim/propagate.py:574: in nom_helper
    result, nommdlhist, mdls, t_end_nom = prop_one_scen(mdl,
_ _ _ _ _ _ _ _ _ _ _ _ _ _ _ _ _ _ _ _ _ _ _ _ _ _ _ _ _ _ _ _ _ _ _ _ _ _ _ _ 

mdl = exmodel ExModel
FUNCTIONS:
mover_1 Mover
mover_2 Mover
coordinator Coordinator
FLOWS:
communications Communications fl...
location Location flow: LocationState(x=0.0, y=0.0)
   mover_1 Location flow: LocationState(x=1.0, y=0.0)
   mover...

scen = Scenario(sequence={}, times=(), rate=1.0, name='nominal', time=0.0)
ctimes = [], nomhist = {}, nomresult = {}, kwargs = {'cut_hist': True}
desired_result = 'endclass', staged = False, cut_hist = True
run_stochastic = False, use_end_condition = True, warn_faults = True
start_time = 0

    def prop_one_scen(mdl, scen, ctimes=[], nomhist={}, nomresult={}, **kwargs):
        """
        Simulate a single scenario in the model over time.
    
        Parameters
        ----------
        mdl : Simulable
            The model to inject faults in.
        scen : Scenario
            The Scenario to run.
        ctimes : list, optional
            List of times to copy the model (for use in staged execution).
            The default is [].
        nomhist : dict, optional
            Model history dictionary from previous runs, for use in creating the new
            mdlhist. The default is {}.
        nomresult : dict, optional
            Nominal result dictionary (to compare with current if desired)
        **kwargs : kwargs
            simulation options, see :data:`sim_kwargs`
        Returns
        -------
        result: Result
            dict of result corresponding to desired_result.
        mdlhist : dict
            A dictionary with a history of modelstates.
        c_mdl : dict
            A dictionary of models at each time given in ctimes with structure {time:model}
        t_end: float
            Last sim time
        """
        desired_result, staged, cut_hist, run_stochastic, use_end_condition, warn_faults = unpack_sim_kwargs(**kwargs)
        # if staged, we want it to start a new run from the starting time of the scenario,
        # using a copy of the input model (which is the nominal run) at this time
        if staged:
            start_time = scen.time
        else:
            start_time = 0
        timerange = mdl.sp.get_timerange(start_time)
        # check if sequence is out of timerange
        for t in scen['sequence']:
            if t not in timerange:
                raise Exception("t="+str(t)+" from sequence not in timerange: "
                                + str(timerange))
        shift = mdl.sp.get_shift(start_time)
        mdl.init_time_hist()
        # run model through the time range defined in the object
        c_mdl = dict.fromkeys(ctimes)
        result = Result()
        for t_ind, t in enumerate(timerange):
            # inject fault when it occurs, track defined flow states and graph
            try:
                if t in ctimes:
                    c_mdl[t] = mdl.copy()
                if t in scen['sequence']:
                    fxnfaults = scen['sequence'][t].get('faults', {})
                    disturbances = scen['sequence'][t].get('disturbances', {})
                else:
                    fxnfaults = {}
                    disturbances = {}
                try:
                    mdl.propagate(t, fxnfaults, disturbances, run_stochastic=run_stochastic)
                except Exception as e:
&gt;                   raise Exception("Error in scenario " + str(scen)) from e
E                   Exception: Error in scenario Scenario(sequence={}, times=(), rate=1.0, name='nominal', time=0.0)

fmdtools/sim/propagate.py:1113: Exception</failure></testcase><testcase classname="examples.multiflow_demo.test_multiflow.define_Tests" name="test_multiflow_passing" time="0.043"><failure message="Exception: Error in scenario Scenario(sequence={}, times=(), rate=1.0, name='nominal', time=0.0)">self = exmodel ExModel
FUNCTIONS:
mover_1 Mover
mover_2 Mover
coordinator Coordinator
FLOWS:
communications Communications fl...
location Location flow: LocationState(x=0.0, y=0.0)
   mover_1 Location flow: LocationState(x=1.0, y=0.0)
   mover...

time = 0.0, fxnfaults = {}, disturbances = {}, run_stochastic = False

    def propagate(self, time, fxnfaults={}, disturbances={}, run_stochastic=False):
        """
        Inject and propagates faults through the graph at one time-step.
    
        Parameters
        ----------
        time : float
            The current time-step.
        fxnfaults : dict
            Faults to inject during this propagation step.
            With structure {'function':['fault1', 'fault2'...]}
        disturbances : dict
            Variables to change during this propagation step.
            With structure {'function.var1':value}
        run_stochastic : bool
            Whether to run stochastic behaviors or use default values. Default is False.
            Can set as 'track_pdf' to calculate/track the probability densities of
            random states over time.
        """
        # Step 0: Update model states with disturbances
        self.set_vars(**disturbances)
    
        # Step 1: Run Dynamic Propagation Methods in Order Specified
        # Inject Faults if Applicable
        for fxnname in self.dynamicfxns.union(fxnfaults.keys()):
            fxn = self.fxns[fxnname]
            faults = fxnfaults.get(fxnname, [])
            if not isinstance(faults, list):
                faults = [faults]
            fxn('dynamic', faults=faults, time=time, run_stochastic=run_stochastic)
    
        # Step 2: Run Static Propagation Methods
        try:
&gt;           self.prop_static(time, run_stochastic=run_stochastic)

fmdtools/define/architecture/function.py:782: 
_ _ _ _ _ _ _ _ _ _ _ _ _ _ _ _ _ _ _ _ _ _ _ _ _ _ _ _ _ _ _ _ _ _ _ _ _ _ _ _ 
fmdtools/define/architecture/function.py:812: in prop_static
    self.fxns[fxnname]('static', time=time, run_stochastic=run_stochastic)
fmdtools/define/block/function.py:189: in __call__
    self.static_behavior(time)
examples/multiflow_demo/multiflow_demo.py:69: in static_behavior
    self.internal_info.send("all", "local", "x")
fmdtools/define/flow/commsflow.py:185: in send
    port_out.s.assign(port_internal.s, *states, as_copy=True)
fmdtools/define/container/base.py:263: in assign
    fielddict = self.get_field_dict(obj, *fields, **fielddict)
fmdtools/define/container/base.py:217: in get_field_dict
    fielddict = {s: getattr(obj, s) for s in fields}
_ _ _ _ _ _ _ _ _ _ _ _ _ _ _ _ _ _ _ _ _ _ _ _ _ _ _ _ _ _ _ _ _ _ _ _ _ _ _ _ 

.0 = &lt;tuple_iterator object at 0x7fef7fead120&gt;

&gt;   fielddict = {s: getattr(obj, s) for s in fields}
E   AttributeError: 'LocationState' object has no attribute 'local'

fmdtools/define/container/base.py:217: AttributeError

The above exception was the direct cause of the following exception:

mdl = exmodel ExModel
FUNCTIONS:
mover_1 Mover
mover_2 Mover
coordinator Coordinator
FLOWS:
communications Communications fl...
location Location flow: LocationState(x=0.0, y=0.0)
   mover_1 Location flow: LocationState(x=1.0, y=0.0)
   mover...

scen = Scenario(sequence={}, times=(), rate=1.0, name='nominal', time=0.0)
ctimes = [], nomhist = {}, nomresult = {}, kwargs = {'cut_hist': True}
desired_result = 'endclass', staged = False, cut_hist = True
run_stochastic = False, use_end_condition = True, warn_faults = True
start_time = 0

    def prop_one_scen(mdl, scen, ctimes=[], nomhist={}, nomresult={}, **kwargs):
        """
        Simulate a single scenario in the model over time.
    
        Parameters
        ----------
        mdl : Simulable
            The model to inject faults in.
        scen : Scenario
            The Scenario to run.
        ctimes : list, optional
            List of times to copy the model (for use in staged execution).
            The default is [].
        nomhist : dict, optional
            Model history dictionary from previous runs, for use in creating the new
            mdlhist. The default is {}.
        nomresult : dict, optional
            Nominal result dictionary (to compare with current if desired)
        **kwargs : kwargs
            simulation options, see :data:`sim_kwargs`
        Returns
        -------
        result: Result
            dict of result corresponding to desired_result.
        mdlhist : dict
            A dictionary with a history of modelstates.
        c_mdl : dict
            A dictionary of models at each time given in ctimes with structure {time:model}
        t_end: float
            Last sim time
        """
        desired_result, staged, cut_hist, run_stochastic, use_end_condition, warn_faults = unpack_sim_kwargs(**kwargs)
        # if staged, we want it to start a new run from the starting time of the scenario,
        # using a copy of the input model (which is the nominal run) at this time
        if staged:
            start_time = scen.time
        else:
            start_time = 0
        timerange = mdl.sp.get_timerange(start_time)
        # check if sequence is out of timerange
        for t in scen['sequence']:
            if t not in timerange:
                raise Exception("t="+str(t)+" from sequence not in timerange: "
                                + str(timerange))
        shift = mdl.sp.get_shift(start_time)
        mdl.init_time_hist()
        # run model through the time range defined in the object
        c_mdl = dict.fromkeys(ctimes)
        result = Result()
        for t_ind, t in enumerate(timerange):
            # inject fault when it occurs, track defined flow states and graph
            try:
                if t in ctimes:
                    c_mdl[t] = mdl.copy()
                if t in scen['sequence']:
                    fxnfaults = scen['sequence'][t].get('faults', {})
                    disturbances = scen['sequence'][t].get('disturbances', {})
                else:
                    fxnfaults = {}
                    disturbances = {}
                try:
&gt;                   mdl.propagate(t, fxnfaults, disturbances, run_stochastic=run_stochastic)

fmdtools/sim/propagate.py:1111: 
_ _ _ _ _ _ _ _ _ _ _ _ _ _ _ _ _ _ _ _ _ _ _ _ _ _ _ _ _ _ _ _ _ _ _ _ _ _ _ _ 

self = exmodel ExModel
FUNCTIONS:
mover_1 Mover
mover_2 Mover
coordinator Coordinator
FLOWS:
communications Communications fl...
location Location flow: LocationState(x=0.0, y=0.0)
   mover_1 Location flow: LocationState(x=1.0, y=0.0)
   mover...

time = 0.0, fxnfaults = {}, disturbances = {}, run_stochastic = False

    def propagate(self, time, fxnfaults={}, disturbances={}, run_stochastic=False):
        """
        Inject and propagates faults through the graph at one time-step.
    
        Parameters
        ----------
        time : float
            The current time-step.
        fxnfaults : dict
            Faults to inject during this propagation step.
            With structure {'function':['fault1', 'fault2'...]}
        disturbances : dict
            Variables to change during this propagation step.
            With structure {'function.var1':value}
        run_stochastic : bool
            Whether to run stochastic behaviors or use default values. Default is False.
            Can set as 'track_pdf' to calculate/track the probability densities of
            random states over time.
        """
        # Step 0: Update model states with disturbances
        self.set_vars(**disturbances)
    
        # Step 1: Run Dynamic Propagation Methods in Order Specified
        # Inject Faults if Applicable
        for fxnname in self.dynamicfxns.union(fxnfaults.keys()):
            fxn = self.fxns[fxnname]
            faults = fxnfaults.get(fxnname, [])
            if not isinstance(faults, list):
                faults = [faults]
            fxn('dynamic', faults=faults, time=time, run_stochastic=run_stochastic)
    
        # Step 2: Run Static Propagation Methods
        try:
            self.prop_static(time, run_stochastic=run_stochastic)
        except Exception as e:
&gt;           raise Exception("Error in static propagation at time t=" + str(time)) from e
E           Exception: Error in static propagation at time t=0.0

fmdtools/define/architecture/function.py:784: Exception

The above exception was the direct cause of the following exception:

self = &lt;examples.multiflow_demo.test_multiflow.define_Tests testMethod=test_multiflow_passing&gt;

    def setUp(self):
        self.mdl = ExModel()
&gt;       self.endresults, self.mdlhist = propagate.nominal(self.mdl)

examples/multiflow_demo/test_multiflow.py:32: 
_ _ _ _ _ _ _ _ _ _ _ _ _ _ _ _ _ _ _ _ _ _ _ _ _ _ _ _ _ _ _ _ _ _ _ _ _ _ _ _ 
fmdtools/sim/propagate.py:237: in nominal
    result, mdlhist, _, mdl, t_end = nom_helper(mdl, None, cut_hist=True, **kwargs)
fmdtools/sim/propagate.py:574: in nom_helper
    result, nommdlhist, mdls, t_end_nom = prop_one_scen(mdl,
_ _ _ _ _ _ _ _ _ _ _ _ _ _ _ _ _ _ _ _ _ _ _ _ _ _ _ _ _ _ _ _ _ _ _ _ _ _ _ _ 

mdl = exmodel ExModel
FUNCTIONS:
mover_1 Mover
mover_2 Mover
coordinator Coordinator
FLOWS:
communications Communications fl...
location Location flow: LocationState(x=0.0, y=0.0)
   mover_1 Location flow: LocationState(x=1.0, y=0.0)
   mover...

scen = Scenario(sequence={}, times=(), rate=1.0, name='nominal', time=0.0)
ctimes = [], nomhist = {}, nomresult = {}, kwargs = {'cut_hist': True}
desired_result = 'endclass', staged = False, cut_hist = True
run_stochastic = False, use_end_condition = True, warn_faults = True
start_time = 0

    def prop_one_scen(mdl, scen, ctimes=[], nomhist={}, nomresult={}, **kwargs):
        """
        Simulate a single scenario in the model over time.
    
        Parameters
        ----------
        mdl : Simulable
            The model to inject faults in.
        scen : Scenario
            The Scenario to run.
        ctimes : list, optional
            List of times to copy the model (for use in staged execution).
            The default is [].
        nomhist : dict, optional
            Model history dictionary from previous runs, for use in creating the new
            mdlhist. The default is {}.
        nomresult : dict, optional
            Nominal result dictionary (to compare with current if desired)
        **kwargs : kwargs
            simulation options, see :data:`sim_kwargs`
        Returns
        -------
        result: Result
            dict of result corresponding to desired_result.
        mdlhist : dict
            A dictionary with a history of modelstates.
        c_mdl : dict
            A dictionary of models at each time given in ctimes with structure {time:model}
        t_end: float
            Last sim time
        """
        desired_result, staged, cut_hist, run_stochastic, use_end_condition, warn_faults = unpack_sim_kwargs(**kwargs)
        # if staged, we want it to start a new run from the starting time of the scenario,
        # using a copy of the input model (which is the nominal run) at this time
        if staged:
            start_time = scen.time
        else:
            start_time = 0
        timerange = mdl.sp.get_timerange(start_time)
        # check if sequence is out of timerange
        for t in scen['sequence']:
            if t not in timerange:
                raise Exception("t="+str(t)+" from sequence not in timerange: "
                                + str(timerange))
        shift = mdl.sp.get_shift(start_time)
        mdl.init_time_hist()
        # run model through the time range defined in the object
        c_mdl = dict.fromkeys(ctimes)
        result = Result()
        for t_ind, t in enumerate(timerange):
            # inject fault when it occurs, track defined flow states and graph
            try:
                if t in ctimes:
                    c_mdl[t] = mdl.copy()
                if t in scen['sequence']:
                    fxnfaults = scen['sequence'][t].get('faults', {})
                    disturbances = scen['sequence'][t].get('disturbances', {})
                else:
                    fxnfaults = {}
                    disturbances = {}
                try:
                    mdl.propagate(t, fxnfaults, disturbances, run_stochastic=run_stochastic)
                except Exception as e:
&gt;                   raise Exception("Error in scenario " + str(scen)) from e
E                   Exception: Error in scenario Scenario(sequence={}, times=(), rate=1.0, name='nominal', time=0.0)

fmdtools/sim/propagate.py:1113: Exception</failure></testcase><testcase classname="examples.multiflow_demo.test_multiflow.define_Tests" name="test_mutliflow_copying" time="0.050"><failure message="Exception: Error in scenario Scenario(sequence={}, times=(), rate=1.0, name='nominal', time=0.0)">self = exmodel ExModel
FUNCTIONS:
mover_1 Mover
mover_2 Mover
coordinator Coordinator
FLOWS:
communications Communications fl...
location Location flow: LocationState(x=0.0, y=0.0)
   mover_1 Location flow: LocationState(x=1.0, y=0.0)
   mover...

time = 0.0, fxnfaults = {}, disturbances = {}, run_stochastic = False

    def propagate(self, time, fxnfaults={}, disturbances={}, run_stochastic=False):
        """
        Inject and propagates faults through the graph at one time-step.
    
        Parameters
        ----------
        time : float
            The current time-step.
        fxnfaults : dict
            Faults to inject during this propagation step.
            With structure {'function':['fault1', 'fault2'...]}
        disturbances : dict
            Variables to change during this propagation step.
            With structure {'function.var1':value}
        run_stochastic : bool
            Whether to run stochastic behaviors or use default values. Default is False.
            Can set as 'track_pdf' to calculate/track the probability densities of
            random states over time.
        """
        # Step 0: Update model states with disturbances
        self.set_vars(**disturbances)
    
        # Step 1: Run Dynamic Propagation Methods in Order Specified
        # Inject Faults if Applicable
        for fxnname in self.dynamicfxns.union(fxnfaults.keys()):
            fxn = self.fxns[fxnname]
            faults = fxnfaults.get(fxnname, [])
            if not isinstance(faults, list):
                faults = [faults]
            fxn('dynamic', faults=faults, time=time, run_stochastic=run_stochastic)
    
        # Step 2: Run Static Propagation Methods
        try:
&gt;           self.prop_static(time, run_stochastic=run_stochastic)

fmdtools/define/architecture/function.py:782: 
_ _ _ _ _ _ _ _ _ _ _ _ _ _ _ _ _ _ _ _ _ _ _ _ _ _ _ _ _ _ _ _ _ _ _ _ _ _ _ _ 
fmdtools/define/architecture/function.py:812: in prop_static
    self.fxns[fxnname]('static', time=time, run_stochastic=run_stochastic)
fmdtools/define/block/function.py:189: in __call__
    self.static_behavior(time)
examples/multiflow_demo/multiflow_demo.py:69: in static_behavior
    self.internal_info.send("all", "local", "x")
fmdtools/define/flow/commsflow.py:185: in send
    port_out.s.assign(port_internal.s, *states, as_copy=True)
fmdtools/define/container/base.py:263: in assign
    fielddict = self.get_field_dict(obj, *fields, **fielddict)
fmdtools/define/container/base.py:217: in get_field_dict
    fielddict = {s: getattr(obj, s) for s in fields}
_ _ _ _ _ _ _ _ _ _ _ _ _ _ _ _ _ _ _ _ _ _ _ _ _ _ _ _ _ _ _ _ _ _ _ _ _ _ _ _ 

.0 = &lt;tuple_iterator object at 0x7fef7d3231c0&gt;

&gt;   fielddict = {s: getattr(obj, s) for s in fields}
E   AttributeError: 'LocationState' object has no attribute 'local'

fmdtools/define/container/base.py:217: AttributeError

The above exception was the direct cause of the following exception:

mdl = exmodel ExModel
FUNCTIONS:
mover_1 Mover
mover_2 Mover
coordinator Coordinator
FLOWS:
communications Communications fl...
location Location flow: LocationState(x=0.0, y=0.0)
   mover_1 Location flow: LocationState(x=1.0, y=0.0)
   mover...

scen = Scenario(sequence={}, times=(), rate=1.0, name='nominal', time=0.0)
ctimes = [], nomhist = {}, nomresult = {}, kwargs = {'cut_hist': True}
desired_result = 'endclass', staged = False, cut_hist = True
run_stochastic = False, use_end_condition = True, warn_faults = True
start_time = 0

    def prop_one_scen(mdl, scen, ctimes=[], nomhist={}, nomresult={}, **kwargs):
        """
        Simulate a single scenario in the model over time.
    
        Parameters
        ----------
        mdl : Simulable
            The model to inject faults in.
        scen : Scenario
            The Scenario to run.
        ctimes : list, optional
            List of times to copy the model (for use in staged execution).
            The default is [].
        nomhist : dict, optional
            Model history dictionary from previous runs, for use in creating the new
            mdlhist. The default is {}.
        nomresult : dict, optional
            Nominal result dictionary (to compare with current if desired)
        **kwargs : kwargs
            simulation options, see :data:`sim_kwargs`
        Returns
        -------
        result: Result
            dict of result corresponding to desired_result.
        mdlhist : dict
            A dictionary with a history of modelstates.
        c_mdl : dict
            A dictionary of models at each time given in ctimes with structure {time:model}
        t_end: float
            Last sim time
        """
        desired_result, staged, cut_hist, run_stochastic, use_end_condition, warn_faults = unpack_sim_kwargs(**kwargs)
        # if staged, we want it to start a new run from the starting time of the scenario,
        # using a copy of the input model (which is the nominal run) at this time
        if staged:
            start_time = scen.time
        else:
            start_time = 0
        timerange = mdl.sp.get_timerange(start_time)
        # check if sequence is out of timerange
        for t in scen['sequence']:
            if t not in timerange:
                raise Exception("t="+str(t)+" from sequence not in timerange: "
                                + str(timerange))
        shift = mdl.sp.get_shift(start_time)
        mdl.init_time_hist()
        # run model through the time range defined in the object
        c_mdl = dict.fromkeys(ctimes)
        result = Result()
        for t_ind, t in enumerate(timerange):
            # inject fault when it occurs, track defined flow states and graph
            try:
                if t in ctimes:
                    c_mdl[t] = mdl.copy()
                if t in scen['sequence']:
                    fxnfaults = scen['sequence'][t].get('faults', {})
                    disturbances = scen['sequence'][t].get('disturbances', {})
                else:
                    fxnfaults = {}
                    disturbances = {}
                try:
&gt;                   mdl.propagate(t, fxnfaults, disturbances, run_stochastic=run_stochastic)

fmdtools/sim/propagate.py:1111: 
_ _ _ _ _ _ _ _ _ _ _ _ _ _ _ _ _ _ _ _ _ _ _ _ _ _ _ _ _ _ _ _ _ _ _ _ _ _ _ _ 

self = exmodel ExModel
FUNCTIONS:
mover_1 Mover
mover_2 Mover
coordinator Coordinator
FLOWS:
communications Communications fl...
location Location flow: LocationState(x=0.0, y=0.0)
   mover_1 Location flow: LocationState(x=1.0, y=0.0)
   mover...

time = 0.0, fxnfaults = {}, disturbances = {}, run_stochastic = False

    def propagate(self, time, fxnfaults={}, disturbances={}, run_stochastic=False):
        """
        Inject and propagates faults through the graph at one time-step.
    
        Parameters
        ----------
        time : float
            The current time-step.
        fxnfaults : dict
            Faults to inject during this propagation step.
            With structure {'function':['fault1', 'fault2'...]}
        disturbances : dict
            Variables to change during this propagation step.
            With structure {'function.var1':value}
        run_stochastic : bool
            Whether to run stochastic behaviors or use default values. Default is False.
            Can set as 'track_pdf' to calculate/track the probability densities of
            random states over time.
        """
        # Step 0: Update model states with disturbances
        self.set_vars(**disturbances)
    
        # Step 1: Run Dynamic Propagation Methods in Order Specified
        # Inject Faults if Applicable
        for fxnname in self.dynamicfxns.union(fxnfaults.keys()):
            fxn = self.fxns[fxnname]
            faults = fxnfaults.get(fxnname, [])
            if not isinstance(faults, list):
                faults = [faults]
            fxn('dynamic', faults=faults, time=time, run_stochastic=run_stochastic)
    
        # Step 2: Run Static Propagation Methods
        try:
            self.prop_static(time, run_stochastic=run_stochastic)
        except Exception as e:
&gt;           raise Exception("Error in static propagation at time t=" + str(time)) from e
E           Exception: Error in static propagation at time t=0.0

fmdtools/define/architecture/function.py:784: Exception

The above exception was the direct cause of the following exception:

self = &lt;examples.multiflow_demo.test_multiflow.define_Tests testMethod=test_mutliflow_copying&gt;

    def setUp(self):
        self.mdl = ExModel()
&gt;       self.endresults, self.mdlhist = propagate.nominal(self.mdl)

examples/multiflow_demo/test_multiflow.py:32: 
_ _ _ _ _ _ _ _ _ _ _ _ _ _ _ _ _ _ _ _ _ _ _ _ _ _ _ _ _ _ _ _ _ _ _ _ _ _ _ _ 
fmdtools/sim/propagate.py:237: in nominal
    result, mdlhist, _, mdl, t_end = nom_helper(mdl, None, cut_hist=True, **kwargs)
fmdtools/sim/propagate.py:574: in nom_helper
    result, nommdlhist, mdls, t_end_nom = prop_one_scen(mdl,
_ _ _ _ _ _ _ _ _ _ _ _ _ _ _ _ _ _ _ _ _ _ _ _ _ _ _ _ _ _ _ _ _ _ _ _ _ _ _ _ 

mdl = exmodel ExModel
FUNCTIONS:
mover_1 Mover
mover_2 Mover
coordinator Coordinator
FLOWS:
communications Communications fl...
location Location flow: LocationState(x=0.0, y=0.0)
   mover_1 Location flow: LocationState(x=1.0, y=0.0)
   mover...

scen = Scenario(sequence={}, times=(), rate=1.0, name='nominal', time=0.0)
ctimes = [], nomhist = {}, nomresult = {}, kwargs = {'cut_hist': True}
desired_result = 'endclass', staged = False, cut_hist = True
run_stochastic = False, use_end_condition = True, warn_faults = True
start_time = 0

    def prop_one_scen(mdl, scen, ctimes=[], nomhist={}, nomresult={}, **kwargs):
        """
        Simulate a single scenario in the model over time.
    
        Parameters
        ----------
        mdl : Simulable
            The model to inject faults in.
        scen : Scenario
            The Scenario to run.
        ctimes : list, optional
            List of times to copy the model (for use in staged execution).
            The default is [].
        nomhist : dict, optional
            Model history dictionary from previous runs, for use in creating the new
            mdlhist. The default is {}.
        nomresult : dict, optional
            Nominal result dictionary (to compare with current if desired)
        **kwargs : kwargs
            simulation options, see :data:`sim_kwargs`
        Returns
        -------
        result: Result
            dict of result corresponding to desired_result.
        mdlhist : dict
            A dictionary with a history of modelstates.
        c_mdl : dict
            A dictionary of models at each time given in ctimes with structure {time:model}
        t_end: float
            Last sim time
        """
        desired_result, staged, cut_hist, run_stochastic, use_end_condition, warn_faults = unpack_sim_kwargs(**kwargs)
        # if staged, we want it to start a new run from the starting time of the scenario,
        # using a copy of the input model (which is the nominal run) at this time
        if staged:
            start_time = scen.time
        else:
            start_time = 0
        timerange = mdl.sp.get_timerange(start_time)
        # check if sequence is out of timerange
        for t in scen['sequence']:
            if t not in timerange:
                raise Exception("t="+str(t)+" from sequence not in timerange: "
                                + str(timerange))
        shift = mdl.sp.get_shift(start_time)
        mdl.init_time_hist()
        # run model through the time range defined in the object
        c_mdl = dict.fromkeys(ctimes)
        result = Result()
        for t_ind, t in enumerate(timerange):
            # inject fault when it occurs, track defined flow states and graph
            try:
                if t in ctimes:
                    c_mdl[t] = mdl.copy()
                if t in scen['sequence']:
                    fxnfaults = scen['sequence'][t].get('faults', {})
                    disturbances = scen['sequence'][t].get('disturbances', {})
                else:
                    fxnfaults = {}
                    disturbances = {}
                try:
                    mdl.propagate(t, fxnfaults, disturbances, run_stochastic=run_stochastic)
                except Exception as e:
&gt;                   raise Exception("Error in scenario " + str(scen)) from e
E                   Exception: Error in scenario Scenario(sequence={}, times=(), rate=1.0, name='nominal', time=0.0)

fmdtools/sim/propagate.py:1113: Exception</failure></testcase><testcase classname="examples.multirotor.Demonstration.ipynb" name="" time="19.685"><failure message="#x1B[0;31mException#x1B[0m: Outside bounds of grid: 0.0,160">---------------------------------------------------------------------------
# Note: because of the complicated functions, the model must be re-instantiated for each function in order to work in this case

dynamic_mdl = Drone_Dynamic()
endclass, mdlhist = propagate.nominal(dynamic_mdl)
#x1B[0;31m---------------------------------------------------------------------------#x1B[0m
#x1B[0;31mException#x1B[0m                                 Traceback (most recent call last)
Cell #x1B[0;32mIn[26], line 3#x1B[0m
#x1B[1;32m      1#x1B[0m #x1B[38;5;66;03m# Note: because of the complicated functions, the model must be re-instantiated for each function in order to work in this case#x1B[39;00m
#x1B[0;32m----&gt; 3#x1B[0m dynamic_mdl #x1B[38;5;241m=#x1B[39m #x1B[43mDrone_Dynamic#x1B[49m#x1B[43m(#x1B[49m#x1B[43m)#x1B[49m
#x1B[1;32m      4#x1B[0m endclass, mdlhist #x1B[38;5;241m=#x1B[39m propagate#x1B[38;5;241m.#x1B[39mnominal(dynamic_mdl)

File #x1B[0;32m/fmdtools/fmdtools/define/architecture/function.py:512#x1B[0m, in #x1B[0;36mFunctionArchitecture.__init__#x1B[0;34m(self, h, **kwargs)#x1B[0m
#x1B[1;32m    510#x1B[0m #x1B[38;5;28mself#x1B[39m#x1B[38;5;241m.#x1B[39m_fxnflows #x1B[38;5;241m=#x1B[39m []
#x1B[1;32m    511#x1B[0m #x1B[38;5;28mself#x1B[39m#x1B[38;5;241m.#x1B[39m_flowstates #x1B[38;5;241m=#x1B[39m {}
#x1B[0;32m--&gt; 512#x1B[0m #x1B[43mArchitecture#x1B[49m#x1B[38;5;241;43m.#x1B[39;49m#x1B[38;5;21;43m__init__#x1B[39;49m#x1B[43m(#x1B[49m#x1B[38;5;28;43mself#x1B[39;49m#x1B[43m,#x1B[49m#x1B[43m #x1B[49m#x1B[43mh#x1B[49m#x1B[38;5;241;43m=#x1B[39;49m#x1B[43mh#x1B[49m#x1B[43m,#x1B[49m#x1B[43m #x1B[49m#x1B[38;5;241;43m*#x1B[39;49m#x1B[38;5;241;43m*#x1B[39;49m#x1B[43mkwargs#x1B[49m#x1B[43m)#x1B[49m

File #x1B[0;32m/fmdtools/fmdtools/define/architecture/base.py:90#x1B[0m, in #x1B[0;36mArchitecture.__init__#x1B[0;34m(self, as_copy, h, *args, **kwargs)#x1B[0m
#x1B[1;32m     88#x1B[0m #x1B[38;5;28mself#x1B[39m#x1B[38;5;241m.#x1B[39m_init_flexroles #x1B[38;5;241m=#x1B[39m []
#x1B[1;32m     89#x1B[0m #x1B[38;5;28mself#x1B[39m#x1B[38;5;241m.#x1B[39minit_flexible_roles(#x1B[38;5;241m*#x1B[39m#x1B[38;5;241m*#x1B[39mkwargs)
#x1B[0;32m---&gt; 90#x1B[0m #x1B[38;5;28;43mself#x1B[39;49m#x1B[38;5;241;43m.#x1B[39;49m#x1B[43minit_architecture#x1B[49m#x1B[43m(#x1B[49m#x1B[38;5;241;43m*#x1B[39;49m#x1B[38;5;241;43m*#x1B[39;49m#x1B[43mkwargs#x1B[49m#x1B[43m)#x1B[49m
#x1B[1;32m     91#x1B[0m #x1B[38;5;28mself#x1B[39m#x1B[38;5;241m.#x1B[39mbuild(#x1B[38;5;241m*#x1B[39m#x1B[38;5;241m*#x1B[39mkwargs)

File #x1B[0;32m/fmdtools/examples/multirotor/drone_mdl_dynamic.py:418#x1B[0m, in #x1B[0;36mDrone.init_architecture#x1B[0;34m(self, **kwargs)#x1B[0m
#x1B[1;32m    416#x1B[0m #x1B[38;5;28mself#x1B[39m#x1B[38;5;241m.#x1B[39madd_flow(#x1B[38;5;124m'#x1B[39m#x1B[38;5;124mdofs#x1B[39m#x1B[38;5;124m'#x1B[39m, DOFs)
#x1B[1;32m    417#x1B[0m #x1B[38;5;28mself#x1B[39m#x1B[38;5;241m.#x1B[39madd_flow(#x1B[38;5;124m'#x1B[39m#x1B[38;5;124mdes_traj#x1B[39m#x1B[38;5;124m'#x1B[39m, DesTraj)
#x1B[0;32m--&gt; 418#x1B[0m #x1B[38;5;28;43mself#x1B[39;49m#x1B[38;5;241;43m.#x1B[39;49m#x1B[43madd_flow#x1B[49m#x1B[43m(#x1B[49m#x1B[38;5;124;43m'#x1B[39;49m#x1B[38;5;124;43menvironment#x1B[39;49m#x1B[38;5;124;43m'#x1B[39;49m#x1B[43m,#x1B[49m#x1B[43m #x1B[49m#x1B[43mDroneEnvironment#x1B[49m#x1B[43m)#x1B[49m
#x1B[1;32m    419#x1B[0m #x1B[38;5;66;03m# add functions to the model#x1B[39;00m
#x1B[1;32m    420#x1B[0m #x1B[38;5;28mself#x1B[39m#x1B[38;5;241m.#x1B[39madd_fxn(#x1B[38;5;124m'#x1B[39m#x1B[38;5;124mstore_ee#x1B[39m#x1B[38;5;124m'#x1B[39m, StoreEE, #x1B[38;5;124m'#x1B[39m#x1B[38;5;124mee_1#x1B[39m#x1B[38;5;124m'#x1B[39m, #x1B[38;5;124m'#x1B[39m#x1B[38;5;124mforce_st#x1B[39m#x1B[38;5;124m'#x1B[39m)

File #x1B[0;32m/fmdtools/fmdtools/define/architecture/base.py:197#x1B[0m, in #x1B[0;36mArchitecture.add_flow#x1B[0;34m(self, name, fclass, **kwargs)#x1B[0m
#x1B[1;32m    195#x1B[0m #x1B[38;5;28;01melse#x1B[39;00m:
#x1B[1;32m    196#x1B[0m     use_copy #x1B[38;5;241m=#x1B[39m #x1B[38;5;28;01mFalse#x1B[39;00m
#x1B[0;32m--&gt; 197#x1B[0m #x1B[38;5;28;43mself#x1B[39;49m#x1B[38;5;241;43m.#x1B[39;49m#x1B[43madd_flex_role_obj#x1B[49m#x1B[43m(#x1B[49m#x1B[38;5;124;43m'#x1B[39;49m#x1B[38;5;124;43mflows#x1B[39;49m#x1B[38;5;124;43m'#x1B[39;49m#x1B[43m,#x1B[49m#x1B[43m #x1B[49m#x1B[43mname#x1B[49m#x1B[43m,#x1B[49m#x1B[43m #x1B[49m#x1B[43mobjclass#x1B[49m#x1B[38;5;241;43m=#x1B[39;49m#x1B[43mfclass#x1B[49m#x1B[43m,#x1B[49m#x1B[43m #x1B[49m#x1B[43muse_copy#x1B[49m#x1B[38;5;241;43m=#x1B[39;49m#x1B[43muse_copy#x1B[49m#x1B[43m,#x1B[49m
#x1B[1;32m    198#x1B[0m #x1B[43m                       #x1B[49m#x1B[38;5;241;43m*#x1B[39;49m#x1B[38;5;241;43m*#x1B[39;49m#x1B[43mkwargs#x1B[49m#x1B[43m)#x1B[49m

File #x1B[0;32m/fmdtools/fmdtools/define/architecture/base.py:162#x1B[0m, in #x1B[0;36mArchitecture.add_flex_role_obj#x1B[0;34m(self, flex_role, name, objclass, use_copy, **kwargs)#x1B[0m
#x1B[1;32m    160#x1B[0m #x1B[38;5;28;01mif#x1B[39;00m #x1B[38;5;28mhasattr#x1B[39m(#x1B[38;5;28mself#x1B[39m, #x1B[38;5;124m'#x1B[39m#x1B[38;5;124mr#x1B[39m#x1B[38;5;124m'#x1B[39m) #x1B[38;5;129;01mand#x1B[39;00m #x1B[38;5;28mhasattr#x1B[39m(objclass, #x1B[38;5;124m"#x1B[39m#x1B[38;5;124mcontainer_r#x1B[39m#x1B[38;5;124m"#x1B[39m):
#x1B[1;32m    161#x1B[0m     kwargs #x1B[38;5;241m=#x1B[39m {#x1B[38;5;241m*#x1B[39m#x1B[38;5;241m*#x1B[39m{#x1B[38;5;124m'#x1B[39m#x1B[38;5;124mr#x1B[39m#x1B[38;5;124m'#x1B[39m: {#x1B[38;5;124m"#x1B[39m#x1B[38;5;124mseed#x1B[39m#x1B[38;5;124m"#x1B[39m: #x1B[38;5;28mself#x1B[39m#x1B[38;5;241m.#x1B[39mr#x1B[38;5;241m.#x1B[39mseed}}, #x1B[38;5;241m*#x1B[39m#x1B[38;5;241m*#x1B[39mkwargs}
#x1B[0;32m--&gt; 162#x1B[0m obj #x1B[38;5;241m=#x1B[39m #x1B[43minit_obj#x1B[49m#x1B[43m(#x1B[49m#x1B[43mname#x1B[49m#x1B[38;5;241;43m=#x1B[39;49m#x1B[43mname#x1B[49m#x1B[43m,#x1B[49m#x1B[43m #x1B[49m#x1B[43mobjclass#x1B[49m#x1B[38;5;241;43m=#x1B[39;49m#x1B[43mobjclass#x1B[49m#x1B[43m,#x1B[49m#x1B[43m #x1B[49m#x1B[43mtrack#x1B[49m#x1B[38;5;241;43m=#x1B[39;49m#x1B[43mtrack#x1B[49m#x1B[43m,#x1B[49m
#x1B[1;32m    163#x1B[0m #x1B[43m               #x1B[49m#x1B[43mas_copy#x1B[49m#x1B[38;5;241;43m=#x1B[39;49m#x1B[43mas_copy#x1B[49m#x1B[43m,#x1B[49m#x1B[43m #x1B[49m#x1B[43mroot#x1B[49m#x1B[38;5;241;43m=#x1B[39;49m#x1B[38;5;28;43mself#x1B[39;49m#x1B[38;5;241;43m.#x1B[39;49m#x1B[43mget_full_name#x1B[49m#x1B[43m(#x1B[49m#x1B[43m)#x1B[49m#x1B[38;5;241;43m+#x1B[39;49m#x1B[38;5;124;43m"#x1B[39;49m#x1B[38;5;124;43m.#x1B[39;49m#x1B[38;5;124;43m"#x1B[39;49m#x1B[38;5;241;43m+#x1B[39;49m#x1B[43mflex_role#x1B[49m#x1B[43m,#x1B[49m
#x1B[1;32m    164#x1B[0m #x1B[43m               #x1B[49m#x1B[38;5;241;43m*#x1B[39;49m#x1B[38;5;241;43m*#x1B[39;49m#x1B[43mkwargs#x1B[49m#x1B[43m)#x1B[49m
#x1B[1;32m    166#x1B[0m #x1B[38;5;28;01mif#x1B[39;00m #x1B[38;5;28mhasattr#x1B[39m(obj, #x1B[38;5;124m'#x1B[39m#x1B[38;5;124mh#x1B[39m#x1B[38;5;124m'#x1B[39m) #x1B[38;5;129;01mand#x1B[39;00m obj#x1B[38;5;241m.#x1B[39mh:
#x1B[1;32m    167#x1B[0m     hist #x1B[38;5;241m=#x1B[39m obj#x1B[38;5;241m.#x1B[39mh

File #x1B[0;32m/fmdtools/fmdtools/define/object/base.py:962#x1B[0m, in #x1B[0;36minit_obj#x1B[0;34m(name, objclass, track, as_copy, **kwargs)#x1B[0m
#x1B[1;32m    960#x1B[0m #x1B[38;5;28;01melse#x1B[39;00m:
#x1B[1;32m    961#x1B[0m     #x1B[38;5;28;01mtry#x1B[39;00m:
#x1B[0;32m--&gt; 962#x1B[0m         fl #x1B[38;5;241m=#x1B[39m #x1B[43mobjclass#x1B[49m#x1B[43m(#x1B[49m#x1B[43mname#x1B[49m#x1B[38;5;241;43m=#x1B[39;49m#x1B[43mname#x1B[49m#x1B[43m,#x1B[49m#x1B[43m #x1B[49m#x1B[43mtrack#x1B[49m#x1B[38;5;241;43m=#x1B[39;49m#x1B[43mtrack#x1B[49m#x1B[43m,#x1B[49m#x1B[43m #x1B[49m#x1B[38;5;241;43m*#x1B[39;49m#x1B[38;5;241;43m*#x1B[39;49m#x1B[43mkwargs#x1B[49m#x1B[43m)#x1B[49m
#x1B[1;32m    963#x1B[0m     #x1B[38;5;28;01mexcept#x1B[39;00m #x1B[38;5;167;01mTypeError#x1B[39;00m #x1B[38;5;28;01mas#x1B[39;00m e:
#x1B[1;32m    964#x1B[0m         #x1B[38;5;28;01mraise#x1B[39;00m #x1B[38;5;167;01mTypeError#x1B[39;00m(#x1B[38;5;124m"#x1B[39m#x1B[38;5;124mPoorly specified class #x1B[39m#x1B[38;5;124m"#x1B[39m#x1B[38;5;241m+#x1B[39m#x1B[38;5;28mstr#x1B[39m(objclass) #x1B[38;5;241m+#x1B[39m
#x1B[1;32m    965#x1B[0m                         #x1B[38;5;124m"#x1B[39m#x1B[38;5;124m (or poor arguments) #x1B[39m#x1B[38;5;124m"#x1B[39m#x1B[38;5;241m+#x1B[39m#x1B[38;5;28mstr#x1B[39m(kwargs)) #x1B[38;5;28;01mfrom#x1B[39;00m #x1B[38;5;21;01me#x1B[39;00m

File #x1B[0;32m/fmdtools/fmdtools/define/environment.py:69#x1B[0m, in #x1B[0;36mEnvironment.__init__#x1B[0;34m(self, name, root, glob, p, s, r, c, ga, track)#x1B[0m
#x1B[1;32m     67#x1B[0m #x1B[38;5;28;01mdef#x1B[39;00m #x1B[38;5;21m__init__#x1B[39m(#x1B[38;5;28mself#x1B[39m, name#x1B[38;5;241m=#x1B[39m#x1B[38;5;124m'#x1B[39m#x1B[38;5;124m'#x1B[39m, root#x1B[38;5;241m=#x1B[39m#x1B[38;5;124m'#x1B[39m#x1B[38;5;124m'#x1B[39m, glob#x1B[38;5;241m=#x1B[39m[], p#x1B[38;5;241m=#x1B[39m{}, s#x1B[38;5;241m=#x1B[39m{}, r#x1B[38;5;241m=#x1B[39m{}, c#x1B[38;5;241m=#x1B[39m{}, ga#x1B[38;5;241m=#x1B[39m{},
#x1B[1;32m     68#x1B[0m              track#x1B[38;5;241m=#x1B[39m#x1B[38;5;124m'#x1B[39m#x1B[38;5;124mdefault#x1B[39m#x1B[38;5;124m'#x1B[39m):
#x1B[0;32m---&gt; 69#x1B[0m     #x1B[38;5;28;43msuper#x1B[39;49m#x1B[43m(#x1B[49m#x1B[43m)#x1B[49m#x1B[38;5;241;43m.#x1B[39;49m#x1B[38;5;21;43m__init__#x1B[39;49m#x1B[43m(#x1B[49m#x1B[43mname#x1B[49m#x1B[38;5;241;43m=#x1B[39;49m#x1B[43mname#x1B[49m#x1B[43m,#x1B[49m#x1B[43m #x1B[49m#x1B[43mroot#x1B[49m#x1B[38;5;241;43m=#x1B[39;49m#x1B[43mroot#x1B[49m#x1B[43m,#x1B[49m#x1B[43m #x1B[49m#x1B[43mglob#x1B[49m#x1B[38;5;241;43m=#x1B[39;49m#x1B[43mglob#x1B[49m#x1B[43m,#x1B[49m#x1B[43m #x1B[49m#x1B[43mp#x1B[49m#x1B[38;5;241;43m=#x1B[39;49m#x1B[43mp#x1B[49m#x1B[43m,#x1B[49m#x1B[43m #x1B[49m#x1B[43ms#x1B[49m#x1B[38;5;241;43m=#x1B[39;49m#x1B[43ms#x1B[49m#x1B[43m,#x1B[49m#x1B[43m #x1B[49m#x1B[43mtrack#x1B[49m#x1B[38;5;241;43m=#x1B[39;49m#x1B[43mtrack#x1B[49m#x1B[43m)#x1B[49m
#x1B[1;32m     70#x1B[0m     #x1B[38;5;66;03m# NOTE: p and s also init here because if not, they are overritten#x1B[39;00m
#x1B[1;32m     71#x1B[0m     #x1B[38;5;66;03m# may need to change in the future#x1B[39;00m
#x1B[1;32m     72#x1B[0m     #x1B[38;5;28mself#x1B[39m#x1B[38;5;241m.#x1B[39minit_roletypes(#x1B[38;5;124m'#x1B[39m#x1B[38;5;124mcontainer#x1B[39m#x1B[38;5;124m'#x1B[39m, #x1B[38;5;124m"#x1B[39m#x1B[38;5;124mcoords#x1B[39m#x1B[38;5;124m"#x1B[39m, #x1B[38;5;124m"#x1B[39m#x1B[38;5;124march#x1B[39m#x1B[38;5;124m"#x1B[39m, r#x1B[38;5;241m=#x1B[39mr, p#x1B[38;5;241m=#x1B[39mp, s#x1B[38;5;241m=#x1B[39ms)

File #x1B[0;32m/fmdtools/fmdtools/define/flow/commsflow.py:103#x1B[0m, in #x1B[0;36mCommsFlow.__init__#x1B[0;34m(self, name, glob, track, **kwargs)#x1B[0m
#x1B[1;32m    101#x1B[0m #x1B[38;5;250m#x1B[39m#x1B[38;5;124;03m"""Initialize CommsFlow object."""#x1B[39;00m
#x1B[1;32m    102#x1B[0m #x1B[38;5;28mself#x1B[39m#x1B[38;5;241m.#x1B[39mfxns #x1B[38;5;241m=#x1B[39m {}
#x1B[0;32m--&gt; 103#x1B[0m #x1B[38;5;28;43msuper#x1B[39;49m#x1B[43m(#x1B[49m#x1B[43m)#x1B[49m#x1B[38;5;241;43m.#x1B[39;49m#x1B[38;5;21;43m__init__#x1B[39;49m#x1B[43m(#x1B[49m#x1B[43mname#x1B[49m#x1B[38;5;241;43m=#x1B[39;49m#x1B[43mname#x1B[49m#x1B[43m,#x1B[49m#x1B[43m #x1B[49m#x1B[43mglob#x1B[49m#x1B[38;5;241;43m=#x1B[39;49m#x1B[43mglob#x1B[49m#x1B[43m,#x1B[49m#x1B[43m #x1B[49m#x1B[43mtrack#x1B[49m#x1B[38;5;241;43m=#x1B[39;49m#x1B[43mtrack#x1B[49m#x1B[43m,#x1B[49m#x1B[43m #x1B[49m#x1B[38;5;241;43m*#x1B[39;49m#x1B[38;5;241;43m*#x1B[39;49m#x1B[43mkwargs#x1B[49m#x1B[43m)#x1B[49m

File #x1B[0;32m/fmdtools/fmdtools/define/flow/multiflow.py:110#x1B[0m, in #x1B[0;36mMultiFlow.__init__#x1B[0;34m(self, name, root, glob, track, **kwargs)#x1B[0m
#x1B[1;32m    108#x1B[0m     #x1B[38;5;28;01mif#x1B[39;00m #x1B[38;5;129;01mnot#x1B[39;00m root:
#x1B[1;32m    109#x1B[0m         root #x1B[38;5;241m=#x1B[39m #x1B[38;5;28mself#x1B[39m#x1B[38;5;241m.#x1B[39mglob#x1B[38;5;241m.#x1B[39mget_full_name()
#x1B[0;32m--&gt; 110#x1B[0m #x1B[38;5;28;43msuper#x1B[39;49m#x1B[43m(#x1B[49m#x1B[43m)#x1B[49m#x1B[38;5;241;43m.#x1B[39;49m#x1B[38;5;21;43m__init__#x1B[39;49m#x1B[43m(#x1B[49m#x1B[43mname#x1B[49m#x1B[38;5;241;43m=#x1B[39;49m#x1B[43mname#x1B[49m#x1B[43m,#x1B[49m#x1B[43m #x1B[49m#x1B[43mroot#x1B[49m#x1B[38;5;241;43m=#x1B[39;49m#x1B[43mroot#x1B[49m#x1B[43m,#x1B[49m#x1B[43m #x1B[49m#x1B[43mtrack#x1B[49m#x1B[38;5;241;43m=#x1B[39;49m#x1B[43mtrack#x1B[49m#x1B[43m,#x1B[49m#x1B[43m #x1B[49m#x1B[38;5;241;43m*#x1B[39;49m#x1B[38;5;241;43m*#x1B[39;49m#x1B[43mkwargs#x1B[49m#x1B[43m)#x1B[49m
#x1B[1;32m    111#x1B[0m #x1B[38;5;28mself#x1B[39m#x1B[38;5;241m.#x1B[39mlocals #x1B[38;5;241m=#x1B[39m []

File #x1B[0;32m/fmdtools/fmdtools/define/object/base.py:190#x1B[0m, in #x1B[0;36mBaseObject.__init__#x1B[0;34m(self, name, roletypes, track, root, **kwargs)#x1B[0m
#x1B[1;32m    188#x1B[0m #x1B[38;5;28mself#x1B[39m#x1B[38;5;241m.#x1B[39mroot #x1B[38;5;241m=#x1B[39m root
#x1B[1;32m    189#x1B[0m #x1B[38;5;28mself#x1B[39m#x1B[38;5;241m.#x1B[39minit_indicators()
#x1B[0;32m--&gt; 190#x1B[0m #x1B[38;5;28;43mself#x1B[39;49m#x1B[38;5;241;43m.#x1B[39;49m#x1B[43minit_roletypes#x1B[49m#x1B[43m(#x1B[49m#x1B[38;5;241;43m*#x1B[39;49m#x1B[43mroletypes#x1B[49m#x1B[43m,#x1B[49m#x1B[43m #x1B[49m#x1B[38;5;241;43m*#x1B[39;49m#x1B[38;5;241;43m*#x1B[39;49m#x1B[43mkwargs#x1B[49m#x1B[43m)#x1B[49m
#x1B[1;32m    191#x1B[0m #x1B[38;5;28mself#x1B[39m#x1B[38;5;241m.#x1B[39minit_track(track)
#x1B[1;32m    192#x1B[0m #x1B[38;5;28mself#x1B[39m#x1B[38;5;241m.#x1B[39mcheck_slots()

File #x1B[0;32m/fmdtools/fmdtools/define/object/base.py:251#x1B[0m, in #x1B[0;36mBaseObject.init_roletypes#x1B[0;34m(self, *roletypes, **kwargs)#x1B[0m
#x1B[1;32m    248#x1B[0m #x1B[38;5;28;01mif#x1B[39;00m roletype #x1B[38;5;129;01mnot#x1B[39;00m #x1B[38;5;129;01min#x1B[39;00m #x1B[38;5;28mself#x1B[39m#x1B[38;5;241m.#x1B[39mroletypes:
#x1B[1;32m    249#x1B[0m     #x1B[38;5;28;01mraise#x1B[39;00m #x1B[38;5;167;01mException#x1B[39;00m(#x1B[38;5;124m"#x1B[39m#x1B[38;5;124mRoletype: #x1B[39m#x1B[38;5;124m"#x1B[39m #x1B[38;5;241m+#x1B[39m roletype #x1B[38;5;241m+#x1B[39m #x1B[38;5;124m"#x1B[39m#x1B[38;5;124m not in class variable#x1B[39m#x1B[38;5;124m"#x1B[39m #x1B[38;5;241m+#x1B[39m
#x1B[1;32m    250#x1B[0m                     #x1B[38;5;124m"#x1B[39m#x1B[38;5;124m self.roletypes: #x1B[39m#x1B[38;5;124m"#x1B[39m #x1B[38;5;241m+#x1B[39m #x1B[38;5;28mstr#x1B[39m(#x1B[38;5;28mself#x1B[39m#x1B[38;5;241m.#x1B[39mroletypes))
#x1B[0;32m--&gt; 251#x1B[0m #x1B[38;5;28;43mself#x1B[39;49m#x1B[38;5;241;43m.#x1B[39;49m#x1B[43minit_roles#x1B[49m#x1B[43m(#x1B[49m#x1B[43mroletype#x1B[49m#x1B[43m,#x1B[49m#x1B[43m #x1B[49m#x1B[38;5;241;43m*#x1B[39;49m#x1B[38;5;241;43m*#x1B[39;49m#x1B[43mkwargs#x1B[49m#x1B[43m)#x1B[49m

File #x1B[0;32m/fmdtools/fmdtools/define/object/base.py:296#x1B[0m, in #x1B[0;36mBaseObject.init_roles#x1B[0;34m(self, roletype, **kwargs)#x1B[0m
#x1B[1;32m    294#x1B[0m     container_args[#x1B[38;5;124m'#x1B[39m#x1B[38;5;124mroot#x1B[39m#x1B[38;5;124m'#x1B[39m] #x1B[38;5;241m=#x1B[39m #x1B[38;5;28mself#x1B[39m#x1B[38;5;241m.#x1B[39mget_full_name()
#x1B[1;32m    295#x1B[0m #x1B[38;5;28;01mtry#x1B[39;00m:
#x1B[0;32m--&gt; 296#x1B[0m     container #x1B[38;5;241m=#x1B[39m #x1B[43mcontainer_initializer#x1B[49m#x1B[43m(#x1B[49m#x1B[38;5;241;43m*#x1B[39;49m#x1B[38;5;241;43m*#x1B[39;49m#x1B[43mcontainer_args#x1B[49m#x1B[43m)#x1B[49m
#x1B[1;32m    297#x1B[0m #x1B[38;5;28;01mexcept#x1B[39;00m #x1B[38;5;167;01mAttributeError#x1B[39;00m #x1B[38;5;28;01mas#x1B[39;00m ae:
#x1B[1;32m    298#x1B[0m     #x1B[38;5;28;01mraise#x1B[39;00m #x1B[38;5;167;01mException#x1B[39;00m(#x1B[38;5;124m"#x1B[39m#x1B[38;5;124mProblem initializing #x1B[39m#x1B[38;5;124m"#x1B[39m #x1B[38;5;241m+#x1B[39m roletype #x1B[38;5;241m+#x1B[39m #x1B[38;5;124m"#x1B[39m#x1B[38;5;124m_#x1B[39m#x1B[38;5;124m"#x1B[39m #x1B[38;5;241m+#x1B[39m rolename
#x1B[1;32m    299#x1B[0m                     #x1B[38;5;241m+#x1B[39m #x1B[38;5;124m"#x1B[39m#x1B[38;5;124m: #x1B[39m#x1B[38;5;124m"#x1B[39m #x1B[38;5;241m+#x1B[39m #x1B[38;5;28mstr#x1B[39m(container_initializer)) #x1B[38;5;28;01mfrom#x1B[39;00m #x1B[38;5;21;01mae#x1B[39;00m

File #x1B[0;32m/fmdtools/fmdtools/define/object/coords.py:948#x1B[0m, in #x1B[0;36mCoords.__init__#x1B[0;34m(self, track, *args, **kwargs)#x1B[0m
#x1B[1;32m    946#x1B[0m #x1B[38;5;28mself#x1B[39m#x1B[38;5;241m.#x1B[39madd_coords_roles()
#x1B[1;32m    947#x1B[0m #x1B[38;5;28mself#x1B[39m#x1B[38;5;241m.#x1B[39madd_property_arrays(#x1B[38;5;28mself#x1B[39m#x1B[38;5;241m.#x1B[39mproperties)
#x1B[0;32m--&gt; 948#x1B[0m #x1B[38;5;28;43mself#x1B[39;49m#x1B[38;5;241;43m.#x1B[39;49m#x1B[43minit_properties#x1B[49m#x1B[43m(#x1B[49m#x1B[38;5;241;43m*#x1B[39;49m#x1B[43margs#x1B[49m#x1B[43m,#x1B[49m#x1B[43m #x1B[49m#x1B[38;5;241;43m*#x1B[39;49m#x1B[38;5;241;43m*#x1B[39;49m#x1B[43mkwargs#x1B[49m#x1B[43m)#x1B[49m
#x1B[1;32m    949#x1B[0m #x1B[38;5;28mself#x1B[39m#x1B[38;5;241m.#x1B[39mbuild()
#x1B[1;32m    950#x1B[0m #x1B[38;5;28mself#x1B[39m#x1B[38;5;241m.#x1B[39minit_track(track)

File #x1B[0;32m/fmdtools/examples/multirotor/drone_mdl_dynamic.py:90#x1B[0m, in #x1B[0;36mSightGrid.init_properties#x1B[0;34m(self, *args, **kwargs)#x1B[0m
#x1B[1;32m     88#x1B[0m #x1B[38;5;28;01mdef#x1B[39;00m #x1B[38;5;21minit_properties#x1B[39m(#x1B[38;5;28mself#x1B[39m, #x1B[38;5;241m*#x1B[39margs, #x1B[38;5;241m*#x1B[39m#x1B[38;5;241m*#x1B[39mkwargs):
#x1B[1;32m     89#x1B[0m #x1B[38;5;250m    #x1B[39m#x1B[38;5;124;03m"""Set target true between 0 and 150 in the x and 10 and 160 in the y."""#x1B[39;00m
#x1B[0;32m---&gt; 90#x1B[0m     #x1B[38;5;28;43mself#x1B[39;49m#x1B[38;5;241;43m.#x1B[39;49m#x1B[43mset_range#x1B[49m#x1B[43m(#x1B[49m#x1B[38;5;124;43m"#x1B[39;49m#x1B[38;5;124;43mtarget#x1B[39;49m#x1B[38;5;124;43m"#x1B[39;49m#x1B[43m,#x1B[49m#x1B[43m #x1B[49m#x1B[38;5;28;43;01mTrue#x1B[39;49;00m#x1B[43m,#x1B[49m#x1B[43m #x1B[49m#x1B[38;5;241;43m0#x1B[39;49m#x1B[43m,#x1B[49m#x1B[43m #x1B[49m#x1B[38;5;241;43m150#x1B[39;49m#x1B[43m,#x1B[49m#x1B[43m #x1B[49m#x1B[38;5;241;43m10#x1B[39;49m#x1B[43m,#x1B[49m#x1B[43m #x1B[49m#x1B[38;5;241;43m160#x1B[39;49m#x1B[43m)#x1B[49m

File #x1B[0;32m/fmdtools/fmdtools/define/object/coords.py:411#x1B[0m, in #x1B[0;36mBaseCoords.set_range#x1B[0;34m(self, prop, value, xmin, xmax, ymin, ymax, inclusive)#x1B[0m
[...]
    self.add_flex_role_obj('flows', name, objclass=fclass, use_copy=use_copy,
  File "/fmdtools/fmdtools/define/architecture/base.py", line 162, in add_flex_role_obj
    obj = init_obj(name=name, objclass=objclass, track=track,
          ^^^^^^^^^^^^^^^^^^^^^^^^^^^^^^^^^^^^^^^^^^^^^^^^^^^
  File "/fmdtools/fmdtools/define/object/base.py", line 962, in init_obj
    fl = objclass(name=name, track=track, **kwargs)
         ^^^^^^^^^^^^^^^^^^^^^^^^^^^^^^^^^^^^^^^^^^
  File "/fmdtools/fmdtools/define/environment.py", line 69, in __init__
    super().__init__(name=name, root=root, glob=glob, p=p, s=s, track=track)
  File "/fmdtools/fmdtools/define/flow/commsflow.py", line 103, in __init__
    super().__init__(name=name, glob=glob, track=track, **kwargs)
  File "/fmdtools/fmdtools/define/flow/multiflow.py", line 110, in __init__
    super().__init__(name=name, root=root, track=track, **kwargs)
  File "/fmdtools/fmdtools/define/object/base.py", line 190, in __init__
    self.init_roletypes(*roletypes, **kwargs)
  File "/fmdtools/fmdtools/define/object/base.py", line 251, in init_roletypes
    self.init_roles(roletype, **kwargs)
  File "/fmdtools/fmdtools/define/object/base.py", line 296, in init_roles
    container = container_initializer(**container_args)
                ^^^^^^^^^^^^^^^^^^^^^^^^^^^^^^^^^^^^^^^
  File "/fmdtools/fmdtools/define/object/coords.py", line 948, in __init__
    self.init_properties(*args, **kwargs)
  File "/fmdtools/examples/multirotor/drone_mdl_dynamic.py", line 90, in init_properties
    self.set_range("target", True, 0, 150, 10, 160)
  File "/fmdtools/fmdtools/define/object/coords.py", line 411, in set_range
    _, y_max_ind = self.to_index(0.0, ymax)
                   ^^^^^^^^^^^^^^^^^^^^^^^^
  File "/fmdtools/fmdtools/define/object/coords.py", line 188, in to_index
    raise Exception("Outside bounds of grid: "+str(x)+','+str(y))
Exception: Outside bounds of grid: 0.0,160
/fmdtools/fmdtools/sim/sample.py:828: UnexpectedException</failure></testcase><testcase classname="fmdtools.sim.sample" name="fmdtools.sim.sample.ParameterDomain" time="0.005" /><testcase classname="fmdtools.sim.sample" name="fmdtools.sim.sample.ParameterDomain.get_var_iters" time="0.003" /><testcase classname="fmdtools.sim.sample" name="fmdtools.sim.sample.ParameterHistSample" time="0.005" /><testcase classname="fmdtools.sim.sample" name="fmdtools.sim.sample.ParameterResultSample" time="0.005" /><testcase classname="fmdtools.sim.sample" name="fmdtools.sim.sample.ParameterSample.add_variable_ranges" time="0.005" /><testcase classname="fmdtools.sim.sample" name="fmdtools.sim.sample.ParameterSample.add_variable_replicates" time="0.003" /><testcase classname="fmdtools.sim.sample" name="fmdtools.sim.sample.ParameterSample.add_variable_scenario" time="0.003" /><testcase classname="fmdtools.sim.sample" name="fmdtools.sim.sample.ParameterSample.combine_orthogonal" time="0.003" /><testcase classname="fmdtools.sim.sample" name="fmdtools.sim.sample.ParameterSample.combine_product" time="0.002" /><testcase classname="fmdtools.sim.sample" name="fmdtools.sim.sample.ParameterSample.combine_random" time="0.003" /><testcase classname="fmdtools.sim.sample" name="fmdtools.sim.sample.SampleApproach.add_faultdomain" time="0.013"><failure message="1063             (e.g., to call Faultdomain.add_all, use &quot;all&quot;)&#10;1064         *args : args&#10;1065             Arguments to add_method.&#10;1066         **kwargs : kwargs&#10;1067             Keyword arguments to add_method&#10;1068 &#10;1069         Examples&#10;1070         --------&#10;1071         &gt;&gt;&gt; from examples.multirotor.drone_mdl_rural import Drone&#10;1072         &gt;&gt;&gt; s = SampleApproach(Drone())&#10;UNEXPECTED EXCEPTION: Exception('Outside bounds of grid: 0.0,160')&#10;Traceback (most recent call last):&#10;  File &quot;/opt/conda/envs/my_env/lib/python3.11/doctest.py&quot;, line 1355, in __run&#10;    exec(compile(example.source, filename, &quot;single&quot;,&#10;  File &quot;&lt;doctest fmdtools.sim.sample.SampleApproach.add_faultdomain[1]&gt;&quot;, line 1, in &lt;module&gt;&#10;  File &quot;/fmdtools/fmdtools/define/architecture/function.py&quot;, line 512, in __init__&#10;    Architecture.__init__(self, h=h, **kwargs)&#10;  File &quot;/fmdtools/fmdtools/define/architecture/base.py&quot;, line 90, in __init__&#10;    self.init_architecture(**kwargs)&#10;  File &quot;/fmdtools/examples/multirotor/drone_mdl_rural.py&quot;, line 700, in init_architecture&#10;    self.add_flow('environment', DroneEnvironment, p=self.p.env_param)&#10;  File &quot;/fmdtools/fmdtools/define/architecture/base.py&quot;, line 197, in add_flow&#10;    self.add_flex_role_obj('flows', name, objclass=fclass, use_copy=use_copy,&#10;  File &quot;/fmdtools/fmdtools/define/architecture/base.py&quot;, line 162, in add_flex_role_obj&#10;    obj = init_obj(name=name, objclass=objclass, track=track,&#10;          ^^^^^^^^^^^^^^^^^^^^^^^^^^^^^^^^^^^^^^^^^^^^^^^^^^^&#10;  File &quot;/fmdtools/fmdtools/define/object/base.py&quot;, line 962, in init_obj&#10;    fl = objclass(name=name, track=track, **kwargs)&#10;         ^^^^^^^^^^^^^^^^^^^^^^^^^^^^^^^^^^^^^^^^^^&#10;  File &quot;/fmdtools/fmdtools/define/environment.py&quot;, line 69, in __init__&#10;    super().__init__(name=name, root=root, glob=glob, p=p, s=s, track=track)&#10;  File &quot;/fmdtools/fmdtools/define/flow/commsflow.py&quot;, line 103, in __init__&#10;    super().__init__(name=name, glob=glob, track=track, **kwargs)&#10;  File &quot;/fmdtools/fmdtools/define/flow/multiflow.py&quot;, line 110, in __init__&#10;    super().__init__(name=name, root=root, track=track, **kwargs)&#10;  File &quot;/fmdtools/fmdtools/define/object/base.py&quot;, line 190, in __init__&#10;    self.init_roletypes(*roletypes, **kwargs)&#10;  File &quot;/fmdtools/fmdtools/define/object/base.py&quot;, line 251, in init_roletypes&#10;    self.init_roles(roletype, **kwargs)&#10;  File &quot;/fmdtools/fmdtools/define/object/base.py&quot;, line 296, in init_roles&#10;    container = container_initializer(**container_args)&#10;                ^^^^^^^^^^^^^^^^^^^^^^^^^^^^^^^^^^^^^^^&#10;  File &quot;/fmdtools/fmdtools/define/object/coords.py&quot;, line 948, in __init__&#10;    self.init_properties(*args, **kwargs)&#10;  File &quot;/fmdtools/examples/multirotor/drone_mdl_dynamic.py&quot;, line 90, in init_properties&#10;    self.set_range(&quot;target&quot;, True, 0, 150, 10, 160)&#10;  File &quot;/fmdtools/fmdtools/define/object/coords.py&quot;, line 411, in set_range&#10;    _, y_max_ind = self.to_index(0.0, ymax)&#10;                   ^^^^^^^^^^^^^^^^^^^^^^^^&#10;  File &quot;/fmdtools/fmdtools/define/object/coords.py&quot;, line 188, in to_index&#10;    raise Exception(&quot;Outside bounds of grid: &quot;+str(x)+','+str(y))&#10;Exception: Outside bounds of grid: 0.0,160&#10;/fmdtools/fmdtools/sim/sample.py:1072: UnexpectedException">1063             (e.g., to call Faultdomain.add_all, use "all")
1064         *args : args
1065             Arguments to add_method.
1066         **kwargs : kwargs
1067             Keyword arguments to add_method
1068 
1069         Examples
1070         --------
1071         &gt;&gt;&gt; from examples.multirotor.drone_mdl_rural import Drone
1072         &gt;&gt;&gt; s = SampleApproach(Drone())
UNEXPECTED EXCEPTION: Exception('Outside bounds of grid: 0.0,160')
Traceback (most recent call last):
  File "/opt/conda/envs/my_env/lib/python3.11/doctest.py", line 1355, in __run
    exec(compile(example.source, filename, "single",
  File "&lt;doctest fmdtools.sim.sample.SampleApproach.add_faultdomain[1]&gt;", line 1, in &lt;module&gt;
  File "/fmdtools/fmdtools/define/architecture/function.py", line 512, in __init__
    Architecture.__init__(self, h=h, **kwargs)
  File "/fmdtools/fmdtools/define/architecture/base.py", line 90, in __init__
    self.init_architecture(**kwargs)
  File "/fmdtools/examples/multirotor/drone_mdl_rural.py", line 700, in init_architecture
    self.add_flow('environment', DroneEnvironment, p=self.p.env_param)
  File "/fmdtools/fmdtools/define/architecture/base.py", line 197, in add_flow
    self.add_flex_role_obj('flows', name, objclass=fclass, use_copy=use_copy,
  File "/fmdtools/fmdtools/define/architecture/base.py", line 162, in add_flex_role_obj
    obj = init_obj(name=name, objclass=objclass, track=track,
          ^^^^^^^^^^^^^^^^^^^^^^^^^^^^^^^^^^^^^^^^^^^^^^^^^^^
  File "/fmdtools/fmdtools/define/object/base.py", line 962, in init_obj
    fl = objclass(name=name, track=track, **kwargs)
         ^^^^^^^^^^^^^^^^^^^^^^^^^^^^^^^^^^^^^^^^^^
  File "/fmdtools/fmdtools/define/environment.py", line 69, in __init__
    super().__init__(name=name, root=root, glob=glob, p=p, s=s, track=track)
  File "/fmdtools/fmdtools/define/flow/commsflow.py", line 103, in __init__
    super().__init__(name=name, glob=glob, track=track, **kwargs)
  File "/fmdtools/fmdtools/define/flow/multiflow.py", line 110, in __init__
    super().__init__(name=name, root=root, track=track, **kwargs)
  File "/fmdtools/fmdtools/define/object/base.py", line 190, in __init__
    self.init_roletypes(*roletypes, **kwargs)
  File "/fmdtools/fmdtools/define/object/base.py", line 251, in init_roletypes
    self.init_roles(roletype, **kwargs)
  File "/fmdtools/fmdtools/define/object/base.py", line 296, in init_roles
    container = container_initializer(**container_args)
                ^^^^^^^^^^^^^^^^^^^^^^^^^^^^^^^^^^^^^^^
  File "/fmdtools/fmdtools/define/object/coords.py", line 948, in __init__
    self.init_properties(*args, **kwargs)
  File "/fmdtools/examples/multirotor/drone_mdl_dynamic.py", line 90, in init_properties
    self.set_range("target", True, 0, 150, 10, 160)
  File "/fmdtools/fmdtools/define/object/coords.py", line 411, in set_range
    _, y_max_ind = self.to_index(0.0, ymax)
                   ^^^^^^^^^^^^^^^^^^^^^^^^
  File "/fmdtools/fmdtools/define/object/coords.py", line 188, in to_index
    raise Exception("Outside bounds of grid: "+str(x)+','+str(y))
Exception: Outside bounds of grid: 0.0,160
/fmdtools/fmdtools/sim/sample.py:1072: UnexpectedException</failure></testcase><testcase classname="fmdtools.sim.sample" name="fmdtools.sim.sample.SampleApproach.add_faultsample" time="0.012"><failure message="1114             Phasemap to instantiate the FaultSample with. If a dict/tuple is provided,&#10;1115             uses a PhaseMap with the dict/tuple as phases. The default is {}.&#10;1116             If a list, passes to JointFaultSample&#10;1117         **kwargs : kwargs&#10;1118             add_method kwargs.&#10;1119 &#10;1120         Examples&#10;1121         --------&#10;1122         &gt;&gt;&gt; from examples.multirotor.drone_mdl_rural import Drone&#10;1123         &gt;&gt;&gt; s = SampleApproach(Drone())&#10;UNEXPECTED EXCEPTION: Exception('Outside bounds of grid: 0.0,160')&#10;Traceback (most recent call last):&#10;  File &quot;/opt/conda/envs/my_env/lib/python3.11/doctest.py&quot;, line 1355, in __run&#10;    exec(compile(example.source, filename, &quot;single&quot;,&#10;  File &quot;&lt;doctest fmdtools.sim.sample.SampleApproach.add_faultsample[1]&gt;&quot;, line 1, in &lt;module&gt;&#10;  File &quot;/fmdtools/fmdtools/define/architecture/function.py&quot;, line 512, in __init__&#10;    Architecture.__init__(self, h=h, **kwargs)&#10;  File &quot;/fmdtools/fmdtools/define/architecture/base.py&quot;, line 90, in __init__&#10;    self.init_architecture(**kwargs)&#10;  File &quot;/fmdtools/examples/multirotor/drone_mdl_rural.py&quot;, line 700, in init_architecture&#10;    self.add_flow('environment', DroneEnvironment, p=self.p.env_param)&#10;  File &quot;/fmdtools/fmdtools/define/architecture/base.py&quot;, line 197, in add_flow&#10;    self.add_flex_role_obj('flows', name, objclass=fclass, use_copy=use_copy,&#10;  File &quot;/fmdtools/fmdtools/define/architecture/base.py&quot;, line 162, in add_flex_role_obj&#10;    obj = init_obj(name=name, objclass=objclass, track=track,&#10;          ^^^^^^^^^^^^^^^^^^^^^^^^^^^^^^^^^^^^^^^^^^^^^^^^^^^&#10;  File &quot;/fmdtools/fmdtools/define/object/base.py&quot;, line 962, in init_obj&#10;    fl = objclass(name=name, track=track, **kwargs)&#10;         ^^^^^^^^^^^^^^^^^^^^^^^^^^^^^^^^^^^^^^^^^^&#10;  File &quot;/fmdtools/fmdtools/define/environment.py&quot;, line 69, in __init__&#10;    super().__init__(name=name, root=root, glob=glob, p=p, s=s, track=track)&#10;  File &quot;/fmdtools/fmdtools/define/flow/commsflow.py&quot;, line 103, in __init__&#10;    super().__init__(name=name, glob=glob, track=track, **kwargs)&#10;  File &quot;/fmdtools/fmdtools/define/flow/multiflow.py&quot;, line 110, in __init__&#10;    super().__init__(name=name, root=root, track=track, **kwargs)&#10;  File &quot;/fmdtools/fmdtools/define/object/base.py&quot;, line 190, in __init__&#10;    self.init_roletypes(*roletypes, **kwargs)&#10;  File &quot;/fmdtools/fmdtools/define/object/base.py&quot;, line 251, in init_roletypes&#10;    self.init_roles(roletype, **kwargs)&#10;  File &quot;/fmdtools/fmdtools/define/object/base.py&quot;, line 296, in init_roles&#10;    container = container_initializer(**container_args)&#10;                ^^^^^^^^^^^^^^^^^^^^^^^^^^^^^^^^^^^^^^^&#10;  File &quot;/fmdtools/fmdtools/define/object/coords.py&quot;, line 948, in __init__&#10;    self.init_properties(*args, **kwargs)&#10;  File &quot;/fmdtools/examples/multirotor/drone_mdl_dynamic.py&quot;, line 90, in init_properties&#10;    self.set_range(&quot;target&quot;, True, 0, 150, 10, 160)&#10;  File &quot;/fmdtools/fmdtools/define/object/coords.py&quot;, line 411, in set_range&#10;    _, y_max_ind = self.to_index(0.0, ymax)&#10;                   ^^^^^^^^^^^^^^^^^^^^^^^^&#10;  File &quot;/fmdtools/fmdtools/define/object/coords.py&quot;, line 188, in to_index&#10;    raise Exception(&quot;Outside bounds of grid: &quot;+str(x)+','+str(y))&#10;Exception: Outside bounds of grid: 0.0,160&#10;/fmdtools/fmdtools/sim/sample.py:1123: UnexpectedException">1114             Phasemap to instantiate the FaultSample with. If a dict/tuple is provided,
1115             uses a PhaseMap with the dict/tuple as phases. The default is {}.
1116             If a list, passes to JointFaultSample
1117         **kwargs : kwargs
1118             add_method kwargs.
1119 
1120         Examples
1121         --------
1122         &gt;&gt;&gt; from examples.multirotor.drone_mdl_rural import Drone
1123         &gt;&gt;&gt; s = SampleApproach(Drone())
UNEXPECTED EXCEPTION: Exception('Outside bounds of grid: 0.0,160')
Traceback (most recent call last):
  File "/opt/conda/envs/my_env/lib/python3.11/doctest.py", line 1355, in __run
    exec(compile(example.source, filename, "single",
  File "&lt;doctest fmdtools.sim.sample.SampleApproach.add_faultsample[1]&gt;", line 1, in &lt;module&gt;
  File "/fmdtools/fmdtools/define/architecture/function.py", line 512, in __init__
    Architecture.__init__(self, h=h, **kwargs)
  File "/fmdtools/fmdtools/define/architecture/base.py", line 90, in __init__
    self.init_architecture(**kwargs)
  File "/fmdtools/examples/multirotor/drone_mdl_rural.py", line 700, in init_architecture
    self.add_flow('environment', DroneEnvironment, p=self.p.env_param)
  File "/fmdtools/fmdtools/define/architecture/base.py", line 197, in add_flow
    self.add_flex_role_obj('flows', name, objclass=fclass, use_copy=use_copy,
  File "/fmdtools/fmdtools/define/architecture/base.py", line 162, in add_flex_role_obj
    obj = init_obj(name=name, objclass=objclass, track=track,
          ^^^^^^^^^^^^^^^^^^^^^^^^^^^^^^^^^^^^^^^^^^^^^^^^^^^
  File "/fmdtools/fmdtools/define/object/base.py", line 962, in init_obj
    fl = objclass(name=name, track=track, **kwargs)
         ^^^^^^^^^^^^^^^^^^^^^^^^^^^^^^^^^^^^^^^^^^
  File "/fmdtools/fmdtools/define/environment.py", line 69, in __init__
    super().__init__(name=name, root=root, glob=glob, p=p, s=s, track=track)
  File "/fmdtools/fmdtools/define/flow/commsflow.py", line 103, in __init__
    super().__init__(name=name, glob=glob, track=track, **kwargs)
  File "/fmdtools/fmdtools/define/flow/multiflow.py", line 110, in __init__
    super().__init__(name=name, root=root, track=track, **kwargs)
  File "/fmdtools/fmdtools/define/object/base.py", line 190, in __init__
    self.init_roletypes(*roletypes, **kwargs)
  File "/fmdtools/fmdtools/define/object/base.py", line 251, in init_roletypes
    self.init_roles(roletype, **kwargs)
  File "/fmdtools/fmdtools/define/object/base.py", line 296, in init_roles
    container = container_initializer(**container_args)
                ^^^^^^^^^^^^^^^^^^^^^^^^^^^^^^^^^^^^^^^
  File "/fmdtools/fmdtools/define/object/coords.py", line 948, in __init__
    self.init_properties(*args, **kwargs)
  File "/fmdtools/examples/multirotor/drone_mdl_dynamic.py", line 90, in init_properties
    self.set_range("target", True, 0, 150, 10, 160)
  File "/fmdtools/fmdtools/define/object/coords.py", line 411, in set_range
    _, y_max_ind = self.to_index(0.0, ymax)
                   ^^^^^^^^^^^^^^^^^^^^^^^^
  File "/fmdtools/fmdtools/define/object/coords.py", line 188, in to_index
    raise Exception("Outside bounds of grid: "+str(x)+','+str(y))
Exception: Outside bounds of grid: 0.0,160
/fmdtools/fmdtools/sim/sample.py:1123: UnexpectedException</failure></testcase><testcase classname="fmdtools.sim.sample" name="fmdtools.sim.sample.combine_orthogonal" time="0.003" /><testcase classname="fmdtools.sim.sample" name="fmdtools.sim.sample.combine_random" time="0.003" /><testcase classname="fmdtools.sim.sample" name="fmdtools.sim.sample.sample_times_even" time="0.003" /><testcase classname="fmdtools.sim.sample" name="fmdtools.sim.sample.sample_times_quad" time="0.003" /><testcase classname="fmdtools.sim.scenario" name="fmdtools.sim.scenario.Sequence" time="0.003" /><testcase classname="fmdtools.sim.scenario" name="fmdtools.sim.scenario.Sequence.update_sequence" time="0.003" /><testcase classname="fmdtools.sim.search" name="fmdtools.sim.search.BaseProblem.get_opt_hist" time="0.003" /><testcase classname="fmdtools.sim.search" name="fmdtools.sim.search.DisturbanceProblem.__init__" time="0.031" /><testcase classname="fmdtools.sim.search" name="fmdtools.sim.search.HistoryObjective" time="0.003" /><testcase classname="fmdtools.sim.search" name="fmdtools.sim.search.ParameterSimProblem" time="0.157" /><testcase classname="fmdtools.sim.search" name="fmdtools.sim.search.ProblemArchitecture" time="0.066" /><testcase classname="fmdtools.sim.search" name="fmdtools.sim.search.ProblemArchitecture.update_full_problem" time="0.048" /><testcase classname="fmdtools.sim.search" name="fmdtools.sim.search.ProblemArchitecture.update_problem" time="0.030" /><testcase classname="fmdtools.sim.search" name="fmdtools.sim.search.ResponseCoords" time="0.005" /><testcase classname="fmdtools.sim.search" name="fmdtools.sim.search.ResultConstraint.con_from_value" time="0.003" /><testcase classname="fmdtools.sim.search" name="fmdtools.sim.search.ResultObjective.get_result_value" time="0.003" /><testcase classname="fmdtools.sim.search" name="fmdtools.sim.search.SimpleProblem" time="0.003" /><testcase classname="fmdtools.sim.search" name="fmdtools.sim.search.SingleFaultScenarioProblem" time="0.028" /><testcase classname="tests.test_graph.ModelGraphTests" name="test_fault_plot" time="0.658" /><testcase classname="tests.test_graph.ModelGraphTests" name="test_flowgraph_plot" time="0.891" /><testcase classname="tests.test_graph.ModelGraphTests" name="test_fxngraph_plot" time="0.839" /><testcase classname="tests.test_graph.ModelGraphTests" name="test_modelgraph_plot" time="0.615" /><testcase classname="tests.test_graph.ModelGraphTests" name="test_result_from_plot" time="0.587" /><testcase classname="tests.test_graph.ModelGraphTests" name="test_typegraph_plot" time="0.200" /><testcase classname="tests.test_packages.define_Tests" name="test_pdf_translation_options" time="0.008" /></testsuite></testsuites>