<!DOCTYPE html>
<html>
  <head>
    <meta charset="utf-8"/>
    <title>pytest_report.html</title>
    <link href="assets/style.css" rel="stylesheet" type="text/css"/></head>
  <body onLoad="init()">
    <script>/* This Source Code Form is subject to the terms of the Mozilla Public
 * License, v. 2.0. If a copy of the MPL was not distributed with this file,
 * You can obtain one at http://mozilla.org/MPL/2.0/. */


function toArray(iter) {
    if (iter === null) {
        return null;
    }
    return Array.prototype.slice.call(iter);
}

function find(selector, elem) { // eslint-disable-line no-redeclare
    if (!elem) {
        elem = document;
    }
    return elem.querySelector(selector);
}

function findAll(selector, elem) {
    if (!elem) {
        elem = document;
    }
    return toArray(elem.querySelectorAll(selector));
}

function sortColumn(elem) {
    toggleSortStates(elem);
    const colIndex = toArray(elem.parentNode.childNodes).indexOf(elem);
    let key;
    if (elem.classList.contains('result')) {
        key = keyResult;
    } else if (elem.classList.contains('links')) {
        key = keyLink;
    } else {
        key = keyAlpha;
    }
    sortTable(elem, key(colIndex));
}

function showAllExtras() { // eslint-disable-line no-unused-vars
    findAll('.col-result').forEach(showExtras);
}

function hideAllExtras() { // eslint-disable-line no-unused-vars
    findAll('.col-result').forEach(hideExtras);
}

function showExtras(colresultElem) {
    const extras = colresultElem.parentNode.nextElementSibling;
    const expandcollapse = colresultElem.firstElementChild;
    extras.classList.remove('collapsed');
    expandcollapse.classList.remove('expander');
    expandcollapse.classList.add('collapser');
}

function hideExtras(colresultElem) {
    const extras = colresultElem.parentNode.nextElementSibling;
    const expandcollapse = colresultElem.firstElementChild;
    extras.classList.add('collapsed');
    expandcollapse.classList.remove('collapser');
    expandcollapse.classList.add('expander');
}

function showFilters() {
    let visibleString = getQueryParameter('visible') || 'all';
    visibleString = visibleString.toLowerCase();
    const checkedItems = visibleString.split(',');

    const filterItems = document.getElementsByClassName('filter');
    for (let i = 0; i < filterItems.length; i++) {
        filterItems[i].hidden = false;

        if (visibleString != 'all') {
            filterItems[i].checked = checkedItems.includes(filterItems[i].getAttribute('data-test-result'));
            filterTable(filterItems[i]);
        }
    }
}

function addCollapse() {
    // Add links for show/hide all
    const resulttable = find('table#results-table');
    const showhideall = document.createElement('p');
    showhideall.innerHTML = '<a href="javascript:showAllExtras()">Show all details</a> / ' +
                            '<a href="javascript:hideAllExtras()">Hide all details</a>';
    resulttable.parentElement.insertBefore(showhideall, resulttable);

    // Add show/hide link to each result
    findAll('.col-result').forEach(function(elem) {
        const collapsed = getQueryParameter('collapsed') || 'Passed';
        const extras = elem.parentNode.nextElementSibling;
        const expandcollapse = document.createElement('span');
        if (extras.classList.contains('collapsed')) {
            expandcollapse.classList.add('expander');
        } else if (collapsed.includes(elem.innerHTML)) {
            extras.classList.add('collapsed');
            expandcollapse.classList.add('expander');
        } else {
            expandcollapse.classList.add('collapser');
        }
        elem.appendChild(expandcollapse);

        elem.addEventListener('click', function(event) {
            if (event.currentTarget.parentNode.nextElementSibling.classList.contains('collapsed')) {
                showExtras(event.currentTarget);
            } else {
                hideExtras(event.currentTarget);
            }
        });
    });
}

function getQueryParameter(name) {
    const match = RegExp('[?&]' + name + '=([^&]*)').exec(window.location.search);
    return match && decodeURIComponent(match[1].replace(/\+/g, ' '));
}

function init () { // eslint-disable-line no-unused-vars
    resetSortHeaders();

    addCollapse();

    showFilters();

    sortColumn(find('.initial-sort'));

    findAll('.sortable').forEach(function(elem) {
        elem.addEventListener('click',
            function() {
                sortColumn(elem);
            }, false);
    });
}

function sortTable(clicked, keyFunc) {
    const rows = findAll('.results-table-row');
    const reversed = !clicked.classList.contains('asc');
    const sortedRows = sort(rows, keyFunc, reversed);
    /* Whole table is removed here because browsers acts much slower
     * when appending existing elements.
     */
    const thead = document.getElementById('results-table-head');
    document.getElementById('results-table').remove();
    const parent = document.createElement('table');
    parent.id = 'results-table';
    parent.appendChild(thead);
    sortedRows.forEach(function(elem) {
        parent.appendChild(elem);
    });
    document.getElementsByTagName('BODY')[0].appendChild(parent);
}

function sort(items, keyFunc, reversed) {
    const sortArray = items.map(function(item, i) {
        return [keyFunc(item), i];
    });

    sortArray.sort(function(a, b) {
        const keyA = a[0];
        const keyB = b[0];

        if (keyA == keyB) return 0;

        if (reversed) {
            return keyA < keyB ? 1 : -1;
        } else {
            return keyA > keyB ? 1 : -1;
        }
    });

    return sortArray.map(function(item) {
        const index = item[1];
        return items[index];
    });
}

function keyAlpha(colIndex) {
    return function(elem) {
        return elem.childNodes[1].childNodes[colIndex].firstChild.data.toLowerCase();
    };
}

function keyLink(colIndex) {
    return function(elem) {
        const dataCell = elem.childNodes[1].childNodes[colIndex].firstChild;
        return dataCell == null ? '' : dataCell.innerText.toLowerCase();
    };
}

function keyResult(colIndex) {
    return function(elem) {
        const strings = ['Error', 'Failed', 'Rerun', 'XFailed', 'XPassed',
            'Skipped', 'Passed'];
        return strings.indexOf(elem.childNodes[1].childNodes[colIndex].firstChild.data);
    };
}

function resetSortHeaders() {
    findAll('.sort-icon').forEach(function(elem) {
        elem.parentNode.removeChild(elem);
    });
    findAll('.sortable').forEach(function(elem) {
        const icon = document.createElement('div');
        icon.className = 'sort-icon';
        icon.textContent = 'vvv';
        elem.insertBefore(icon, elem.firstChild);
        elem.classList.remove('desc', 'active');
        elem.classList.add('asc', 'inactive');
    });
}

function toggleSortStates(elem) {
    //if active, toggle between asc and desc
    if (elem.classList.contains('active')) {
        elem.classList.toggle('asc');
        elem.classList.toggle('desc');
    }

    //if inactive, reset all other functions and add ascending active
    if (elem.classList.contains('inactive')) {
        resetSortHeaders();
        elem.classList.remove('inactive');
        elem.classList.add('active');
    }
}

function isAllRowsHidden(value) {
    return value.hidden == false;
}

function filterTable(elem) { // eslint-disable-line no-unused-vars
    const outcomeAtt = 'data-test-result';
    const outcome = elem.getAttribute(outcomeAtt);
    const classOutcome = outcome + ' results-table-row';
    const outcomeRows = document.getElementsByClassName(classOutcome);

    for(let i = 0; i < outcomeRows.length; i++){
        outcomeRows[i].hidden = !elem.checked;
    }

    const rows = findAll('.results-table-row').filter(isAllRowsHidden);
    const allRowsHidden = rows.length == 0 ? true : false;
    const notFoundMessage = document.getElementById('not-found-message');
    notFoundMessage.hidden = !allRowsHidden;
}
</script>
    <h1>pytest_report.html</h1>
    <p>Report generated on 25-May-2023 at 16:36:02 by <a href="https://pypi.python.org/pypi/pytest-html">pytest-html</a> v3.2.0</p>
    <h2>Environment</h2>
    <table id="environment">
      <tr>
        <td>Packages</td>
        <td>{"pluggy": "0.13.1", "pytest": "6.2.4"}</td></tr>
      <tr>
        <td>Platform</td>
        <td>Windows-10-10.0.19044-SP0</td></tr>
      <tr>
        <td>Plugins</td>
        <td>{"anyio": "2.2.0", "html": "3.2.0", "metadata": "2.0.4"}</td></tr>
      <tr>
        <td>Python</td>
        <td>3.9.7</td></tr></table>
    <h2>Summary</h2>
    <p>90 tests ran in 46.87 seconds. </p>
    <p class="filter" hidden="true">(Un)check the boxes to filter the results.</p><input checked="true" class="filter" data-test-result="passed" hidden="true" name="filter_checkbox" onChange="filterTable(this)" type="checkbox"/><span class="passed">21 passed</span>, <input checked="true" class="filter" data-test-result="skipped" disabled="true" hidden="true" name="filter_checkbox" onChange="filterTable(this)" type="checkbox"/><span class="skipped">0 skipped</span>, <input checked="true" class="filter" data-test-result="failed" hidden="true" name="filter_checkbox" onChange="filterTable(this)" type="checkbox"/><span class="failed">69 failed</span>, <input checked="true" class="filter" data-test-result="error" disabled="true" hidden="true" name="filter_checkbox" onChange="filterTable(this)" type="checkbox"/><span class="error">0 errors</span>, <input checked="true" class="filter" data-test-result="xfailed" disabled="true" hidden="true" name="filter_checkbox" onChange="filterTable(this)" type="checkbox"/><span class="xfailed">0 expected failures</span>, <input checked="true" class="filter" data-test-result="xpassed" disabled="true" hidden="true" name="filter_checkbox" onChange="filterTable(this)" type="checkbox"/><span class="xpassed">0 unexpected passes</span>
    <h2>Results</h2>
    <table id="results-table">
      <thead id="results-table-head">
        <tr>
          <th class="sortable result initial-sort" col="result">Result</th>
          <th class="sortable" col="name">Test</th>
          <th class="sortable" col="duration">Duration</th>
          <th class="sortable links" col="links">Links</th></tr>
        <tr hidden="true" id="not-found-message">
          <th colspan="4">No results found. Try to check the filters</th></tr></thead>
      <tbody class="failed results-table-row">
        <tr>
          <td class="col-result">Failed</td>
          <td class="col-name">examples/eps/test_eps.py::epsTests::test_all_faults</td>
          <td class="col-duration">0.50</td>
          <td class="col-links"></td></tr>
        <tr>
          <td class="extra" colspan="4">
            <div class="log">self = &lt;examples.eps.test_eps.epsTests testMethod=test_all_faults&gt;<br/><br/>    def test_all_faults(self):<br/>        &quot;&quot;&quot; Some basic tests for propagating lists of faults in the model--<br/>        that histories have length 1, endresults have &gt;0 costs, and total costs are higher<br/>        than repairs&quot;&quot;&quot;<br/>        mdl=self.mdl<br/>        endclasses, reshists = propagate.single_faults(mdl, showprogress=False)<br/>&gt;       actual_num_faults = np.sum([len(f.faultmodes) for f in mdl.fxns.values()])<br/><br/>examples\eps\test_eps.py:38: <br/>_ _ _ _ _ _ _ _ _ _ _ _ _ _ _ _ _ _ _ _ _ _ _ _ _ _ _ _ _ _ _ _ _ _ _ _ _ _ _ _<br/><br/>.0 = &lt;dict_valueiterator object at 0x000002CA1DC54B80&gt;<br/><br/>&gt;   actual_num_faults = np.sum([len(f.faultmodes) for f in mdl.fxns.values()])<br/><span class="error">E   AttributeError: &#x27;ImportEE&#x27; object has no attribute &#x27;faultmodes&#x27;</span><br/><br/>examples\eps\test_eps.py:38: AttributeError<br/></div></td></tr></tbody>
      <tbody class="failed results-table-row">
        <tr>
          <td class="col-result">Failed</td>
          <td class="col-name">examples/eps/test_eps.py::epsTests::test_backward_fault_prop_1</td>
          <td class="col-duration">0.00</td>
          <td class="col-links"></td></tr>
        <tr>
          <td class="extra" colspan="4">
            <div class="log">self = &lt;examples.eps.test_eps.epsTests testMethod=test_backward_fault_prop_1&gt;<br/><br/>    def test_backward_fault_prop_1(self):<br/>        &quot;&quot;&quot; Tests that defined fault cases that require reverse propagation propagate<br/>        backwards through the graph as expected - distributor short leads to empty battery<br/>        &quot;&quot;&quot;<br/>&gt;       endresults, mdlhist = propagate.one_fault(self.mdl, &#x27;Distribute_EE&#x27;, &#x27;short&#x27;, desired_result=&quot;endfaults&quot;)<br/><br/>examples\eps\test_eps.py:23: <br/>_ _ _ _ _ _ _ _ _ _ _ _ _ _ _ _ _ _ _ _ _ _ _ _ _ _ _ _ _ _ _ _ _ _ _ _ _ _ _ _<br/>fmdtools\sim\propagate.py:296: in one_fault<br/>    rate = mdl.get_scen_rate(fxnname, fault, time))<br/>_ _ _ _ _ _ _ _ _ _ _ _ _ _ _ _ _ _ _ _ _ _ _ _ _ _ _ _ _ _ _ _ _ _ _ _ _ _ _ _<br/><br/>self = EPS model at 0x2ca1dd40280 <br/>FUNCTIONS: <br/>import_ee ImportEE<br/>- State()<br/>- ImportEEModes(mode=nominal, faults=set())<br/>suppl...0, effort=1.0)<br/>waste_he_m GenericFlow flow: GenericState(rate=1.0, effort=1.0)<br/>sig_in Signal flow: SigState(value=1.0)<br/><br/>fxnname = &#x27;Distribute_EE&#x27;, faultmode = &#x27;short&#x27;, time = 1<br/><br/>    def get_scen_rate(self, fxnname, faultmode, time):<br/>        &quot;&quot;&quot;<br/>        TODO : requires proper documentation<br/>        Parameters<br/>        ----------<br/>        fxnname<br/>        faultmode<br/>        time<br/>    <br/>        Returns<br/>        -------<br/>    <br/>        &quot;&quot;&quot;<br/>&gt;       fxn = self.get_fxns()[fxnname]<br/><span class="error">E       KeyError: &#x27;Distribute_EE&#x27;</span><br/><br/>fmdtools\define\block.py:226: KeyError<br/></div></td></tr></tbody>
      <tbody class="failed results-table-row">
        <tr>
          <td class="col-result">Failed</td>
          <td class="col-name">examples/eps/test_eps.py::epsTests::test_backward_fault_prop_2</td>
          <td class="col-duration">0.00</td>
          <td class="col-links"></td></tr>
        <tr>
          <td class="extra" colspan="4">
            <div class="log">self = &lt;examples.eps.test_eps.epsTests testMethod=test_backward_fault_prop_2&gt;<br/><br/>    def test_backward_fault_prop_2(self):<br/>        &quot;&quot;&quot; Tests that defined fault cases that require reverse propagation propagate<br/>        backwards through the graph as expected - motor short leads to distributor short<br/>        &quot;&quot;&quot;<br/>&gt;       endresults, mdlhist = propagate.one_fault(self.mdl, &#x27;EE_to_ME&#x27;, &#x27;short&#x27;, desired_result=&quot;endfaults&quot;)<br/><br/>examples\eps\test_eps.py:29: <br/>_ _ _ _ _ _ _ _ _ _ _ _ _ _ _ _ _ _ _ _ _ _ _ _ _ _ _ _ _ _ _ _ _ _ _ _ _ _ _ _<br/>fmdtools\sim\propagate.py:296: in one_fault<br/>    rate = mdl.get_scen_rate(fxnname, fault, time))<br/>_ _ _ _ _ _ _ _ _ _ _ _ _ _ _ _ _ _ _ _ _ _ _ _ _ _ _ _ _ _ _ _ _ _ _ _ _ _ _ _<br/><br/>self = EPS model at 0x2ca1c46ac40 <br/>FUNCTIONS: <br/>import_ee ImportEE<br/>- State()<br/>- ImportEEModes(mode=nominal, faults=set())<br/>suppl...0, effort=1.0)<br/>waste_he_m GenericFlow flow: GenericState(rate=1.0, effort=1.0)<br/>sig_in Signal flow: SigState(value=1.0)<br/><br/>fxnname = &#x27;EE_to_ME&#x27;, faultmode = &#x27;short&#x27;, time = 1<br/><br/>    def get_scen_rate(self, fxnname, faultmode, time):<br/>        &quot;&quot;&quot;<br/>        TODO : requires proper documentation<br/>        Parameters<br/>        ----------<br/>        fxnname<br/>        faultmode<br/>        time<br/>    <br/>        Returns<br/>        -------<br/>    <br/>        &quot;&quot;&quot;<br/>&gt;       fxn = self.get_fxns()[fxnname]<br/><span class="error">E       KeyError: &#x27;EE_to_ME&#x27;</span><br/><br/>fmdtools\define\block.py:226: KeyError<br/></div></td></tr></tbody>
      <tbody class="failed results-table-row">
        <tr>
          <td class="col-result">Failed</td>
          <td class="col-name">examples/eps/test_eps.py::epsTests::test_fault_app</td>
          <td class="col-duration">0.00</td>
          <td class="col-links"></td></tr>
        <tr>
          <td class="extra" colspan="4">
            <div class="log">self = &lt;examples.eps.test_eps.epsTests testMethod=test_fault_app&gt;<br/><br/>    def test_fault_app(self):<br/>        &quot;&quot;&quot; Tests that the expected number of scenarios are generated for a given approach &quot;&quot;&quot;<br/>&gt;       actual_num_faults = int(np.sum([len(f.faultmodes) for f in self.mdl.fxns.values()]))<br/><br/>examples\eps\test_eps.py:49: <br/>_ _ _ _ _ _ _ _ _ _ _ _ _ _ _ _ _ _ _ _ _ _ _ _ _ _ _ _ _ _ _ _ _ _ _ _ _ _ _ _<br/><br/>.0 = &lt;dict_valueiterator object at 0x000002CA183FE590&gt;<br/><br/>&gt;   actual_num_faults = int(np.sum([len(f.faultmodes) for f in self.mdl.fxns.values()]))<br/><span class="error">E   AttributeError: &#x27;ImportEE&#x27; object has no attribute &#x27;faultmodes&#x27;</span><br/><br/>examples\eps\test_eps.py:49: AttributeError<br/></div></td></tr></tbody>
      <tbody class="failed results-table-row">
        <tr>
          <td class="col-result">Failed</td>
          <td class="col-name">examples/eps/test_eps.py::epsTests::test_save_load_multfault</td>
          <td class="col-duration">0.00</td>
          <td class="col-links"></td></tr>
        <tr>
          <td class="extra" colspan="4">
            <div class="log">self = &lt;examples.eps.test_eps.epsTests testMethod=test_save_load_multfault&gt;<br/><br/>    def test_save_load_multfault(self):<br/>        for extension in [&quot;.pkl&quot;,&quot;.csv&quot;,&quot;.json&quot;]:<br/>            faultscen = {0:{&#x27;Store_EE&#x27;:[&#x27;no_storage&#x27;], &#x27;Distribute_EE&#x27;:&#x27;short&#x27;}}<br/>&gt;           self.check_save_load_onerun(self.mdl, &quot;eps_mdlhist&quot;+extension, &quot;eps_endclass&quot;+extension, &#x27;mult_fault&#x27;, faultscen =faultscen )<br/><br/>examples\eps\test_eps.py:66: <br/>_ _ _ _ _ _ _ _ _ _ _ _ _ _ _ _ _ _ _ _ _ _ _ _ _ _ _ _ _ _ _ _ _ _ _ _ _ _ _ _<br/><br/>self = &lt;examples.eps.test_eps.epsTests testMethod=test_save_load_multfault&gt;<br/>mdl = EPS model at 0x2ca1a74d580 <br/>FUNCTIONS: <br/>import_ee ImportEE<br/>- State()<br/>- ImportEEModes(mode=nominal, faults=set())<br/>suppl...0, effort=1.0)<br/>waste_he_m GenericFlow flow: GenericState(rate=1.0, effort=1.0)<br/>sig_in Signal flow: SigState(value=1.0)<br/><br/>mfile = &#x27;eps_mdlhist.pkl&#x27;, ecfile = &#x27;eps_endclass.pkl&#x27;, runtype = &#x27;mult_fault&#x27;<br/>faultscen = {0: {&#x27;Distribute_EE&#x27;: &#x27;short&#x27;, &#x27;Store_EE&#x27;: [&#x27;no_storage&#x27;]}}<br/><br/>    def check_save_load_onerun(self, mdl, mfile, ecfile, runtype, faultscen={}):<br/>        &quot;&quot;&quot;<br/>        Checks if the results from the mdl are the same when saved from a given one-run propagate method as<br/>        the direct output.<br/>    <br/>        Parameters<br/>        ----------<br/>        mdl : Model<br/>        mfile : name of file to save mdlhists in<br/>        ecfile : name of file to save endclasses in<br/>        runtype : propagate method to test (&#x27;nominal&#x27;, &#x27;one_fault&#x27;, &#x27;mult_fault&#x27;)<br/>        faultscen : dict/tuple, optional<br/>            - for one_fault, the (functionname, faultname, faulttime)<br/>            - for mult_fault, the faultseq dict input<br/>        &quot;&quot;&quot;<br/>        if os.path.exists(mfile):   os.remove(mfile)<br/>        if os.path.exists(ecfile):  os.remove(ecfile)<br/>        check_link=False<br/>        if runtype==&#x27;nominal&#x27;:<br/>            endresult,  mdlhist=sim.propagate.nominal(mdl,  save_args={&#x27;mdlhist&#x27;:{&#x27;filename&#x27;:mfile},\<br/>                                                                   &#x27;endclass&#x27;:{&#x27;filename&#x27;:ecfile}})<br/>            check_link=True<br/>        elif runtype==&#x27;one_fault&#x27;:<br/>            fxnname, faultmode, faulttime = faultscen<br/>            endresult, mdlhist=sim.propagate.one_fault(mdl, fxnname, faultmode, faulttime,\<br/>                                                        save_args={&#x27;mdlhist&#x27;:{&#x27;filename&#x27;:mfile},\<br/>                                                                   &#x27;endclass&#x27;:{&#x27;filename&#x27;:ecfile}})<br/>        elif runtype==&#x27;mult_fault&#x27;:<br/>&gt;           endresult, mdlhist=sim.propagate.mult_fault(mdl, faultscen, {}, \<br/>                                                        save_args={&#x27;mdlhist&#x27;:{&#x27;filename&#x27;:mfile},\<br/><span class="error">E                                                       AttributeError: module &#x27;fmdtools.sim.propagate&#x27; has no attribute &#x27;mult_fault&#x27;</span><br/><br/>tests\common.py:142: AttributeError<br/></div></td></tr></tbody>
      <tbody class="failed results-table-row">
        <tr>
          <td class="col-result">Failed</td>
          <td class="col-name">examples/eps/test_eps.py::epsTests::test_save_load_nominal</td>
          <td class="col-duration">0.02</td>
          <td class="col-links"></td></tr>
        <tr>
          <td class="extra" colspan="4">
            <div class="log">self = &lt;examples.eps.test_eps.epsTests testMethod=test_save_load_nominal&gt;<br/><br/>    def test_save_load_nominal(self):<br/>        for extension in [&quot;.pkl&quot;,&quot;.csv&quot;,&quot;.json&quot;]:<br/>&gt;           self.check_save_load_onerun(self.mdl, &quot;eps_mdlhist&quot;+extension, &quot;eps_endclass&quot;+extension, &#x27;nominal&#x27;)<br/><br/>examples\eps\test_eps.py:59: <br/>_ _ _ _ _ _ _ _ _ _ _ _ _ _ _ _ _ _ _ _ _ _ _ _ _ _ _ _ _ _ _ _ _ _ _ _ _ _ _ _<br/>tests\common.py:147: in check_save_load_onerun<br/>    self.check_same_file(mdlhist,mfile, check_link=check_link)<br/>_ _ _ _ _ _ _ _ _ _ _ _ _ _ _ _ _ _ _ _ _ _ _ _ _ _ _ _ _ _ _ _ _ _ _ _ _ _ _ _<br/><br/>self = &lt;examples.eps.test_eps.epsTests testMethod=test_save_load_nominal&gt;<br/>result = flows.me.s.rate:                array(2)<br/>flows.me.s.effort:              array(2)<br/>flows.oe.s.rate:                arra...s.he.s.rate:                array(2)<br/>flows.he.s.effort:              array(2)<br/>time:                           array(2)<br/><br/>resfile = &#x27;eps_mdlhist.pkl&#x27;, check_link = True<br/><br/>    def check_same_file(self, result, resfile, check_link=False):<br/>        &quot;&quot;&quot; Checks if the mdlhist/endclass result is the same as the result loaded from resfile &quot;&quot;&quot;<br/>        result_flattened = result.flatten()<br/>&gt;       result_saved = analyze.result.load_result(resfile)<br/><span class="error">E       NameError: name &#x27;analyze&#x27; is not defined</span><br/><br/>tests\common.py:162: NameError<br/></div></td></tr></tbody>
      <tbody class="failed results-table-row">
        <tr>
          <td class="col-result">Failed</td>
          <td class="col-name">examples/eps/test_eps.py::epsTests::test_save_load_onefault</td>
          <td class="col-duration">0.00</td>
          <td class="col-links"></td></tr>
        <tr>
          <td class="extra" colspan="4">
            <div class="log">self = &lt;examples.eps.test_eps.epsTests testMethod=test_save_load_onefault&gt;<br/><br/>    def test_save_load_onefault(self):<br/>        for extension in [&quot;.pkl&quot;,&quot;.csv&quot;,&quot;.json&quot;]:<br/>&gt;           self.check_save_load_onerun(self.mdl, &quot;eps_mdlhist&quot;+extension, &quot;eps_endclass&quot;+extension, &#x27;one_fault&#x27;, faultscen=(&#x27;Store_EE&#x27;, &#x27;no_storage&#x27;,0))<br/><br/>examples\eps\test_eps.py:62: <br/>_ _ _ _ _ _ _ _ _ _ _ _ _ _ _ _ _ _ _ _ _ _ _ _ _ _ _ _ _ _ _ _ _ _ _ _ _ _ _ _<br/>tests\common.py:138: in check_save_load_onerun<br/>    endresult, mdlhist=sim.propagate.one_fault(mdl, fxnname, faultmode, faulttime,\<br/>fmdtools\sim\propagate.py:296: in one_fault<br/>    rate = mdl.get_scen_rate(fxnname, fault, time))<br/>_ _ _ _ _ _ _ _ _ _ _ _ _ _ _ _ _ _ _ _ _ _ _ _ _ _ _ _ _ _ _ _ _ _ _ _ _ _ _ _<br/><br/>self = EPS model at 0x2ca1c330100 <br/>FUNCTIONS: <br/>import_ee ImportEE<br/>- State()<br/>- ImportEEModes(mode=nominal, faults=set())<br/>suppl...0, effort=1.0)<br/>waste_he_m GenericFlow flow: GenericState(rate=1.0, effort=1.0)<br/>sig_in Signal flow: SigState(value=1.0)<br/><br/>fxnname = &#x27;eps&#x27;, faultmode = &#x27;Store_EE&#x27;, time = 1<br/><br/>    def get_scen_rate(self, fxnname, faultmode, time):<br/>        &quot;&quot;&quot;<br/>        TODO : requires proper documentation<br/>        Parameters<br/>        ----------<br/>        fxnname<br/>        faultmode<br/>        time<br/>    <br/>        Returns<br/>        -------<br/>    <br/>        &quot;&quot;&quot;<br/>&gt;       fxn = self.get_fxns()[fxnname]<br/><span class="error">E       KeyError: &#x27;eps&#x27;</span><br/><br/>fmdtools\define\block.py:226: KeyError<br/></div></td></tr></tbody>
      <tbody class="failed results-table-row">
        <tr>
          <td class="col-result">Failed</td>
          <td class="col-name">examples/eps/test_eps.py::epsTests::test_save_load_singlefaults</td>
          <td class="col-duration">0.49</td>
          <td class="col-links"></td></tr>
        <tr>
          <td class="extra" colspan="4">
            <div class="log">self = &lt;examples.eps.test_eps.epsTests testMethod=test_save_load_singlefaults&gt;<br/><br/>    def test_save_load_singlefaults(self):<br/>&gt;       self.check_save_load_approach(self.mdl, &quot;eps_mdlhists.pkl&quot;, &quot;eps_endclasses.pkl&quot;, &#x27;single_faults&#x27;)<br/><br/>examples\eps\test_eps.py:68: <br/>_ _ _ _ _ _ _ _ _ _ _ _ _ _ _ _ _ _ _ _ _ _ _ _ _ _ _ _ _ _ _ _ _ _ _ _ _ _ _ _<br/>tests\common.py:226: in check_save_load_approach<br/>    self.check_same_file(mdlhists,mfile)<br/>_ _ _ _ _ _ _ _ _ _ _ _ _ _ _ _ _ _ _ _ _ _ _ _ _ _ _ _ _ _ _ _ _ _ _ _ _ _ _ _<br/><br/>self = &lt;examples.eps.test_eps.epsTests testMethod=test_save_load_singlefaults&gt;<br/>result = import_ee_low_v_t0.flows.me.s.rate: array(2)<br/>import_ee_low_v_t0.flows.me.s.effort: array(2)<br/>import_ee_low_v_t0.flows.o...nal.flows.he.s.rate:        array(2)<br/>nominal.flows.he.s.effort:      array(2)<br/>nominal.time:                   array(2)<br/><br/>resfile = &#x27;eps_mdlhists.pkl&#x27;, check_link = False<br/><br/>    def check_same_file(self, result, resfile, check_link=False):<br/>        &quot;&quot;&quot; Checks if the mdlhist/endclass result is the same as the result loaded from resfile &quot;&quot;&quot;<br/>        result_flattened = result.flatten()<br/>&gt;       result_saved = analyze.result.load_result(resfile)<br/><span class="error">E       NameError: name &#x27;analyze&#x27; is not defined</span><br/><br/>tests\common.py:162: NameError<br/></div></td></tr></tbody>
      <tbody class="failed results-table-row">
        <tr>
          <td class="col-result">Failed</td>
          <td class="col-name">examples/multirotor/test_multirotor.py::DroneTests::test_interface_values</td>
          <td class="col-duration">3.02</td>
          <td class="col-links"></td></tr>
        <tr>
          <td class="extra" colspan="4">
            <div class="log">self = &lt;examples.multirotor.test_multirotor.DroneTests testMethod=test_interface_values&gt;<br/><br/>    def test_interface_values(self):<br/>    <br/>        testvalues = [[0,0, 50, 0,0], [0,2, 100, 1,1],[2,2, 150, 1,1]]<br/>        # NOTE: because there is a fault in the nominal sim that triggers the resilience policy<br/>        # the value [2,2, 50, 0,0] will give inconsistent results, since the operational model<br/>        # doesn&#x27;t have a consistent resilience policy in that case<br/>        for testvalue in testvalues:<br/>    <br/>            rcost_manual = x_to_rcost(testvalue[:2], [testvalue[2]], testvalue[3:], faultmodes=&#x27;StoreEE&#x27;)<br/>            rcost_int = opt_prob.cr(testvalue)<br/>&gt;           self.assertAlmostEqual(rcost_manual, rcost_int)<br/><span class="error">E           AssertionError: 10460.427910138082 != 10474.000000000002 within 7 places (13.572089861920176 difference)</span><br/><br/>examples\multirotor\test_multirotor.py:22: AssertionError<br/></div></td></tr></tbody>
      <tbody class="failed results-table-row">
        <tr>
          <td class="col-result">Failed</td>
          <td class="col-name">examples/multirotor/test_multirotor.py::DroneTests::test_sim_types</td>
          <td class="col-duration">1.76</td>
          <td class="col-links"></td></tr>
        <tr>
          <td class="extra" colspan="4">
            <div class="log">self = &lt;examples.multirotor.test_multirotor.DroneTests testMethod=test_sim_types&gt;<br/><br/>    def test_sim_types(self):<br/>    <br/>        testvalue= [0,2, 100, 1,1]<br/>        rcost_manual = x_to_rcost(testvalue[:2], [testvalue[2]], testvalue[3:], faultmodes=&#x27;StoreEE&#x27;)<br/>    <br/>        opt_prob.update_sim_options(&quot;rcost&quot;, staged=True)<br/>&gt;       rcost_int = opt_prob.cr(testvalue)<br/><br/>examples\multirotor\test_multirotor.py:29: <br/>_ _ _ _ _ _ _ _ _ _ _ _ _ _ _ _ _ _ _ _ _ _ _ _ _ _ _ _ _ _ _ _ _ _ _ _ _ _ _ _<br/>fmdtools\sim\search.py:252: in newobj<br/>    return self.x_to_obj_const(x, simname)[0][objname]<br/>fmdtools\sim\search.py:589: in x_to_obj_const<br/>    self.update_sim_vars(simname, new_p=new_p)<br/>fmdtools\sim\search.py:745: in update_sim_vars<br/>    update_sequence(self.simulations[simname][1][0][i].sequence, newsequence)<br/>_ _ _ _ _ _ _ _ _ _ _ _ _ _ _ _ _ _ _ _ _ _ _ _ _ _ _ _ _ _ _ _ _ _ _ _ _ _ _ _<br/><br/>sequence_to_update = {0.0: Injection(faults={&#x27;store_ee&#x27;: [&#x27;nocharge&#x27;]}, disturbances={})}<br/>new_sequence = {0: {&#x27;disturbances&#x27;: {}}}<br/><br/>    def update_sequence(sequence_to_update, new_sequence):<br/>        for i in new_sequence:<br/>            if i not in sequence_to_update:             sequence_to_update[i]=new_sequence[i]<br/>            else:<br/>                for j in new_sequence[i]:<br/>&gt;                   if j not in sequence_to_update[i]:  sequence_to_update[i][j]=new_sequence[i][j]<br/><span class="error">E                   TypeError: &#x27;Injection&#x27; object does not support item assignment</span><br/><br/>fmdtools\sim\search.py:781: TypeError<br/></div></td></tr></tbody>
      <tbody class="failed results-table-row">
        <tr>
          <td class="col-result">Failed</td>
          <td class="col-name">examples/pump/test_pump.py::PumpTests::test_app_prop_values</td>
          <td class="col-duration">0.00</td>
          <td class="col-links"></td></tr>
        <tr>
          <td class="extra" colspan="4">
            <div class="log">self = &lt;examples.pump.test_pump.PumpTests testMethod=test_app_prop_values&gt;<br/><br/>    def setUp(self):<br/>        self.default_mdl = Pump()<br/>        self.mdl = Pump()<br/>&gt;       self.water_mdl = Pump(params={&#x27;cost&#x27;:{&#x27;water&#x27;}, &#x27;delay&#x27;:10, &#x27;units&#x27;:&#x27;hrs&#x27;})<br/><br/>examples\pump\test_pump.py:21: <br/>_ _ _ _ _ _ _ _ _ _ _ _ _ _ _ _ _ _ _ _ _ _ _ _ _ _ _ _ _ _ _ _ _ _ _ _ _ _ _ _<br/><br/>self = &lt;[AttributeError(&#x27;fxns&#x27;) raised in repr()] Pump object at 0x2ca1c34e580&gt;<br/>kwargs = {&#x27;params&#x27;: {&#x27;cost&#x27;: {&#x27;water&#x27;}, &#x27;delay&#x27;: 10, &#x27;units&#x27;: &#x27;hrs&#x27;}}<br/><br/>    def __init__(self, **kwargs):<br/>&gt;       super().__init__(**kwargs)<br/><span class="error">E       TypeError: __init__() got an unexpected keyword argument &#x27;params&#x27;</span><br/><br/>examples\pump\ex_pump.py:290: TypeError<br/></div></td></tr></tbody>
      <tbody class="failed results-table-row">
        <tr>
          <td class="col-result">Failed</td>
          <td class="col-name">examples/pump/test_pump.py::PumpTests::test_approach_cost_calc</td>
          <td class="col-duration">0.00</td>
          <td class="col-links"></td></tr>
        <tr>
          <td class="extra" colspan="4">
            <div class="log">self = &lt;examples.pump.test_pump.PumpTests testMethod=test_approach_cost_calc&gt;<br/><br/>    def setUp(self):<br/>        self.default_mdl = Pump()<br/>        self.mdl = Pump()<br/>&gt;       self.water_mdl = Pump(params={&#x27;cost&#x27;:{&#x27;water&#x27;}, &#x27;delay&#x27;:10, &#x27;units&#x27;:&#x27;hrs&#x27;})<br/><br/>examples\pump\test_pump.py:21: <br/>_ _ _ _ _ _ _ _ _ _ _ _ _ _ _ _ _ _ _ _ _ _ _ _ _ _ _ _ _ _ _ _ _ _ _ _ _ _ _ _<br/><br/>self = &lt;[AttributeError(&#x27;fxns&#x27;) raised in repr()] Pump object at 0x2ca1c63b940&gt;<br/>kwargs = {&#x27;params&#x27;: {&#x27;cost&#x27;: {&#x27;water&#x27;}, &#x27;delay&#x27;: 10, &#x27;units&#x27;: &#x27;hrs&#x27;}}<br/><br/>    def __init__(self, **kwargs):<br/>&gt;       super().__init__(**kwargs)<br/><span class="error">E       TypeError: __init__() got an unexpected keyword argument &#x27;params&#x27;</span><br/><br/>examples\pump\ex_pump.py:290: TypeError<br/></div></td></tr></tbody>
      <tbody class="failed results-table-row">
        <tr>
          <td class="col-result">Failed</td>
          <td class="col-name">examples/pump/test_pump.py::PumpTests::test_approach_parallelism</td>
          <td class="col-duration">0.00</td>
          <td class="col-links"></td></tr>
        <tr>
          <td class="extra" colspan="4">
            <div class="log">self = &lt;examples.pump.test_pump.PumpTests testMethod=test_approach_parallelism&gt;<br/><br/>    def setUp(self):<br/>        self.default_mdl = Pump()<br/>        self.mdl = Pump()<br/>&gt;       self.water_mdl = Pump(params={&#x27;cost&#x27;:{&#x27;water&#x27;}, &#x27;delay&#x27;:10, &#x27;units&#x27;:&#x27;hrs&#x27;})<br/><br/>examples\pump\test_pump.py:21: <br/>_ _ _ _ _ _ _ _ _ _ _ _ _ _ _ _ _ _ _ _ _ _ _ _ _ _ _ _ _ _ _ _ _ _ _ _ _ _ _ _<br/><br/>self = &lt;[AttributeError(&#x27;fxns&#x27;) raised in repr()] Pump object at 0x2ca1c179640&gt;<br/>kwargs = {&#x27;params&#x27;: {&#x27;cost&#x27;: {&#x27;water&#x27;}, &#x27;delay&#x27;: 10, &#x27;units&#x27;: &#x27;hrs&#x27;}}<br/><br/>    def __init__(self, **kwargs):<br/>&gt;       super().__init__(**kwargs)<br/><span class="error">E       TypeError: __init__() got an unexpected keyword argument &#x27;params&#x27;</span><br/><br/>examples\pump\ex_pump.py:290: TypeError<br/></div></td></tr></tbody>
      <tbody class="failed results-table-row">
        <tr>
          <td class="col-result">Failed</td>
          <td class="col-name">examples/pump/test_pump.py::PumpTests::test_approach_pruning</td>
          <td class="col-duration">0.00</td>
          <td class="col-links"></td></tr>
        <tr>
          <td class="extra" colspan="4">
            <div class="log">self = &lt;examples.pump.test_pump.PumpTests testMethod=test_approach_pruning&gt;<br/><br/>    def setUp(self):<br/>        self.default_mdl = Pump()<br/>        self.mdl = Pump()<br/>&gt;       self.water_mdl = Pump(params={&#x27;cost&#x27;:{&#x27;water&#x27;}, &#x27;delay&#x27;:10, &#x27;units&#x27;:&#x27;hrs&#x27;})<br/><br/>examples\pump\test_pump.py:21: <br/>_ _ _ _ _ _ _ _ _ _ _ _ _ _ _ _ _ _ _ _ _ _ _ _ _ _ _ _ _ _ _ _ _ _ _ _ _ _ _ _<br/><br/>self = &lt;[AttributeError(&#x27;fxns&#x27;) raised in repr()] Pump object at 0x2ca1c4f6ac0&gt;<br/>kwargs = {&#x27;params&#x27;: {&#x27;cost&#x27;: {&#x27;water&#x27;}, &#x27;delay&#x27;: 10, &#x27;units&#x27;: &#x27;hrs&#x27;}}<br/><br/>    def __init__(self, **kwargs):<br/>&gt;       super().__init__(**kwargs)<br/><span class="error">E       TypeError: __init__() got an unexpected keyword argument &#x27;params&#x27;</span><br/><br/>examples\pump\ex_pump.py:290: TypeError<br/></div></td></tr></tbody>
      <tbody class="failed results-table-row">
        <tr>
          <td class="col-result">Failed</td>
          <td class="col-name">examples/pump/test_pump.py::PumpTests::test_dynamic_prop_values</td>
          <td class="col-duration">0.00</td>
          <td class="col-links"></td></tr>
        <tr>
          <td class="extra" colspan="4">
            <div class="log">self = &lt;examples.pump.test_pump.PumpTests testMethod=test_dynamic_prop_values&gt;<br/><br/>    def setUp(self):<br/>        self.default_mdl = Pump()<br/>        self.mdl = Pump()<br/>&gt;       self.water_mdl = Pump(params={&#x27;cost&#x27;:{&#x27;water&#x27;}, &#x27;delay&#x27;:10, &#x27;units&#x27;:&#x27;hrs&#x27;})<br/><br/>examples\pump\test_pump.py:21: <br/>_ _ _ _ _ _ _ _ _ _ _ _ _ _ _ _ _ _ _ _ _ _ _ _ _ _ _ _ _ _ _ _ _ _ _ _ _ _ _ _<br/><br/>self = &lt;[AttributeError(&#x27;fxns&#x27;) raised in repr()] Pump object at 0x2ca1c875d00&gt;<br/>kwargs = {&#x27;params&#x27;: {&#x27;cost&#x27;: {&#x27;water&#x27;}, &#x27;delay&#x27;: 10, &#x27;units&#x27;: &#x27;hrs&#x27;}}<br/><br/>    def __init__(self, **kwargs):<br/>&gt;       super().__init__(**kwargs)<br/><span class="error">E       TypeError: __init__() got an unexpected keyword argument &#x27;params&#x27;</span><br/><br/>examples\pump\ex_pump.py:290: TypeError<br/></div></td></tr></tbody>
      <tbody class="failed results-table-row">
        <tr>
          <td class="col-result">Failed</td>
          <td class="col-name">examples/pump/test_pump.py::PumpTests::test_dynamic_prop_values_2</td>
          <td class="col-duration">0.00</td>
          <td class="col-links"></td></tr>
        <tr>
          <td class="extra" colspan="4">
            <div class="log">self = &lt;examples.pump.test_pump.PumpTests testMethod=test_dynamic_prop_values_2&gt;<br/><br/>    def setUp(self):<br/>        self.default_mdl = Pump()<br/>        self.mdl = Pump()<br/>&gt;       self.water_mdl = Pump(params={&#x27;cost&#x27;:{&#x27;water&#x27;}, &#x27;delay&#x27;:10, &#x27;units&#x27;:&#x27;hrs&#x27;})<br/><br/>examples\pump\test_pump.py:21: <br/>_ _ _ _ _ _ _ _ _ _ _ _ _ _ _ _ _ _ _ _ _ _ _ _ _ _ _ _ _ _ _ _ _ _ _ _ _ _ _ _<br/><br/>self = &lt;[AttributeError(&#x27;fxns&#x27;) raised in repr()] Pump object at 0x2ca1c875640&gt;<br/>kwargs = {&#x27;params&#x27;: {&#x27;cost&#x27;: {&#x27;water&#x27;}, &#x27;delay&#x27;: 10, &#x27;units&#x27;: &#x27;hrs&#x27;}}<br/><br/>    def __init__(self, **kwargs):<br/>&gt;       super().__init__(**kwargs)<br/><span class="error">E       TypeError: __init__() got an unexpected keyword argument &#x27;params&#x27;</span><br/><br/>examples\pump\ex_pump.py:290: TypeError<br/></div></td></tr></tbody>
      <tbody class="failed results-table-row">
        <tr>
          <td class="col-result">Failed</td>
          <td class="col-name">examples/pump/test_pump.py::PumpTests::test_fmea_options</td>
          <td class="col-duration">0.00</td>
          <td class="col-links"></td></tr>
        <tr>
          <td class="extra" colspan="4">
            <div class="log">self = &lt;examples.pump.test_pump.PumpTests testMethod=test_fmea_options&gt;<br/><br/>    def setUp(self):<br/>        self.default_mdl = Pump()<br/>        self.mdl = Pump()<br/>&gt;       self.water_mdl = Pump(params={&#x27;cost&#x27;:{&#x27;water&#x27;}, &#x27;delay&#x27;:10, &#x27;units&#x27;:&#x27;hrs&#x27;})<br/><br/>examples\pump\test_pump.py:21: <br/>_ _ _ _ _ _ _ _ _ _ _ _ _ _ _ _ _ _ _ _ _ _ _ _ _ _ _ _ _ _ _ _ _ _ _ _ _ _ _ _<br/><br/>self = &lt;[AttributeError(&#x27;fxns&#x27;) raised in repr()] Pump object at 0x2ca1c875280&gt;<br/>kwargs = {&#x27;params&#x27;: {&#x27;cost&#x27;: {&#x27;water&#x27;}, &#x27;delay&#x27;: 10, &#x27;units&#x27;: &#x27;hrs&#x27;}}<br/><br/>    def __init__(self, **kwargs):<br/>&gt;       super().__init__(**kwargs)<br/><span class="error">E       TypeError: __init__() got an unexpected keyword argument &#x27;params&#x27;</span><br/><br/>examples\pump\ex_pump.py:290: TypeError<br/></div></td></tr></tbody>
      <tbody class="failed results-table-row">
        <tr>
          <td class="col-result">Failed</td>
          <td class="col-name">examples/pump/test_pump.py::PumpTests::test_model_copy_different</td>
          <td class="col-duration">0.00</td>
          <td class="col-links"></td></tr>
        <tr>
          <td class="extra" colspan="4">
            <div class="log">self = &lt;examples.pump.test_pump.PumpTests testMethod=test_model_copy_different&gt;<br/><br/>    def setUp(self):<br/>        self.default_mdl = Pump()<br/>        self.mdl = Pump()<br/>&gt;       self.water_mdl = Pump(params={&#x27;cost&#x27;:{&#x27;water&#x27;}, &#x27;delay&#x27;:10, &#x27;units&#x27;:&#x27;hrs&#x27;})<br/><br/>examples\pump\test_pump.py:21: <br/>_ _ _ _ _ _ _ _ _ _ _ _ _ _ _ _ _ _ _ _ _ _ _ _ _ _ _ _ _ _ _ _ _ _ _ _ _ _ _ _<br/><br/>self = &lt;[AttributeError(&#x27;fxns&#x27;) raised in repr()] Pump object at 0x2ca1de2d280&gt;<br/>kwargs = {&#x27;params&#x27;: {&#x27;cost&#x27;: {&#x27;water&#x27;}, &#x27;delay&#x27;: 10, &#x27;units&#x27;: &#x27;hrs&#x27;}}<br/><br/>    def __init__(self, **kwargs):<br/>&gt;       super().__init__(**kwargs)<br/><span class="error">E       TypeError: __init__() got an unexpected keyword argument &#x27;params&#x27;</span><br/><br/>examples\pump\ex_pump.py:290: TypeError<br/></div></td></tr></tbody>
      <tbody class="failed results-table-row">
        <tr>
          <td class="col-result">Failed</td>
          <td class="col-name">examples/pump/test_pump.py::PumpTests::test_model_copy_same</td>
          <td class="col-duration">0.00</td>
          <td class="col-links"></td></tr>
        <tr>
          <td class="extra" colspan="4">
            <div class="log">self = &lt;examples.pump.test_pump.PumpTests testMethod=test_model_copy_same&gt;<br/><br/>    def setUp(self):<br/>        self.default_mdl = Pump()<br/>        self.mdl = Pump()<br/>&gt;       self.water_mdl = Pump(params={&#x27;cost&#x27;:{&#x27;water&#x27;}, &#x27;delay&#x27;:10, &#x27;units&#x27;:&#x27;hrs&#x27;})<br/><br/>examples\pump\test_pump.py:21: <br/>_ _ _ _ _ _ _ _ _ _ _ _ _ _ _ _ _ _ _ _ _ _ _ _ _ _ _ _ _ _ _ _ _ _ _ _ _ _ _ _<br/><br/>self = &lt;[AttributeError(&#x27;fxns&#x27;) raised in repr()] Pump object at 0x2ca1de2d340&gt;<br/>kwargs = {&#x27;params&#x27;: {&#x27;cost&#x27;: {&#x27;water&#x27;}, &#x27;delay&#x27;: 10, &#x27;units&#x27;: &#x27;hrs&#x27;}}<br/><br/>    def __init__(self, **kwargs):<br/>&gt;       super().__init__(**kwargs)<br/><span class="error">E       TypeError: __init__() got an unexpected keyword argument &#x27;params&#x27;</span><br/><br/>examples\pump\ex_pump.py:290: TypeError<br/></div></td></tr></tbody>
      <tbody class="failed results-table-row">
        <tr>
          <td class="col-result">Failed</td>
          <td class="col-name">examples/pump/test_pump.py::PumpTests::test_model_reset</td>
          <td class="col-duration">0.00</td>
          <td class="col-links"></td></tr>
        <tr>
          <td class="extra" colspan="4">
            <div class="log">self = &lt;examples.pump.test_pump.PumpTests testMethod=test_model_reset&gt;<br/><br/>    def setUp(self):<br/>        self.default_mdl = Pump()<br/>        self.mdl = Pump()<br/>&gt;       self.water_mdl = Pump(params={&#x27;cost&#x27;:{&#x27;water&#x27;}, &#x27;delay&#x27;:10, &#x27;units&#x27;:&#x27;hrs&#x27;})<br/><br/>examples\pump\test_pump.py:21: <br/>_ _ _ _ _ _ _ _ _ _ _ _ _ _ _ _ _ _ _ _ _ _ _ _ _ _ _ _ _ _ _ _ _ _ _ _ _ _ _ _<br/><br/>self = &lt;[AttributeError(&#x27;fxns&#x27;) raised in repr()] Pump object at 0x2ca1de2d4c0&gt;<br/>kwargs = {&#x27;params&#x27;: {&#x27;cost&#x27;: {&#x27;water&#x27;}, &#x27;delay&#x27;: 10, &#x27;units&#x27;: &#x27;hrs&#x27;}}<br/><br/>    def __init__(self, **kwargs):<br/>&gt;       super().__init__(**kwargs)<br/><span class="error">E       TypeError: __init__() got an unexpected keyword argument &#x27;params&#x27;</span><br/><br/>examples\pump\ex_pump.py:290: TypeError<br/></div></td></tr></tbody>
      <tbody class="failed results-table-row">
        <tr>
          <td class="col-result">Failed</td>
          <td class="col-name">examples/pump/test_pump.py::PumpTests::test_one_run_csv</td>
          <td class="col-duration">0.00</td>
          <td class="col-links"></td></tr>
        <tr>
          <td class="extra" colspan="4">
            <div class="log">self = &lt;examples.pump.test_pump.PumpTests testMethod=test_one_run_csv&gt;<br/><br/>    def setUp(self):<br/>        self.default_mdl = Pump()<br/>        self.mdl = Pump()<br/>&gt;       self.water_mdl = Pump(params={&#x27;cost&#x27;:{&#x27;water&#x27;}, &#x27;delay&#x27;:10, &#x27;units&#x27;:&#x27;hrs&#x27;})<br/><br/>examples\pump\test_pump.py:21: <br/>_ _ _ _ _ _ _ _ _ _ _ _ _ _ _ _ _ _ _ _ _ _ _ _ _ _ _ _ _ _ _ _ _ _ _ _ _ _ _ _<br/><br/>self = &lt;[AttributeError(&#x27;fxns&#x27;) raised in repr()] Pump object at 0x2ca1de2d580&gt;<br/>kwargs = {&#x27;params&#x27;: {&#x27;cost&#x27;: {&#x27;water&#x27;}, &#x27;delay&#x27;: 10, &#x27;units&#x27;: &#x27;hrs&#x27;}}<br/><br/>    def __init__(self, **kwargs):<br/>&gt;       super().__init__(**kwargs)<br/><span class="error">E       TypeError: __init__() got an unexpected keyword argument &#x27;params&#x27;</span><br/><br/>examples\pump\ex_pump.py:290: TypeError<br/></div></td></tr></tbody>
      <tbody class="failed results-table-row">
        <tr>
          <td class="col-result">Failed</td>
          <td class="col-name">examples/pump/test_pump.py::PumpTests::test_one_run_json</td>
          <td class="col-duration">0.00</td>
          <td class="col-links"></td></tr>
        <tr>
          <td class="extra" colspan="4">
            <div class="log">self = &lt;examples.pump.test_pump.PumpTests testMethod=test_one_run_json&gt;<br/><br/>    def setUp(self):<br/>        self.default_mdl = Pump()<br/>        self.mdl = Pump()<br/>&gt;       self.water_mdl = Pump(params={&#x27;cost&#x27;:{&#x27;water&#x27;}, &#x27;delay&#x27;:10, &#x27;units&#x27;:&#x27;hrs&#x27;})<br/><br/>examples\pump\test_pump.py:21: <br/>_ _ _ _ _ _ _ _ _ _ _ _ _ _ _ _ _ _ _ _ _ _ _ _ _ _ _ _ _ _ _ _ _ _ _ _ _ _ _ _<br/><br/>self = &lt;[AttributeError(&#x27;fxns&#x27;) raised in repr()] Pump object at 0x2ca1de2d700&gt;<br/>kwargs = {&#x27;params&#x27;: {&#x27;cost&#x27;: {&#x27;water&#x27;}, &#x27;delay&#x27;: 10, &#x27;units&#x27;: &#x27;hrs&#x27;}}<br/><br/>    def __init__(self, **kwargs):<br/>&gt;       super().__init__(**kwargs)<br/><span class="error">E       TypeError: __init__() got an unexpected keyword argument &#x27;params&#x27;</span><br/><br/>examples\pump\ex_pump.py:290: TypeError<br/></div></td></tr></tbody>
      <tbody class="failed results-table-row">
        <tr>
          <td class="col-result">Failed</td>
          <td class="col-name">examples/pump/test_pump.py::PumpTests::test_one_run_pickle</td>
          <td class="col-duration">0.00</td>
          <td class="col-links"></td></tr>
        <tr>
          <td class="extra" colspan="4">
            <div class="log">self = &lt;examples.pump.test_pump.PumpTests testMethod=test_one_run_pickle&gt;<br/><br/>    def setUp(self):<br/>        self.default_mdl = Pump()<br/>        self.mdl = Pump()<br/>&gt;       self.water_mdl = Pump(params={&#x27;cost&#x27;:{&#x27;water&#x27;}, &#x27;delay&#x27;:10, &#x27;units&#x27;:&#x27;hrs&#x27;})<br/><br/>examples\pump\test_pump.py:21: <br/>_ _ _ _ _ _ _ _ _ _ _ _ _ _ _ _ _ _ _ _ _ _ _ _ _ _ _ _ _ _ _ _ _ _ _ _ _ _ _ _<br/><br/>self = &lt;[AttributeError(&#x27;fxns&#x27;) raised in repr()] Pump object at 0x2ca1de2dc40&gt;<br/>kwargs = {&#x27;params&#x27;: {&#x27;cost&#x27;: {&#x27;water&#x27;}, &#x27;delay&#x27;: 10, &#x27;units&#x27;: &#x27;hrs&#x27;}}<br/><br/>    def __init__(self, **kwargs):<br/>&gt;       super().__init__(**kwargs)<br/><span class="error">E       TypeError: __init__() got an unexpected keyword argument &#x27;params&#x27;</span><br/><br/>examples\pump\ex_pump.py:290: TypeError<br/></div></td></tr></tbody>
      <tbody class="failed results-table-row">
        <tr>
          <td class="col-result">Failed</td>
          <td class="col-name">examples/pump/test_pump.py::PumpTests::test_pickleability</td>
          <td class="col-duration">0.00</td>
          <td class="col-links"></td></tr>
        <tr>
          <td class="extra" colspan="4">
            <div class="log">self = &lt;examples.pump.test_pump.PumpTests testMethod=test_pickleability&gt;<br/><br/>    def setUp(self):<br/>        self.default_mdl = Pump()<br/>        self.mdl = Pump()<br/>&gt;       self.water_mdl = Pump(params={&#x27;cost&#x27;:{&#x27;water&#x27;}, &#x27;delay&#x27;:10, &#x27;units&#x27;:&#x27;hrs&#x27;})<br/><br/>examples\pump\test_pump.py:21: <br/>_ _ _ _ _ _ _ _ _ _ _ _ _ _ _ _ _ _ _ _ _ _ _ _ _ _ _ _ _ _ _ _ _ _ _ _ _ _ _ _<br/><br/>self = &lt;[AttributeError(&#x27;fxns&#x27;) raised in repr()] Pump object at 0x2ca1dfbd100&gt;<br/>kwargs = {&#x27;params&#x27;: {&#x27;cost&#x27;: {&#x27;water&#x27;}, &#x27;delay&#x27;: 10, &#x27;units&#x27;: &#x27;hrs&#x27;}}<br/><br/>    def __init__(self, **kwargs):<br/>&gt;       super().__init__(**kwargs)<br/><span class="error">E       TypeError: __init__() got an unexpected keyword argument &#x27;params&#x27;</span><br/><br/>examples\pump\ex_pump.py:290: TypeError<br/></div></td></tr></tbody>
      <tbody class="failed results-table-row">
        <tr>
          <td class="col-result">Failed</td>
          <td class="col-name">examples/pump/test_pump.py::PumpTests::test_save_load_approach</td>
          <td class="col-duration">0.00</td>
          <td class="col-links"></td></tr>
        <tr>
          <td class="extra" colspan="4">
            <div class="log">self = &lt;examples.pump.test_pump.PumpTests testMethod=test_save_load_approach&gt;<br/><br/>    def setUp(self):<br/>        self.default_mdl = Pump()<br/>        self.mdl = Pump()<br/>&gt;       self.water_mdl = Pump(params={&#x27;cost&#x27;:{&#x27;water&#x27;}, &#x27;delay&#x27;:10, &#x27;units&#x27;:&#x27;hrs&#x27;})<br/><br/>examples\pump\test_pump.py:21: <br/>_ _ _ _ _ _ _ _ _ _ _ _ _ _ _ _ _ _ _ _ _ _ _ _ _ _ _ _ _ _ _ _ _ _ _ _ _ _ _ _<br/><br/>self = &lt;[AttributeError(&#x27;fxns&#x27;) raised in repr()] Pump object at 0x2ca1de2d940&gt;<br/>kwargs = {&#x27;params&#x27;: {&#x27;cost&#x27;: {&#x27;water&#x27;}, &#x27;delay&#x27;: 10, &#x27;units&#x27;: &#x27;hrs&#x27;}}<br/><br/>    def __init__(self, **kwargs):<br/>&gt;       super().__init__(**kwargs)<br/><span class="error">E       TypeError: __init__() got an unexpected keyword argument &#x27;params&#x27;</span><br/><br/>examples\pump\ex_pump.py:290: TypeError<br/></div></td></tr></tbody>
      <tbody class="failed results-table-row">
        <tr>
          <td class="col-result">Failed</td>
          <td class="col-name">examples/pump/test_pump.py::PumpTests::test_save_load_approach_indiv</td>
          <td class="col-duration">0.00</td>
          <td class="col-links"></td></tr>
        <tr>
          <td class="extra" colspan="4">
            <div class="log">self = &lt;examples.pump.test_pump.PumpTests testMethod=test_save_load_approach_indiv&gt;<br/><br/>    def setUp(self):<br/>        self.default_mdl = Pump()<br/>        self.mdl = Pump()<br/>&gt;       self.water_mdl = Pump(params={&#x27;cost&#x27;:{&#x27;water&#x27;}, &#x27;delay&#x27;:10, &#x27;units&#x27;:&#x27;hrs&#x27;})<br/><br/>examples\pump\test_pump.py:21: <br/>_ _ _ _ _ _ _ _ _ _ _ _ _ _ _ _ _ _ _ _ _ _ _ _ _ _ _ _ _ _ _ _ _ _ _ _ _ _ _ _<br/><br/>self = &lt;[AttributeError(&#x27;fxns&#x27;) raised in repr()] Pump object at 0x2ca1dfbd400&gt;<br/>kwargs = {&#x27;params&#x27;: {&#x27;cost&#x27;: {&#x27;water&#x27;}, &#x27;delay&#x27;: 10, &#x27;units&#x27;: &#x27;hrs&#x27;}}<br/><br/>    def __init__(self, **kwargs):<br/>&gt;       super().__init__(**kwargs)<br/><span class="error">E       TypeError: __init__() got an unexpected keyword argument &#x27;params&#x27;</span><br/><br/>examples\pump\ex_pump.py:290: TypeError<br/></div></td></tr></tbody>
      <tbody class="failed results-table-row">
        <tr>
          <td class="col-result">Failed</td>
          <td class="col-name">examples/pump/test_pump.py::PumpTests::test_save_load_multfault</td>
          <td class="col-duration">0.00</td>
          <td class="col-links"></td></tr>
        <tr>
          <td class="extra" colspan="4">
            <div class="log">self = &lt;examples.pump.test_pump.PumpTests testMethod=test_save_load_multfault&gt;<br/><br/>    def setUp(self):<br/>        self.default_mdl = Pump()<br/>        self.mdl = Pump()<br/>&gt;       self.water_mdl = Pump(params={&#x27;cost&#x27;:{&#x27;water&#x27;}, &#x27;delay&#x27;:10, &#x27;units&#x27;:&#x27;hrs&#x27;})<br/><br/>examples\pump\test_pump.py:21: <br/>_ _ _ _ _ _ _ _ _ _ _ _ _ _ _ _ _ _ _ _ _ _ _ _ _ _ _ _ _ _ _ _ _ _ _ _ _ _ _ _<br/><br/>self = &lt;[AttributeError(&#x27;fxns&#x27;) raised in repr()] Pump object at 0x2ca1dfbd4c0&gt;<br/>kwargs = {&#x27;params&#x27;: {&#x27;cost&#x27;: {&#x27;water&#x27;}, &#x27;delay&#x27;: 10, &#x27;units&#x27;: &#x27;hrs&#x27;}}<br/><br/>    def __init__(self, **kwargs):<br/>&gt;       super().__init__(**kwargs)<br/><span class="error">E       TypeError: __init__() got an unexpected keyword argument &#x27;params&#x27;</span><br/><br/>examples\pump\ex_pump.py:290: TypeError<br/></div></td></tr></tbody>
      <tbody class="failed results-table-row">
        <tr>
          <td class="col-result">Failed</td>
          <td class="col-name">examples/pump/test_pump.py::PumpTests::test_save_load_nestedapproach</td>
          <td class="col-duration">0.00</td>
          <td class="col-links"></td></tr>
        <tr>
          <td class="extra" colspan="4">
            <div class="log">self = &lt;examples.pump.test_pump.PumpTests testMethod=test_save_load_nestedapproach&gt;<br/><br/>    def setUp(self):<br/>        self.default_mdl = Pump()<br/>        self.mdl = Pump()<br/>&gt;       self.water_mdl = Pump(params={&#x27;cost&#x27;:{&#x27;water&#x27;}, &#x27;delay&#x27;:10, &#x27;units&#x27;:&#x27;hrs&#x27;})<br/><br/>examples\pump\test_pump.py:21: <br/>_ _ _ _ _ _ _ _ _ _ _ _ _ _ _ _ _ _ _ _ _ _ _ _ _ _ _ _ _ _ _ _ _ _ _ _ _ _ _ _<br/><br/>self = &lt;[AttributeError(&#x27;fxns&#x27;) raised in repr()] Pump object at 0x2ca1dfbd1c0&gt;<br/>kwargs = {&#x27;params&#x27;: {&#x27;cost&#x27;: {&#x27;water&#x27;}, &#x27;delay&#x27;: 10, &#x27;units&#x27;: &#x27;hrs&#x27;}}<br/><br/>    def __init__(self, **kwargs):<br/>&gt;       super().__init__(**kwargs)<br/><span class="error">E       TypeError: __init__() got an unexpected keyword argument &#x27;params&#x27;</span><br/><br/>examples\pump\ex_pump.py:290: TypeError<br/></div></td></tr></tbody>
      <tbody class="failed results-table-row">
        <tr>
          <td class="col-result">Failed</td>
          <td class="col-name">examples/pump/test_pump.py::PumpTests::test_save_load_nestedapproach_indiv</td>
          <td class="col-duration">0.00</td>
          <td class="col-links"></td></tr>
        <tr>
          <td class="extra" colspan="4">
            <div class="log">self = &lt;examples.pump.test_pump.PumpTests testMethod=test_save_load_nestedapproach_indiv&gt;<br/><br/>    def setUp(self):<br/>        self.default_mdl = Pump()<br/>        self.mdl = Pump()<br/>&gt;       self.water_mdl = Pump(params={&#x27;cost&#x27;:{&#x27;water&#x27;}, &#x27;delay&#x27;:10, &#x27;units&#x27;:&#x27;hrs&#x27;})<br/><br/>examples\pump\test_pump.py:21: <br/>_ _ _ _ _ _ _ _ _ _ _ _ _ _ _ _ _ _ _ _ _ _ _ _ _ _ _ _ _ _ _ _ _ _ _ _ _ _ _ _<br/><br/>self = &lt;[AttributeError(&#x27;fxns&#x27;) raised in repr()] Pump object at 0x2ca1de2dac0&gt;<br/>kwargs = {&#x27;params&#x27;: {&#x27;cost&#x27;: {&#x27;water&#x27;}, &#x27;delay&#x27;: 10, &#x27;units&#x27;: &#x27;hrs&#x27;}}<br/><br/>    def __init__(self, **kwargs):<br/>&gt;       super().__init__(**kwargs)<br/><span class="error">E       TypeError: __init__() got an unexpected keyword argument &#x27;params&#x27;</span><br/><br/>examples\pump\ex_pump.py:290: TypeError<br/></div></td></tr></tbody>
      <tbody class="failed results-table-row">
        <tr>
          <td class="col-result">Failed</td>
          <td class="col-name">examples/pump/test_pump.py::PumpTests::test_save_load_nominal</td>
          <td class="col-duration">0.00</td>
          <td class="col-links"></td></tr>
        <tr>
          <td class="extra" colspan="4">
            <div class="log">self = &lt;examples.pump.test_pump.PumpTests testMethod=test_save_load_nominal&gt;<br/><br/>    def setUp(self):<br/>        self.default_mdl = Pump()<br/>        self.mdl = Pump()<br/>&gt;       self.water_mdl = Pump(params={&#x27;cost&#x27;:{&#x27;water&#x27;}, &#x27;delay&#x27;:10, &#x27;units&#x27;:&#x27;hrs&#x27;})<br/><br/>examples\pump\test_pump.py:21: <br/>_ _ _ _ _ _ _ _ _ _ _ _ _ _ _ _ _ _ _ _ _ _ _ _ _ _ _ _ _ _ _ _ _ _ _ _ _ _ _ _<br/><br/>self = &lt;[AttributeError(&#x27;fxns&#x27;) raised in repr()] Pump object at 0x2ca1de2dc40&gt;<br/>kwargs = {&#x27;params&#x27;: {&#x27;cost&#x27;: {&#x27;water&#x27;}, &#x27;delay&#x27;: 10, &#x27;units&#x27;: &#x27;hrs&#x27;}}<br/><br/>    def __init__(self, **kwargs):<br/>&gt;       super().__init__(**kwargs)<br/><span class="error">E       TypeError: __init__() got an unexpected keyword argument &#x27;params&#x27;</span><br/><br/>examples\pump\ex_pump.py:290: TypeError<br/></div></td></tr></tbody>
      <tbody class="failed results-table-row">
        <tr>
          <td class="col-result">Failed</td>
          <td class="col-name">examples/pump/test_pump.py::PumpTests::test_save_load_nominalapproach</td>
          <td class="col-duration">0.00</td>
          <td class="col-links"></td></tr>
        <tr>
          <td class="extra" colspan="4">
            <div class="log">self = &lt;examples.pump.test_pump.PumpTests testMethod=test_save_load_nominalapproach&gt;<br/><br/>    def setUp(self):<br/>        self.default_mdl = Pump()<br/>        self.mdl = Pump()<br/>&gt;       self.water_mdl = Pump(params={&#x27;cost&#x27;:{&#x27;water&#x27;}, &#x27;delay&#x27;:10, &#x27;units&#x27;:&#x27;hrs&#x27;})<br/><br/>examples\pump\test_pump.py:21: <br/>_ _ _ _ _ _ _ _ _ _ _ _ _ _ _ _ _ _ _ _ _ _ _ _ _ _ _ _ _ _ _ _ _ _ _ _ _ _ _ _<br/><br/>self = &lt;[AttributeError(&#x27;fxns&#x27;) raised in repr()] Pump object at 0x2ca1de2de80&gt;<br/>kwargs = {&#x27;params&#x27;: {&#x27;cost&#x27;: {&#x27;water&#x27;}, &#x27;delay&#x27;: 10, &#x27;units&#x27;: &#x27;hrs&#x27;}}<br/><br/>    def __init__(self, **kwargs):<br/>&gt;       super().__init__(**kwargs)<br/><span class="error">E       TypeError: __init__() got an unexpected keyword argument &#x27;params&#x27;</span><br/><br/>examples\pump\ex_pump.py:290: TypeError<br/></div></td></tr></tbody>
      <tbody class="failed results-table-row">
        <tr>
          <td class="col-result">Failed</td>
          <td class="col-name">examples/pump/test_pump.py::PumpTests::test_save_load_nominalapproach_indiv</td>
          <td class="col-duration">0.00</td>
          <td class="col-links"></td></tr>
        <tr>
          <td class="extra" colspan="4">
            <div class="log">self = &lt;examples.pump.test_pump.PumpTests testMethod=test_save_load_nominalapproach_indiv&gt;<br/><br/>    def setUp(self):<br/>        self.default_mdl = Pump()<br/>        self.mdl = Pump()<br/>&gt;       self.water_mdl = Pump(params={&#x27;cost&#x27;:{&#x27;water&#x27;}, &#x27;delay&#x27;:10, &#x27;units&#x27;:&#x27;hrs&#x27;})<br/><br/>examples\pump\test_pump.py:21: <br/>_ _ _ _ _ _ _ _ _ _ _ _ _ _ _ _ _ _ _ _ _ _ _ _ _ _ _ _ _ _ _ _ _ _ _ _ _ _ _ _<br/><br/>self = &lt;[AttributeError(&#x27;fxns&#x27;) raised in repr()] Pump object at 0x2ca1de2d700&gt;<br/>kwargs = {&#x27;params&#x27;: {&#x27;cost&#x27;: {&#x27;water&#x27;}, &#x27;delay&#x27;: 10, &#x27;units&#x27;: &#x27;hrs&#x27;}}<br/><br/>    def __init__(self, **kwargs):<br/>&gt;       super().__init__(**kwargs)<br/><span class="error">E       TypeError: __init__() got an unexpected keyword argument &#x27;params&#x27;</span><br/><br/>examples\pump\ex_pump.py:290: TypeError<br/></div></td></tr></tbody>
      <tbody class="failed results-table-row">
        <tr>
          <td class="col-result">Failed</td>
          <td class="col-name">examples/pump/test_pump.py::PumpTests::test_save_load_onefault</td>
          <td class="col-duration">0.00</td>
          <td class="col-links"></td></tr>
        <tr>
          <td class="extra" colspan="4">
            <div class="log">self = &lt;examples.pump.test_pump.PumpTests testMethod=test_save_load_onefault&gt;<br/><br/>    def setUp(self):<br/>        self.default_mdl = Pump()<br/>        self.mdl = Pump()<br/>&gt;       self.water_mdl = Pump(params={&#x27;cost&#x27;:{&#x27;water&#x27;}, &#x27;delay&#x27;:10, &#x27;units&#x27;:&#x27;hrs&#x27;})<br/><br/>examples\pump\test_pump.py:21: <br/>_ _ _ _ _ _ _ _ _ _ _ _ _ _ _ _ _ _ _ _ _ _ _ _ _ _ _ _ _ _ _ _ _ _ _ _ _ _ _ _<br/><br/>self = &lt;[AttributeError(&#x27;fxns&#x27;) raised in repr()] Pump object at 0x2ca1de2ddc0&gt;<br/>kwargs = {&#x27;params&#x27;: {&#x27;cost&#x27;: {&#x27;water&#x27;}, &#x27;delay&#x27;: 10, &#x27;units&#x27;: &#x27;hrs&#x27;}}<br/><br/>    def __init__(self, **kwargs):<br/>&gt;       super().__init__(**kwargs)<br/><span class="error">E       TypeError: __init__() got an unexpected keyword argument &#x27;params&#x27;</span><br/><br/>examples\pump\ex_pump.py:290: TypeError<br/></div></td></tr></tbody>
      <tbody class="failed results-table-row">
        <tr>
          <td class="col-result">Failed</td>
          <td class="col-name">examples/pump/test_pump.py::PumpTests::test_save_load_singlefaults</td>
          <td class="col-duration">0.00</td>
          <td class="col-links"></td></tr>
        <tr>
          <td class="extra" colspan="4">
            <div class="log">self = &lt;examples.pump.test_pump.PumpTests testMethod=test_save_load_singlefaults&gt;<br/><br/>    def setUp(self):<br/>        self.default_mdl = Pump()<br/>        self.mdl = Pump()<br/>&gt;       self.water_mdl = Pump(params={&#x27;cost&#x27;:{&#x27;water&#x27;}, &#x27;delay&#x27;:10, &#x27;units&#x27;:&#x27;hrs&#x27;})<br/><br/>examples\pump\test_pump.py:21: <br/>_ _ _ _ _ _ _ _ _ _ _ _ _ _ _ _ _ _ _ _ _ _ _ _ _ _ _ _ _ _ _ _ _ _ _ _ _ _ _ _<br/><br/>self = &lt;[AttributeError(&#x27;fxns&#x27;) raised in repr()] Pump object at 0x2ca1de2d4c0&gt;<br/>kwargs = {&#x27;params&#x27;: {&#x27;cost&#x27;: {&#x27;water&#x27;}, &#x27;delay&#x27;: 10, &#x27;units&#x27;: &#x27;hrs&#x27;}}<br/><br/>    def __init__(self, **kwargs):<br/>&gt;       super().__init__(**kwargs)<br/><span class="error">E       TypeError: __init__() got an unexpected keyword argument &#x27;params&#x27;</span><br/><br/>examples\pump\ex_pump.py:290: TypeError<br/></div></td></tr></tbody>
      <tbody class="failed results-table-row">
        <tr>
          <td class="col-result">Failed</td>
          <td class="col-name">examples/pump/test_pump.py::PumpTests::test_save_load_singlefaults_indiv</td>
          <td class="col-duration">0.00</td>
          <td class="col-links"></td></tr>
        <tr>
          <td class="extra" colspan="4">
            <div class="log">self = &lt;examples.pump.test_pump.PumpTests testMethod=test_save_load_singlefaults_indiv&gt;<br/><br/>    def setUp(self):<br/>        self.default_mdl = Pump()<br/>        self.mdl = Pump()<br/>&gt;       self.water_mdl = Pump(params={&#x27;cost&#x27;:{&#x27;water&#x27;}, &#x27;delay&#x27;:10, &#x27;units&#x27;:&#x27;hrs&#x27;})<br/><br/>examples\pump\test_pump.py:21: <br/>_ _ _ _ _ _ _ _ _ _ _ _ _ _ _ _ _ _ _ _ _ _ _ _ _ _ _ _ _ _ _ _ _ _ _ _ _ _ _ _<br/><br/>self = &lt;[AttributeError(&#x27;fxns&#x27;) raised in repr()] Pump object at 0x2ca1de2ddc0&gt;<br/>kwargs = {&#x27;params&#x27;: {&#x27;cost&#x27;: {&#x27;water&#x27;}, &#x27;delay&#x27;: 10, &#x27;units&#x27;: &#x27;hrs&#x27;}}<br/><br/>    def __init__(self, **kwargs):<br/>&gt;       super().__init__(**kwargs)<br/><span class="error">E       TypeError: __init__() got an unexpected keyword argument &#x27;params&#x27;</span><br/><br/>examples\pump\ex_pump.py:290: TypeError<br/></div></td></tr></tbody>
      <tbody class="failed results-table-row">
        <tr>
          <td class="col-result">Failed</td>
          <td class="col-name">examples/pump/test_pump.py::PumpTests::test_value_setting</td>
          <td class="col-duration">0.00</td>
          <td class="col-links"></td></tr>
        <tr>
          <td class="extra" colspan="4">
            <div class="log">self = &lt;examples.pump.test_pump.PumpTests testMethod=test_value_setting&gt;<br/><br/>    def setUp(self):<br/>        self.default_mdl = Pump()<br/>        self.mdl = Pump()<br/>&gt;       self.water_mdl = Pump(params={&#x27;cost&#x27;:{&#x27;water&#x27;}, &#x27;delay&#x27;:10, &#x27;units&#x27;:&#x27;hrs&#x27;})<br/><br/>examples\pump\test_pump.py:21: <br/>_ _ _ _ _ _ _ _ _ _ _ _ _ _ _ _ _ _ _ _ _ _ _ _ _ _ _ _ _ _ _ _ _ _ _ _ _ _ _ _<br/><br/>self = &lt;[AttributeError(&#x27;fxns&#x27;) raised in repr()] Pump object at 0x2ca1c875dc0&gt;<br/>kwargs = {&#x27;params&#x27;: {&#x27;cost&#x27;: {&#x27;water&#x27;}, &#x27;delay&#x27;: 10, &#x27;units&#x27;: &#x27;hrs&#x27;}}<br/><br/>    def __init__(self, **kwargs):<br/>&gt;       super().__init__(**kwargs)<br/><span class="error">E       TypeError: __init__() got an unexpected keyword argument &#x27;params&#x27;</span><br/><br/>examples\pump\ex_pump.py:290: TypeError<br/></div></td></tr></tbody>
      <tbody class="failed results-table-row">
        <tr>
          <td class="col-result">Failed</td>
          <td class="col-name">examples/pump/test_pump.py::PumpTests::test_value_setting_dict</td>
          <td class="col-duration">0.00</td>
          <td class="col-links"></td></tr>
        <tr>
          <td class="extra" colspan="4">
            <div class="log">self = &lt;examples.pump.test_pump.PumpTests testMethod=test_value_setting_dict&gt;<br/><br/>    def setUp(self):<br/>        self.default_mdl = Pump()<br/>        self.mdl = Pump()<br/>&gt;       self.water_mdl = Pump(params={&#x27;cost&#x27;:{&#x27;water&#x27;}, &#x27;delay&#x27;:10, &#x27;units&#x27;:&#x27;hrs&#x27;})<br/><br/>examples\pump\test_pump.py:21: <br/>_ _ _ _ _ _ _ _ _ _ _ _ _ _ _ _ _ _ _ _ _ _ _ _ _ _ _ _ _ _ _ _ _ _ _ _ _ _ _ _<br/><br/>self = &lt;[AttributeError(&#x27;fxns&#x27;) raised in repr()] Pump object at 0x2ca1c875280&gt;<br/>kwargs = {&#x27;params&#x27;: {&#x27;cost&#x27;: {&#x27;water&#x27;}, &#x27;delay&#x27;: 10, &#x27;units&#x27;: &#x27;hrs&#x27;}}<br/><br/>    def __init__(self, **kwargs):<br/>&gt;       super().__init__(**kwargs)<br/><span class="error">E       TypeError: __init__() got an unexpected keyword argument &#x27;params&#x27;</span><br/><br/>examples\pump\ex_pump.py:290: TypeError<br/></div></td></tr></tbody>
      <tbody class="failed results-table-row">
        <tr>
          <td class="col-result">Failed</td>
          <td class="col-name">examples/pump/test_pump_stochastic.py::StochasticPumpTests::test_model_copy_different</td>
          <td class="col-duration">0.01</td>
          <td class="col-links"></td></tr>
        <tr>
          <td class="extra" colspan="4">
            <div class="log">self = &lt;examples.pump.test_pump_stochastic.StochasticPumpTests testMethod=test_model_copy_different&gt;<br/><br/>    def test_model_copy_different(self):<br/>&gt;       self.check_model_copy_different(Pump(), [10,20,30], max_time=55, run_stochastic=True)<br/><br/>examples\pump\test_pump_stochastic.py:60: <br/>_ _ _ _ _ _ _ _ _ _ _ _ _ _ _ _ _ _ _ _ _ _ _ _ _ _ _ _ _ _ _ _ _ _ _ _ _ _ _ _<br/>tests\common.py:80: in check_model_copy_different<br/>    faultscens = [{fname: [*f.faultmodes][0]} for fname, f in mdl.fxns.items()]<br/>_ _ _ _ _ _ _ _ _ _ _ _ _ _ _ _ _ _ _ _ _ _ _ _ _ _ _ _ _ _ _ _ _ _ _ _ _ _ _ _<br/><br/>.0 = &lt;dict_itemiterator object at 0x000002CA1DAEC8B0&gt;<br/><br/>&gt;   faultscens = [{fname: [*f.faultmodes][0]} for fname, f in mdl.fxns.items()]<br/><span class="error">E   AttributeError: &#x27;ImportEE&#x27; object has no attribute &#x27;faultmodes&#x27;</span><br/><br/>tests\common.py:80: AttributeError<br/></div></td></tr></tbody>
      <tbody class="failed results-table-row">
        <tr>
          <td class="col-result">Failed</td>
          <td class="col-name">examples/pump/test_pump_stochastic.py::StochasticPumpTests::test_model_copy_same</td>
          <td class="col-duration">0.01</td>
          <td class="col-links"></td></tr>
        <tr>
          <td class="extra" colspan="4">
            <div class="log">self = &lt;examples.pump.test_pump_stochastic.StochasticPumpTests testMethod=test_model_copy_same&gt;<br/><br/>    def test_model_copy_same(self):<br/>&gt;       self.check_model_copy_same(Pump(), Pump(), [10,20,30], 25, max_time=55, run_stochastic=True)<br/><br/>examples\pump\test_pump_stochastic.py:58: <br/>_ _ _ _ _ _ _ _ _ _ _ _ _ _ _ _ _ _ _ _ _ _ _ _ _ _ _ _ _ _ _ _ _ _ _ _ _ _ _ _<br/>tests\common.py:25: in check_model_copy_same<br/>    faultscens = [{fname: [*f.faultmodes][0]} for fname, f in mdl.fxns.items()]<br/>_ _ _ _ _ _ _ _ _ _ _ _ _ _ _ _ _ _ _ _ _ _ _ _ _ _ _ _ _ _ _ _ _ _ _ _ _ _ _ _<br/><br/>.0 = &lt;dict_itemiterator object at 0x000002CA1AF30450&gt;<br/><br/>&gt;   faultscens = [{fname: [*f.faultmodes][0]} for fname, f in mdl.fxns.items()]<br/><span class="error">E   AttributeError: &#x27;ImportEE&#x27; object has no attribute &#x27;faultmodes&#x27;</span><br/><br/>tests\common.py:25: AttributeError<br/></div></td></tr></tbody>
      <tbody class="failed results-table-row">
        <tr>
          <td class="col-result">Failed</td>
          <td class="col-name">examples/pump/test_pump_stochastic.py::StochasticPumpTests::test_model_reset</td>
          <td class="col-duration">0.01</td>
          <td class="col-links"></td></tr>
        <tr>
          <td class="extra" colspan="4">
            <div class="log">self = &lt;examples.pump.test_pump_stochastic.StochasticPumpTests testMethod=test_model_reset&gt;<br/><br/>    def test_model_reset(self):<br/>&gt;       mdl = Pump(); mdl2 = Pump(); mdl2.seed=mdl.seed<br/><span class="error">E       AttributeError: &#x27;Pump&#x27; object has no attribute &#x27;seed&#x27;</span><br/><br/>examples\pump\test_pump_stochastic.py:62: AttributeError<br/></div></td></tr></tbody>
      <tbody class="failed results-table-row">
        <tr>
          <td class="col-result">Failed</td>
          <td class="col-name">examples/pump/test_pump_stochastic.py::StochasticPumpTests::test_run_approach</td>
          <td class="col-duration">24.36</td>
          <td class="col-links"></td></tr>
        <tr>
          <td class="extra" colspan="4">
            <div class="log">self = &lt;examples.pump.test_pump_stochastic.StochasticPumpTests testMethod=test_run_approach&gt;<br/><br/>    def test_run_approach(self):<br/>         mdl = Pump()<br/>         nomapp = NominalApproach()<br/>         nomapp.add_seed_replicates(&#x27;default&#x27;,1000)<br/>         endresults, mdlhists = propagate.nominal_approach(mdl, nomapp, showprogress=False, run_stochastic=True)<br/>         ave_effs=[]; std_effs=[]<br/>         for scen in mdlhists:<br/>&gt;            ave_effs.append(np.mean(mdlhists[scen][&#x27;functions&#x27;][&#x27;MoveWater&#x27;][&#x27;eff&#x27;]))<br/><span class="error">E            IndexError: only integers, slices (`:`), ellipsis (`...`), numpy.newaxis (`None`) and integer or boolean arrays are valid indices</span><br/><br/>examples\pump\test_pump_stochastic.py:51: IndexError<br/></div></td></tr></tbody>
      <tbody class="failed results-table-row">
        <tr>
          <td class="col-result">Failed</td>
          <td class="col-name">examples/pump/test_pump_stochastic.py::StochasticPumpTests::test_run_safety</td>
          <td class="col-duration">0.00</td>
          <td class="col-links"></td></tr>
        <tr>
          <td class="extra" colspan="4">
            <div class="log">self = &lt;examples.pump.test_pump_stochastic.StochasticPumpTests testMethod=test_run_safety&gt;<br/><br/>    def test_run_safety(self):<br/>        &quot;&quot;&quot; Tests that two models with the same seed will run the same and produce the same results&quot;&quot;&quot;<br/>        for seed in [None, 1, 10, 209840]:<br/>&gt;           mdl = Pump(modelparams = {&#x27;phases&#x27;:{&#x27;start&#x27;:[0,4], &#x27;on&#x27;:[5, 49], &#x27;end&#x27;:[50,55]}, &#x27;times&#x27;:[0,20, 55], &#x27;tstep&#x27;:1,&#x27;seed&#x27;:seed})<br/><br/>examples\pump\test_pump_stochastic.py:30: <br/>_ _ _ _ _ _ _ _ _ _ _ _ _ _ _ _ _ _ _ _ _ _ _ _ _ _ _ _ _ _ _ _ _ _ _ _ _ _ _ _<br/>examples\pump\pump_stochastic.py:95: in __init__<br/>    super().__init__(**kwargs)<br/>_ _ _ _ _ _ _ _ _ _ _ _ _ _ _ _ _ _ _ _ _ _ _ _ _ _ _ _ _ _ _ _ _ _ _ _ _ _ _ _<br/><br/>self = &lt;[AttributeError(&#x27;fxns&#x27;) raised in repr()] Pump object at 0x2ca1db38280&gt;<br/>kwargs = {&#x27;modelparams&#x27;: {&#x27;phases&#x27;: {&#x27;end&#x27;: [50, 55], &#x27;on&#x27;: [5, 49], &#x27;start&#x27;: [0, 4]}, &#x27;seed&#x27;: None, &#x27;times&#x27;: [0, 20, 55], &#x27;tstep&#x27;: 1}}<br/><br/>    def __init__(self, **kwargs):<br/>&gt;       super().__init__(**kwargs)<br/><span class="error">E       TypeError: __init__() got an unexpected keyword argument &#x27;modelparams&#x27;</span><br/><br/>examples\pump\ex_pump.py:290: TypeError<br/></div></td></tr></tbody>
      <tbody class="failed results-table-row">
        <tr>
          <td class="col-result">Failed</td>
          <td class="col-name">examples/pump/test_pump_stochastic.py::StochasticPumpTests::test_save_load_nestedapproach</td>
          <td class="col-duration">6.11</td>
          <td class="col-links"></td></tr>
        <tr>
          <td class="extra" colspan="4">
            <div class="log">self = &lt;examples.pump.test_pump_stochastic.StochasticPumpTests testMethod=test_save_load_nestedapproach&gt;<br/><br/>    def test_save_load_nestedapproach(self):<br/>        app = NominalApproach()<br/>        app.add_seed_replicates(&quot;replicates&quot;, 10)<br/>&gt;       self.check_save_load_approach(self.mdl, &quot;stochpump_mdlhists.pkl&quot;, &quot;stochpump_endclasses.pkl&quot;, &#x27;nested_approach&#x27;, app=app, run_stochastic=True, pool=mp.Pool(4))<br/><br/>examples\pump\test_pump_stochastic.py:79: <br/>_ _ _ _ _ _ _ _ _ _ _ _ _ _ _ _ _ _ _ _ _ _ _ _ _ _ _ _ _ _ _ _ _ _ _ _ _ _ _ _<br/>tests\common.py:226: in check_save_load_approach<br/>    self.check_same_file(mdlhists,mfile)<br/>_ _ _ _ _ _ _ _ _ _ _ _ _ _ _ _ _ _ _ _ _ _ _ _ _ _ _ _ _ _ _ _ _ _ _ _ _ _ _ _<br/><br/>self = &lt;examples.pump.test_pump_stochastic.StochasticPumpTests testMethod=test_save_load_nestedapproach&gt;<br/>result = replicates_1.import_           array(56)<br/>replicates_1.import_ee_no_v_t27p0.i.on: array(56)<br/>replicates_1.import_       ...icates_10.nomina           array(56)<br/>replicates_10.nomina           array(56)<br/>replicates_10.nominal.time:    array(56)<br/><br/>resfile = &#x27;stochpump_mdlhists.pkl&#x27;, check_link = False<br/><br/>    def check_same_file(self, result, resfile, check_link=False):<br/>        &quot;&quot;&quot; Checks if the mdlhist/endclass result is the same as the result loaded from resfile &quot;&quot;&quot;<br/>        result_flattened = result.flatten()<br/>&gt;       result_saved = analyze.result.load_result(resfile)<br/><span class="error">E       NameError: name &#x27;analyze&#x27; is not defined</span><br/><br/>tests\common.py:162: NameError<br/></div></td></tr></tbody>
      <tbody class="failed results-table-row">
        <tr>
          <td class="col-result">Failed</td>
          <td class="col-name">examples/pump/test_pump_stochastic.py::StochasticPumpTests::test_save_load_nestedapproach_indiv</td>
          <td class="col-duration">0.02</td>
          <td class="col-links"></td></tr>
        <tr>
          <td class="extra" colspan="4">
            <div class="log">self = &lt;examples.pump.test_pump_stochastic.StochasticPumpTests testMethod=test_save_load_nestedapproach_indiv&gt;<br/><br/>    def test_save_load_nestedapproach_indiv(self):<br/>        app = NominalApproach()<br/>        app.add_seed_replicates(&quot;replicates&quot;, 10)<br/>&gt;       self.check_save_load_approach_indiv(self.mdl, &quot;stochpump_mdlhists&quot;, &quot;stochpump_endclasses&quot;, &quot;pkl&quot;, &#x27;nested_approach&#x27;, app=app, run_stochastic=True, pool=mp.Pool(4))<br/><br/>examples\pump\test_pump_stochastic.py:85: <br/>_ _ _ _ _ _ _ _ _ _ _ _ _ _ _ _ _ _ _ _ _ _ _ _ _ _ _ _ _ _ _ _ _ _ _ _ _ _ _ _<br/>tests\common.py:257: in check_save_load_approach_indiv<br/>    endclasses, mdlhists, apps = sim.propagate.nested_approach(mdl, app, showprogress=False, \<br/>fmdtools\sim\propagate.py:589: in nested_approach<br/>    check_overwrite(save_args)<br/>fmdtools\sim\propagate.py:547: in check_overwrite<br/>    if args.get(&#x27;filename&#x27;, False):  file_check(filename, args.get(&#x27;overwrite&#x27;, False))<br/>_ _ _ _ _ _ _ _ _ _ _ _ _ _ _ _ _ _ _ _ _ _ _ _ _ _ _ _ _ _ _ _ _ _ _ _ _ _ _ _<br/><br/>filename = &#x27;stochpump_mdlhists.pkl&#x27;, overwrite = False<br/><br/>    def file_check(filename, overwrite):<br/>        &quot;&quot;&quot;Check if files exists and whether to overwrite the file&quot;&quot;&quot;<br/>        if os.path.exists(filename):<br/>            if not overwrite:<br/>&gt;               raise Exception(&quot;File already exists: &quot;+filename)<br/><span class="error">E               Exception: File already exists: stochpump_mdlhists.pkl</span><br/><br/>fmdtools\analyze\result.py:27: Exception<br/></div></td></tr></tbody>
      <tbody class="failed results-table-row">
        <tr>
          <td class="col-result">Failed</td>
          <td class="col-name">examples/pump/test_pump_stochastic.py::StochasticPumpTests::test_save_load_nominalapproach</td>
          <td class="col-duration">2.63</td>
          <td class="col-links"></td></tr>
        <tr>
          <td class="extra" colspan="4">
            <div class="log">self = &lt;examples.pump.test_pump_stochastic.StochasticPumpTests testMethod=test_save_load_nominalapproach&gt;<br/><br/>    def test_save_load_nominalapproach(self):<br/>        app = NominalApproach()<br/>        app.add_seed_replicates(&quot;replicates&quot;, 10)<br/>&gt;       self.check_save_load_approach(self.mdl, &quot;stochpump_mdlhists.pkl&quot;, &quot;stochpump_endclasses.pkl&quot;, &#x27;nominal_approach&#x27;, app=app, run_stochastic=True, pool=mp.Pool(4))<br/><br/>examples\pump\test_pump_stochastic.py:67: <br/>_ _ _ _ _ _ _ _ _ _ _ _ _ _ _ _ _ _ _ _ _ _ _ _ _ _ _ _ _ _ _ _ _ _ _ _ _ _ _ _<br/>tests\common.py:226: in check_save_load_approach<br/>    self.check_same_file(mdlhists,mfile)<br/>_ _ _ _ _ _ _ _ _ _ _ _ _ _ _ _ _ _ _ _ _ _ _ _ _ _ _ _ _ _ _ _ _ _ _ _ _ _ _ _<br/><br/>self = &lt;examples.pump.test_pump_stochastic.StochasticPumpTests testMethod=test_save_load_nominalapproach&gt;<br/>result = replicates_1.i.finished:       array(56)<br/>replicates_1.i.on:             array(56)<br/>replicates_1.fxns.import_ee.s.effsta...10.flows.wat_2.s.area: array(56)<br/>replicates_10.flows.wat_2.s.level: array(56)<br/>replicates_10.time:            array(56)<br/><br/>resfile = &#x27;stochpump_mdlhists.pkl&#x27;, check_link = False<br/><br/>    def check_same_file(self, result, resfile, check_link=False):<br/>        &quot;&quot;&quot; Checks if the mdlhist/endclass result is the same as the result loaded from resfile &quot;&quot;&quot;<br/>        result_flattened = result.flatten()<br/>&gt;       result_saved = analyze.result.load_result(resfile)<br/><span class="error">E       NameError: name &#x27;analyze&#x27; is not defined</span><br/><br/>tests\common.py:162: NameError<br/></div></td></tr></tbody>
      <tbody class="failed results-table-row">
        <tr>
          <td class="col-result">Failed</td>
          <td class="col-name">examples/pump/test_pump_stochastic.py::StochasticPumpTests::test_save_load_nominalapproach_indiv</td>
          <td class="col-duration">0.02</td>
          <td class="col-links"></td></tr>
        <tr>
          <td class="extra" colspan="4">
            <div class="log">self = &lt;examples.pump.test_pump_stochastic.StochasticPumpTests testMethod=test_save_load_nominalapproach_indiv&gt;<br/><br/>    def test_save_load_nominalapproach_indiv(self):<br/>        app = NominalApproach()<br/>        app.add_seed_replicates(&quot;replicates&quot;, 10)<br/>&gt;       self.check_save_load_approach_indiv(self.mdl, &quot;stochpump_mdlhists&quot;, &quot;stochpump_endclasses&quot;, &quot;pkl&quot;, &#x27;nominal_approach&#x27;, app=app, run_stochastic=True, pool=mp.Pool(4))<br/><br/>examples\pump\test_pump_stochastic.py:73: <br/>_ _ _ _ _ _ _ _ _ _ _ _ _ _ _ _ _ _ _ _ _ _ _ _ _ _ _ _ _ _ _ _ _ _ _ _ _ _ _ _<br/>tests\common.py:252: in check_save_load_approach_indiv<br/>    endclasses, mdlhists = sim.propagate.nominal_approach(mdl, app, showprogress=False, \<br/>fmdtools\sim\propagate.py:229: in nominal_approach<br/>    check_overwrite(kwargs[&#x27;save_args&#x27;] )<br/>fmdtools\sim\propagate.py:547: in check_overwrite<br/>    if args.get(&#x27;filename&#x27;, False):  file_check(filename, args.get(&#x27;overwrite&#x27;, False))<br/>_ _ _ _ _ _ _ _ _ _ _ _ _ _ _ _ _ _ _ _ _ _ _ _ _ _ _ _ _ _ _ _ _ _ _ _ _ _ _ _<br/><br/>filename = &#x27;stochpump_mdlhists.pkl&#x27;, overwrite = False<br/><br/>    def file_check(filename, overwrite):<br/>        &quot;&quot;&quot;Check if files exists and whether to overwrite the file&quot;&quot;&quot;<br/>        if os.path.exists(filename):<br/>            if not overwrite:<br/>&gt;               raise Exception(&quot;File already exists: &quot;+filename)<br/><span class="error">E               Exception: File already exists: stochpump_mdlhists.pkl</span><br/><br/>fmdtools\analyze\result.py:27: Exception<br/></div></td></tr></tbody>
      <tbody class="failed results-table-row">
        <tr>
          <td class="col-result">Failed</td>
          <td class="col-name">examples/pump/test_pump_stochastic.py::StochasticPumpTests::test_stochastic_pdf</td>
          <td class="col-duration">0.00</td>
          <td class="col-links"></td></tr>
        <tr>
          <td class="extra" colspan="4">
            <div class="log">self = &lt;examples.pump.test_pump_stochastic.StochasticPumpTests testMethod=test_stochastic_pdf&gt;<br/><br/>    def test_stochastic_pdf(self):<br/>        &quot;&quot;&quot;Tests that (1) track_pdf option runs and (2) gives repeated probability density results under the same seed(s)&quot;&quot;&quot;<br/>        testvals = [6.32173873679189, 10.56678004828189, 37.27832255997974, 15.163623336729625,  0.10687727708471972, 5.313965836539551, 54.568223188266394, 33.79026902541023, 7.636851629723572]<br/>        for i in range(1,10):<br/>            self.mdl.update_seed(i)<br/>            self.mdl.propagate(i, run_stochastic=&#x27;track_pdf&#x27;)<br/>            pd = self.mdl.return_probdens()<br/>&gt;           self.assertAlmostEqual(pd, testvals[i-1])<br/><span class="error">E           AssertionError: 1.0 != 6.32173873679189 within 7 places (5.32173873679189 difference)</span><br/><br/>examples\pump\test_pump_stochastic.py:26: AssertionError<br/></div></td></tr></tbody>
      <tbody class="failed results-table-row">
        <tr>
          <td class="col-result">Failed</td>
          <td class="col-name">examples/rover/test_rover.py::RoverTests::test_obj_values</td>
          <td class="col-duration">0.17</td>
          <td class="col-links"></td></tr>
        <tr>
          <td class="extra" colspan="4">
            <div class="log">self = &lt;examples.rover.test_rover.RoverTests testMethod=test_obj_values&gt;<br/><br/>    def test_obj_values(self):<br/>    <br/>        testvalues = [[1.0,0.5,0.0],[0.0,0.0,0.0], [1.0,1.0,1.0], [0.5,0.5,0.5]]<br/>        for testvalue in testvalues:<br/>            dist_int,enddist_int, endpt_int = line_dist_faster(testvalue)<br/>            dist,enddist, endpt = line_dist(testvalue)<br/>    <br/>&gt;           self.assertEqual(dist, dist_int)<br/><span class="error">E           AssertionError: 0.11329848698471573 != 0.5763384838180136</span><br/><br/>examples\rover\test_rover.py:20: AssertionError<br/></div></td></tr></tbody>
      <tbody class="failed results-table-row">
        <tr>
          <td class="col-result">Failed</td>
          <td class="col-name">examples/tank/test_tank.py::TankTests::test_approach_parallelism</td>
          <td class="col-duration">0.14</td>
          <td class="col-links"></td></tr>
        <tr>
          <td class="extra" colspan="4">
            <div class="log">self = &lt;examples.tank.test_tank.TankTests testMethod=test_approach_parallelism&gt;<br/><br/>    def test_approach_parallelism(self):<br/>        &quot;&quot;&quot;Test whether the pump simulates the same when simulated using parallel or staged options&quot;&quot;&quot;<br/>        app = SampleApproach(self.mdl)<br/>&gt;       self.check_approach_parallelism(self.mdl, app)<br/><br/>examples\tank\test_tank.py:33: <br/>_ _ _ _ _ _ _ _ _ _ _ _ _ _ _ _ _ _ _ _ _ _ _ _ _ _ _ _ _ _ _ _ _ _ _ _ _ _ _ _<br/>tests\common.py:43: in check_approach_parallelism<br/>    endclasses_staged, mdlhist_staged = sim.propagate.approach(mdl, app, showprogress=False,pool=False, staged=True)<br/>fmdtools\sim\propagate.py:420: in approach<br/>    nomresult, nomhist, nomscen, c_mdl, t_end_nom = nom_helper(mdl, copy.copy(app.times), **{**kwargs, &#x27;use_end_condition&#x27;:False})<br/>fmdtools\sim\propagate.py:385: in nom_helper<br/>    result, nommdlhist, mdls, t_end_nom = prop_one_scen(mdl, nomscen, ctimes = ctimes, **kwargs)<br/>fmdtools\sim\propagate.py:754: in prop_one_scen<br/>    c_mdl[t]=mdl.copy()<br/>fmdtools\define\model.py:300: in copy<br/>    copy.fxns[fxnname]=fxn.copy(flows, **kwargs)<br/>_ _ _ _ _ _ _ _ _ _ _ _ _ _ _ _ _ _ _ _ _ _ _ _ _ _ _ _ _ _ _ _ _ _ _ _ _ _ _ _<br/><br/>self = human HumanActions<br/>- State()<br/>- Mode(mode=nominal, faults=set())<br/><br/>newflows = {}, args = ()<br/>kwargs = {&#x27;a&#x27;: {&#x27;reacttime&#x27;: 2}, &#x27;r&#x27;: {&#x27;seed&#x27;: 42}, &#x27;t&#x27;: {&#x27;dt&#x27;: 1.0}}<br/>cop = human HumanActions<br/>- State()<br/>- Mode(mode=nominal, faults=set())<br/><br/><br/>    def copy(self, newflows, *args, **kwargs):<br/>        &quot;&quot;&quot;<br/>        Creates a copy of the function object with newflows and arbitrary parameters associated with the copy. Used when<br/>        copying the model.<br/>    <br/>        Parameters<br/>        ----------<br/>        newflows : list<br/>            list of new flow objects to be associated with the copy of the function<br/>    <br/>        Returns<br/>        -------<br/>        copy : FxnBlock<br/>            Copy of the given function with new flows<br/>        &quot;&quot;&quot;<br/>        cop = super().copy(newflows, *args, **kwargs)<br/>        if hasattr(self, &#x27;c&#x27;):<br/>            cop.c = self.c.copy_with_arg(**self._args_c)<br/>        if hasattr(self, &#x27;a&#x27;):<br/>&gt;           cop.a = self.a.copy_with_arg(flows=cop.flows, **self._args_a)<br/><span class="error">E           AttributeError: &#x27;HumanASG&#x27; object has no attribute &#x27;copy_with_arg&#x27;</span><br/><br/>fmdtools\define\block.py:1191: AttributeError<br/> ------------------------------Captured stdout call------------------------------ <br/>Error at t=0.0 in scenario Scenario(sequence={}, rate=1.0, name=&#x27;nominal&#x27;, times=(), time=0.0)
<br/></div></td></tr></tbody>
      <tbody class="failed results-table-row">
        <tr>
          <td class="col-result">Failed</td>
          <td class="col-name">examples/tank/test_tank.py::TankTests::test_comp_mode_inj</td>
          <td class="col-duration">0.01</td>
          <td class="col-links"></td></tr>
        <tr>
          <td class="extra" colspan="4">
            <div class="log">self = &lt;examples.tank.test_tank.TankTests testMethod=test_comp_mode_inj&gt;<br/><br/>    def test_comp_mode_inj(self):<br/>        &quot;&quot;&quot; Tests that component modes injected in functions end up in their respective<br/>        components.&quot;&quot;&quot;<br/>        mdl = Tank()<br/>&gt;       compmodes = [mode for c in mdl.fxns[&#x27;Human&#x27;].components.values() for mode in c.faultmodes]<br/><span class="error">E       KeyError: &#x27;Human&#x27;</span><br/><br/>examples\tank\test_tank.py:76: KeyError<br/></div></td></tr></tbody>
      <tbody class="failed results-table-row">
        <tr>
          <td class="col-result">Failed</td>
          <td class="col-name">examples/tank/test_tank.py::TankTests::test_different_components</td>
          <td class="col-duration">0.01</td>
          <td class="col-links"></td></tr>
        <tr>
          <td class="extra" colspan="4">
            <div class="log">self = &lt;examples.tank.test_tank.TankTests testMethod=test_different_components&gt;<br/><br/>    def test_different_components(self):<br/>        &quot;&quot;&quot; Tests that model copies have different components&quot;&quot;&quot;<br/>        mdl=Tank()<br/>&gt;       mdl_copy = mdl.copy()<br/><br/>examples\tank\test_tank.py:87: <br/>_ _ _ _ _ _ _ _ _ _ _ _ _ _ _ _ _ _ _ _ _ _ _ _ _ _ _ _ _ _ _ _ _ _ _ _ _ _ _ _<br/>fmdtools\define\model.py:300: in copy<br/>    copy.fxns[fxnname]=fxn.copy(flows, **kwargs)<br/>_ _ _ _ _ _ _ _ _ _ _ _ _ _ _ _ _ _ _ _ _ _ _ _ _ _ _ _ _ _ _ _ _ _ _ _ _ _ _ _<br/><br/>self = human HumanActions<br/>- State()<br/>- Mode(mode=nominal, faults=set())<br/><br/>newflows = {}, args = ()<br/>kwargs = {&#x27;a&#x27;: {&#x27;reacttime&#x27;: 2}, &#x27;r&#x27;: {&#x27;seed&#x27;: 42}, &#x27;t&#x27;: {&#x27;dt&#x27;: 1.0}}<br/>cop = human HumanActions<br/>- State()<br/>- Mode(mode=nominal, faults=set())<br/><br/><br/>    def copy(self, newflows, *args, **kwargs):<br/>        &quot;&quot;&quot;<br/>        Creates a copy of the function object with newflows and arbitrary parameters associated with the copy. Used when<br/>        copying the model.<br/>    <br/>        Parameters<br/>        ----------<br/>        newflows : list<br/>            list of new flow objects to be associated with the copy of the function<br/>    <br/>        Returns<br/>        -------<br/>        copy : FxnBlock<br/>            Copy of the given function with new flows<br/>        &quot;&quot;&quot;<br/>        cop = super().copy(newflows, *args, **kwargs)<br/>        if hasattr(self, &#x27;c&#x27;):<br/>            cop.c = self.c.copy_with_arg(**self._args_c)<br/>        if hasattr(self, &#x27;a&#x27;):<br/>&gt;           cop.a = self.a.copy_with_arg(flows=cop.flows, **self._args_a)<br/><span class="error">E           AttributeError: &#x27;HumanASG&#x27; object has no attribute &#x27;copy_with_arg&#x27;</span><br/><br/>fmdtools\define\block.py:1191: AttributeError<br/></div></td></tr></tbody>
      <tbody class="failed results-table-row">
        <tr>
          <td class="col-result">Failed</td>
          <td class="col-name">examples/tank/test_tank.py::TankTests::test_epc_math</td>
          <td class="col-duration">0.01</td>
          <td class="col-links"></td></tr>
        <tr>
          <td class="extra" colspan="4">
            <div class="log">self = &lt;examples.tank.test_tank.TankTests testMethod=test_epc_math&gt;<br/><br/>    def test_epc_math(self):<br/>        &quot;&quot;&quot;Spot check of epc math work in human error calculation&quot;&quot;&quot;<br/>        mdl=Tank()<br/>        ratecalc = 0.02 * ((4-1)*0.1+1)* ((4-1)*0.6+1)* ((1.1-1)*0.9+1)<br/>&gt;       self.assertEqual(mdl.fxns[&#x27;Human&#x27;].components[&#x27;look&#x27;].failrate, ratecalc)<br/><span class="error">E       KeyError: &#x27;Human&#x27;</span><br/><br/>examples\tank\test_tank.py:114: KeyError<br/></div></td></tr></tbody>
      <tbody class="failed results-table-row">
        <tr>
          <td class="col-result">Failed</td>
          <td class="col-name">examples/tank/test_tank.py::TankTests::test_local_tstep</td>
          <td class="col-duration">0.00</td>
          <td class="col-links"></td></tr>
        <tr>
          <td class="extra" colspan="4">
            <div class="log">self = &lt;examples.tank.test_tank.TankTests testMethod=test_local_tstep&gt;<br/><br/>    def test_local_tstep(self):<br/>        &quot;&quot;&quot; Tests running the model with a different local timestep in the Store_Liquid function&quot;&quot;&quot;<br/>&gt;       mdl_global = Tank(modelparams = {&#x27;phases&#x27;:{&#x27;na&#x27;:[0],&#x27;operation&#x27;:[1,20]}, &#x27;times&#x27;:[0,5,10,15,20], &#x27;tstep&#x27;:1, &#x27;units&#x27;:&#x27;min&#x27;, &#x27;use_local&#x27;:False})<br/><br/>examples\tank\test_tank.py:93: <br/>_ _ _ _ _ _ _ _ _ _ _ _ _ _ _ _ _ _ _ _ _ _ _ _ _ _ _ _ _ _ _ _ _ _ _ _ _ _ _ _<br/><br/>self = &lt;[AttributeError(&#x27;fxns&#x27;) raised in repr()] Tank object at 0x2ca1dfa04c0&gt;<br/>kwargs = {&#x27;modelparams&#x27;: {&#x27;phases&#x27;: {&#x27;na&#x27;: [0], &#x27;operation&#x27;: [1, 20]}, &#x27;times&#x27;: [0, 5, 10, 15, 20], &#x27;tstep&#x27;: 1, &#x27;units&#x27;: &#x27;min&#x27;, ...}}<br/><br/>    def __init__(self, **kwargs):<br/>&gt;       super().__init__(**kwargs)<br/><span class="error">E       TypeError: __init__() got an unexpected keyword argument &#x27;modelparams&#x27;</span><br/><br/>examples\tank\tank_model.py:248: TypeError<br/></div></td></tr></tbody>
      <tbody class="failed results-table-row">
        <tr>
          <td class="col-result">Failed</td>
          <td class="col-name">examples/tank/test_tank.py::TankTests::test_model_copy_different</td>
          <td class="col-duration">0.01</td>
          <td class="col-links"></td></tr>
        <tr>
          <td class="extra" colspan="4">
            <div class="log">self = &lt;examples.tank.test_tank.TankTests testMethod=test_model_copy_different&gt;<br/><br/>    def test_model_copy_different(self):<br/>&gt;       self.check_model_copy_different(Tank(), [5,10,15], max_time=20)<br/><br/>examples\tank\test_tank.py:26: <br/>_ _ _ _ _ _ _ _ _ _ _ _ _ _ _ _ _ _ _ _ _ _ _ _ _ _ _ _ _ _ _ _ _ _ _ _ _ _ _ _<br/>tests\common.py:80: in check_model_copy_different<br/>    faultscens = [{fname: [*f.faultmodes][0]} for fname, f in mdl.fxns.items()]<br/>_ _ _ _ _ _ _ _ _ _ _ _ _ _ _ _ _ _ _ _ _ _ _ _ _ _ _ _ _ _ _ _ _ _ _ _ _ _ _ _<br/><br/>.0 = &lt;dict_itemiterator object at 0x000002CA1FB4D9A0&gt;<br/><br/>&gt;   faultscens = [{fname: [*f.faultmodes][0]} for fname, f in mdl.fxns.items()]<br/><span class="error">E   AttributeError: &#x27;ImportLiquid&#x27; object has no attribute &#x27;faultmodes&#x27;</span><br/><br/>tests\common.py:80: AttributeError<br/></div></td></tr></tbody>
      <tbody class="failed results-table-row">
        <tr>
          <td class="col-result">Failed</td>
          <td class="col-name">examples/tank/test_tank.py::TankTests::test_model_copy_same</td>
          <td class="col-duration">0.01</td>
          <td class="col-links"></td></tr>
        <tr>
          <td class="extra" colspan="4">
            <div class="log">self = &lt;examples.tank.test_tank.TankTests testMethod=test_model_copy_same&gt;<br/><br/>    def test_model_copy_same(self):<br/>&gt;       self.check_model_copy_same(Tank(),Tank(), [5,10,15], 10, max_time=20)<br/><br/>examples\tank\test_tank.py:24: <br/>_ _ _ _ _ _ _ _ _ _ _ _ _ _ _ _ _ _ _ _ _ _ _ _ _ _ _ _ _ _ _ _ _ _ _ _ _ _ _ _<br/>tests\common.py:25: in check_model_copy_same<br/>    faultscens = [{fname: [*f.faultmodes][0]} for fname, f in mdl.fxns.items()]<br/>_ _ _ _ _ _ _ _ _ _ _ _ _ _ _ _ _ _ _ _ _ _ _ _ _ _ _ _ _ _ _ _ _ _ _ _ _ _ _ _<br/><br/>.0 = &lt;dict_itemiterator object at 0x000002CA1E044C20&gt;<br/><br/>&gt;   faultscens = [{fname: [*f.faultmodes][0]} for fname, f in mdl.fxns.items()]<br/><span class="error">E   AttributeError: &#x27;ImportLiquid&#x27; object has no attribute &#x27;faultmodes&#x27;</span><br/><br/>tests\common.py:25: AttributeError<br/></div></td></tr></tbody>
      <tbody class="failed results-table-row">
        <tr>
          <td class="col-result">Failed</td>
          <td class="col-name">examples/tank/test_tank.py::TankTests::test_model_reset</td>
          <td class="col-duration">0.01</td>
          <td class="col-links"></td></tr>
        <tr>
          <td class="extra" colspan="4">
            <div class="log">self = &lt;examples.tank.test_tank.TankTests testMethod=test_model_reset&gt;<br/><br/>    def test_model_reset(self):<br/>        mdl = Tank(); mdl2 = Tank()<br/>&gt;       self.check_model_reset(mdl, mdl2, [5,10,15], max_time=20)<br/><br/>examples\tank\test_tank.py:29: <br/>_ _ _ _ _ _ _ _ _ _ _ _ _ _ _ _ _ _ _ _ _ _ _ _ _ _ _ _ _ _ _ _ _ _ _ _ _ _ _ _<br/>tests\common.py:63: in check_model_reset<br/>    faultscens = [{fname: [*f.faultmodes][0]} for fname, f in mdl.fxns.items()]<br/>_ _ _ _ _ _ _ _ _ _ _ _ _ _ _ _ _ _ _ _ _ _ _ _ _ _ _ _ _ _ _ _ _ _ _ _ _ _ _ _<br/><br/>.0 = &lt;dict_itemiterator object at 0x000002CA1A6C4D10&gt;<br/><br/>&gt;   faultscens = [{fname: [*f.faultmodes][0]} for fname, f in mdl.fxns.items()]<br/><span class="error">E   AttributeError: &#x27;ImportLiquid&#x27; object has no attribute &#x27;faultmodes&#x27;</span><br/><br/>tests\common.py:63: AttributeError<br/></div></td></tr></tbody>
      <tbody class="failed results-table-row">
        <tr>
          <td class="col-result">Failed</td>
          <td class="col-name">examples/tank/test_tank.py::TankTests::test_same_rcost</td>
          <td class="col-duration">0.08</td>
          <td class="col-links"></td></tr>
        <tr>
          <td class="extra" colspan="4">
            <div class="log">self = &lt;examples.tank.test_tank.TankTests testMethod=test_same_rcost&gt;<br/><br/>    def test_same_rcost(self):<br/>    <br/>        kwarg_options = [dict(staged=True),<br/>                         dict(staged=False),<br/>                         dict(staged=True, pool=mp.Pool(4)),<br/>                         dict(staged=False, pool=mp.Pool(4))]<br/>        mdl= Tank2()<br/>&gt;       res_vars_i = {param:1 for param,v in mdl.params.items() if param not in [&#x27;capacity&#x27;,&#x27;turnup&#x27;]}<br/><span class="error">E       AttributeError: &#x27;Tank&#x27; object has no attribute &#x27;params&#x27;</span><br/><br/>examples\tank\test_tank.py:43: AttributeError<br/></div></td></tr></tbody>
      <tbody class="failed results-table-row">
        <tr>
          <td class="col-result">Failed</td>
          <td class="col-name">examples/tank/test_tank.py::TankTests::test_save_load_approach</td>
          <td class="col-duration">0.17</td>
          <td class="col-links"></td></tr>
        <tr>
          <td class="extra" colspan="4">
            <div class="log">self = &lt;examples.tank.test_tank.TankTests testMethod=test_save_load_approach&gt;<br/><br/>    def test_save_load_approach(self):<br/>        app = SampleApproach(self.mdl)<br/>&gt;       self.check_save_load_approach(self.mdl,&quot;tank_mdlhists.pkl&quot;, &quot;tank_endclasses.pkl&quot;, &#x27;approach&#x27;, app=app)<br/><br/>examples\tank\test_tank.py:159: <br/>_ _ _ _ _ _ _ _ _ _ _ _ _ _ _ _ _ _ _ _ _ _ _ _ _ _ _ _ _ _ _ _ _ _ _ _ _ _ _ _<br/>tests\common.py:226: in check_save_load_approach<br/>    self.check_same_file(mdlhists,mfile)<br/>_ _ _ _ _ _ _ _ _ _ _ _ _ _ _ _ _ _ _ _ _ _ _ _ _ _ _ _ _ _ _ _ _ _ _ _ _ _ _ _<br/><br/>self = &lt;examples.tank.test_tank.TankTests testMethod=test_save_load_approach&gt;<br/>result = import_water_stuck_t           array(21)<br/>import_water_stuck_t0p0.time:  array(21)<br/>store_water_leak_t0p           array...t_false_low_t11p0.time: array(21)<br/>nominal.fxns.store_water.s.level: array(21)<br/>nominal.time:                  array(21)<br/><br/>resfile = &#x27;tank_mdlhists.pkl&#x27;, check_link = False<br/><br/>    def check_same_file(self, result, resfile, check_link=False):<br/>        &quot;&quot;&quot; Checks if the mdlhist/endclass result is the same as the result loaded from resfile &quot;&quot;&quot;<br/>        result_flattened = result.flatten()<br/>&gt;       result_saved = analyze.result.load_result(resfile)<br/><span class="error">E       NameError: name &#x27;analyze&#x27; is not defined</span><br/><br/>tests\common.py:162: NameError<br/></div></td></tr></tbody>
      <tbody class="failed results-table-row">
        <tr>
          <td class="col-result">Failed</td>
          <td class="col-name">examples/tank/test_tank.py::TankTests::test_save_load_approach_indiv</td>
          <td class="col-duration">0.00</td>
          <td class="col-links"></td></tr>
        <tr>
          <td class="extra" colspan="4">
            <div class="log">self = &lt;examples.tank.test_tank.TankTests testMethod=test_save_load_approach_indiv&gt;<br/><br/>    def test_save_load_approach_indiv(self):<br/>        app = SampleApproach(self.mdl)<br/>&gt;       self.check_save_load_approach_indiv(self.mdl,&quot;tank_mdlhists&quot;, &quot;tank_endclasses&quot;, &quot;pkl&quot;, &#x27;approach&#x27;, app=app)<br/><br/>examples\tank\test_tank.py:164: <br/>_ _ _ _ _ _ _ _ _ _ _ _ _ _ _ _ _ _ _ _ _ _ _ _ _ _ _ _ _ _ _ _ _ _ _ _ _ _ _ _<br/>tests\common.py:262: in check_save_load_approach_indiv<br/>    endclasses, mdlhists = sim.propagate.approach(mdl, app, showprogress=False, \<br/>fmdtools\sim\propagate.py:420: in approach<br/>    nomresult, nomhist, nomscen, c_mdl, t_end_nom = nom_helper(mdl, copy.copy(app.times), **{**kwargs, &#x27;use_end_condition&#x27;:False})<br/>fmdtools\sim\propagate.py:375: in nom_helper<br/>    check_overwrite(save_args)<br/>fmdtools\sim\propagate.py:547: in check_overwrite<br/>    if args.get(&#x27;filename&#x27;, False):  file_check(filename, args.get(&#x27;overwrite&#x27;, False))<br/>_ _ _ _ _ _ _ _ _ _ _ _ _ _ _ _ _ _ _ _ _ _ _ _ _ _ _ _ _ _ _ _ _ _ _ _ _ _ _ _<br/><br/>filename = &#x27;tank_mdlhists.pkl&#x27;, overwrite = False<br/><br/>    def file_check(filename, overwrite):<br/>        &quot;&quot;&quot;Check if files exists and whether to overwrite the file&quot;&quot;&quot;<br/>        if os.path.exists(filename):<br/>            if not overwrite:<br/>&gt;               raise Exception(&quot;File already exists: &quot;+filename)<br/><span class="error">E               Exception: File already exists: tank_mdlhists.pkl</span><br/><br/>fmdtools\analyze\result.py:27: Exception<br/></div></td></tr></tbody>
      <tbody class="failed results-table-row">
        <tr>
          <td class="col-result">Failed</td>
          <td class="col-name">examples/tank/test_tank.py::TankTests::test_save_load_multfault</td>
          <td class="col-duration">0.00</td>
          <td class="col-links"></td></tr>
        <tr>
          <td class="extra" colspan="4">
            <div class="log">self = &lt;examples.tank.test_tank.TankTests testMethod=test_save_load_multfault&gt;<br/><br/>    def test_save_load_multfault(self):<br/>        for extension in [&quot;.pkl&quot;,&quot;.csv&quot;,&quot;.json&quot;]:<br/>            faultscen = {5:{&quot;Import_Water&quot;: [&#x27;Stuck&#x27;]},10:{&quot;Store_Water&quot;:[&quot;Leak&quot;]}}<br/>&gt;           self.check_save_load_onerun(self.mdl, &quot;tank_mdlhist&quot;+extension, &quot;tank_endclass&quot;+extension, &#x27;mult_fault&#x27;, faultscen =faultscen )<br/><br/>examples\tank\test_tank.py:124: <br/>_ _ _ _ _ _ _ _ _ _ _ _ _ _ _ _ _ _ _ _ _ _ _ _ _ _ _ _ _ _ _ _ _ _ _ _ _ _ _ _<br/><br/>self = &lt;examples.tank.test_tank.TankTests testMethod=test_save_load_multfault&gt;<br/>mdl = Tank model at 0x2ca1f901340 <br/>FUNCTIONS: <br/>import_water ImportLiquid<br/>- TransportLiquidState(amt_open=1)<br/>- TransportLiqui...ction=0)<br/>tank_sig Signal flow: SigState(indicator=0, action=0)<br/>valve2_sig Signal flow: SigState(indicator=1, action=0)<br/><br/>mfile = &#x27;tank_mdlhist.pkl&#x27;, ecfile = &#x27;tank_endclass.pkl&#x27;, runtype = &#x27;mult_fault&#x27;<br/>faultscen = {5: {&#x27;Import_Water&#x27;: [&#x27;Stuck&#x27;]}, 10: {&#x27;Store_Water&#x27;: [&#x27;Leak&#x27;]}}<br/><br/>    def check_save_load_onerun(self, mdl, mfile, ecfile, runtype, faultscen={}):<br/>        &quot;&quot;&quot;<br/>        Checks if the results from the mdl are the same when saved from a given one-run propagate method as<br/>        the direct output.<br/>    <br/>        Parameters<br/>        ----------<br/>        mdl : Model<br/>        mfile : name of file to save mdlhists in<br/>        ecfile : name of file to save endclasses in<br/>        runtype : propagate method to test (&#x27;nominal&#x27;, &#x27;one_fault&#x27;, &#x27;mult_fault&#x27;)<br/>        faultscen : dict/tuple, optional<br/>            - for one_fault, the (functionname, faultname, faulttime)<br/>            - for mult_fault, the faultseq dict input<br/>        &quot;&quot;&quot;<br/>        if os.path.exists(mfile):   os.remove(mfile)<br/>        if os.path.exists(ecfile):  os.remove(ecfile)<br/>        check_link=False<br/>        if runtype==&#x27;nominal&#x27;:<br/>            endresult,  mdlhist=sim.propagate.nominal(mdl,  save_args={&#x27;mdlhist&#x27;:{&#x27;filename&#x27;:mfile},\<br/>                                                                   &#x27;endclass&#x27;:{&#x27;filename&#x27;:ecfile}})<br/>            check_link=True<br/>        elif runtype==&#x27;one_fault&#x27;:<br/>            fxnname, faultmode, faulttime = faultscen<br/>            endresult, mdlhist=sim.propagate.one_fault(mdl, fxnname, faultmode, faulttime,\<br/>                                                        save_args={&#x27;mdlhist&#x27;:{&#x27;filename&#x27;:mfile},\<br/>                                                                   &#x27;endclass&#x27;:{&#x27;filename&#x27;:ecfile}})<br/>        elif runtype==&#x27;mult_fault&#x27;:<br/>&gt;           endresult, mdlhist=sim.propagate.mult_fault(mdl, faultscen, {}, \<br/>                                                        save_args={&#x27;mdlhist&#x27;:{&#x27;filename&#x27;:mfile},\<br/><span class="error">E                                                       AttributeError: module &#x27;fmdtools.sim.propagate&#x27; has no attribute &#x27;mult_fault&#x27;</span><br/><br/>tests\common.py:142: AttributeError<br/></div></td></tr></tbody>
      <tbody class="failed results-table-row">
        <tr>
          <td class="col-result">Failed</td>
          <td class="col-name">examples/tank/test_tank.py::TankTests::test_save_load_nestedapproach</td>
          <td class="col-duration">1.30</td>
          <td class="col-links"></td></tr>
        <tr>
          <td class="extra" colspan="4">
            <div class="log">self = &lt;examples.tank.test_tank.TankTests testMethod=test_save_load_nestedapproach&gt;<br/><br/>    def test_save_load_nestedapproach(self):<br/>        app = NominalApproach()<br/>        app.add_seed_replicates(&quot;replicates&quot;, 10)<br/>&gt;       self.check_save_load_approach(self.mdl, &quot;tank_mdlhists.pkl&quot;, &quot;tank_endclasses.pkl&quot;, &#x27;nested_approach&#x27;, app=app)<br/><br/>examples\tank\test_tank.py:148: <br/>_ _ _ _ _ _ _ _ _ _ _ _ _ _ _ _ _ _ _ _ _ _ _ _ _ _ _ _ _ _ _ _ _ _ _ _ _ _ _ _<br/>tests\common.py:226: in check_save_load_approach<br/>    self.check_same_file(mdlhists,mfile)<br/>_ _ _ _ _ _ _ _ _ _ _ _ _ _ _ _ _ _ _ _ _ _ _ _ _ _ _ _ _ _ _ _ _ _ _ _ _ _ _ _<br/><br/>self = &lt;examples.tank.test_tank.TankTests testMethod=test_save_load_nestedapproach&gt;<br/>result = replicates_1.import_           array(21)<br/>replicates_1.import_           array(21)<br/>replicates_1.store_w           array...icates_10.human_           array(21)<br/>replicates_10.nomina           array(21)<br/>replicates_10.nominal.time:    array(21)<br/><br/>resfile = &#x27;tank_mdlhists.pkl&#x27;, check_link = False<br/><br/>    def check_same_file(self, result, resfile, check_link=False):<br/>        &quot;&quot;&quot; Checks if the mdlhist/endclass result is the same as the result loaded from resfile &quot;&quot;&quot;<br/>        result_flattened = result.flatten()<br/>&gt;       result_saved = analyze.result.load_result(resfile)<br/><span class="error">E       NameError: name &#x27;analyze&#x27; is not defined</span><br/><br/>tests\common.py:162: NameError<br/></div></td></tr></tbody>
      <tbody class="failed results-table-row">
        <tr>
          <td class="col-result">Failed</td>
          <td class="col-name">examples/tank/test_tank.py::TankTests::test_save_load_nestedapproach_indiv</td>
          <td class="col-duration">0.00</td>
          <td class="col-links"></td></tr>
        <tr>
          <td class="extra" colspan="4">
            <div class="log">self = &lt;examples.tank.test_tank.TankTests testMethod=test_save_load_nestedapproach_indiv&gt;<br/><br/>    def test_save_load_nestedapproach_indiv(self):<br/>        app = NominalApproach()<br/>        app.add_seed_replicates(&quot;replicates&quot;, 10)<br/>&gt;       self.check_save_load_approach_indiv(self.mdl, &quot;tank_mdlhists&quot;, &quot;tank_endclasses&quot;, &quot;pkl&quot;, &#x27;nested_approach&#x27;, app=app)<br/><br/>examples\tank\test_tank.py:154: <br/>_ _ _ _ _ _ _ _ _ _ _ _ _ _ _ _ _ _ _ _ _ _ _ _ _ _ _ _ _ _ _ _ _ _ _ _ _ _ _ _<br/>tests\common.py:257: in check_save_load_approach_indiv<br/>    endclasses, mdlhists, apps = sim.propagate.nested_approach(mdl, app, showprogress=False, \<br/>fmdtools\sim\propagate.py:589: in nested_approach<br/>    check_overwrite(save_args)<br/>fmdtools\sim\propagate.py:547: in check_overwrite<br/>    if args.get(&#x27;filename&#x27;, False):  file_check(filename, args.get(&#x27;overwrite&#x27;, False))<br/>_ _ _ _ _ _ _ _ _ _ _ _ _ _ _ _ _ _ _ _ _ _ _ _ _ _ _ _ _ _ _ _ _ _ _ _ _ _ _ _<br/><br/>filename = &#x27;tank_mdlhists.pkl&#x27;, overwrite = False<br/><br/>    def file_check(filename, overwrite):<br/>        &quot;&quot;&quot;Check if files exists and whether to overwrite the file&quot;&quot;&quot;<br/>        if os.path.exists(filename):<br/>            if not overwrite:<br/>&gt;               raise Exception(&quot;File already exists: &quot;+filename)<br/><span class="error">E               Exception: File already exists: tank_mdlhists.pkl</span><br/><br/>fmdtools\analyze\result.py:27: Exception<br/></div></td></tr></tbody>
      <tbody class="failed results-table-row">
        <tr>
          <td class="col-result">Failed</td>
          <td class="col-name">examples/tank/test_tank.py::TankTests::test_save_load_nominal</td>
          <td class="col-duration">0.02</td>
          <td class="col-links"></td></tr>
        <tr>
          <td class="extra" colspan="4">
            <div class="log">self = &lt;examples.tank.test_tank.TankTests testMethod=test_save_load_nominal&gt;<br/><br/>    def test_save_load_nominal(self):<br/>        for extension in [&quot;.pkl&quot;,&quot;.csv&quot;,&quot;.json&quot;]:<br/>&gt;           self.check_save_load_onerun(self.mdl, &quot;tank_mdlhist&quot;+extension, &quot;tank_endclass&quot;+extension, &#x27;nominal&#x27;)<br/><br/>examples\tank\test_tank.py:117: <br/>_ _ _ _ _ _ _ _ _ _ _ _ _ _ _ _ _ _ _ _ _ _ _ _ _ _ _ _ _ _ _ _ _ _ _ _ _ _ _ _<br/>tests\common.py:147: in check_save_load_onerun<br/>    self.check_same_file(mdlhist,mfile, check_link=check_link)<br/>_ _ _ _ _ _ _ _ _ _ _ _ _ _ _ _ _ _ _ _ _ _ _ _ _ _ _ _ _ _ _ _ _ _ _ _ _ _ _ _<br/><br/>self = &lt;examples.tank.test_tank.TankTests testMethod=test_save_load_nominal&gt;<br/>result = fxns.store_water.s.level:      array(21)<br/>time:                          array(21)<br/><br/>resfile = &#x27;tank_mdlhist.pkl&#x27;, check_link = True<br/><br/>    def check_same_file(self, result, resfile, check_link=False):<br/>        &quot;&quot;&quot; Checks if the mdlhist/endclass result is the same as the result loaded from resfile &quot;&quot;&quot;<br/>        result_flattened = result.flatten()<br/>&gt;       result_saved = analyze.result.load_result(resfile)<br/><span class="error">E       NameError: name &#x27;analyze&#x27; is not defined</span><br/><br/>tests\common.py:162: NameError<br/></div></td></tr></tbody>
      <tbody class="failed results-table-row">
        <tr>
          <td class="col-result">Failed</td>
          <td class="col-name">examples/tank/test_tank.py::TankTests::test_save_load_nominalapproach</td>
          <td class="col-duration">0.08</td>
          <td class="col-links"></td></tr>
        <tr>
          <td class="extra" colspan="4">
            <div class="log">self = &lt;examples.tank.test_tank.TankTests testMethod=test_save_load_nominalapproach&gt;<br/><br/>    def test_save_load_nominalapproach(self):<br/>        app = NominalApproach()<br/>        app.add_seed_replicates(&quot;replicates&quot;, 10)<br/>&gt;       self.check_save_load_approach(self.mdl, &quot;tank_mdlhists.pkl&quot;, &quot;tank_endclasses.pkl&quot;, &#x27;nominal_approach&#x27;, app=app)<br/><br/>examples\tank\test_tank.py:136: <br/>_ _ _ _ _ _ _ _ _ _ _ _ _ _ _ _ _ _ _ _ _ _ _ _ _ _ _ _ _ _ _ _ _ _ _ _ _ _ _ _<br/>tests\common.py:226: in check_save_load_approach<br/>    self.check_same_file(mdlhists,mfile)<br/>_ _ _ _ _ _ _ _ _ _ _ _ _ _ _ _ _ _ _ _ _ _ _ _ _ _ _ _ _ _ _ _ _ _ _ _ _ _ _ _<br/><br/>self = &lt;examples.tank.test_tank.TankTests testMethod=test_save_load_nominalapproach&gt;<br/>result = replicates_1.fxns.store_water.s.level: array(21)<br/>replicates_1.time:             array(21)<br/>replicates_2.fxns.store_wate...time:             array(21)<br/>replicates_10.fxns.store_water.s.level: array(21)<br/>replicates_10.time:            array(21)<br/><br/>resfile = &#x27;tank_mdlhists.pkl&#x27;, check_link = False<br/><br/>    def check_same_file(self, result, resfile, check_link=False):<br/>        &quot;&quot;&quot; Checks if the mdlhist/endclass result is the same as the result loaded from resfile &quot;&quot;&quot;<br/>        result_flattened = result.flatten()<br/>&gt;       result_saved = analyze.result.load_result(resfile)<br/><span class="error">E       NameError: name &#x27;analyze&#x27; is not defined</span><br/><br/>tests\common.py:162: NameError<br/></div></td></tr></tbody>
      <tbody class="failed results-table-row">
        <tr>
          <td class="col-result">Failed</td>
          <td class="col-name">examples/tank/test_tank.py::TankTests::test_save_load_nominalapproach_indiv</td>
          <td class="col-duration">0.00</td>
          <td class="col-links"></td></tr>
        <tr>
          <td class="extra" colspan="4">
            <div class="log">self = &lt;examples.tank.test_tank.TankTests testMethod=test_save_load_nominalapproach_indiv&gt;<br/><br/>    def test_save_load_nominalapproach_indiv(self):<br/>        app = NominalApproach()<br/>        app.add_seed_replicates(&quot;replicates&quot;, 10)<br/>&gt;       self.check_save_load_approach_indiv(self.mdl, &quot;tank_mdlhists&quot;, &quot;tank_endclasses&quot;, &quot;pkl&quot;, &#x27;nominal_approach&#x27;, app=app)<br/><br/>examples\tank\test_tank.py:142: <br/>_ _ _ _ _ _ _ _ _ _ _ _ _ _ _ _ _ _ _ _ _ _ _ _ _ _ _ _ _ _ _ _ _ _ _ _ _ _ _ _<br/>tests\common.py:252: in check_save_load_approach_indiv<br/>    endclasses, mdlhists = sim.propagate.nominal_approach(mdl, app, showprogress=False, \<br/>fmdtools\sim\propagate.py:229: in nominal_approach<br/>    check_overwrite(kwargs[&#x27;save_args&#x27;] )<br/>fmdtools\sim\propagate.py:547: in check_overwrite<br/>    if args.get(&#x27;filename&#x27;, False):  file_check(filename, args.get(&#x27;overwrite&#x27;, False))<br/>_ _ _ _ _ _ _ _ _ _ _ _ _ _ _ _ _ _ _ _ _ _ _ _ _ _ _ _ _ _ _ _ _ _ _ _ _ _ _ _<br/><br/>filename = &#x27;tank_mdlhists.pkl&#x27;, overwrite = False<br/><br/>    def file_check(filename, overwrite):<br/>        &quot;&quot;&quot;Check if files exists and whether to overwrite the file&quot;&quot;&quot;<br/>        if os.path.exists(filename):<br/>            if not overwrite:<br/>&gt;               raise Exception(&quot;File already exists: &quot;+filename)<br/><span class="error">E               Exception: File already exists: tank_mdlhists.pkl</span><br/><br/>fmdtools\analyze\result.py:27: Exception<br/></div></td></tr></tbody>
      <tbody class="failed results-table-row">
        <tr>
          <td class="col-result">Failed</td>
          <td class="col-name">examples/tank/test_tank.py::TankTests::test_save_load_onefault</td>
          <td class="col-duration">0.00</td>
          <td class="col-links"></td></tr>
        <tr>
          <td class="extra" colspan="4">
            <div class="log">self = &lt;examples.tank.test_tank.TankTests testMethod=test_save_load_onefault&gt;<br/><br/>    def test_save_load_onefault(self):<br/>        for extension in [&quot;.pkl&quot;,&quot;.csv&quot;,&quot;.json&quot;]:<br/>&gt;           self.check_save_load_onerun(self.mdl, &quot;tank_mdlhist&quot;+extension, &quot;tank_endclass&quot;+extension, &#x27;one_fault&#x27;, faultscen=(&#x27;Import_Water&#x27;, &#x27;Stuck&#x27;, 5))<br/><br/>examples\tank\test_tank.py:120: <br/>_ _ _ _ _ _ _ _ _ _ _ _ _ _ _ _ _ _ _ _ _ _ _ _ _ _ _ _ _ _ _ _ _ _ _ _ _ _ _ _<br/>tests\common.py:138: in check_save_load_onerun<br/>    endresult, mdlhist=sim.propagate.one_fault(mdl, fxnname, faultmode, faulttime,\<br/>fmdtools\sim\propagate.py:296: in one_fault<br/>    rate = mdl.get_scen_rate(fxnname, fault, time))<br/>_ _ _ _ _ _ _ _ _ _ _ _ _ _ _ _ _ _ _ _ _ _ _ _ _ _ _ _ _ _ _ _ _ _ _ _ _ _ _ _<br/><br/>self = Tank model at 0x2ca1e1a81c0 <br/>FUNCTIONS: <br/>import_water ImportLiquid<br/>- TransportLiquidState(amt_open=1)<br/>- TransportLiqui...ction=0)<br/>tank_sig Signal flow: SigState(indicator=0, action=0)<br/>valve2_sig Signal flow: SigState(indicator=1, action=0)<br/><br/>fxnname = &#x27;tank&#x27;, faultmode = &#x27;Import_Water&#x27;, time = 1<br/><br/>    def get_scen_rate(self, fxnname, faultmode, time):<br/>        &quot;&quot;&quot;<br/>        TODO : requires proper documentation<br/>        Parameters<br/>        ----------<br/>        fxnname<br/>        faultmode<br/>        time<br/>    <br/>        Returns<br/>        -------<br/>    <br/>        &quot;&quot;&quot;<br/>&gt;       fxn = self.get_fxns()[fxnname]<br/><span class="error">E       KeyError: &#x27;tank&#x27;</span><br/><br/>fmdtools\define\block.py:226: KeyError<br/></div></td></tr></tbody>
      <tbody class="failed results-table-row">
        <tr>
          <td class="col-result">Failed</td>
          <td class="col-name">examples/tank/test_tank.py::TankTests::test_save_load_singlefaults</td>
          <td class="col-duration">0.47</td>
          <td class="col-links"></td></tr>
        <tr>
          <td class="extra" colspan="4">
            <div class="log">self = &lt;examples.tank.test_tank.TankTests testMethod=test_save_load_singlefaults&gt;<br/><br/>    def test_save_load_singlefaults(self):<br/>&gt;       self.check_save_load_approach(self.mdl, &quot;tank_mdlhists.pkl&quot;, &quot;tank_endclasses.pkl&quot;, &#x27;single_faults&#x27;)<br/><br/>examples\tank\test_tank.py:126: <br/>_ _ _ _ _ _ _ _ _ _ _ _ _ _ _ _ _ _ _ _ _ _ _ _ _ _ _ _ _ _ _ _ _ _ _ _ _ _ _ _<br/>tests\common.py:226: in check_save_load_approach<br/>    self.check_same_file(mdlhists,mfile)<br/>_ _ _ _ _ _ _ _ _ _ _ _ _ _ _ _ _ _ _ _ _ _ _ _ _ _ _ _ _ _ _ _ _ _ _ _ _ _ _ _<br/><br/>self = &lt;examples.tank.test_tank.TankTests testMethod=test_save_load_singlefaults&gt;<br/>result = import_water_stuck_t           array(21)<br/>import_water_stuck_t0.time:    array(21)<br/>store_water_leak_t0.           array...n_wrong_valve_t20.time: array(21)<br/>nominal.fxns.store_water.s.level: array(21)<br/>nominal.time:                  array(21)<br/><br/>resfile = &#x27;tank_mdlhists.pkl&#x27;, check_link = False<br/><br/>    def check_same_file(self, result, resfile, check_link=False):<br/>        &quot;&quot;&quot; Checks if the mdlhist/endclass result is the same as the result loaded from resfile &quot;&quot;&quot;<br/>        result_flattened = result.flatten()<br/>&gt;       result_saved = analyze.result.load_result(resfile)<br/><span class="error">E       NameError: name &#x27;analyze&#x27; is not defined</span><br/><br/>tests\common.py:162: NameError<br/></div></td></tr></tbody>
      <tbody class="failed results-table-row">
        <tr>
          <td class="col-result">Failed</td>
          <td class="col-name">examples/tank/test_tank.py::TankTests::test_save_load_singlefaults_indiv</td>
          <td class="col-duration">0.00</td>
          <td class="col-links"></td></tr>
        <tr>
          <td class="extra" colspan="4">
            <div class="log">self = &lt;examples.tank.test_tank.TankTests testMethod=test_save_load_singlefaults_indiv&gt;<br/><br/>    def test_save_load_singlefaults_indiv(self):<br/>&gt;       self.check_save_load_approach_indiv(self.mdl, &quot;tank_mdlhists&quot;, &quot;tank_endclasses&quot;, &quot;pkl&quot;, &#x27;single_faults&#x27;)<br/><br/>examples\tank\test_tank.py:130: <br/>_ _ _ _ _ _ _ _ _ _ _ _ _ _ _ _ _ _ _ _ _ _ _ _ _ _ _ _ _ _ _ _ _ _ _ _ _ _ _ _<br/>tests\common.py:247: in check_save_load_approach_indiv<br/>    endclasses, mdlhists = sim.propagate.single_faults(mdl, showprogress=False, \<br/>fmdtools\sim\propagate.py:459: in single_faults<br/>    nomresult, nomhist, nomscen, c_mdl, t_end_nom = nom_helper(mdl, mdl.sp.times, **{**kwargs, &#x27;use_end_condition&#x27;:False})<br/>fmdtools\sim\propagate.py:375: in nom_helper<br/>    check_overwrite(save_args)<br/>fmdtools\sim\propagate.py:547: in check_overwrite<br/>    if args.get(&#x27;filename&#x27;, False):  file_check(filename, args.get(&#x27;overwrite&#x27;, False))<br/>_ _ _ _ _ _ _ _ _ _ _ _ _ _ _ _ _ _ _ _ _ _ _ _ _ _ _ _ _ _ _ _ _ _ _ _ _ _ _ _<br/><br/>filename = &#x27;tank_mdlhists.pkl&#x27;, overwrite = False<br/><br/>    def file_check(filename, overwrite):<br/>        &quot;&quot;&quot;Check if files exists and whether to overwrite the file&quot;&quot;&quot;<br/>        if os.path.exists(filename):<br/>            if not overwrite:<br/>&gt;               raise Exception(&quot;File already exists: &quot;+filename)<br/><span class="error">E               Exception: File already exists: tank_mdlhists.pkl</span><br/><br/>fmdtools\analyze\result.py:27: Exception<br/></div></td></tr></tbody>
      <tbody class="failed results-table-row">
        <tr>
          <td class="col-result">Failed</td>
          <td class="col-name">tests/test_packages.py::define_Tests::test_multiflows</td>
          <td class="col-duration">0.03</td>
          <td class="col-links"></td></tr>
        <tr>
          <td class="extra" colspan="4">
            <div class="log">self = &lt;tests.test_packages.define_Tests testMethod=test_multiflows&gt;<br/><br/>    def test_multiflows(self):<br/>&gt;       mdl = TestModel()<br/><br/>tests\test_packages.py:100: <br/>_ _ _ _ _ _ _ _ _ _ _ _ _ _ _ _ _ _ _ _ _ _ _ _ _ _ _ _ _ _ _ _ _ _ _ _ _ _ _ _<br/><br/>self = TestModel model at 0x2ca1dd8eee0 <br/>FUNCTIONS: <br/>FLOWS: <br/>, kwargs = {}<br/><br/>    def __init__(self, **kwargs):<br/>        super().__init__(**kwargs)<br/>    <br/>&gt;       self.add_flow(&quot;Communications&quot;,{&quot;x&quot;:0.0, &quot;y&quot;:1.0}, fclass=CommsFlow)<br/><span class="error">E       TypeError: add_flow() got multiple values for argument &#x27;fclass&#x27;</span><br/><br/>tests\test_packages.py:60: TypeError<br/></div></td></tr></tbody>
      <tbody class="passed results-table-row">
        <tr>
          <td class="col-result">Passed</td>
          <td class="col-name">examples/eps/test_eps.py::epsTests::test_pickleability</td>
          <td class="col-duration">0.00</td>
          <td class="col-links"></td></tr>
        <tr>
          <td class="extra" colspan="4">
            <div class="empty log">No log output captured.</div></td></tr></tbody>
      <tbody class="passed results-table-row">
        <tr>
          <td class="col-result">Passed</td>
          <td class="col-name">examples/pump/test_pump_example.py::ImportEE_Tests::test_behave_inf_v</td>
          <td class="col-duration">0.00</td>
          <td class="col-links"></td></tr>
        <tr>
          <td class="extra" colspan="4">
            <div class="empty log">No log output captured.</div></td></tr></tbody>
      <tbody class="passed results-table-row">
        <tr>
          <td class="col-result">Passed</td>
          <td class="col-name">examples/pump/test_pump_example.py::ImportEE_Tests::test_behave_no_v</td>
          <td class="col-duration">0.00</td>
          <td class="col-links"></td></tr>
        <tr>
          <td class="extra" colspan="4">
            <div class="empty log">No log output captured.</div></td></tr></tbody>
      <tbody class="passed results-table-row">
        <tr>
          <td class="col-result">Passed</td>
          <td class="col-name">examples/pump/test_pump_example.py::ImportEE_Tests::test_behave_nom</td>
          <td class="col-duration">0.00</td>
          <td class="col-links"></td></tr>
        <tr>
          <td class="extra" colspan="4">
            <div class="empty log">No log output captured.</div></td></tr></tbody>
      <tbody class="passed results-table-row">
        <tr>
          <td class="col-result">Passed</td>
          <td class="col-name">examples/pump/test_pump_example.py::ImportEE_Tests::test_condfaults_hi</td>
          <td class="col-duration">0.00</td>
          <td class="col-links"></td></tr>
        <tr>
          <td class="extra" colspan="4">
            <div class="empty log">No log output captured.</div></td></tr></tbody>
      <tbody class="passed results-table-row">
        <tr>
          <td class="col-result">Passed</td>
          <td class="col-name">examples/pump/test_pump_example.py::ImportEE_Tests::test_condfaults_nom</td>
          <td class="col-duration">0.00</td>
          <td class="col-links"></td></tr>
        <tr>
          <td class="extra" colspan="4">
            <div class="empty log">No log output captured.</div></td></tr></tbody>
      <tbody class="passed results-table-row">
        <tr>
          <td class="col-result">Passed</td>
          <td class="col-name">examples/pump/test_pump_example.py::ImportEE_Tests::test_initialization</td>
          <td class="col-duration">0.00</td>
          <td class="col-links"></td></tr>
        <tr>
          <td class="extra" colspan="4">
            <div class="empty log">No log output captured.</div></td></tr></tbody>
      <tbody class="passed results-table-row">
        <tr>
          <td class="col-result">Passed</td>
          <td class="col-name">examples/pump/test_pump_example.py::MoveWat_Tests::test_condfaults_dynamic</td>
          <td class="col-duration">0.00</td>
          <td class="col-links"></td></tr>
        <tr>
          <td class="extra" colspan="4">
            <div class="empty log">No log output captured.</div></td></tr></tbody>
      <tbody class="passed results-table-row">
        <tr>
          <td class="col-result">Passed</td>
          <td class="col-name">examples/pump/test_pump_example.py::MoveWat_Tests::test_initialization</td>
          <td class="col-duration">0.00</td>
          <td class="col-links"></td></tr>
        <tr>
          <td class="extra" colspan="4">
            <div class="empty log">No log output captured.</div></td></tr></tbody>
      <tbody class="passed results-table-row">
        <tr>
          <td class="col-result">Passed</td>
          <td class="col-name">examples/pump/test_pump_example.py::MoveWat_Tests::test_nom</td>
          <td class="col-duration">0.00</td>
          <td class="col-links"></td></tr>
        <tr>
          <td class="extra" colspan="4">
            <div class="empty log">No log output captured.</div></td></tr></tbody>
      <tbody class="passed results-table-row">
        <tr>
          <td class="col-result">Passed</td>
          <td class="col-name">examples/pump/test_pump_example.py::Integration_Tests::test_blockage_results</td>
          <td class="col-duration">0.05</td>
          <td class="col-links"></td></tr>
        <tr>
          <td class="extra" colspan="4">
            <div class="empty log">No log output captured.</div></td></tr></tbody>
      <tbody class="passed results-table-row">
        <tr>
          <td class="col-result">Passed</td>
          <td class="col-name">examples/pump/test_pump_example.py::Integration_Tests::test_blockage_static</td>
          <td class="col-duration">0.00</td>
          <td class="col-links"></td></tr>
        <tr>
          <td class="extra" colspan="4">
            <div class="empty log">No log output captured.</div></td></tr></tbody>
      <tbody class="passed results-table-row">
        <tr>
          <td class="col-result">Passed</td>
          <td class="col-name">examples/pump/test_pump_example.py::Integration_Tests::test_nominal_results</td>
          <td class="col-duration">0.02</td>
          <td class="col-links"></td></tr>
        <tr>
          <td class="extra" colspan="4">
            <div class="empty log">No log output captured.</div></td></tr></tbody>
      <tbody class="passed results-table-row">
        <tr>
          <td class="col-result">Passed</td>
          <td class="col-name">tests/test_graph.py::ModelGraphTests::test_fault_plot</td>
          <td class="col-duration">0.12</td>
          <td class="col-links"></td></tr>
        <tr>
          <td class="extra" colspan="4">
            <div class="empty log">No log output captured.</div></td></tr></tbody>
      <tbody class="passed results-table-row">
        <tr>
          <td class="col-result">Passed</td>
          <td class="col-name">tests/test_graph.py::ModelGraphTests::test_flowgraph_plot</td>
          <td class="col-duration">0.14</td>
          <td class="col-links"></td></tr>
        <tr>
          <td class="extra" colspan="4">
            <div class="empty log">No log output captured.</div></td></tr></tbody>
      <tbody class="passed results-table-row">
        <tr>
          <td class="col-result">Passed</td>
          <td class="col-name">tests/test_graph.py::ModelGraphTests::test_fxngraph_plot</td>
          <td class="col-duration">0.13</td>
          <td class="col-links"></td></tr>
        <tr>
          <td class="extra" colspan="4">
            <div class="empty log">No log output captured.</div></td></tr></tbody>
      <tbody class="passed results-table-row">
        <tr>
          <td class="col-result">Passed</td>
          <td class="col-name">tests/test_graph.py::ModelGraphTests::test_modelgraph_plot</td>
          <td class="col-duration">0.21</td>
          <td class="col-links"></td></tr>
        <tr>
          <td class="extra" colspan="4">
            <div class="empty log">No log output captured.</div></td></tr></tbody>
      <tbody class="passed results-table-row">
        <tr>
          <td class="col-result">Passed</td>
          <td class="col-name">tests/test_graph.py::ModelGraphTests::test_result_from_plot</td>
          <td class="col-duration">0.18</td>
          <td class="col-links"></td></tr>
        <tr>
          <td class="extra" colspan="4">
            <div class="empty log">No log output captured.</div></td></tr></tbody>
      <tbody class="passed results-table-row">
        <tr>
          <td class="col-result">Passed</td>
          <td class="col-name">tests/test_graph.py::ModelGraphTests::test_typegraph_plot</td>
          <td class="col-duration">0.05</td>
          <td class="col-links"></td></tr>
        <tr>
          <td class="extra" colspan="4">
            <div class="empty log">No log output captured.</div></td></tr></tbody>
      <tbody class="passed results-table-row">
        <tr>
          <td class="col-result">Passed</td>
          <td class="col-name">tests/test_mode.py::ModeTests::test_mode_generation</td>
          <td class="col-duration">0.00</td>
          <td class="col-links"></td></tr>
        <tr>
          <td class="extra" colspan="4">
            <div class="empty log">No log output captured.</div></td></tr></tbody>
      <tbody class="passed results-table-row">
        <tr>
          <td class="col-result">Passed</td>
          <td class="col-name">tests/test_packages.py::define_Tests::test_pdf_translation_options</td>
          <td class="col-duration">0.01</td>
          <td class="col-links"></td></tr>
        <tr>
          <td class="extra" colspan="4">
            <div class="empty log">No log output captured.</div></td></tr></tbody></table></body></html>