<?xml version="1.0" encoding="utf-8"?><testsuites name="pytest tests"><testsuite name="pytest" errors="0" failures="0" skipped="0" tests="7" time="131.286" timestamp="2026-01-08T14:24:14.355822-08:00" hostname="starlight"><testcase classname="examples.eps.EPS_Example_Notebook.ipynb" name="EPS_Example_Notebook.ipynb" time="4.601" /><testcase classname="examples.multirotor.Demonstration.ipynb" name="Demonstration.ipynb" time="38.337" /><testcase classname="examples.pump.Pump_Example_Notebook.ipynb" name="Pump_Example_Notebook.ipynb" time="12.511" /><testcase classname="examples.pump.Tutorial_complete.ipynb" name="Tutorial_complete.ipynb" time="5.984" /><testcase classname="examples.rover.Model_Structure_Visualization_Tutorial.ipynb" name="Model_Structure_Visualization_Tutorial.ipynb" time="19.418" /><testcase classname="examples.rover.FaultSample_Use-Cases.ipynb" name="FaultSample_Use-Cases.ipynb" time="6.798" /><testcase classname="examples.rover.Rover_Setup_Notebook.ipynb" name="Rover_Setup_Notebook.ipynb" time="30.413" /><testcase time="0.003" /></testsuite></testsuites>