<?xml version="1.0" encoding="utf-8"?><testsuites><testsuite name="pytest" errors="13" failures="1" skipped="0" tests="54" time="154.366" timestamp="2024-01-05T15:52:45.133845" hostname="starlight"><testcase classname="" name="examples.multirotor.opt_drone_rural" time="0.000"><error message="collection failure">#x1B[1m#x1B[31mexamples\multirotor\opt_drone_rural.py#x1B[0m:8: in &lt;module&gt;
    #x1B[94mfrom#x1B[39;49;00m #x1B[04m#x1B[96mdrone_mdl_rural#x1B[39;49;00m #x1B[94mimport#x1B[39;49;00m Drone, DroneParam, ResPolicy, DronePhysicalParameters#x1B[90m#x1B[39;49;00m
#x1B[1m#x1B[31mE   ModuleNotFoundError: No module named 'drone_mdl_rural'#x1B[0m</error></testcase><testcase classname="" name="examples.pump.jointfaults_ex" time="0.000"><error message="collection failure">#x1B[1m#x1B[31mexamples\pump\jointfaults_ex.py#x1B[0m:14: in &lt;module&gt;
    #x1B[94mfrom#x1B[39;49;00m #x1B[04m#x1B[96mex_pump#x1B[39;49;00m #x1B[94mimport#x1B[39;49;00m Pump  #x1B[90m# required to import entire module#x1B[39;49;00m#x1B[90m#x1B[39;49;00m
#x1B[1m#x1B[31mE   ModuleNotFoundError: No module named 'ex_pump'#x1B[0m</error></testcase><testcase classname="" name="examples.pump.parallelism_methods" time="0.000"><error message="collection failure">#x1B[1m#x1B[31mexamples\pump\parallelism_methods.py#x1B[0m:8: in &lt;module&gt;
    #x1B[94mfrom#x1B[39;49;00m #x1B[04m#x1B[96mex_pump#x1B[39;49;00m #x1B[94mimport#x1B[39;49;00m Pump, PumpParam#x1B[90m#x1B[39;49;00m
#x1B[1m#x1B[31mE   ModuleNotFoundError: No module named 'ex_pump'#x1B[0m</error></testcase><testcase classname="" name="examples.pump.pump_indiv" time="0.000"><error message="collection failure">#x1B[1m#x1B[31mexamples\pump\pump_indiv.py#x1B[0m:32: in &lt;module&gt;
    a = MoveWatDynamic(track=#x1B[33m'#x1B[39;49;00m#x1B[33mall#x1B[39;49;00m#x1B[33m'#x1B[39;49;00m)#x1B[90m#x1B[39;49;00m
#x1B[1m#x1B[31mfmdtools\define\block\function.py#x1B[0m:64: in __init__
    #x1B[96msuper#x1B[39;49;00m().#x1B[92m__init__#x1B[39;49;00m(name=name, **kwargs)#x1B[90m#x1B[39;49;00m
#x1B[1m#x1B[31mfmdtools\define\block\base.py#x1B[0m:441: in __init__
    Simulable.#x1B[92m__init__#x1B[39;49;00m(#x1B[96mself#x1B[39;49;00m, name=name, roletypes=[#x1B[33m'#x1B[39;49;00m#x1B[33mcontainer#x1B[39;49;00m#x1B[33m'#x1B[39;49;00m, #x1B[33m'#x1B[39;49;00m#x1B[33mflow#x1B[39;49;00m#x1B[33m'#x1B[39;49;00m],#x1B[90m#x1B[39;49;00m
#x1B[1m#x1B[31mfmdtools\define\block\base.py#x1B[0m:184: in __init__
    BaseObject.#x1B[92m__init__#x1B[39;49;00m(#x1B[96mself#x1B[39;49;00m, **loc_kwargs)#x1B[90m#x1B[39;49;00m
#x1B[1m#x1B[31mfmdtools\define\object\base.py#x1B[0m:131: in __init__
    #x1B[96mself#x1B[39;49;00m.init_track(track)#x1B[90m#x1B[39;49;00m
#x1B[1m#x1B[31mfmdtools\define\object\base.py#x1B[0m:138: in init_track
    track = #x1B[96mself#x1B[39;49;00m.get_all_possible_track()#x1B[90m#x1B[39;49;00m
#x1B[1m#x1B[31mfmdtools\define\object\base.py#x1B[0m:365: in get_all_possible_track
    rs = #x1B[96mself#x1B[39;49;00m.get_all_roles(with_immutable=#x1B[94mFalse#x1B[39;49;00m)#x1B[90m#x1B[39;49;00m
#x1B[1m#x1B[31mfmdtools\define\object\base.py#x1B[0m:393: in get_all_roles
    roles = #x1B[96mself#x1B[39;49;00m.get_roles(with_immutable=with_immutable)#x1B[90m#x1B[39;49;00m
#x1B[1m#x1B[31mfmdtools\define\object\base.py#x1B[0m:381: in get_roles
    #x1B[94mreturn#x1B[39;49;00m [role #x1B[94mfor#x1B[39;49;00m roletype #x1B[95min#x1B[39;49;00m roletypes #x1B[94mfor#x1B[39;49;00m role #x1B[95min#x1B[39;49;00m #x1B[96mgetattr#x1B[39;49;00m(#x1B[96mself#x1B[39;49;00m, roletype+#x1B[33m'#x1B[39;49;00m#x1B[33ms#x1B[39;49;00m#x1B[33m'#x1B[39;49;00m)#x1B[90m#x1B[39;49;00m
#x1B[1m#x1B[31mfmdtools\define\object\base.py#x1B[0m:381: in &lt;listcomp&gt;
    #x1B[94mreturn#x1B[39;49;00m [role #x1B[94mfor#x1B[39;49;00m roletype #x1B[95min#x1B[39;49;00m roletypes #x1B[94mfor#x1B[39;49;00m role #x1B[95min#x1B[39;49;00m #x1B[96mgetattr#x1B[39;49;00m(#x1B[96mself#x1B[39;49;00m, roletype+#x1B[33m'#x1B[39;49;00m#x1B[33ms#x1B[39;49;00m#x1B[33m'#x1B[39;49;00m)#x1B[90m#x1B[39;49;00m
#x1B[1m#x1B[31mE   AttributeError: 'MoveWatDynamic' object has no attribute 'archs'#x1B[0m</error></testcase><testcase classname="" name="examples.rover.rover_degradation" time="0.000"><error message="collection failure">#x1B[1m#x1B[31mexamples\rover\rover_degradation.py#x1B[0m:12: in &lt;module&gt;
    #x1B[94mfrom#x1B[39;49;00m #x1B[04m#x1B[96mfmdtools#x1B[39;49;00m#x1B[04m#x1B[96m.#x1B[39;49;00m#x1B[04m#x1B[96msim#x1B[39;49;00m#x1B[04m#x1B[96m.#x1B[39;49;00m#x1B[04m#x1B[96msample#x1B[39;49;00m #x1B[94mimport#x1B[39;49;00m ParameterApproach#x1B[90m#x1B[39;49;00m
#x1B[1m#x1B[31mE   ImportError: cannot import name 'ParameterApproach' from 'fmdtools.sim.sample' (C:\Users\dhulse\Documents\GitHub\fmdtools\fmdtools\sim\sample.py)#x1B[0m</error></testcase><testcase classname="" name="examples.rover.rover_dump" time="0.000"><error message="collection failure">#x1B[1m#x1B[31mexamples\rover\rover_dump.py#x1B[0m:7: in &lt;module&gt;
    #x1B[94mfrom#x1B[39;49;00m #x1B[04m#x1B[96mrover_model#x1B[39;49;00m #x1B[94mimport#x1B[39;49;00m Rover, RoverParam#x1B[90m#x1B[39;49;00m
#x1B[1m#x1B[31mE   ModuleNotFoundError: No module named 'rover_model'#x1B[0m</error></testcase><testcase classname="" name="examples.rover.rover_mode_space" time="0.000"><error message="collection failure">#x1B[1m#x1B[31mexamples\rover\rover_mode_space.py#x1B[0m:7: in &lt;module&gt;
    #x1B[94mfrom#x1B[39;49;00m #x1B[04m#x1B[96mrover_model#x1B[39;49;00m #x1B[94mimport#x1B[39;49;00m Rover, RoverParam#x1B[90m#x1B[39;49;00m
#x1B[1m#x1B[31mE   ModuleNotFoundError: No module named 'rover_model'#x1B[0m</error></testcase><testcase classname="" name="examples.rover.rover_model_human" time="0.000"><error message="collection failure">#x1B[1m#x1B[31mexamples\rover\rover_model_human.py#x1B[0m:28: in &lt;module&gt;
    #x1B[94mfrom#x1B[39;49;00m #x1B[04m#x1B[96mfmdtools#x1B[39;49;00m#x1B[04m#x1B[96m.#x1B[39;49;00m#x1B[04m#x1B[96msim#x1B[39;49;00m#x1B[04m#x1B[96m.#x1B[39;49;00m#x1B[04m#x1B[96mapproach#x1B[39;49;00m #x1B[94mimport#x1B[39;49;00m SampleApproach, NominalApproach#x1B[90m#x1B[39;49;00m
#x1B[1m#x1B[31mE   ModuleNotFoundError: No module named 'fmdtools.sim.approach'#x1B[0m</error></testcase><testcase classname="" name="examples.rover.optimization.animation" time="0.000"><error message="collection failure">#x1B[1m#x1B[31mexamples\rover\optimization\animation.py#x1B[0m:24: in &lt;module&gt;
    dfccea = pd.read_csv(#x1B[33m'#x1B[39;49;00m#x1B[33mccea_species.csv#x1B[39;49;00m#x1B[33m'#x1B[39;49;00m)#x1B[90m#x1B[39;49;00m
#x1B[1m#x1B[31m..\..\..\AppData\Roaming\Python\Python310\site-packages\pandas\io\parsers\readers.py#x1B[0m:912: in read_csv
    #x1B[94mreturn#x1B[39;49;00m _read(filepath_or_buffer, kwds)#x1B[90m#x1B[39;49;00m
#x1B[1m#x1B[31m..\..\..\AppData\Roaming\Python\Python310\site-packages\pandas\io\parsers\readers.py#x1B[0m:577: in _read
    parser = TextFileReader(filepath_or_buffer, **kwds)#x1B[90m#x1B[39;49;00m
#x1B[1m#x1B[31m..\..\..\AppData\Roaming\Python\Python310\site-packages\pandas\io\parsers\readers.py#x1B[0m:1407: in __init__
    #x1B[96mself#x1B[39;49;00m._engine = #x1B[96mself#x1B[39;49;00m._make_engine(f, #x1B[96mself#x1B[39;49;00m.engine)#x1B[90m#x1B[39;49;00m
#x1B[1m#x1B[31m..\..\..\AppData\Roaming\Python\Python310\site-packages\pandas\io\parsers\readers.py#x1B[0m:1661: in _make_engine
    #x1B[96mself#x1B[39;49;00m.handles = get_handle(#x1B[90m#x1B[39;49;00m
#x1B[1m#x1B[31m..\..\..\AppData\Roaming\Python\Python310\site-packages\pandas\io\common.py#x1B[0m:859: in get_handle
    handle = #x1B[96mopen#x1B[39;49;00m(#x1B[90m#x1B[39;49;00m
#x1B[1m#x1B[31mE   FileNotFoundError: [Errno 2] No such file or directory: 'ccea_species.csv'#x1B[0m</error></testcase><testcase classname="" name="examples.rover.optimization.ea_analysis" time="0.000"><error message="collection failure">#x1B[1m#x1B[31mexamples\rover\optimization\ea_analysis.py#x1B[0m:11: in &lt;module&gt;
    dfea = pd.read_csv(#x1B[33m'#x1B[39;49;00m#x1B[33mrslt_ea.csv#x1B[39;49;00m#x1B[33m'#x1B[39;49;00m)#x1B[90m#x1B[39;49;00m
#x1B[1m#x1B[31m..\..\..\AppData\Roaming\Python\Python310\site-packages\pandas\io\parsers\readers.py#x1B[0m:912: in read_csv
    #x1B[94mreturn#x1B[39;49;00m _read(filepath_or_buffer, kwds)#x1B[90m#x1B[39;49;00m
#x1B[1m#x1B[31m..\..\..\AppData\Roaming\Python\Python310\site-packages\pandas\io\parsers\readers.py#x1B[0m:577: in _read
    parser = TextFileReader(filepath_or_buffer, **kwds)#x1B[90m#x1B[39;49;00m
#x1B[1m#x1B[31m..\..\..\AppData\Roaming\Python\Python310\site-packages\pandas\io\parsers\readers.py#x1B[0m:1407: in __init__
    #x1B[96mself#x1B[39;49;00m._engine = #x1B[96mself#x1B[39;49;00m._make_engine(f, #x1B[96mself#x1B[39;49;00m.engine)#x1B[90m#x1B[39;49;00m
#x1B[1m#x1B[31m..\..\..\AppData\Roaming\Python\Python310\site-packages\pandas\io\parsers\readers.py#x1B[0m:1661: in _make_engine
    #x1B[96mself#x1B[39;49;00m.handles = get_handle(#x1B[90m#x1B[39;49;00m
#x1B[1m#x1B[31m..\..\..\AppData\Roaming\Python\Python310\site-packages\pandas\io\common.py#x1B[0m:859: in get_handle
    handle = #x1B[96mopen#x1B[39;49;00m(#x1B[90m#x1B[39;49;00m
#x1B[1m#x1B[31mE   FileNotFoundError: [Errno 2] No such file or directory: 'rslt_ea.csv'#x1B[0m</error></testcase><testcase classname="" name="examples.tank.tank_script" time="0.000"><error message="collection failure">#x1B[1m#x1B[31mexamples\tank\tank_script.py#x1B[0m:13: in &lt;module&gt;
    #x1B[94mfrom#x1B[39;49;00m #x1B[04m#x1B[96mtank_model#x1B[39;49;00m #x1B[94mimport#x1B[39;49;00m Tank#x1B[90m#x1B[39;49;00m
#x1B[1m#x1B[31mE   ModuleNotFoundError: No module named 'tank_model'#x1B[0m</error></testcase><testcase classname="" name="tests.test_graph" time="0.000"><error message="collection failure">#x1B[1m#x1B[31mtests\test_graph.py#x1B[0m:10: in &lt;module&gt;
    #x1B[94mfrom#x1B[39;49;00m #x1B[04m#x1B[96mfmdtools#x1B[39;49;00m#x1B[04m#x1B[96m.#x1B[39;49;00m#x1B[04m#x1B[96manalyze#x1B[39;49;00m#x1B[04m#x1B[96m.#x1B[39;49;00m#x1B[04m#x1B[96mgraph#x1B[39;49;00m #x1B[94mimport#x1B[39;49;00m FunctionArchitectureFlowgraph#x1B[90m#x1B[39;49;00m
#x1B[1m#x1B[31mE   ImportError: cannot import name 'FunctionArchitectureFlowgraph' from 'fmdtools.analyze.graph' (C:\Users\dhulse\Documents\GitHub\fmdtools\fmdtools\analyze\graph.py)#x1B[0m</error><error message="collection failure">#x1B[31mImportError while importing test module 'C:\Users\dhulse\Documents\GitHub\fmdtools\tests\test_graph.py'.
Hint: make sure your test modules/packages have valid Python names.
Traceback:
#x1B[1m#x1B[31m..\..\..\AppData\Local\anaconda3\lib\importlib\__init__.py#x1B[0m:126: in import_module
    #x1B[94mreturn#x1B[39;49;00m _bootstrap._gcd_import(name[level:], package, level)#x1B[90m#x1B[39;49;00m
#x1B[1m#x1B[31mtests\test_graph.py#x1B[0m:10: in &lt;module&gt;
    #x1B[94mfrom#x1B[39;49;00m #x1B[04m#x1B[96mfmdtools#x1B[39;49;00m#x1B[04m#x1B[96m.#x1B[39;49;00m#x1B[04m#x1B[96manalyze#x1B[39;49;00m#x1B[04m#x1B[96m.#x1B[39;49;00m#x1B[04m#x1B[96mgraph#x1B[39;49;00m #x1B[94mimport#x1B[39;49;00m FunctionArchitectureFlowgraph#x1B[90m#x1B[39;49;00m
#x1B[1m#x1B[31mE   ImportError: cannot import name 'FunctionArchitectureFlowgraph' from 'fmdtools.analyze.graph' (C:\Users\dhulse\Documents\GitHub\fmdtools\fmdtools\analyze\graph.py)#x1B[0m#x1B[0m</error></testcase><testcase classname="examples.asg_demo.Action_Sequence_Graph.ipynb" name="" time="6.801" /><testcase classname="examples.eps.EPS_Example_Notebook.ipynb" name="" time="4.165" /><testcase classname="examples.eps.test_eps.epsTests" name="test_all_faults" time="0.229" /><testcase classname="examples.eps.test_eps.epsTests" name="test_backward_fault_prop_1" time="0.017" /><testcase classname="examples.eps.test_eps.epsTests" name="test_backward_fault_prop_2" time="0.016" /><testcase classname="examples.eps.test_eps.epsTests" name="test_fault_app" time="40.151" /><testcase classname="examples.eps.test_eps.epsTests" name="test_multfault_saving" time="0.057" /><testcase classname="examples.eps.test_eps.epsTests" name="test_nominal_saving" time="0.052" /><testcase classname="examples.eps.test_eps.epsTests" name="test_pickleability" time="0.006" /><testcase classname="examples.eps.test_eps.epsTests" name="test_save_load_onefault" time="0.055" /><testcase classname="examples.eps.test_eps.epsTests" name="test_save_load_singlefaults" time="0.700" /><testcase classname="examples.multiflow_demo.Multiflow_and_Commsflow_Demonstration.ipynb" name="" time="3.372" /><testcase classname="examples.multiflow_demo.test_multiflow.define_Tests" name="test_multiflow_combination" time="0.025" /><testcase classname="examples.multiflow_demo.test_multiflow.define_Tests" name="test_multiflow_passing" time="0.018" /><testcase classname="examples.multiflow_demo.test_multiflow.define_Tests" name="test_mutliflow_copying" time="0.021" /><testcase classname="examples.multirotor.Demonstration.ipynb" name="" time="14.507" /><testcase classname="examples.multirotor.Multirotor_Optimization.ipynb" name="" time="21.160" /><testcase classname="examples.multirotor.Urban_Drone_Demo.ipynb" name="" time="54.190" /><testcase classname="examples.multirotor.drone_mdl_dynamic" name="examples.multirotor.drone_mdl_dynamic.AffectDOF.inc_pos" time="0.007" /><testcase classname="examples.multirotor.drone_mdl_dynamic" name="examples.multirotor.drone_mdl_dynamic.PlanPath.assign_vectdist_to_goal" time="0.005" /><testcase classname="examples.multirotor.drone_mdl_dynamic" name="examples.multirotor.drone_mdl_dynamic.PlanPath.calc_dist_to_goal" time="0.007" /><testcase classname="examples.multirotor.drone_mdl_hierarchical" name="examples.multirotor.drone_mdl_hierarchical.AffectDOF.calc_pwr" time="0.007" /><testcase classname="examples.multirotor.drone_mdl_hierarchical" name="examples.multirotor.drone_mdl_hierarchical.LineArchParam" time="0.007" /><testcase classname="examples.multirotor.drone_mdl_static" name="examples.multirotor.drone_mdl_static.AffectDOF.behavior" time="0.005" /><testcase classname="examples.multirotor.drone_mdl_static" name="examples.multirotor.drone_mdl_static.CtlDOF.behavior" time="0.005" /><testcase classname="examples.multirotor.drone_mdl_static" name="examples.multirotor.drone_mdl_static.DesTrajState.dist2d" time="0.004" /><testcase classname="examples.multirotor.drone_mdl_static" name="examples.multirotor.drone_mdl_static.DesTrajState.unit_vect2d" time="0.004" /><testcase classname="examples.multirotor.drone_mdl_static" name="examples.multirotor.drone_mdl_static.DistEE.behavior" time="0.005" /><testcase classname="examples.multirotor.drone_mdl_static" name="examples.multirotor.drone_mdl_static.HoldPayload.behavior" time="0.005" /><testcase classname="examples.multirotor.drone_mdl_static" name="examples.multirotor.drone_mdl_static.PlanPath.behavior" time="0.006" /><testcase classname="examples.multirotor.test_multirotor.DroneParameterTests" name="test_objectives" time="0.095" /><testcase classname="examples.multirotor.test_multirotor.DroneParameterTests" name="test_param_domain_1" time="0.001" /><testcase classname="examples.multirotor.test_multirotor.DroneParameterTests" name="test_param_domain_2" time="0.001" /><testcase classname="examples.multirotor.test_multirotor.DroneParameterTests" name="test_set_constraints_1" time="0.001" /><testcase classname="examples.multirotor.test_multirotor.DroneParameterTests" name="test_set_constraints_2" time="0.001" /><testcase classname="examples.multirotor.test_multirotor.DroneParameterTests" name="test_sim_mdl" time="0.054" /><testcase classname="examples.multirotor.test_multirotor.DroneScenarioTest" name="test_scenprob_results" time="0.163" /><testcase classname="examples.multirotor.test_multirotor.DroneScenarioTest2" name="test_scenprob_results" time="0.099" /><testcase classname="examples.multirotor.test_multirotor.DroneScenarioTest3" name="test_scenprob_results" time="0.116" /><testcase classname="examples.multirotor.test_multirotor.DroneDisturbanceTest" name="test_disturbance_set" time="0.076" /><testcase classname="examples.pump.AST_Sampling.ipynb" name="" time="0.019"><failure message="Error - No such kernel: 'julia-1.8'">Error - No such kernel: 'julia-1.8'</failure></testcase><testcase time="0.000" /></testsuite></testsuites>