<?xml version="1.0" encoding="utf-8"?><testsuites><testsuite name="pytest" errors="19" failures="18" skipped="0" tests="194" time="556.678" timestamp="2023-09-29T14:44:57.954159" hostname="siskiyou"><testcase classname="" name="examples.multirotor.drone_mdl_rural" time="0.000"><error message="collection failure">#x1B[1m#x1B[31m..\..\..\AppData\Local\anaconda3\Lib\site-packages\_pytest\runner.py#x1B[0m:341: in from_call
    result: Optional[TResult] = func()#x1B[90m#x1B[39;49;00m
#x1B[1m#x1B[31m..\..\..\AppData\Local\anaconda3\Lib\site-packages\_pytest\runner.py#x1B[0m:372: in &lt;lambda&gt;
    call = CallInfo.from_call(#x1B[94mlambda#x1B[39;49;00m: #x1B[96mlist#x1B[39;49;00m(collector.collect()), #x1B[33m"#x1B[39;49;00m#x1B[33mcollect#x1B[39;49;00m#x1B[33m"#x1B[39;49;00m)#x1B[90m#x1B[39;49;00m
#x1B[1m#x1B[31m..\..\..\AppData\Local\anaconda3\Lib\site-packages\_pytest\doctest.py#x1B[0m:547: in collect
    module = import_path(#x1B[90m#x1B[39;49;00m
#x1B[1m#x1B[31m..\..\..\AppData\Local\anaconda3\Lib\site-packages\_pytest\pathlib.py#x1B[0m:565: in import_path
    importlib.import_module(module_name)#x1B[90m#x1B[39;49;00m
#x1B[1m#x1B[31m..\..\..\AppData\Local\anaconda3\Lib\importlib\__init__.py#x1B[0m:126: in import_module
    #x1B[94mreturn#x1B[39;49;00m _bootstrap._gcd_import(name[level:], package, level)#x1B[90m#x1B[39;49;00m
#x1B[1m#x1B[31m&lt;frozen importlib._bootstrap&gt;#x1B[0m:1204: in _gcd_import
    #x1B[04m#x1B[91m?#x1B[39;49;00m#x1B[04m#x1B[91m?#x1B[39;49;00m#x1B[04m#x1B[91m?#x1B[39;49;00m#x1B[90m#x1B[39;49;00m
#x1B[1m#x1B[31m&lt;frozen importlib._bootstrap&gt;#x1B[0m:1176: in _find_and_load
    #x1B[04m#x1B[91m?#x1B[39;49;00m#x1B[04m#x1B[91m?#x1B[39;49;00m#x1B[04m#x1B[91m?#x1B[39;49;00m#x1B[90m#x1B[39;49;00m
#x1B[1m#x1B[31m&lt;frozen importlib._bootstrap&gt;#x1B[0m:1147: in _find_and_load_unlocked
    #x1B[04m#x1B[91m?#x1B[39;49;00m#x1B[04m#x1B[91m?#x1B[39;49;00m#x1B[04m#x1B[91m?#x1B[39;49;00m#x1B[90m#x1B[39;49;00m
#x1B[1m#x1B[31m&lt;frozen importlib._bootstrap&gt;#x1B[0m:690: in _load_unlocked
    #x1B[04m#x1B[91m?#x1B[39;49;00m#x1B[04m#x1B[91m?#x1B[39;49;00m#x1B[04m#x1B[91m?#x1B[39;49;00m#x1B[90m#x1B[39;49;00m
#x1B[1m#x1B[31m&lt;frozen importlib._bootstrap_external&gt;#x1B[0m:940: in exec_module
    #x1B[04m#x1B[91m?#x1B[39;49;00m#x1B[04m#x1B[91m?#x1B[39;49;00m#x1B[04m#x1B[91m?#x1B[39;49;00m#x1B[90m#x1B[39;49;00m
#x1B[1m#x1B[31m&lt;frozen importlib._bootstrap&gt;#x1B[0m:241: in _call_with_frames_removed
    #x1B[04m#x1B[91m?#x1B[39;49;00m#x1B[04m#x1B[91m?#x1B[39;49;00m#x1B[04m#x1B[91m?#x1B[39;49;00m#x1B[90m#x1B[39;49;00m
#x1B[1m#x1B[31mexamples\multirotor\drone_mdl_rural.py#x1B[0m:20: in &lt;module&gt;
    #x1B[94mfrom#x1B[39;49;00m #x1B[04m#x1B[96mdrone_mdl_static#x1B[39;49;00m #x1B[94mimport#x1B[39;49;00m CtlDOF #x1B[94mas#x1B[39;49;00m CtlDOFStat#x1B[90m#x1B[39;49;00m
#x1B[1m#x1B[31mE   ModuleNotFoundError: No module named 'drone_mdl_static'#x1B[0m</error></testcase><testcase classname="" name="examples.multirotor.drone_mdl_urban" time="0.000"><error message="collection failure">#x1B[1m#x1B[31m..\..\..\AppData\Local\anaconda3\Lib\site-packages\_pytest\runner.py#x1B[0m:341: in from_call
    result: Optional[TResult] = func()#x1B[90m#x1B[39;49;00m
#x1B[1m#x1B[31m..\..\..\AppData\Local\anaconda3\Lib\site-packages\_pytest\runner.py#x1B[0m:372: in &lt;lambda&gt;
    call = CallInfo.from_call(#x1B[94mlambda#x1B[39;49;00m: #x1B[96mlist#x1B[39;49;00m(collector.collect()), #x1B[33m"#x1B[39;49;00m#x1B[33mcollect#x1B[39;49;00m#x1B[33m"#x1B[39;49;00m)#x1B[90m#x1B[39;49;00m
#x1B[1m#x1B[31m..\..\..\AppData\Local\anaconda3\Lib\site-packages\_pytest\doctest.py#x1B[0m:547: in collect
    module = import_path(#x1B[90m#x1B[39;49;00m
#x1B[1m#x1B[31m..\..\..\AppData\Local\anaconda3\Lib\site-packages\_pytest\pathlib.py#x1B[0m:565: in import_path
    importlib.import_module(module_name)#x1B[90m#x1B[39;49;00m
#x1B[1m#x1B[31m..\..\..\AppData\Local\anaconda3\Lib\importlib\__init__.py#x1B[0m:126: in import_module
    #x1B[94mreturn#x1B[39;49;00m _bootstrap._gcd_import(name[level:], package, level)#x1B[90m#x1B[39;49;00m
#x1B[1m#x1B[31m&lt;frozen importlib._bootstrap&gt;#x1B[0m:1204: in _gcd_import
    #x1B[04m#x1B[91m?#x1B[39;49;00m#x1B[04m#x1B[91m?#x1B[39;49;00m#x1B[04m#x1B[91m?#x1B[39;49;00m#x1B[90m#x1B[39;49;00m
#x1B[1m#x1B[31m&lt;frozen importlib._bootstrap&gt;#x1B[0m:1176: in _find_and_load
    #x1B[04m#x1B[91m?#x1B[39;49;00m#x1B[04m#x1B[91m?#x1B[39;49;00m#x1B[04m#x1B[91m?#x1B[39;49;00m#x1B[90m#x1B[39;49;00m
#x1B[1m#x1B[31m&lt;frozen importlib._bootstrap&gt;#x1B[0m:1147: in _find_and_load_unlocked
    #x1B[04m#x1B[91m?#x1B[39;49;00m#x1B[04m#x1B[91m?#x1B[39;49;00m#x1B[04m#x1B[91m?#x1B[39;49;00m#x1B[90m#x1B[39;49;00m
#x1B[1m#x1B[31m&lt;frozen importlib._bootstrap&gt;#x1B[0m:690: in _load_unlocked
    #x1B[04m#x1B[91m?#x1B[39;49;00m#x1B[04m#x1B[91m?#x1B[39;49;00m#x1B[04m#x1B[91m?#x1B[39;49;00m#x1B[90m#x1B[39;49;00m
#x1B[1m#x1B[31m&lt;frozen importlib._bootstrap_external&gt;#x1B[0m:940: in exec_module
    #x1B[04m#x1B[91m?#x1B[39;49;00m#x1B[04m#x1B[91m?#x1B[39;49;00m#x1B[04m#x1B[91m?#x1B[39;49;00m#x1B[90m#x1B[39;49;00m
#x1B[1m#x1B[31m&lt;frozen importlib._bootstrap&gt;#x1B[0m:241: in _call_with_frames_removed
    #x1B[04m#x1B[91m?#x1B[39;49;00m#x1B[04m#x1B[91m?#x1B[39;49;00m#x1B[04m#x1B[91m?#x1B[39;49;00m#x1B[90m#x1B[39;49;00m
#x1B[1m#x1B[31mexamples\multirotor\drone_mdl_urban.py#x1B[0m:5: in &lt;module&gt;
    #x1B[94mfrom#x1B[39;49;00m #x1B[04m#x1B[96mdrone_mdl_static#x1B[39;49;00m #x1B[94mimport#x1B[39;49;00m EE, Force, Control#x1B[90m#x1B[39;49;00m
#x1B[1m#x1B[31mE   ModuleNotFoundError: No module named 'drone_mdl_static'#x1B[0m</error></testcase><testcase classname="" name="examples.multirotor.opt_drone_rural" time="0.000"><error message="collection failure">#x1B[1m#x1B[31m..\..\..\AppData\Local\anaconda3\Lib\site-packages\_pytest\runner.py#x1B[0m:341: in from_call
    result: Optional[TResult] = func()#x1B[90m#x1B[39;49;00m
#x1B[1m#x1B[31m..\..\..\AppData\Local\anaconda3\Lib\site-packages\_pytest\runner.py#x1B[0m:372: in &lt;lambda&gt;
    call = CallInfo.from_call(#x1B[94mlambda#x1B[39;49;00m: #x1B[96mlist#x1B[39;49;00m(collector.collect()), #x1B[33m"#x1B[39;49;00m#x1B[33mcollect#x1B[39;49;00m#x1B[33m"#x1B[39;49;00m)#x1B[90m#x1B[39;49;00m
#x1B[1m#x1B[31m..\..\..\AppData\Local\anaconda3\Lib\site-packages\_pytest\doctest.py#x1B[0m:547: in collect
    module = import_path(#x1B[90m#x1B[39;49;00m
#x1B[1m#x1B[31m..\..\..\AppData\Local\anaconda3\Lib\site-packages\_pytest\pathlib.py#x1B[0m:565: in import_path
    importlib.import_module(module_name)#x1B[90m#x1B[39;49;00m
#x1B[1m#x1B[31m..\..\..\AppData\Local\anaconda3\Lib\importlib\__init__.py#x1B[0m:126: in import_module
    #x1B[94mreturn#x1B[39;49;00m _bootstrap._gcd_import(name[level:], package, level)#x1B[90m#x1B[39;49;00m
#x1B[1m#x1B[31m&lt;frozen importlib._bootstrap&gt;#x1B[0m:1204: in _gcd_import
    #x1B[04m#x1B[91m?#x1B[39;49;00m#x1B[04m#x1B[91m?#x1B[39;49;00m#x1B[04m#x1B[91m?#x1B[39;49;00m#x1B[90m#x1B[39;49;00m
#x1B[1m#x1B[31m&lt;frozen importlib._bootstrap&gt;#x1B[0m:1176: in _find_and_load
    #x1B[04m#x1B[91m?#x1B[39;49;00m#x1B[04m#x1B[91m?#x1B[39;49;00m#x1B[04m#x1B[91m?#x1B[39;49;00m#x1B[90m#x1B[39;49;00m
#x1B[1m#x1B[31m&lt;frozen importlib._bootstrap&gt;#x1B[0m:1147: in _find_and_load_unlocked
    #x1B[04m#x1B[91m?#x1B[39;49;00m#x1B[04m#x1B[91m?#x1B[39;49;00m#x1B[04m#x1B[91m?#x1B[39;49;00m#x1B[90m#x1B[39;49;00m
#x1B[1m#x1B[31m&lt;frozen importlib._bootstrap&gt;#x1B[0m:690: in _load_unlocked
    #x1B[04m#x1B[91m?#x1B[39;49;00m#x1B[04m#x1B[91m?#x1B[39;49;00m#x1B[04m#x1B[91m?#x1B[39;49;00m#x1B[90m#x1B[39;49;00m
#x1B[1m#x1B[31m&lt;frozen importlib._bootstrap_external&gt;#x1B[0m:940: in exec_module
    #x1B[04m#x1B[91m?#x1B[39;49;00m#x1B[04m#x1B[91m?#x1B[39;49;00m#x1B[04m#x1B[91m?#x1B[39;49;00m#x1B[90m#x1B[39;49;00m
#x1B[1m#x1B[31m&lt;frozen importlib._bootstrap&gt;#x1B[0m:241: in _call_with_frames_removed
    #x1B[04m#x1B[91m?#x1B[39;49;00m#x1B[04m#x1B[91m?#x1B[39;49;00m#x1B[04m#x1B[91m?#x1B[39;49;00m#x1B[90m#x1B[39;49;00m
#x1B[1m#x1B[31mexamples\multirotor\opt_drone_rural.py#x1B[0m:7: in &lt;module&gt;
    #x1B[94mfrom#x1B[39;49;00m #x1B[04m#x1B[96mdrone_mdl_rural#x1B[39;49;00m #x1B[94mimport#x1B[39;49;00m Drone, DroneParam#x1B[90m#x1B[39;49;00m
#x1B[1m#x1B[31mE   ModuleNotFoundError: No module named 'drone_mdl_rural'#x1B[0m</error></testcase><testcase classname="" name="examples.multirotor.test_multirotor" time="0.000"><error message="collection failure">#x1B[1m#x1B[31m..\..\..\AppData\Local\anaconda3\Lib\site-packages\_pytest\runner.py#x1B[0m:341: in from_call
    result: Optional[TResult] = func()#x1B[90m#x1B[39;49;00m
#x1B[1m#x1B[31m..\..\..\AppData\Local\anaconda3\Lib\site-packages\_pytest\runner.py#x1B[0m:372: in &lt;lambda&gt;
    call = CallInfo.from_call(#x1B[94mlambda#x1B[39;49;00m: #x1B[96mlist#x1B[39;49;00m(collector.collect()), #x1B[33m"#x1B[39;49;00m#x1B[33mcollect#x1B[39;49;00m#x1B[33m"#x1B[39;49;00m)#x1B[90m#x1B[39;49;00m
#x1B[1m#x1B[31m..\..\..\AppData\Local\anaconda3\Lib\site-packages\_pytest\doctest.py#x1B[0m:547: in collect
    module = import_path(#x1B[90m#x1B[39;49;00m
#x1B[1m#x1B[31m..\..\..\AppData\Local\anaconda3\Lib\site-packages\_pytest\pathlib.py#x1B[0m:565: in import_path
    importlib.import_module(module_name)#x1B[90m#x1B[39;49;00m
#x1B[1m#x1B[31m..\..\..\AppData\Local\anaconda3\Lib\importlib\__init__.py#x1B[0m:126: in import_module
    #x1B[94mreturn#x1B[39;49;00m _bootstrap._gcd_import(name[level:], package, level)#x1B[90m#x1B[39;49;00m
#x1B[1m#x1B[31m&lt;frozen importlib._bootstrap&gt;#x1B[0m:1204: in _gcd_import
    #x1B[04m#x1B[91m?#x1B[39;49;00m#x1B[04m#x1B[91m?#x1B[39;49;00m#x1B[04m#x1B[91m?#x1B[39;49;00m#x1B[90m#x1B[39;49;00m
#x1B[1m#x1B[31m&lt;frozen importlib._bootstrap&gt;#x1B[0m:1176: in _find_and_load
    #x1B[04m#x1B[91m?#x1B[39;49;00m#x1B[04m#x1B[91m?#x1B[39;49;00m#x1B[04m#x1B[91m?#x1B[39;49;00m#x1B[90m#x1B[39;49;00m
#x1B[1m#x1B[31m&lt;frozen importlib._bootstrap&gt;#x1B[0m:1147: in _find_and_load_unlocked
    #x1B[04m#x1B[91m?#x1B[39;49;00m#x1B[04m#x1B[91m?#x1B[39;49;00m#x1B[04m#x1B[91m?#x1B[39;49;00m#x1B[90m#x1B[39;49;00m
#x1B[1m#x1B[31m&lt;frozen importlib._bootstrap&gt;#x1B[0m:690: in _load_unlocked
    #x1B[04m#x1B[91m?#x1B[39;49;00m#x1B[04m#x1B[91m?#x1B[39;49;00m#x1B[04m#x1B[91m?#x1B[39;49;00m#x1B[90m#x1B[39;49;00m
#x1B[1m#x1B[31m..\..\..\AppData\Local\anaconda3\Lib\site-packages\_pytest\assertion\rewrite.py#x1B[0m:178: in exec_module
    exec(co, module.#x1B[91m__dict__#x1B[39;49;00m)#x1B[90m#x1B[39;49;00m
#x1B[1m#x1B[31mexamples\multirotor\test_multirotor.py#x1B[0m:8: in &lt;module&gt;
    #x1B[94mfrom#x1B[39;49;00m #x1B[04m#x1B[96mexamples#x1B[39;49;00m#x1B[04m#x1B[96m.#x1B[39;49;00m#x1B[04m#x1B[96mmultirotor#x1B[39;49;00m#x1B[04m#x1B[96m.#x1B[39;49;00m#x1B[04m#x1B[96mopt_drone_rural#x1B[39;49;00m #x1B[94mimport#x1B[39;49;00m opt_prob, x_to_rcost, x_to_ocost#x1B[90m#x1B[39;49;00m
#x1B[1m#x1B[31mexamples\multirotor\opt_drone_rural.py#x1B[0m:7: in &lt;module&gt;
    #x1B[94mfrom#x1B[39;49;00m #x1B[04m#x1B[96mdrone_mdl_rural#x1B[39;49;00m #x1B[94mimport#x1B[39;49;00m Drone, DroneParam#x1B[90m#x1B[39;49;00m
#x1B[1m#x1B[31mE   ModuleNotFoundError: No module named 'drone_mdl_rural'#x1B[0m</error><error message="collection failure">#x1B[31mImportError while importing test module 'C:\Users\dhulse\Documents\GitHub\fmdtools\examples\multirotor\test_multirotor.py'.
Hint: make sure your test modules/packages have valid Python names.
Traceback:
#x1B[1m#x1B[31m..\..\..\AppData\Local\anaconda3\Lib\importlib\__init__.py#x1B[0m:126: in import_module
    #x1B[94mreturn#x1B[39;49;00m _bootstrap._gcd_import(name[level:], package, level)#x1B[90m#x1B[39;49;00m
#x1B[1m#x1B[31mexamples\multirotor\test_multirotor.py#x1B[0m:8: in &lt;module&gt;
    #x1B[94mfrom#x1B[39;49;00m #x1B[04m#x1B[96mexamples#x1B[39;49;00m#x1B[04m#x1B[96m.#x1B[39;49;00m#x1B[04m#x1B[96mmultirotor#x1B[39;49;00m#x1B[04m#x1B[96m.#x1B[39;49;00m#x1B[04m#x1B[96mopt_drone_rural#x1B[39;49;00m #x1B[94mimport#x1B[39;49;00m opt_prob, x_to_rcost, x_to_ocost#x1B[90m#x1B[39;49;00m
#x1B[1m#x1B[31mexamples\multirotor\opt_drone_rural.py#x1B[0m:7: in &lt;module&gt;
    #x1B[94mfrom#x1B[39;49;00m #x1B[04m#x1B[96mdrone_mdl_rural#x1B[39;49;00m #x1B[94mimport#x1B[39;49;00m Drone, DroneParam#x1B[90m#x1B[39;49;00m
#x1B[1m#x1B[31mE   ModuleNotFoundError: No module named 'drone_mdl_rural'#x1B[0m#x1B[0m</error></testcase><testcase classname="" name="examples.pump.jointfaults_ex" time="0.000"><error message="collection failure">#x1B[1m#x1B[31m..\..\..\AppData\Local\anaconda3\Lib\site-packages\_pytest\runner.py#x1B[0m:341: in from_call
    result: Optional[TResult] = func()#x1B[90m#x1B[39;49;00m
#x1B[1m#x1B[31m..\..\..\AppData\Local\anaconda3\Lib\site-packages\_pytest\runner.py#x1B[0m:372: in &lt;lambda&gt;
    call = CallInfo.from_call(#x1B[94mlambda#x1B[39;49;00m: #x1B[96mlist#x1B[39;49;00m(collector.collect()), #x1B[33m"#x1B[39;49;00m#x1B[33mcollect#x1B[39;49;00m#x1B[33m"#x1B[39;49;00m)#x1B[90m#x1B[39;49;00m
#x1B[1m#x1B[31m..\..\..\AppData\Local\anaconda3\Lib\site-packages\_pytest\doctest.py#x1B[0m:547: in collect
    module = import_path(#x1B[90m#x1B[39;49;00m
#x1B[1m#x1B[31m..\..\..\AppData\Local\anaconda3\Lib\site-packages\_pytest\pathlib.py#x1B[0m:565: in import_path
    importlib.import_module(module_name)#x1B[90m#x1B[39;49;00m
#x1B[1m#x1B[31m..\..\..\AppData\Local\anaconda3\Lib\importlib\__init__.py#x1B[0m:126: in import_module
    #x1B[94mreturn#x1B[39;49;00m _bootstrap._gcd_import(name[level:], package, level)#x1B[90m#x1B[39;49;00m
#x1B[1m#x1B[31m&lt;frozen importlib._bootstrap&gt;#x1B[0m:1204: in _gcd_import
    #x1B[04m#x1B[91m?#x1B[39;49;00m#x1B[04m#x1B[91m?#x1B[39;49;00m#x1B[04m#x1B[91m?#x1B[39;49;00m#x1B[90m#x1B[39;49;00m
#x1B[1m#x1B[31m&lt;frozen importlib._bootstrap&gt;#x1B[0m:1176: in _find_and_load
    #x1B[04m#x1B[91m?#x1B[39;49;00m#x1B[04m#x1B[91m?#x1B[39;49;00m#x1B[04m#x1B[91m?#x1B[39;49;00m#x1B[90m#x1B[39;49;00m
#x1B[1m#x1B[31m&lt;frozen importlib._bootstrap&gt;#x1B[0m:1147: in _find_and_load_unlocked
    #x1B[04m#x1B[91m?#x1B[39;49;00m#x1B[04m#x1B[91m?#x1B[39;49;00m#x1B[04m#x1B[91m?#x1B[39;49;00m#x1B[90m#x1B[39;49;00m
#x1B[1m#x1B[31m&lt;frozen importlib._bootstrap&gt;#x1B[0m:690: in _load_unlocked
    #x1B[04m#x1B[91m?#x1B[39;49;00m#x1B[04m#x1B[91m?#x1B[39;49;00m#x1B[04m#x1B[91m?#x1B[39;49;00m#x1B[90m#x1B[39;49;00m
#x1B[1m#x1B[31m&lt;frozen importlib._bootstrap_external&gt;#x1B[0m:940: in exec_module
    #x1B[04m#x1B[91m?#x1B[39;49;00m#x1B[04m#x1B[91m?#x1B[39;49;00m#x1B[04m#x1B[91m?#x1B[39;49;00m#x1B[90m#x1B[39;49;00m
#x1B[1m#x1B[31m&lt;frozen importlib._bootstrap&gt;#x1B[0m:241: in _call_with_frames_removed
    #x1B[04m#x1B[91m?#x1B[39;49;00m#x1B[04m#x1B[91m?#x1B[39;49;00m#x1B[04m#x1B[91m?#x1B[39;49;00m#x1B[90m#x1B[39;49;00m
#x1B[1m#x1B[31mexamples\pump\jointfaults_ex.py#x1B[0m:12: in &lt;module&gt;
    #x1B[94mfrom#x1B[39;49;00m #x1B[04m#x1B[96mex_pump#x1B[39;49;00m #x1B[94mimport#x1B[39;49;00m Pump  #x1B[90m# required to import entire module#x1B[39;49;00m#x1B[90m#x1B[39;49;00m
#x1B[1m#x1B[31mE   ModuleNotFoundError: No module named 'ex_pump'#x1B[0m</error></testcase><testcase classname="" name="examples.pump.parallelism_methods" time="0.000"><error message="collection failure">#x1B[1m#x1B[31m..\..\..\AppData\Local\anaconda3\Lib\site-packages\_pytest\runner.py#x1B[0m:341: in from_call
    result: Optional[TResult] = func()#x1B[90m#x1B[39;49;00m
#x1B[1m#x1B[31m..\..\..\AppData\Local\anaconda3\Lib\site-packages\_pytest\runner.py#x1B[0m:372: in &lt;lambda&gt;
    call = CallInfo.from_call(#x1B[94mlambda#x1B[39;49;00m: #x1B[96mlist#x1B[39;49;00m(collector.collect()), #x1B[33m"#x1B[39;49;00m#x1B[33mcollect#x1B[39;49;00m#x1B[33m"#x1B[39;49;00m)#x1B[90m#x1B[39;49;00m
#x1B[1m#x1B[31m..\..\..\AppData\Local\anaconda3\Lib\site-packages\_pytest\doctest.py#x1B[0m:547: in collect
    module = import_path(#x1B[90m#x1B[39;49;00m
#x1B[1m#x1B[31m..\..\..\AppData\Local\anaconda3\Lib\site-packages\_pytest\pathlib.py#x1B[0m:565: in import_path
    importlib.import_module(module_name)#x1B[90m#x1B[39;49;00m
#x1B[1m#x1B[31m..\..\..\AppData\Local\anaconda3\Lib\importlib\__init__.py#x1B[0m:126: in import_module
    #x1B[94mreturn#x1B[39;49;00m _bootstrap._gcd_import(name[level:], package, level)#x1B[90m#x1B[39;49;00m
#x1B[1m#x1B[31m&lt;frozen importlib._bootstrap&gt;#x1B[0m:1204: in _gcd_import
    #x1B[04m#x1B[91m?#x1B[39;49;00m#x1B[04m#x1B[91m?#x1B[39;49;00m#x1B[04m#x1B[91m?#x1B[39;49;00m#x1B[90m#x1B[39;49;00m
#x1B[1m#x1B[31m&lt;frozen importlib._bootstrap&gt;#x1B[0m:1176: in _find_and_load
    #x1B[04m#x1B[91m?#x1B[39;49;00m#x1B[04m#x1B[91m?#x1B[39;49;00m#x1B[04m#x1B[91m?#x1B[39;49;00m#x1B[90m#x1B[39;49;00m
#x1B[1m#x1B[31m&lt;frozen importlib._bootstrap&gt;#x1B[0m:1147: in _find_and_load_unlocked
    #x1B[04m#x1B[91m?#x1B[39;49;00m#x1B[04m#x1B[91m?#x1B[39;49;00m#x1B[04m#x1B[91m?#x1B[39;49;00m#x1B[90m#x1B[39;49;00m
#x1B[1m#x1B[31m&lt;frozen importlib._bootstrap&gt;#x1B[0m:690: in _load_unlocked
    #x1B[04m#x1B[91m?#x1B[39;49;00m#x1B[04m#x1B[91m?#x1B[39;49;00m#x1B[04m#x1B[91m?#x1B[39;49;00m#x1B[90m#x1B[39;49;00m
#x1B[1m#x1B[31m&lt;frozen importlib._bootstrap_external&gt;#x1B[0m:940: in exec_module
    #x1B[04m#x1B[91m?#x1B[39;49;00m#x1B[04m#x1B[91m?#x1B[39;49;00m#x1B[04m#x1B[91m?#x1B[39;49;00m#x1B[90m#x1B[39;49;00m
#x1B[1m#x1B[31m&lt;frozen importlib._bootstrap&gt;#x1B[0m:241: in _call_with_frames_removed
    #x1B[04m#x1B[91m?#x1B[39;49;00m#x1B[04m#x1B[91m?#x1B[39;49;00m#x1B[04m#x1B[91m?#x1B[39;49;00m#x1B[90m#x1B[39;49;00m
#x1B[1m#x1B[31mexamples\pump\parallelism_methods.py#x1B[0m:8: in &lt;module&gt;
    #x1B[94mfrom#x1B[39;49;00m #x1B[04m#x1B[96mex_pump#x1B[39;49;00m #x1B[94mimport#x1B[39;49;00m *#x1B[90m#x1B[39;49;00m
#x1B[1m#x1B[31mE   ModuleNotFoundError: No module named 'ex_pump'#x1B[0m</error></testcase><testcase classname="" name="examples.rover.form_testing" time="0.000"><error message="collection failure">#x1B[1m#x1B[31m..\..\..\AppData\Local\anaconda3\Lib\site-packages\_pytest\runner.py#x1B[0m:341: in from_call
    result: Optional[TResult] = func()#x1B[90m#x1B[39;49;00m
#x1B[1m#x1B[31m..\..\..\AppData\Local\anaconda3\Lib\site-packages\_pytest\runner.py#x1B[0m:372: in &lt;lambda&gt;
    call = CallInfo.from_call(#x1B[94mlambda#x1B[39;49;00m: #x1B[96mlist#x1B[39;49;00m(collector.collect()), #x1B[33m"#x1B[39;49;00m#x1B[33mcollect#x1B[39;49;00m#x1B[33m"#x1B[39;49;00m)#x1B[90m#x1B[39;49;00m
#x1B[1m#x1B[31m..\..\..\AppData\Local\anaconda3\Lib\site-packages\_pytest\doctest.py#x1B[0m:547: in collect
    module = import_path(#x1B[90m#x1B[39;49;00m
#x1B[1m#x1B[31m..\..\..\AppData\Local\anaconda3\Lib\site-packages\_pytest\pathlib.py#x1B[0m:565: in import_path
    importlib.import_module(module_name)#x1B[90m#x1B[39;49;00m
#x1B[1m#x1B[31m..\..\..\AppData\Local\anaconda3\Lib\importlib\__init__.py#x1B[0m:126: in import_module
    #x1B[94mreturn#x1B[39;49;00m _bootstrap._gcd_import(name[level:], package, level)#x1B[90m#x1B[39;49;00m
#x1B[1m#x1B[31m&lt;frozen importlib._bootstrap&gt;#x1B[0m:1204: in _gcd_import
    #x1B[04m#x1B[91m?#x1B[39;49;00m#x1B[04m#x1B[91m?#x1B[39;49;00m#x1B[04m#x1B[91m?#x1B[39;49;00m#x1B[90m#x1B[39;49;00m
#x1B[1m#x1B[31m&lt;frozen importlib._bootstrap&gt;#x1B[0m:1176: in _find_and_load
    #x1B[04m#x1B[91m?#x1B[39;49;00m#x1B[04m#x1B[91m?#x1B[39;49;00m#x1B[04m#x1B[91m?#x1B[39;49;00m#x1B[90m#x1B[39;49;00m
#x1B[1m#x1B[31m&lt;frozen importlib._bootstrap&gt;#x1B[0m:1147: in _find_and_load_unlocked
    #x1B[04m#x1B[91m?#x1B[39;49;00m#x1B[04m#x1B[91m?#x1B[39;49;00m#x1B[04m#x1B[91m?#x1B[39;49;00m#x1B[90m#x1B[39;49;00m
#x1B[1m#x1B[31m&lt;frozen importlib._bootstrap&gt;#x1B[0m:690: in _load_unlocked
    #x1B[04m#x1B[91m?#x1B[39;49;00m#x1B[04m#x1B[91m?#x1B[39;49;00m#x1B[04m#x1B[91m?#x1B[39;49;00m#x1B[90m#x1B[39;49;00m
#x1B[1m#x1B[31m&lt;frozen importlib._bootstrap_external&gt;#x1B[0m:940: in exec_module
    #x1B[04m#x1B[91m?#x1B[39;49;00m#x1B[04m#x1B[91m?#x1B[39;49;00m#x1B[04m#x1B[91m?#x1B[39;49;00m#x1B[90m#x1B[39;49;00m
#x1B[1m#x1B[31m&lt;frozen importlib._bootstrap&gt;#x1B[0m:241: in _call_with_frames_removed
    #x1B[04m#x1B[91m?#x1B[39;49;00m#x1B[04m#x1B[91m?#x1B[39;49;00m#x1B[04m#x1B[91m?#x1B[39;49;00m#x1B[90m#x1B[39;49;00m
#x1B[1m#x1B[31mexamples\rover\form_testing.py#x1B[0m:17: in &lt;module&gt;
    path = PathLine()#x1B[90m#x1B[39;49;00m
#x1B[1m#x1B[31mE   NameError: name 'PathLine' is not defined#x1B[0m</error></testcase><testcase classname="" name="examples.rover.opt_rover" time="0.000"><error message="collection failure">#x1B[1m#x1B[31m..\..\..\AppData\Local\anaconda3\Lib\site-packages\_pytest\runner.py#x1B[0m:341: in from_call
    result: Optional[TResult] = func()#x1B[90m#x1B[39;49;00m
#x1B[1m#x1B[31m..\..\..\AppData\Local\anaconda3\Lib\site-packages\_pytest\runner.py#x1B[0m:372: in &lt;lambda&gt;
    call = CallInfo.from_call(#x1B[94mlambda#x1B[39;49;00m: #x1B[96mlist#x1B[39;49;00m(collector.collect()), #x1B[33m"#x1B[39;49;00m#x1B[33mcollect#x1B[39;49;00m#x1B[33m"#x1B[39;49;00m)#x1B[90m#x1B[39;49;00m
#x1B[1m#x1B[31m..\..\..\AppData\Local\anaconda3\Lib\site-packages\_pytest\doctest.py#x1B[0m:547: in collect
    module = import_path(#x1B[90m#x1B[39;49;00m
#x1B[1m#x1B[31m..\..\..\AppData\Local\anaconda3\Lib\site-packages\_pytest\pathlib.py#x1B[0m:565: in import_path
    importlib.import_module(module_name)#x1B[90m#x1B[39;49;00m
#x1B[1m#x1B[31m..\..\..\AppData\Local\anaconda3\Lib\importlib\__init__.py#x1B[0m:126: in import_module
    #x1B[94mreturn#x1B[39;49;00m _bootstrap._gcd_import(name[level:], package, level)#x1B[90m#x1B[39;49;00m
#x1B[1m#x1B[31m&lt;frozen importlib._bootstrap&gt;#x1B[0m:1204: in _gcd_import
    #x1B[04m#x1B[91m?#x1B[39;49;00m#x1B[04m#x1B[91m?#x1B[39;49;00m#x1B[04m#x1B[91m?#x1B[39;49;00m#x1B[90m#x1B[39;49;00m
#x1B[1m#x1B[31m&lt;frozen importlib._bootstrap&gt;#x1B[0m:1176: in _find_and_load
    #x1B[04m#x1B[91m?#x1B[39;49;00m#x1B[04m#x1B[91m?#x1B[39;49;00m#x1B[04m#x1B[91m?#x1B[39;49;00m#x1B[90m#x1B[39;49;00m
#x1B[1m#x1B[31m&lt;frozen importlib._bootstrap&gt;#x1B[0m:1147: in _find_and_load_unlocked
    #x1B[04m#x1B[91m?#x1B[39;49;00m#x1B[04m#x1B[91m?#x1B[39;49;00m#x1B[04m#x1B[91m?#x1B[39;49;00m#x1B[90m#x1B[39;49;00m
#x1B[1m#x1B[31m&lt;frozen importlib._bootstrap&gt;#x1B[0m:690: in _load_unlocked
    #x1B[04m#x1B[91m?#x1B[39;49;00m#x1B[04m#x1B[91m?#x1B[39;49;00m#x1B[04m#x1B[91m?#x1B[39;49;00m#x1B[90m#x1B[39;49;00m
#x1B[1m#x1B[31m&lt;frozen importlib._bootstrap_external&gt;#x1B[0m:940: in exec_module
    #x1B[04m#x1B[91m?#x1B[39;49;00m#x1B[04m#x1B[91m?#x1B[39;49;00m#x1B[04m#x1B[91m?#x1B[39;49;00m#x1B[90m#x1B[39;49;00m
#x1B[1m#x1B[31m&lt;frozen importlib._bootstrap&gt;#x1B[0m:241: in _call_with_frames_removed
    #x1B[04m#x1B[91m?#x1B[39;49;00m#x1B[04m#x1B[91m?#x1B[39;49;00m#x1B[04m#x1B[91m?#x1B[39;49;00m#x1B[90m#x1B[39;49;00m
#x1B[1m#x1B[31mexamples\rover\opt_rover.py#x1B[0m:15: in &lt;module&gt;
    #x1B[94mimport#x1B[39;49;00m #x1B[04m#x1B[96mmultiprocess#x1B[39;49;00m #x1B[94mas#x1B[39;49;00m #x1B[04m#x1B[96mmp#x1B[39;49;00m#x1B[90m#x1B[39;49;00m
#x1B[1m#x1B[31mE   ModuleNotFoundError: No module named 'multiprocess'#x1B[0m</error></testcase><testcase classname="" name="examples.rover.rover_degradation" time="0.000"><error message="collection failure">#x1B[1m#x1B[31m..\..\..\AppData\Local\anaconda3\Lib\site-packages\_pytest\runner.py#x1B[0m:341: in from_call
    result: Optional[TResult] = func()#x1B[90m#x1B[39;49;00m
#x1B[1m#x1B[31m..\..\..\AppData\Local\anaconda3\Lib\site-packages\_pytest\runner.py#x1B[0m:372: in &lt;lambda&gt;
    call = CallInfo.from_call(#x1B[94mlambda#x1B[39;49;00m: #x1B[96mlist#x1B[39;49;00m(collector.collect()), #x1B[33m"#x1B[39;49;00m#x1B[33mcollect#x1B[39;49;00m#x1B[33m"#x1B[39;49;00m)#x1B[90m#x1B[39;49;00m
#x1B[1m#x1B[31m..\..\..\AppData\Local\anaconda3\Lib\site-packages\_pytest\doctest.py#x1B[0m:547: in collect
    module = import_path(#x1B[90m#x1B[39;49;00m
#x1B[1m#x1B[31m..\..\..\AppData\Local\anaconda3\Lib\site-packages\_pytest\pathlib.py#x1B[0m:565: in import_path
    importlib.import_module(module_name)#x1B[90m#x1B[39;49;00m
#x1B[1m#x1B[31m..\..\..\AppData\Local\anaconda3\Lib\importlib\__init__.py#x1B[0m:126: in import_module
    #x1B[94mreturn#x1B[39;49;00m _bootstrap._gcd_import(name[level:], package, level)#x1B[90m#x1B[39;49;00m
#x1B[1m#x1B[31m&lt;frozen importlib._bootstrap&gt;#x1B[0m:1204: in _gcd_import
    #x1B[04m#x1B[91m?#x1B[39;49;00m#x1B[04m#x1B[91m?#x1B[39;49;00m#x1B[04m#x1B[91m?#x1B[39;49;00m#x1B[90m#x1B[39;49;00m
#x1B[1m#x1B[31m&lt;frozen importlib._bootstrap&gt;#x1B[0m:1176: in _find_and_load
    #x1B[04m#x1B[91m?#x1B[39;49;00m#x1B[04m#x1B[91m?#x1B[39;49;00m#x1B[04m#x1B[91m?#x1B[39;49;00m#x1B[90m#x1B[39;49;00m
#x1B[1m#x1B[31m&lt;frozen importlib._bootstrap&gt;#x1B[0m:1147: in _find_and_load_unlocked
    #x1B[04m#x1B[91m?#x1B[39;49;00m#x1B[04m#x1B[91m?#x1B[39;49;00m#x1B[04m#x1B[91m?#x1B[39;49;00m#x1B[90m#x1B[39;49;00m
#x1B[1m#x1B[31m&lt;frozen importlib._bootstrap&gt;#x1B[0m:690: in _load_unlocked
    #x1B[04m#x1B[91m?#x1B[39;49;00m#x1B[04m#x1B[91m?#x1B[39;49;00m#x1B[04m#x1B[91m?#x1B[39;49;00m#x1B[90m#x1B[39;49;00m
#x1B[1m#x1B[31m&lt;frozen importlib._bootstrap_external&gt;#x1B[0m:940: in exec_module
    #x1B[04m#x1B[91m?#x1B[39;49;00m#x1B[04m#x1B[91m?#x1B[39;49;00m#x1B[04m#x1B[91m?#x1B[39;49;00m#x1B[90m#x1B[39;49;00m
#x1B[1m#x1B[31m&lt;frozen importlib._bootstrap&gt;#x1B[0m:241: in _call_with_frames_removed
    #x1B[04m#x1B[91m?#x1B[39;49;00m#x1B[04m#x1B[91m?#x1B[39;49;00m#x1B[04m#x1B[91m?#x1B[39;49;00m#x1B[90m#x1B[39;49;00m
#x1B[1m#x1B[31mexamples\rover\rover_degradation.py#x1B[0m:17: in &lt;module&gt;
    #x1B[94mfrom#x1B[39;49;00m #x1B[04m#x1B[96mrover_model#x1B[39;49;00m #x1B[94mimport#x1B[39;49;00m Rover, plot_trajectories, DegParam#x1B[90m#x1B[39;49;00m
#x1B[1m#x1B[31mE   ModuleNotFoundError: No module named 'rover_model'#x1B[0m</error></testcase><testcase classname="" name="examples.rover.rover_dump" time="0.000"><error message="collection failure">#x1B[1m#x1B[31m..\..\..\AppData\Local\anaconda3\Lib\site-packages\_pytest\runner.py#x1B[0m:341: in from_call
    result: Optional[TResult] = func()#x1B[90m#x1B[39;49;00m
#x1B[1m#x1B[31m..\..\..\AppData\Local\anaconda3\Lib\site-packages\_pytest\runner.py#x1B[0m:372: in &lt;lambda&gt;
    call = CallInfo.from_call(#x1B[94mlambda#x1B[39;49;00m: #x1B[96mlist#x1B[39;49;00m(collector.collect()), #x1B[33m"#x1B[39;49;00m#x1B[33mcollect#x1B[39;49;00m#x1B[33m"#x1B[39;49;00m)#x1B[90m#x1B[39;49;00m
#x1B[1m#x1B[31m..\..\..\AppData\Local\anaconda3\Lib\site-packages\_pytest\doctest.py#x1B[0m:547: in collect
    module = import_path(#x1B[90m#x1B[39;49;00m
#x1B[1m#x1B[31m..\..\..\AppData\Local\anaconda3\Lib\site-packages\_pytest\pathlib.py#x1B[0m:565: in import_path
    importlib.import_module(module_name)#x1B[90m#x1B[39;49;00m
#x1B[1m#x1B[31m..\..\..\AppData\Local\anaconda3\Lib\importlib\__init__.py#x1B[0m:126: in import_module
    #x1B[94mreturn#x1B[39;49;00m _bootstrap._gcd_import(name[level:], package, level)#x1B[90m#x1B[39;49;00m
#x1B[1m#x1B[31m&lt;frozen importlib._bootstrap&gt;#x1B[0m:1204: in _gcd_import
    #x1B[04m#x1B[91m?#x1B[39;49;00m#x1B[04m#x1B[91m?#x1B[39;49;00m#x1B[04m#x1B[91m?#x1B[39;49;00m#x1B[90m#x1B[39;49;00m
#x1B[1m#x1B[31m&lt;frozen importlib._bootstrap&gt;#x1B[0m:1176: in _find_and_load
    #x1B[04m#x1B[91m?#x1B[39;49;00m#x1B[04m#x1B[91m?#x1B[39;49;00m#x1B[04m#x1B[91m?#x1B[39;49;00m#x1B[90m#x1B[39;49;00m
#x1B[1m#x1B[31m&lt;frozen importlib._bootstrap&gt;#x1B[0m:1147: in _find_and_load_unlocked
    #x1B[04m#x1B[91m?#x1B[39;49;00m#x1B[04m#x1B[91m?#x1B[39;49;00m#x1B[04m#x1B[91m?#x1B[39;49;00m#x1B[90m#x1B[39;49;00m
#x1B[1m#x1B[31m&lt;frozen importlib._bootstrap&gt;#x1B[0m:690: in _load_unlocked
    #x1B[04m#x1B[91m?#x1B[39;49;00m#x1B[04m#x1B[91m?#x1B[39;49;00m#x1B[04m#x1B[91m?#x1B[39;49;00m#x1B[90m#x1B[39;49;00m
#x1B[1m#x1B[31m&lt;frozen importlib._bootstrap_external&gt;#x1B[0m:940: in exec_module
    #x1B[04m#x1B[91m?#x1B[39;49;00m#x1B[04m#x1B[91m?#x1B[39;49;00m#x1B[04m#x1B[91m?#x1B[39;49;00m#x1B[90m#x1B[39;49;00m
#x1B[1m#x1B[31m&lt;frozen importlib._bootstrap&gt;#x1B[0m:241: in _call_with_frames_removed
    #x1B[04m#x1B[91m?#x1B[39;49;00m#x1B[04m#x1B[91m?#x1B[39;49;00m#x1B[04m#x1B[91m?#x1B[39;49;00m#x1B[90m#x1B[39;49;00m
#x1B[1m#x1B[31mexamples\rover\rover_dump.py#x1B[0m:7: in &lt;module&gt;
    #x1B[94mfrom#x1B[39;49;00m #x1B[04m#x1B[96mrover_model#x1B[39;49;00m #x1B[94mimport#x1B[39;49;00m Rover, RoverParam#x1B[90m#x1B[39;49;00m
#x1B[1m#x1B[31mE   ModuleNotFoundError: No module named 'rover_model'#x1B[0m</error></testcase><testcase classname="" name="examples.rover.rover_mode_space" time="0.000"><error message="collection failure">#x1B[1m#x1B[31m..\..\..\AppData\Local\anaconda3\Lib\site-packages\_pytest\runner.py#x1B[0m:341: in from_call
    result: Optional[TResult] = func()#x1B[90m#x1B[39;49;00m
#x1B[1m#x1B[31m..\..\..\AppData\Local\anaconda3\Lib\site-packages\_pytest\runner.py#x1B[0m:372: in &lt;lambda&gt;
    call = CallInfo.from_call(#x1B[94mlambda#x1B[39;49;00m: #x1B[96mlist#x1B[39;49;00m(collector.collect()), #x1B[33m"#x1B[39;49;00m#x1B[33mcollect#x1B[39;49;00m#x1B[33m"#x1B[39;49;00m)#x1B[90m#x1B[39;49;00m
#x1B[1m#x1B[31m..\..\..\AppData\Local\anaconda3\Lib\site-packages\_pytest\doctest.py#x1B[0m:547: in collect
    module = import_path(#x1B[90m#x1B[39;49;00m
#x1B[1m#x1B[31m..\..\..\AppData\Local\anaconda3\Lib\site-packages\_pytest\pathlib.py#x1B[0m:565: in import_path
    importlib.import_module(module_name)#x1B[90m#x1B[39;49;00m
#x1B[1m#x1B[31m..\..\..\AppData\Local\anaconda3\Lib\importlib\__init__.py#x1B[0m:126: in import_module
    #x1B[94mreturn#x1B[39;49;00m _bootstrap._gcd_import(name[level:], package, level)#x1B[90m#x1B[39;49;00m
#x1B[1m#x1B[31m&lt;frozen importlib._bootstrap&gt;#x1B[0m:1204: in _gcd_import
    #x1B[04m#x1B[91m?#x1B[39;49;00m#x1B[04m#x1B[91m?#x1B[39;49;00m#x1B[04m#x1B[91m?#x1B[39;49;00m#x1B[90m#x1B[39;49;00m
#x1B[1m#x1B[31m&lt;frozen importlib._bootstrap&gt;#x1B[0m:1176: in _find_and_load
    #x1B[04m#x1B[91m?#x1B[39;49;00m#x1B[04m#x1B[91m?#x1B[39;49;00m#x1B[04m#x1B[91m?#x1B[39;49;00m#x1B[90m#x1B[39;49;00m
#x1B[1m#x1B[31m&lt;frozen importlib._bootstrap&gt;#x1B[0m:1147: in _find_and_load_unlocked
    #x1B[04m#x1B[91m?#x1B[39;49;00m#x1B[04m#x1B[91m?#x1B[39;49;00m#x1B[04m#x1B[91m?#x1B[39;49;00m#x1B[90m#x1B[39;49;00m
#x1B[1m#x1B[31m&lt;frozen importlib._bootstrap&gt;#x1B[0m:690: in _load_unlocked
    #x1B[04m#x1B[91m?#x1B[39;49;00m#x1B[04m#x1B[91m?#x1B[39;49;00m#x1B[04m#x1B[91m?#x1B[39;49;00m#x1B[90m#x1B[39;49;00m
#x1B[1m#x1B[31m&lt;frozen importlib._bootstrap_external&gt;#x1B[0m:940: in exec_module
    #x1B[04m#x1B[91m?#x1B[39;49;00m#x1B[04m#x1B[91m?#x1B[39;49;00m#x1B[04m#x1B[91m?#x1B[39;49;00m#x1B[90m#x1B[39;49;00m
#x1B[1m#x1B[31m&lt;frozen importlib._bootstrap&gt;#x1B[0m:241: in _call_with_frames_removed
    #x1B[04m#x1B[91m?#x1B[39;49;00m#x1B[04m#x1B[91m?#x1B[39;49;00m#x1B[04m#x1B[91m?#x1B[39;49;00m#x1B[90m#x1B[39;49;00m
#x1B[1m#x1B[31mexamples\rover\rover_mode_space.py#x1B[0m:7: in &lt;module&gt;
    #x1B[94mfrom#x1B[39;49;00m #x1B[04m#x1B[96mrover_model#x1B[39;49;00m #x1B[94mimport#x1B[39;49;00m Rover, RoverParam#x1B[90m#x1B[39;49;00m
#x1B[1m#x1B[31mE   ModuleNotFoundError: No module named 'rover_model'#x1B[0m</error></testcase><testcase classname="" name="examples.rover.rover_model_human" time="0.000"><error message="collection failure">#x1B[1m#x1B[31m..\..\..\AppData\Local\anaconda3\Lib\site-packages\_pytest\runner.py#x1B[0m:341: in from_call
    result: Optional[TResult] = func()#x1B[90m#x1B[39;49;00m
#x1B[1m#x1B[31m..\..\..\AppData\Local\anaconda3\Lib\site-packages\_pytest\runner.py#x1B[0m:372: in &lt;lambda&gt;
    call = CallInfo.from_call(#x1B[94mlambda#x1B[39;49;00m: #x1B[96mlist#x1B[39;49;00m(collector.collect()), #x1B[33m"#x1B[39;49;00m#x1B[33mcollect#x1B[39;49;00m#x1B[33m"#x1B[39;49;00m)#x1B[90m#x1B[39;49;00m
#x1B[1m#x1B[31m..\..\..\AppData\Local\anaconda3\Lib\site-packages\_pytest\doctest.py#x1B[0m:547: in collect
    module = import_path(#x1B[90m#x1B[39;49;00m
#x1B[1m#x1B[31m..\..\..\AppData\Local\anaconda3\Lib\site-packages\_pytest\pathlib.py#x1B[0m:565: in import_path
    importlib.import_module(module_name)#x1B[90m#x1B[39;49;00m
#x1B[1m#x1B[31m..\..\..\AppData\Local\anaconda3\Lib\importlib\__init__.py#x1B[0m:126: in import_module
    #x1B[94mreturn#x1B[39;49;00m _bootstrap._gcd_import(name[level:], package, level)#x1B[90m#x1B[39;49;00m
#x1B[1m#x1B[31m&lt;frozen importlib._bootstrap&gt;#x1B[0m:1204: in _gcd_import
    #x1B[04m#x1B[91m?#x1B[39;49;00m#x1B[04m#x1B[91m?#x1B[39;49;00m#x1B[04m#x1B[91m?#x1B[39;49;00m#x1B[90m#x1B[39;49;00m
#x1B[1m#x1B[31m&lt;frozen importlib._bootstrap&gt;#x1B[0m:1176: in _find_and_load
    #x1B[04m#x1B[91m?#x1B[39;49;00m#x1B[04m#x1B[91m?#x1B[39;49;00m#x1B[04m#x1B[91m?#x1B[39;49;00m#x1B[90m#x1B[39;49;00m
#x1B[1m#x1B[31m&lt;frozen importlib._bootstrap&gt;#x1B[0m:1147: in _find_and_load_unlocked
    #x1B[04m#x1B[91m?#x1B[39;49;00m#x1B[04m#x1B[91m?#x1B[39;49;00m#x1B[04m#x1B[91m?#x1B[39;49;00m#x1B[90m#x1B[39;49;00m
#x1B[1m#x1B[31m&lt;frozen importlib._bootstrap&gt;#x1B[0m:690: in _load_unlocked
    #x1B[04m#x1B[91m?#x1B[39;49;00m#x1B[04m#x1B[91m?#x1B[39;49;00m#x1B[04m#x1B[91m?#x1B[39;49;00m#x1B[90m#x1B[39;49;00m
#x1B[1m#x1B[31m&lt;frozen importlib._bootstrap_external&gt;#x1B[0m:940: in exec_module
    #x1B[04m#x1B[91m?#x1B[39;49;00m#x1B[04m#x1B[91m?#x1B[39;49;00m#x1B[04m#x1B[91m?#x1B[39;49;00m#x1B[90m#x1B[39;49;00m
#x1B[1m#x1B[31m&lt;frozen importlib._bootstrap&gt;#x1B[0m:241: in _call_with_frames_removed
    #x1B[04m#x1B[91m?#x1B[39;49;00m#x1B[04m#x1B[91m?#x1B[39;49;00m#x1B[04m#x1B[91m?#x1B[39;49;00m#x1B[90m#x1B[39;49;00m
#x1B[1m#x1B[31mexamples\rover\rover_model_human.py#x1B[0m:37: in &lt;module&gt;
    #x1B[94mfrom#x1B[39;49;00m #x1B[04m#x1B[96mrover_model#x1B[39;49;00m #x1B[94mimport#x1B[39;49;00m translate_angle, turn_func, sin_func, sin_angle_func, in_area, dist, find_line_dist, gen_param_space#x1B[90m#x1B[39;49;00m
#x1B[1m#x1B[31mE   ModuleNotFoundError: No module named 'rover_model'#x1B[0m</error></testcase><testcase classname="" name="examples.rover.test_rover" time="0.000"><error message="collection failure">#x1B[1m#x1B[31mfmdtools\define\parameter.py#x1B[0m:63: in __init__
    #x1B[96msuper#x1B[39;49;00m().#x1B[92m__init__#x1B[39;49;00m(*args, **kwargs)#x1B[90m#x1B[39;49;00m
#x1B[1m#x1B[31mE   TypeError: Invalid kwarg: start not in __fields__ and has not __dict__#x1B[0m

#x1B[33mDuring handling of the above exception, another exception occurred:#x1B[0m
#x1B[1m#x1B[31m..\..\..\AppData\Local\anaconda3\Lib\site-packages\_pytest\runner.py#x1B[0m:341: in from_call
    result: Optional[TResult] = func()#x1B[90m#x1B[39;49;00m
#x1B[1m#x1B[31m..\..\..\AppData\Local\anaconda3\Lib\site-packages\_pytest\runner.py#x1B[0m:372: in &lt;lambda&gt;
    call = CallInfo.from_call(#x1B[94mlambda#x1B[39;49;00m: #x1B[96mlist#x1B[39;49;00m(collector.collect()), #x1B[33m"#x1B[39;49;00m#x1B[33mcollect#x1B[39;49;00m#x1B[33m"#x1B[39;49;00m)#x1B[90m#x1B[39;49;00m
#x1B[1m#x1B[31m..\..\..\AppData\Local\anaconda3\Lib\site-packages\_pytest\doctest.py#x1B[0m:547: in collect
    module = import_path(#x1B[90m#x1B[39;49;00m
#x1B[1m#x1B[31m..\..\..\AppData\Local\anaconda3\Lib\site-packages\_pytest\pathlib.py#x1B[0m:565: in import_path
    importlib.import_module(module_name)#x1B[90m#x1B[39;49;00m
#x1B[1m#x1B[31m..\..\..\AppData\Local\anaconda3\Lib\importlib\__init__.py#x1B[0m:126: in import_module
    #x1B[94mreturn#x1B[39;49;00m _bootstrap._gcd_import(name[level:], package, level)#x1B[90m#x1B[39;49;00m
#x1B[1m#x1B[31m&lt;frozen importlib._bootstrap&gt;#x1B[0m:1204: in _gcd_import
    #x1B[04m#x1B[91m?#x1B[39;49;00m#x1B[04m#x1B[91m?#x1B[39;49;00m#x1B[04m#x1B[91m?#x1B[39;49;00m#x1B[90m#x1B[39;49;00m
#x1B[1m#x1B[31m&lt;frozen importlib._bootstrap&gt;#x1B[0m:1176: in _find_and_load
    #x1B[04m#x1B[91m?#x1B[39;49;00m#x1B[04m#x1B[91m?#x1B[39;49;00m#x1B[04m#x1B[91m?#x1B[39;49;00m#x1B[90m#x1B[39;49;00m
#x1B[1m#x1B[31m&lt;frozen importlib._bootstrap&gt;#x1B[0m:1147: in _find_and_load_unlocked
    #x1B[04m#x1B[91m?#x1B[39;49;00m#x1B[04m#x1B[91m?#x1B[39;49;00m#x1B[04m#x1B[91m?#x1B[39;49;00m#x1B[90m#x1B[39;49;00m
#x1B[1m#x1B[31m&lt;frozen importlib._bootstrap&gt;#x1B[0m:690: in _load_unlocked
    #x1B[04m#x1B[91m?#x1B[39;49;00m#x1B[04m#x1B[91m?#x1B[39;49;00m#x1B[04m#x1B[91m?#x1B[39;49;00m#x1B[90m#x1B[39;49;00m
#x1B[1m#x1B[31m..\..\..\AppData\Local\anaconda3\Lib\site-packages\_pytest\assertion\rewrite.py#x1B[0m:178: in exec_module
    exec(co, module.#x1B[91m__dict__#x1B[39;49;00m)#x1B[90m#x1B[39;49;00m
#x1B[1m#x1B[31mexamples\rover\test_rover.py#x1B[0m:8: in &lt;module&gt;
    #x1B[94mfrom#x1B[39;49;00m #x1B[04m#x1B[96mexamples#x1B[39;49;00m#x1B[04m#x1B[96m.#x1B[39;49;00m#x1B[04m#x1B[96mrover#x1B[39;49;00m#x1B[04m#x1B[96m.#x1B[39;49;00m#x1B[04m#x1B[96moptimization#x1B[39;49;00m#x1B[04m#x1B[96m.#x1B[39;49;00m#x1B[04m#x1B[96msearch_rover#x1B[39;49;00m #x1B[94mimport#x1B[39;49;00m line_dist, line_dist_faster#x1B[90m#x1B[39;49;00m
#x1B[1m#x1B[31mexamples\rover\optimization\search_rover.py#x1B[0m:588: in &lt;module&gt;
    mdl = rvr.Rover(p=rvr.RoverParam(#x1B[33m'#x1B[39;49;00m#x1B[33mturn#x1B[39;49;00m#x1B[33m'#x1B[39;49;00m, start=#x1B[94m5.0#x1B[39;49;00m,#x1B[90m#x1B[39;49;00m
#x1B[1m#x1B[31mexamples\rover\rover_model.py#x1B[0m:154: in __init__
    #x1B[96msuper#x1B[39;49;00m().#x1B[92m__init__#x1B[39;49;00m(*args, strict_immutability=#x1B[94mFalse#x1B[39;49;00m, **kwargs)#x1B[90m#x1B[39;49;00m
#x1B[1m#x1B[31mfmdtools\define\parameter.py#x1B[0m:65: in __init__
    #x1B[94mraise#x1B[39;49;00m #x1B[96mException#x1B[39;49;00m(#x1B[33m"#x1B[39;49;00m#x1B[33mInvalid args/kwargs: #x1B[39;49;00m#x1B[33m"#x1B[39;49;00m+#x1B[96mstr#x1B[39;49;00m(args)+#x1B[33m"#x1B[39;49;00m#x1B[33m , #x1B[39;49;00m#x1B[33m"#x1B[39;49;00m +#x1B[90m#x1B[39;49;00m
#x1B[1m#x1B[31mE   Exception: Invalid args/kwargs: ('turn',) , {'start': 5.0, 'drive_modes': {'custom_fault': {'friction': 0.0, 'transfer': 0.0, 'drift': 0.0}}} in &lt;class 'examples.rover.rover_model.RoverParam'&gt;#x1B[0m</error><error message="collection failure">#x1B[1m#x1B[31mfmdtools\define\parameter.py#x1B[0m:63: in __init__
    #x1B[96msuper#x1B[39;49;00m().#x1B[92m__init__#x1B[39;49;00m(*args, **kwargs)#x1B[90m#x1B[39;49;00m
#x1B[1m#x1B[31mE   TypeError: Invalid kwarg: start not in __fields__ and has not __dict__#x1B[0m

#x1B[33mDuring handling of the above exception, another exception occurred:#x1B[0m
#x1B[1m#x1B[31m..\..\..\AppData\Local\anaconda3\Lib\site-packages\_pytest\runner.py#x1B[0m:341: in from_call
    result: Optional[TResult] = func()#x1B[90m#x1B[39;49;00m
#x1B[1m#x1B[31m..\..\..\AppData\Local\anaconda3\Lib\site-packages\_pytest\runner.py#x1B[0m:372: in &lt;lambda&gt;
    call = CallInfo.from_call(#x1B[94mlambda#x1B[39;49;00m: #x1B[96mlist#x1B[39;49;00m(collector.collect()), #x1B[33m"#x1B[39;49;00m#x1B[33mcollect#x1B[39;49;00m#x1B[33m"#x1B[39;49;00m)#x1B[90m#x1B[39;49;00m
#x1B[1m#x1B[31m..\..\..\AppData\Local\anaconda3\Lib\site-packages\_pytest\python.py#x1B[0m:531: in collect
    #x1B[96mself#x1B[39;49;00m._inject_setup_module_fixture()#x1B[90m#x1B[39;49;00m
#x1B[1m#x1B[31m..\..\..\AppData\Local\anaconda3\Lib\site-packages\_pytest\python.py#x1B[0m:545: in _inject_setup_module_fixture
    #x1B[96mself#x1B[39;49;00m.obj, (#x1B[33m"#x1B[39;49;00m#x1B[33msetUpModule#x1B[39;49;00m#x1B[33m"#x1B[39;49;00m, #x1B[33m"#x1B[39;49;00m#x1B[33msetup_module#x1B[39;49;00m#x1B[33m"#x1B[39;49;00m)#x1B[90m#x1B[39;49;00m
#x1B[1m#x1B[31m..\..\..\AppData\Local\anaconda3\Lib\site-packages\_pytest\python.py#x1B[0m:310: in obj
    #x1B[96mself#x1B[39;49;00m._obj = obj = #x1B[96mself#x1B[39;49;00m._getobj()#x1B[90m#x1B[39;49;00m
#x1B[1m#x1B[31m..\..\..\AppData\Local\anaconda3\Lib\site-packages\_pytest\python.py#x1B[0m:528: in _getobj
    #x1B[94mreturn#x1B[39;49;00m #x1B[96mself#x1B[39;49;00m._importtestmodule()#x1B[90m#x1B[39;49;00m
#x1B[1m#x1B[31m..\..\..\AppData\Local\anaconda3\Lib\site-packages\_pytest\python.py#x1B[0m:617: in _importtestmodule
    mod = import_path(#x1B[96mself#x1B[39;49;00m.path, mode=importmode, root=#x1B[96mself#x1B[39;49;00m.config.rootpath)#x1B[90m#x1B[39;49;00m
#x1B[1m#x1B[31m..\..\..\AppData\Local\anaconda3\Lib\site-packages\_pytest\pathlib.py#x1B[0m:565: in import_path
    importlib.import_module(module_name)#x1B[90m#x1B[39;49;00m
#x1B[1m#x1B[31m..\..\..\AppData\Local\anaconda3\Lib\importlib\__init__.py#x1B[0m:126: in import_module
    #x1B[94mreturn#x1B[39;49;00m _bootstrap._gcd_import(name[level:], package, level)#x1B[90m#x1B[39;49;00m
#x1B[1m#x1B[31m&lt;frozen importlib._bootstrap&gt;#x1B[0m:1204: in _gcd_import
    #x1B[04m#x1B[91m?#x1B[39;49;00m#x1B[04m#x1B[91m?#x1B[39;49;00m#x1B[04m#x1B[91m?#x1B[39;49;00m#x1B[90m#x1B[39;49;00m
#x1B[1m#x1B[31m&lt;frozen importlib._bootstrap&gt;#x1B[0m:1176: in _find_and_load
    #x1B[04m#x1B[91m?#x1B[39;49;00m#x1B[04m#x1B[91m?#x1B[39;49;00m#x1B[04m#x1B[91m?#x1B[39;49;00m#x1B[90m#x1B[39;49;00m
#x1B[1m#x1B[31m&lt;frozen importlib._bootstrap&gt;#x1B[0m:1147: in _find_and_load_unlocked
    #x1B[04m#x1B[91m?#x1B[39;49;00m#x1B[04m#x1B[91m?#x1B[39;49;00m#x1B[04m#x1B[91m?#x1B[39;49;00m#x1B[90m#x1B[39;49;00m
#x1B[1m#x1B[31m&lt;frozen importlib._bootstrap&gt;#x1B[0m:690: in _load_unlocked
    #x1B[04m#x1B[91m?#x1B[39;49;00m#x1B[04m#x1B[91m?#x1B[39;49;00m#x1B[04m#x1B[91m?#x1B[39;49;00m#x1B[90m#x1B[39;49;00m
#x1B[1m#x1B[31m..\..\..\AppData\Local\anaconda3\Lib\site-packages\_pytest\assertion\rewrite.py#x1B[0m:178: in exec_module
    exec(co, module.#x1B[91m__dict__#x1B[39;49;00m)#x1B[90m#x1B[39;49;00m
#x1B[1m#x1B[31mexamples\rover\test_rover.py#x1B[0m:8: in &lt;module&gt;
    #x1B[94mfrom#x1B[39;49;00m #x1B[04m#x1B[96mexamples#x1B[39;49;00m#x1B[04m#x1B[96m.#x1B[39;49;00m#x1B[04m#x1B[96mrover#x1B[39;49;00m#x1B[04m#x1B[96m.#x1B[39;49;00m#x1B[04m#x1B[96moptimization#x1B[39;49;00m#x1B[04m#x1B[96m.#x1B[39;49;00m#x1B[04m#x1B[96msearch_rover#x1B[39;49;00m #x1B[94mimport#x1B[39;49;00m line_dist, line_dist_faster#x1B[90m#x1B[39;49;00m
#x1B[1m#x1B[31mexamples\rover\optimization\search_rover.py#x1B[0m:588: in &lt;module&gt;
    mdl = rvr.Rover(p=rvr.RoverParam(#x1B[33m'#x1B[39;49;00m#x1B[33mturn#x1B[39;49;00m#x1B[33m'#x1B[39;49;00m, start=#x1B[94m5.0#x1B[39;49;00m,#x1B[90m#x1B[39;49;00m
#x1B[1m#x1B[31mexamples\rover\rover_model.py#x1B[0m:154: in __init__
    #x1B[96msuper#x1B[39;49;00m().#x1B[92m__init__#x1B[39;49;00m(*args, strict_immutability=#x1B[94mFalse#x1B[39;49;00m, **kwargs)#x1B[90m#x1B[39;49;00m
#x1B[1m#x1B[31mfmdtools\define\parameter.py#x1B[0m:65: in __init__
    #x1B[94mraise#x1B[39;49;00m #x1B[96mException#x1B[39;49;00m(#x1B[33m"#x1B[39;49;00m#x1B[33mInvalid args/kwargs: #x1B[39;49;00m#x1B[33m"#x1B[39;49;00m+#x1B[96mstr#x1B[39;49;00m(args)+#x1B[33m"#x1B[39;49;00m#x1B[33m , #x1B[39;49;00m#x1B[33m"#x1B[39;49;00m +#x1B[90m#x1B[39;49;00m
#x1B[1m#x1B[31mE   Exception: Invalid args/kwargs: ('turn',) , {'start': 5.0, 'drive_modes': {'custom_fault': {'friction': 0.0, 'transfer': 0.0, 'drift': 0.0}}} in &lt;class 'examples.rover.rover_model.RoverParam'&gt;#x1B[0m</error></testcase><testcase classname="" name="examples.rover.optimization.animation" time="0.000"><error message="collection failure">#x1B[1m#x1B[31m..\..\..\AppData\Local\anaconda3\Lib\site-packages\_pytest\runner.py#x1B[0m:341: in from_call
    result: Optional[TResult] = func()#x1B[90m#x1B[39;49;00m
#x1B[1m#x1B[31m..\..\..\AppData\Local\anaconda3\Lib\site-packages\_pytest\runner.py#x1B[0m:372: in &lt;lambda&gt;
    call = CallInfo.from_call(#x1B[94mlambda#x1B[39;49;00m: #x1B[96mlist#x1B[39;49;00m(collector.collect()), #x1B[33m"#x1B[39;49;00m#x1B[33mcollect#x1B[39;49;00m#x1B[33m"#x1B[39;49;00m)#x1B[90m#x1B[39;49;00m
#x1B[1m#x1B[31m..\..\..\AppData\Local\anaconda3\Lib\site-packages\_pytest\doctest.py#x1B[0m:547: in collect
    module = import_path(#x1B[90m#x1B[39;49;00m
#x1B[1m#x1B[31m..\..\..\AppData\Local\anaconda3\Lib\site-packages\_pytest\pathlib.py#x1B[0m:565: in import_path
    importlib.import_module(module_name)#x1B[90m#x1B[39;49;00m
#x1B[1m#x1B[31m..\..\..\AppData\Local\anaconda3\Lib\importlib\__init__.py#x1B[0m:126: in import_module
    #x1B[94mreturn#x1B[39;49;00m _bootstrap._gcd_import(name[level:], package, level)#x1B[90m#x1B[39;49;00m
#x1B[1m#x1B[31m&lt;frozen importlib._bootstrap&gt;#x1B[0m:1204: in _gcd_import
    #x1B[04m#x1B[91m?#x1B[39;49;00m#x1B[04m#x1B[91m?#x1B[39;49;00m#x1B[04m#x1B[91m?#x1B[39;49;00m#x1B[90m#x1B[39;49;00m
#x1B[1m#x1B[31m&lt;frozen importlib._bootstrap&gt;#x1B[0m:1176: in _find_and_load
    #x1B[04m#x1B[91m?#x1B[39;49;00m#x1B[04m#x1B[91m?#x1B[39;49;00m#x1B[04m#x1B[91m?#x1B[39;49;00m#x1B[90m#x1B[39;49;00m
#x1B[1m#x1B[31m&lt;frozen importlib._bootstrap&gt;#x1B[0m:1147: in _find_and_load_unlocked
    #x1B[04m#x1B[91m?#x1B[39;49;00m#x1B[04m#x1B[91m?#x1B[39;49;00m#x1B[04m#x1B[91m?#x1B[39;49;00m#x1B[90m#x1B[39;49;00m
#x1B[1m#x1B[31m&lt;frozen importlib._bootstrap&gt;#x1B[0m:690: in _load_unlocked
    #x1B[04m#x1B[91m?#x1B[39;49;00m#x1B[04m#x1B[91m?#x1B[39;49;00m#x1B[04m#x1B[91m?#x1B[39;49;00m#x1B[90m#x1B[39;49;00m
#x1B[1m#x1B[31m&lt;frozen importlib._bootstrap_external&gt;#x1B[0m:940: in exec_module
    #x1B[04m#x1B[91m?#x1B[39;49;00m#x1B[04m#x1B[91m?#x1B[39;49;00m#x1B[04m#x1B[91m?#x1B[39;49;00m#x1B[90m#x1B[39;49;00m
#x1B[1m#x1B[31m&lt;frozen importlib._bootstrap&gt;#x1B[0m:241: in _call_with_frames_removed
    #x1B[04m#x1B[91m?#x1B[39;49;00m#x1B[04m#x1B[91m?#x1B[39;49;00m#x1B[04m#x1B[91m?#x1B[39;49;00m#x1B[90m#x1B[39;49;00m
#x1B[1m#x1B[31mexamples\rover\optimization\animation.py#x1B[0m:24: in &lt;module&gt;
    dfccea = pd.read_csv(#x1B[33m'#x1B[39;49;00m#x1B[33mccea_species.csv#x1B[39;49;00m#x1B[33m'#x1B[39;49;00m)#x1B[90m#x1B[39;49;00m
#x1B[1m#x1B[31m..\..\..\AppData\Local\anaconda3\Lib\site-packages\pandas\util\_decorators.py#x1B[0m:211: in wrapper
    #x1B[94mreturn#x1B[39;49;00m func(*args, **kwargs)#x1B[90m#x1B[39;49;00m
#x1B[1m#x1B[31m..\..\..\AppData\Local\anaconda3\Lib\site-packages\pandas\util\_decorators.py#x1B[0m:331: in wrapper
    #x1B[94mreturn#x1B[39;49;00m func(*args, **kwargs)#x1B[90m#x1B[39;49;00m
#x1B[1m#x1B[31m..\..\..\AppData\Local\anaconda3\Lib\site-packages\pandas\io\parsers\readers.py#x1B[0m:950: in read_csv
    #x1B[94mreturn#x1B[39;49;00m _read(filepath_or_buffer, kwds)#x1B[90m#x1B[39;49;00m
#x1B[1m#x1B[31m..\..\..\AppData\Local\anaconda3\Lib\site-packages\pandas\io\parsers\readers.py#x1B[0m:605: in _read
    parser = TextFileReader(filepath_or_buffer, **kwds)#x1B[90m#x1B[39;49;00m
#x1B[1m#x1B[31m..\..\..\AppData\Local\anaconda3\Lib\site-packages\pandas\io\parsers\readers.py#x1B[0m:1442: in __init__
    #x1B[96mself#x1B[39;49;00m._engine = #x1B[96mself#x1B[39;49;00m._make_engine(f, #x1B[96mself#x1B[39;49;00m.engine)#x1B[90m#x1B[39;49;00m
#x1B[1m#x1B[31m..\..\..\AppData\Local\anaconda3\Lib\site-packages\pandas\io\parsers\readers.py#x1B[0m:1735: in _make_engine
    #x1B[96mself#x1B[39;49;00m.handles = get_handle(#x1B[90m#x1B[39;49;00m
#x1B[1m#x1B[31m..\..\..\AppData\Local\anaconda3\Lib\site-packages\pandas\io\common.py#x1B[0m:856: in get_handle
    handle = #x1B[96mopen#x1B[39;49;00m(#x1B[90m#x1B[39;49;00m
#x1B[1m#x1B[31mE   FileNotFoundError: [Errno 2] No such file or directory: 'ccea_species.csv'#x1B[0m</error></testcase><testcase classname="" name="examples.rover.optimization.ea_analysis" time="0.000"><error message="collection failure">#x1B[1m#x1B[31m..\..\..\AppData\Local\anaconda3\Lib\site-packages\_pytest\runner.py#x1B[0m:341: in from_call
    result: Optional[TResult] = func()#x1B[90m#x1B[39;49;00m
#x1B[1m#x1B[31m..\..\..\AppData\Local\anaconda3\Lib\site-packages\_pytest\runner.py#x1B[0m:372: in &lt;lambda&gt;
    call = CallInfo.from_call(#x1B[94mlambda#x1B[39;49;00m: #x1B[96mlist#x1B[39;49;00m(collector.collect()), #x1B[33m"#x1B[39;49;00m#x1B[33mcollect#x1B[39;49;00m#x1B[33m"#x1B[39;49;00m)#x1B[90m#x1B[39;49;00m
#x1B[1m#x1B[31m..\..\..\AppData\Local\anaconda3\Lib\site-packages\_pytest\doctest.py#x1B[0m:547: in collect
    module = import_path(#x1B[90m#x1B[39;49;00m
#x1B[1m#x1B[31m..\..\..\AppData\Local\anaconda3\Lib\site-packages\_pytest\pathlib.py#x1B[0m:565: in import_path
    importlib.import_module(module_name)#x1B[90m#x1B[39;49;00m
#x1B[1m#x1B[31m..\..\..\AppData\Local\anaconda3\Lib\importlib\__init__.py#x1B[0m:126: in import_module
    #x1B[94mreturn#x1B[39;49;00m _bootstrap._gcd_import(name[level:], package, level)#x1B[90m#x1B[39;49;00m
#x1B[1m#x1B[31m&lt;frozen importlib._bootstrap&gt;#x1B[0m:1204: in _gcd_import
    #x1B[04m#x1B[91m?#x1B[39;49;00m#x1B[04m#x1B[91m?#x1B[39;49;00m#x1B[04m#x1B[91m?#x1B[39;49;00m#x1B[90m#x1B[39;49;00m
#x1B[1m#x1B[31m&lt;frozen importlib._bootstrap&gt;#x1B[0m:1176: in _find_and_load
    #x1B[04m#x1B[91m?#x1B[39;49;00m#x1B[04m#x1B[91m?#x1B[39;49;00m#x1B[04m#x1B[91m?#x1B[39;49;00m#x1B[90m#x1B[39;49;00m
#x1B[1m#x1B[31m&lt;frozen importlib._bootstrap&gt;#x1B[0m:1147: in _find_and_load_unlocked
    #x1B[04m#x1B[91m?#x1B[39;49;00m#x1B[04m#x1B[91m?#x1B[39;49;00m#x1B[04m#x1B[91m?#x1B[39;49;00m#x1B[90m#x1B[39;49;00m
#x1B[1m#x1B[31m&lt;frozen importlib._bootstrap&gt;#x1B[0m:690: in _load_unlocked
    #x1B[04m#x1B[91m?#x1B[39;49;00m#x1B[04m#x1B[91m?#x1B[39;49;00m#x1B[04m#x1B[91m?#x1B[39;49;00m#x1B[90m#x1B[39;49;00m
#x1B[1m#x1B[31m&lt;frozen importlib._bootstrap_external&gt;#x1B[0m:940: in exec_module
    #x1B[04m#x1B[91m?#x1B[39;49;00m#x1B[04m#x1B[91m?#x1B[39;49;00m#x1B[04m#x1B[91m?#x1B[39;49;00m#x1B[90m#x1B[39;49;00m
#x1B[1m#x1B[31m&lt;frozen importlib._bootstrap&gt;#x1B[0m:241: in _call_with_frames_removed
    #x1B[04m#x1B[91m?#x1B[39;49;00m#x1B[04m#x1B[91m?#x1B[39;49;00m#x1B[04m#x1B[91m?#x1B[39;49;00m#x1B[90m#x1B[39;49;00m
#x1B[1m#x1B[31mexamples\rover\optimization\ea_analysis.py#x1B[0m:11: in &lt;module&gt;
    dfea = pd.read_csv(#x1B[33m'#x1B[39;49;00m#x1B[33mrslt_ea.csv#x1B[39;49;00m#x1B[33m'#x1B[39;49;00m)#x1B[90m#x1B[39;49;00m
#x1B[1m#x1B[31m..\..\..\AppData\Local\anaconda3\Lib\site-packages\pandas\util\_decorators.py#x1B[0m:211: in wrapper
    #x1B[94mreturn#x1B[39;49;00m func(*args, **kwargs)#x1B[90m#x1B[39;49;00m
#x1B[1m#x1B[31m..\..\..\AppData\Local\anaconda3\Lib\site-packages\pandas\util\_decorators.py#x1B[0m:331: in wrapper
    #x1B[94mreturn#x1B[39;49;00m func(*args, **kwargs)#x1B[90m#x1B[39;49;00m
#x1B[1m#x1B[31m..\..\..\AppData\Local\anaconda3\Lib\site-packages\pandas\io\parsers\readers.py#x1B[0m:950: in read_csv
    #x1B[94mreturn#x1B[39;49;00m _read(filepath_or_buffer, kwds)#x1B[90m#x1B[39;49;00m
#x1B[1m#x1B[31m..\..\..\AppData\Local\anaconda3\Lib\site-packages\pandas\io\parsers\readers.py#x1B[0m:605: in _read
    parser = TextFileReader(filepath_or_buffer, **kwds)#x1B[90m#x1B[39;49;00m
#x1B[1m#x1B[31m..\..\..\AppData\Local\anaconda3\Lib\site-packages\pandas\io\parsers\readers.py#x1B[0m:1442: in __init__
    #x1B[96mself#x1B[39;49;00m._engine = #x1B[96mself#x1B[39;49;00m._make_engine(f, #x1B[96mself#x1B[39;49;00m.engine)#x1B[90m#x1B[39;49;00m
#x1B[1m#x1B[31m..\..\..\AppData\Local\anaconda3\Lib\site-packages\pandas\io\parsers\readers.py#x1B[0m:1735: in _make_engine
    #x1B[96mself#x1B[39;49;00m.handles = get_handle(#x1B[90m#x1B[39;49;00m
#x1B[1m#x1B[31m..\..\..\AppData\Local\anaconda3\Lib\site-packages\pandas\io\common.py#x1B[0m:856: in get_handle
    handle = #x1B[96mopen#x1B[39;49;00m(#x1B[90m#x1B[39;49;00m
#x1B[1m#x1B[31mE   FileNotFoundError: [Errno 2] No such file or directory: 'rslt_ea.csv'#x1B[0m</error></testcase><testcase classname="" name="examples.rover.optimization.search_rover" time="0.000"><error message="collection failure">#x1B[1m#x1B[31mfmdtools\define\parameter.py#x1B[0m:63: in __init__
    #x1B[96msuper#x1B[39;49;00m().#x1B[92m__init__#x1B[39;49;00m(*args, **kwargs)#x1B[90m#x1B[39;49;00m
#x1B[1m#x1B[31mE   TypeError: Invalid kwarg: start not in __fields__ and has not __dict__#x1B[0m

#x1B[33mDuring handling of the above exception, another exception occurred:#x1B[0m
#x1B[1m#x1B[31m..\..\..\AppData\Local\anaconda3\Lib\site-packages\_pytest\runner.py#x1B[0m:341: in from_call
    result: Optional[TResult] = func()#x1B[90m#x1B[39;49;00m
#x1B[1m#x1B[31m..\..\..\AppData\Local\anaconda3\Lib\site-packages\_pytest\runner.py#x1B[0m:372: in &lt;lambda&gt;
    call = CallInfo.from_call(#x1B[94mlambda#x1B[39;49;00m: #x1B[96mlist#x1B[39;49;00m(collector.collect()), #x1B[33m"#x1B[39;49;00m#x1B[33mcollect#x1B[39;49;00m#x1B[33m"#x1B[39;49;00m)#x1B[90m#x1B[39;49;00m
#x1B[1m#x1B[31m..\..\..\AppData\Local\anaconda3\Lib\site-packages\_pytest\doctest.py#x1B[0m:547: in collect
    module = import_path(#x1B[90m#x1B[39;49;00m
#x1B[1m#x1B[31m..\..\..\AppData\Local\anaconda3\Lib\site-packages\_pytest\pathlib.py#x1B[0m:565: in import_path
    importlib.import_module(module_name)#x1B[90m#x1B[39;49;00m
#x1B[1m#x1B[31m..\..\..\AppData\Local\anaconda3\Lib\importlib\__init__.py#x1B[0m:126: in import_module
    #x1B[94mreturn#x1B[39;49;00m _bootstrap._gcd_import(name[level:], package, level)#x1B[90m#x1B[39;49;00m
#x1B[1m#x1B[31m&lt;frozen importlib._bootstrap&gt;#x1B[0m:1204: in _gcd_import
    #x1B[04m#x1B[91m?#x1B[39;49;00m#x1B[04m#x1B[91m?#x1B[39;49;00m#x1B[04m#x1B[91m?#x1B[39;49;00m#x1B[90m#x1B[39;49;00m
#x1B[1m#x1B[31m&lt;frozen importlib._bootstrap&gt;#x1B[0m:1176: in _find_and_load
    #x1B[04m#x1B[91m?#x1B[39;49;00m#x1B[04m#x1B[91m?#x1B[39;49;00m#x1B[04m#x1B[91m?#x1B[39;49;00m#x1B[90m#x1B[39;49;00m
#x1B[1m#x1B[31m&lt;frozen importlib._bootstrap&gt;#x1B[0m:1147: in _find_and_load_unlocked
    #x1B[04m#x1B[91m?#x1B[39;49;00m#x1B[04m#x1B[91m?#x1B[39;49;00m#x1B[04m#x1B[91m?#x1B[39;49;00m#x1B[90m#x1B[39;49;00m
#x1B[1m#x1B[31m&lt;frozen importlib._bootstrap&gt;#x1B[0m:690: in _load_unlocked
    #x1B[04m#x1B[91m?#x1B[39;49;00m#x1B[04m#x1B[91m?#x1B[39;49;00m#x1B[04m#x1B[91m?#x1B[39;49;00m#x1B[90m#x1B[39;49;00m
#x1B[1m#x1B[31m&lt;frozen importlib._bootstrap_external&gt;#x1B[0m:940: in exec_module
    #x1B[04m#x1B[91m?#x1B[39;49;00m#x1B[04m#x1B[91m?#x1B[39;49;00m#x1B[04m#x1B[91m?#x1B[39;49;00m#x1B[90m#x1B[39;49;00m
#x1B[1m#x1B[31m&lt;frozen importlib._bootstrap&gt;#x1B[0m:241: in _call_with_frames_removed
    #x1B[04m#x1B[91m?#x1B[39;49;00m#x1B[04m#x1B[91m?#x1B[39;49;00m#x1B[04m#x1B[91m?#x1B[39;49;00m#x1B[90m#x1B[39;49;00m
#x1B[1m#x1B[31mexamples\rover\optimization\search_rover.py#x1B[0m:588: in &lt;module&gt;
    mdl = rvr.Rover(p=rvr.RoverParam(#x1B[33m'#x1B[39;49;00m#x1B[33mturn#x1B[39;49;00m#x1B[33m'#x1B[39;49;00m, start=#x1B[94m5.0#x1B[39;49;00m,#x1B[90m#x1B[39;49;00m
#x1B[1m#x1B[31mexamples\rover\rover_model.py#x1B[0m:154: in __init__
    #x1B[96msuper#x1B[39;49;00m().#x1B[92m__init__#x1B[39;49;00m(*args, strict_immutability=#x1B[94mFalse#x1B[39;49;00m, **kwargs)#x1B[90m#x1B[39;49;00m
#x1B[1m#x1B[31mfmdtools\define\parameter.py#x1B[0m:65: in __init__
    #x1B[94mraise#x1B[39;49;00m #x1B[96mException#x1B[39;49;00m(#x1B[33m"#x1B[39;49;00m#x1B[33mInvalid args/kwargs: #x1B[39;49;00m#x1B[33m"#x1B[39;49;00m+#x1B[96mstr#x1B[39;49;00m(args)+#x1B[33m"#x1B[39;49;00m#x1B[33m , #x1B[39;49;00m#x1B[33m"#x1B[39;49;00m +#x1B[90m#x1B[39;49;00m
#x1B[1m#x1B[31mE   Exception: Invalid args/kwargs: ('turn',) , {'start': 5.0, 'drive_modes': {'custom_fault': {'friction': 0.0, 'transfer': 0.0, 'drift': 0.0}}} in &lt;class 'examples.rover.rover_model.RoverParam'&gt;#x1B[0m</error></testcase><testcase classname="" name="examples.tank.tank_script" time="0.000"><error message="collection failure">#x1B[1m#x1B[31m..\..\..\AppData\Local\anaconda3\Lib\site-packages\_pytest\runner.py#x1B[0m:341: in from_call
    result: Optional[TResult] = func()#x1B[90m#x1B[39;49;00m
#x1B[1m#x1B[31m..\..\..\AppData\Local\anaconda3\Lib\site-packages\_pytest\runner.py#x1B[0m:372: in &lt;lambda&gt;
    call = CallInfo.from_call(#x1B[94mlambda#x1B[39;49;00m: #x1B[96mlist#x1B[39;49;00m(collector.collect()), #x1B[33m"#x1B[39;49;00m#x1B[33mcollect#x1B[39;49;00m#x1B[33m"#x1B[39;49;00m)#x1B[90m#x1B[39;49;00m
#x1B[1m#x1B[31m..\..\..\AppData\Local\anaconda3\Lib\site-packages\_pytest\doctest.py#x1B[0m:547: in collect
    module = import_path(#x1B[90m#x1B[39;49;00m
#x1B[1m#x1B[31m..\..\..\AppData\Local\anaconda3\Lib\site-packages\_pytest\pathlib.py#x1B[0m:565: in import_path
    importlib.import_module(module_name)#x1B[90m#x1B[39;49;00m
#x1B[1m#x1B[31m..\..\..\AppData\Local\anaconda3\Lib\importlib\__init__.py#x1B[0m:126: in import_module
    #x1B[94mreturn#x1B[39;49;00m _bootstrap._gcd_import(name[level:], package, level)#x1B[90m#x1B[39;49;00m
#x1B[1m#x1B[31m&lt;frozen importlib._bootstrap&gt;#x1B[0m:1204: in _gcd_import
    #x1B[04m#x1B[91m?#x1B[39;49;00m#x1B[04m#x1B[91m?#x1B[39;49;00m#x1B[04m#x1B[91m?#x1B[39;49;00m#x1B[90m#x1B[39;49;00m
#x1B[1m#x1B[31m&lt;frozen importlib._bootstrap&gt;#x1B[0m:1176: in _find_and_load
    #x1B[04m#x1B[91m?#x1B[39;49;00m#x1B[04m#x1B[91m?#x1B[39;49;00m#x1B[04m#x1B[91m?#x1B[39;49;00m#x1B[90m#x1B[39;49;00m
#x1B[1m#x1B[31m&lt;frozen importlib._bootstrap&gt;#x1B[0m:1147: in _find_and_load_unlocked
    #x1B[04m#x1B[91m?#x1B[39;49;00m#x1B[04m#x1B[91m?#x1B[39;49;00m#x1B[04m#x1B[91m?#x1B[39;49;00m#x1B[90m#x1B[39;49;00m
#x1B[1m#x1B[31m&lt;frozen importlib._bootstrap&gt;#x1B[0m:690: in _load_unlocked
    #x1B[04m#x1B[91m?#x1B[39;49;00m#x1B[04m#x1B[91m?#x1B[39;49;00m#x1B[04m#x1B[91m?#x1B[39;49;00m#x1B[90m#x1B[39;49;00m
#x1B[1m#x1B[31m&lt;frozen importlib._bootstrap_external&gt;#x1B[0m:940: in exec_module
    #x1B[04m#x1B[91m?#x1B[39;49;00m#x1B[04m#x1B[91m?#x1B[39;49;00m#x1B[04m#x1B[91m?#x1B[39;49;00m#x1B[90m#x1B[39;49;00m
#x1B[1m#x1B[31m&lt;frozen importlib._bootstrap&gt;#x1B[0m:241: in _call_with_frames_removed
    #x1B[04m#x1B[91m?#x1B[39;49;00m#x1B[04m#x1B[91m?#x1B[39;49;00m#x1B[04m#x1B[91m?#x1B[39;49;00m#x1B[90m#x1B[39;49;00m
#x1B[1m#x1B[31mexamples\tank\tank_script.py#x1B[0m:13: in &lt;module&gt;
    #x1B[94mfrom#x1B[39;49;00m #x1B[04m#x1B[96mtank_model#x1B[39;49;00m #x1B[94mimport#x1B[39;49;00m Tank#x1B[90m#x1B[39;49;00m
#x1B[1m#x1B[31mE   ModuleNotFoundError: No module named 'tank_model'#x1B[0m</error></testcase><testcase classname="examples.asg_demo.Action_Sequence_Graph.ipynb" name="" time="10.808" /><testcase classname="examples.eps.EPS_Example_Notebook.ipynb" name="" time="7.337" /><testcase classname="examples.eps.test_eps.epsTests" name="test_all_faults" time="0.434" /><testcase classname="examples.eps.test_eps.epsTests" name="test_backward_fault_prop_1" time="0.019" /><testcase classname="examples.eps.test_eps.epsTests" name="test_backward_fault_prop_2" time="0.019" /><testcase classname="examples.eps.test_eps.epsTests" name="test_fault_app" time="47.579" /><testcase classname="examples.eps.test_eps.epsTests" name="test_pickleability" time="0.008" /><testcase classname="examples.eps.test_eps.epsTests" name="test_save_load_multfault" time="0.085" /><testcase classname="examples.eps.test_eps.epsTests" name="test_save_load_nominal" time="0.081" /><testcase classname="examples.eps.test_eps.epsTests" name="test_save_load_onefault" time="0.090" /><testcase classname="examples.eps.test_eps.epsTests" name="test_save_load_singlefaults" time="1.672" /><testcase classname="examples.multiflow_demo.Multiflow_and_Commsflow_Demonstration.ipynb" name="" time="5.463" /><testcase classname="examples.multiflow_demo.test_multiflow.define_Tests" name="test_multiflows" time="0.020" /><testcase classname="examples.multirotor.Demonstration.ipynb" name="" time="52.592" /><testcase classname="examples.multirotor.Multirotor_Optimization.ipynb" name="" time="5.191"><failure message="#x1B[1;31mModuleNotFoundError#x1B[0m: No module named 'drone_mdl_opt'">---------------------------------------------------------------------------
from drone_mdl_opt import Drone

mdl = Drone()
#x1B[1;31m---------------------------------------------------------------------------#x1B[0m
#x1B[1;31mModuleNotFoundError#x1B[0m                       Traceback (most recent call last)
Cell #x1B[1;32mIn[2], line 1#x1B[0m
#x1B[1;32m----&gt; 1#x1B[0m #x1B[38;5;28;01mfrom#x1B[39;00m #x1B[38;5;21;01mdrone_mdl_opt#x1B[39;00m #x1B[38;5;28;01mimport#x1B[39;00m Drone
#x1B[0;32m      3#x1B[0m mdl #x1B[38;5;241m=#x1B[39m Drone()

#x1B[1;31mModuleNotFoundError#x1B[0m: No module named 'drone_mdl_opt'</failure></testcase><testcase classname="examples.multirotor.Urban_Drone_Demo.ipynb" name="" time="6.309"><failure message="#x1B[1;31mAttributeError#x1B[0m: module 'fmdtools.analyze.show' has no attribute 'grid'">---------------------------------------------------------------------------
fig, ax = an.show.grid(mdl.flows['environment'].g, "height",
                        collections={"all_occupied": {"color": "red"},
                                     "all_allowed": {"color": "blue"},
                                     "start": {"color": "blue"},
                                     "end": {"color": "blue"}})
#x1B[1;31m---------------------------------------------------------------------------#x1B[0m
#x1B[1;31mAttributeError#x1B[0m                            Traceback (most recent call last)
Cell #x1B[1;32mIn[5], line 1#x1B[0m
#x1B[1;32m----&gt; 1#x1B[0m fig, ax #x1B[38;5;241m=#x1B[39m an#x1B[38;5;241m.#x1B[39mshow#x1B[38;5;241m.#x1B[39mgrid(mdl#x1B[38;5;241m.#x1B[39mflows[#x1B[38;5;124m'#x1B[39m#x1B[38;5;124menvironment#x1B[39m#x1B[38;5;124m'#x1B[39m]#x1B[38;5;241m.#x1B[39mg, #x1B[38;5;124m"#x1B[39m#x1B[38;5;124mheight#x1B[39m#x1B[38;5;124m"#x1B[39m,
#x1B[0;32m      2#x1B[0m                         collections#x1B[38;5;241m=#x1B[39m{#x1B[38;5;124m"#x1B[39m#x1B[38;5;124mall_occupied#x1B[39m#x1B[38;5;124m"#x1B[39m: {#x1B[38;5;124m"#x1B[39m#x1B[38;5;124mcolor#x1B[39m#x1B[38;5;124m"#x1B[39m: #x1B[38;5;124m"#x1B[39m#x1B[38;5;124mred#x1B[39m#x1B[38;5;124m"#x1B[39m},
#x1B[0;32m      3#x1B[0m                                      #x1B[38;5;124m"#x1B[39m#x1B[38;5;124mall_allowed#x1B[39m#x1B[38;5;124m"#x1B[39m: {#x1B[38;5;124m"#x1B[39m#x1B[38;5;124mcolor#x1B[39m#x1B[38;5;124m"#x1B[39m: #x1B[38;5;124m"#x1B[39m#x1B[38;5;124mblue#x1B[39m#x1B[38;5;124m"#x1B[39m},
#x1B[0;32m      4#x1B[0m                                      #x1B[38;5;124m"#x1B[39m#x1B[38;5;124mstart#x1B[39m#x1B[38;5;124m"#x1B[39m: {#x1B[38;5;124m"#x1B[39m#x1B[38;5;124mcolor#x1B[39m#x1B[38;5;124m"#x1B[39m: #x1B[38;5;124m"#x1B[39m#x1B[38;5;124mblue#x1B[39m#x1B[38;5;124m"#x1B[39m},
#x1B[0;32m      5#x1B[0m                                      #x1B[38;5;124m"#x1B[39m#x1B[38;5;124mend#x1B[39m#x1B[38;5;124m"#x1B[39m: {#x1B[38;5;124m"#x1B[39m#x1B[38;5;124mcolor#x1B[39m#x1B[38;5;124m"#x1B[39m: #x1B[38;5;124m"#x1B[39m#x1B[38;5;124mblue#x1B[39m#x1B[38;5;124m"#x1B[39m}})

#x1B[1;31mAttributeError#x1B[0m: module 'fmdtools.analyze.show' has no attribute 'grid'</failure></testcase><testcase classname="examples.multirotor.drone_mdl_dynamic" name="examples.multirotor.drone_mdl_dynamic.AffectDOF.inc_pos" time="0.012" /><testcase classname="examples.multirotor.drone_mdl_dynamic" name="examples.multirotor.drone_mdl_dynamic.PlanPath.assign_vectdist_to_goal" time="0.009" /><testcase classname="examples.multirotor.drone_mdl_dynamic" name="examples.multirotor.drone_mdl_dynamic.PlanPath.calc_dist_to_goal" time="0.010" /><testcase classname="examples.multirotor.drone_mdl_hierarchical" name="examples.multirotor.drone_mdl_hierarchical.AffectDOF.calc_pwr" time="0.011" /><testcase classname="examples.multirotor.drone_mdl_static" name="examples.multirotor.drone_mdl_static.AffectDOF.behavior" time="0.011" /><testcase classname="examples.multirotor.drone_mdl_static" name="examples.multirotor.drone_mdl_static.CtlDOF.behavior" time="0.010" /><testcase classname="examples.multirotor.drone_mdl_static" name="examples.multirotor.drone_mdl_static.DesTrajState.dist2d" time="0.009" /><testcase classname="examples.multirotor.drone_mdl_static" name="examples.multirotor.drone_mdl_static.DesTrajState.unit_vect2d" time="0.009" /><testcase classname="examples.multirotor.drone_mdl_static" name="examples.multirotor.drone_mdl_static.DistEE.behavior" time="0.010" /><testcase classname="examples.multirotor.drone_mdl_static" name="examples.multirotor.drone_mdl_static.HoldPayload.behavior" time="0.009" /><testcase classname="examples.multirotor.drone_mdl_static" name="examples.multirotor.drone_mdl_static.PlanPath.behavior" time="0.010" /><testcase classname="examples.pump.AST_Sampling.ipynb" name="" time="0.018"><failure message="Error - No such kernel: 'julia-1.8'">Error - No such kernel: 'julia-1.8'</failure></testcase><testcase classname="examples.pump.Optimization.ipynb" name="" time="9.053"><failure message="#x1B[1;31mException#x1B[0m: delay in &lt;class 'examples.pump.ex_pump.PumpParam'&gt; assigned incorrect type: &lt;class 'numpy.float64'&gt; (should be &lt;class 'int'&gt;)">---------------------------------------------------------------------------
res = minimize(multi_problem.cost, [5], method="SLSQP", bounds=[[0,40]])
#x1B[1;31m---------------------------------------------------------------------------#x1B[0m
#x1B[1;31mException#x1B[0m                                 Traceback (most recent call last)
Cell #x1B[1;32mIn[37], line 1#x1B[0m
#x1B[1;32m----&gt; 1#x1B[0m res #x1B[38;5;241m=#x1B[39m minimize(multi_problem#x1B[38;5;241m.#x1B[39mcost, [#x1B[38;5;241m5#x1B[39m], method#x1B[38;5;241m=#x1B[39m#x1B[38;5;124m"#x1B[39m#x1B[38;5;124mSLSQP#x1B[39m#x1B[38;5;124m"#x1B[39m, bounds#x1B[38;5;241m=#x1B[39m[[#x1B[38;5;241m0#x1B[39m,#x1B[38;5;241m40#x1B[39m]])

File #x1B[1;32m~\AppData\Local\anaconda3\Lib\site-packages\scipy\optimize\_minimize.py:705#x1B[0m, in #x1B[0;36mminimize#x1B[1;34m(fun, x0, args, method, jac, hess, hessp, bounds, constraints, tol, callback, options)#x1B[0m
#x1B[0;32m    702#x1B[0m     res #x1B[38;5;241m=#x1B[39m _minimize_cobyla(fun, x0, args, constraints, callback#x1B[38;5;241m=#x1B[39mcallback,
#x1B[0;32m    703#x1B[0m                             #x1B[38;5;241m*#x1B[39m#x1B[38;5;241m*#x1B[39moptions)
#x1B[0;32m    704#x1B[0m #x1B[38;5;28;01melif#x1B[39;00m meth #x1B[38;5;241m==#x1B[39m #x1B[38;5;124m'#x1B[39m#x1B[38;5;124mslsqp#x1B[39m#x1B[38;5;124m'#x1B[39m:
#x1B[1;32m--&gt; 705#x1B[0m     res #x1B[38;5;241m=#x1B[39m _minimize_slsqp(fun, x0, args, jac, bounds,
#x1B[0;32m    706#x1B[0m                           constraints, callback#x1B[38;5;241m=#x1B[39mcallback, #x1B[38;5;241m*#x1B[39m#x1B[38;5;241m*#x1B[39moptions)
#x1B[0;32m    707#x1B[0m #x1B[38;5;28;01melif#x1B[39;00m meth #x1B[38;5;241m==#x1B[39m #x1B[38;5;124m'#x1B[39m#x1B[38;5;124mtrust-constr#x1B[39m#x1B[38;5;124m'#x1B[39m:
#x1B[0;32m    708#x1B[0m     res #x1B[38;5;241m=#x1B[39m _minimize_trustregion_constr(fun, x0, args, jac, hess, hessp,
#x1B[0;32m    709#x1B[0m                                        bounds, constraints,
#x1B[0;32m    710#x1B[0m                                        callback#x1B[38;5;241m=#x1B[39mcallback, #x1B[38;5;241m*#x1B[39m#x1B[38;5;241m*#x1B[39moptions)

File #x1B[1;32m~\AppData\Local\anaconda3\Lib\site-packages\scipy\optimize\_slsqp_py.py:374#x1B[0m, in #x1B[0;36m_minimize_slsqp#x1B[1;34m(func, x0, args, jac, bounds, constraints, maxiter, ftol, iprint, disp, eps, callback, finite_diff_rel_step, **unknown_options)#x1B[0m
#x1B[0;32m    371#x1B[0m     xu[infbnd[:, #x1B[38;5;241m1#x1B[39m]] #x1B[38;5;241m=#x1B[39m np#x1B[38;5;241m.#x1B[39mnan
#x1B[0;32m    373#x1B[0m #x1B[38;5;66;03m# ScalarFunction provides function and gradient evaluation#x1B[39;00m
#x1B[1;32m--&gt; 374#x1B[0m sf #x1B[38;5;241m=#x1B[39m _prepare_scalar_function(func, x, jac#x1B[38;5;241m=#x1B[39mjac, args#x1B[38;5;241m=#x1B[39margs, epsilon#x1B[38;5;241m=#x1B[39meps,
#x1B[0;32m    375#x1B[0m                               finite_diff_rel_step#x1B[38;5;241m=#x1B[39mfinite_diff_rel_step,
#x1B[0;32m    376#x1B[0m                               bounds#x1B[38;5;241m=#x1B[39mnew_bounds)
#x1B[0;32m    377#x1B[0m #x1B[38;5;66;03m# gh11403 SLSQP sometimes exceeds bounds by 1 or 2 ULP, make sure this#x1B[39;00m
#x1B[0;32m    378#x1B[0m #x1B[38;5;66;03m# doesn't get sent to the func/grad evaluator.#x1B[39;00m
#x1B[0;32m    379#x1B[0m wrapped_fun #x1B[38;5;241m=#x1B[39m _clip_x_for_func(sf#x1B[38;5;241m.#x1B[39mfun, new_bounds)

File #x1B[1;32m~\AppData\Local\anaconda3\Lib\site-packages\scipy\optimize\_optimize.py:332#x1B[0m, in #x1B[0;36m_prepare_scalar_function#x1B[1;34m(fun, x0, jac, args, bounds, epsilon, finite_diff_rel_step, hess)#x1B[0m
#x1B[0;32m    328#x1B[0m     bounds #x1B[38;5;241m=#x1B[39m (#x1B[38;5;241m-#x1B[39mnp#x1B[38;5;241m.#x1B[39minf, np#x1B[38;5;241m.#x1B[39minf)
#x1B[0;32m    330#x1B[0m #x1B[38;5;66;03m# ScalarFunction caches. Reuse of fun(x) during grad#x1B[39;00m
#x1B[0;32m    331#x1B[0m #x1B[38;5;66;03m# calculation reduces overall function evaluations.#x1B[39;00m
#x1B[1;32m--&gt; 332#x1B[0m sf #x1B[38;5;241m=#x1B[39m ScalarFunction(fun, x0, args, grad, hess,
#x1B[0;32m    333#x1B[0m                     finite_diff_rel_step, bounds, epsilon#x1B[38;5;241m=#x1B[39mepsilon)
#x1B[0;32m    335#x1B[0m #x1B[38;5;28;01mreturn#x1B[39;00m sf

File #x1B[1;32m~\AppData\Local\anaconda3\Lib\site-packages\scipy\optimize\_differentiable_functions.py:158#x1B[0m, in #x1B[0;36mScalarFunction.__init__#x1B[1;34m(self, fun, x0, args, grad, hess, finite_diff_rel_step, finite_diff_bounds, epsilon)#x1B[0m
#x1B[0;32m    155#x1B[0m     #x1B[38;5;28mself#x1B[39m#x1B[38;5;241m.#x1B[39mf #x1B[38;5;241m=#x1B[39m fun_wrapped(#x1B[38;5;28mself#x1B[39m#x1B[38;5;241m.#x1B[39mx)
#x1B[0;32m    157#x1B[0m #x1B[38;5;28mself#x1B[39m#x1B[38;5;241m.#x1B[39m_update_fun_impl #x1B[38;5;241m=#x1B[39m update_fun
#x1B[1;32m--&gt; 158#x1B[0m #x1B[38;5;28mself#x1B[39m#x1B[38;5;241m.#x1B[39m_update_fun()
#x1B[0;32m    160#x1B[0m #x1B[38;5;66;03m# Gradient evaluation#x1B[39;00m
#x1B[0;32m    161#x1B[0m #x1B[38;5;28;01mif#x1B[39;00m #x1B[38;5;28mcallable#x1B[39m(grad):

File #x1B[1;32m~\AppData\Local\anaconda3\Lib\site-packages\scipy\optimize\_differentiable_functions.py:251#x1B[0m, in #x1B[0;36mScalarFunction._update_fun#x1B[1;34m(self)#x1B[0m
#x1B[0;32m    249#x1B[0m #x1B[38;5;28;01mdef#x1B[39;00m #x1B[38;5;21m_update_fun#x1B[39m(#x1B[38;5;28mself#x1B[39m):
#x1B[0;32m    250#x1B[0m     #x1B[38;5;28;01mif#x1B[39;00m #x1B[38;5;129;01mnot#x1B[39;00m #x1B[38;5;28mself#x1B[39m#x1B[38;5;241m.#x1B[39mf_updated:
#x1B[1;32m--&gt; 251#x1B[0m         #x1B[38;5;28mself#x1B[39m#x1B[38;5;241m.#x1B[39m_update_fun_impl()
#x1B[0;32m    252#x1B[0m         #x1B[38;5;28mself#x1B[39m#x1B[38;5;241m.#x1B[39mf_updated #x1B[38;5;241m=#x1B[39m #x1B[38;5;28;01mTrue#x1B[39;00m

File #x1B[1;32m~\AppData\Local\anaconda3\Lib\site-packages\scipy\optimize\_differentiable_functions.py:155#x1B[0m, in #x1B[0;36mScalarFunction.__init__.&lt;locals&gt;.update_fun#x1B[1;34m()#x1B[0m
#x1B[0;32m    154#x1B[0m #x1B[38;5;28;01mdef#x1B[39;00m #x1B[38;5;21mupdate_fun#x1B[39m():
#x1B[1;32m--&gt; 155#x1B[0m     #x1B[38;5;28mself#x1B[39m#x1B[38;5;241m.#x1B[39mf #x1B[38;5;241m=#x1B[39m fun_wrapped(#x1B[38;5;28mself#x1B[39m#x1B[38;5;241m.#x1B[39mx)

File #x1B[1;32m~\AppData\Local\anaconda3\Lib\site-packages\scipy\optimize\_differentiable_functions.py:137#x1B[0m, in #x1B[0;36mScalarFunction.__init__.&lt;locals&gt;.fun_wrapped#x1B[1;34m(x)#x1B[0m
#x1B[0;32m    133#x1B[0m #x1B[38;5;28mself#x1B[39m#x1B[38;5;241m.#x1B[39mnfev #x1B[38;5;241m+#x1B[39m#x1B[38;5;241m=#x1B[39m #x1B[38;5;241m1#x1B[39m
#x1B[0;32m    134#x1B[0m #x1B[38;5;66;03m# Send a copy because the user may overwrite it.#x1B[39;00m
#x1B[0;32m    135#x1B[0m #x1B[38;5;66;03m# Overwriting results in undefined behaviour because#x1B[39;00m
#x1B[0;32m    136#x1B[0m #x1B[38;5;66;03m# fun(self.x) will change self.x, with the two no longer linked.#x1B[39;00m
#x1B[1;32m--&gt; 137#x1B[0m fx #x1B[38;5;241m=#x1B[39m fun(np#x1B[38;5;241m.#x1B[39mcopy(x), #x1B[38;5;241m*#x1B[39margs)
#x1B[0;32m    138#x1B[0m #x1B[38;5;66;03m# Make sure the function returns a true scalar#x1B[39;00m
#x1B[0;32m    139#x1B[0m #x1B[38;5;28;01mif#x1B[39;00m #x1B[38;5;129;01mnot#x1B[39;00m np#x1B[38;5;241m.#x1B[39misscalar(fx):

File #x1B[1;32mc:\users\dhulse\documents\github\fmdtools\fmdtools\sim\search.py:254#x1B[0m, in #x1B[0;36mProblemInterface._assoc_obj_con.&lt;locals&gt;.newobj#x1B[1;34m(x)#x1B[0m
#x1B[0;32m    253#x1B[0m #x1B[38;5;28;01mdef#x1B[39;00m #x1B[38;5;21mnewobj#x1B[39m(x):
#x1B[1;32m--&gt; 254#x1B[0m     #x1B[38;5;28;01mreturn#x1B[39;00m #x1B[38;5;28mself#x1B[39m#x1B[38;5;241m.#x1B[39mx_to_obj_const(x, simname)[#x1B[38;5;241m0#x1B[39m][objname]

File #x1B[1;32mc:\users\dhulse\documents\github\fmdtools\fmdtools\sim\search.py:630#x1B[0m, in #x1B[0;36mProblemInterface.x_to_obj_const#x1B[1;34m(self, x, simnames)#x1B[0m
#x1B[0;32m    628#x1B[0m #x1B[38;5;66;03m# prep sims#x1B[39;00m
#x1B[0;32m    629#x1B[0m #x1B[38;5;28;01mif#x1B[39;00m simname #x1B[38;5;129;01mnot#x1B[39;00m #x1B[38;5;129;01min#x1B[39;00m #x1B[38;5;28mself#x1B[39m#x1B[38;5;241m.#x1B[39mcurrent_iter#x1B[38;5;241m.#x1B[39mget(#x1B[38;5;124m'#x1B[39m#x1B[38;5;124msims#x1B[39m#x1B[38;5;124m'#x1B[39m, {}):
#x1B[1;32m--&gt; 630#x1B[0m     #x1B[38;5;28mself#x1B[39m#x1B[38;5;241m.#x1B[39m_prep_sim_type(#x1B[38;5;28mself#x1B[39m#x1B[38;5;241m.#x1B[39msimulations[simname][#x1B[38;5;241m0#x1B[39m], simname, x)
#x1B[0;32m    631#x1B[0m     #x1B[38;5;28mself#x1B[39m#x1B[38;5;241m.#x1B[39mcurrent_iter[#x1B[38;5;124m'#x1B[39m#x1B[38;5;124msims#x1B[39m#x1B[38;5;124m'#x1B[39m]#x1B[38;5;241m.#x1B[39madd(simname)
#x1B[0;32m    633#x1B[0m #x1B[38;5;66;03m# run sims#x1B[39;00m

File #x1B[1;32mc:\users\dhulse\documents\github\fmdtools\fmdtools\sim\search.py:495#x1B[0m, in #x1B[0;36mProblemInterface._prep_sim_type#x1B[1;34m(self, simtype, simname, x)#x1B[0m
#x1B[0;32m    493#x1B[0m #x1B[38;5;28;01mdef#x1B[39;00m #x1B[38;5;21m_prep_sim_type#x1B[39m(#x1B[38;5;28mself#x1B[39m, simtype, simname, x):
#x1B[0;32m    494#x1B[0m     #x1B[38;5;28;01mif#x1B[39;00m simtype#x1B[38;5;241m==#x1B[39m#x1B[38;5;124m'#x1B[39m#x1B[38;5;124msingle#x1B[39m#x1B[38;5;124m'#x1B[39m: #x1B[38;5;28mself#x1B[39m#x1B[38;5;241m.#x1B[39m_prep_single_sim(simname, x)
#x1B[1;32m--&gt; 495#x1B[0m     #x1B[38;5;28;01mif#x1B[39;00m simtype#x1B[38;5;241m==#x1B[39m#x1B[38;5;124m'#x1B[39m#x1B[38;5;124mmulti#x1B[39m#x1B[38;5;124m'#x1B[39m: #x1B[38;5;28mself#x1B[39m#x1B[38;5;241m.#x1B[39m_prep_multi_sim(simname, x)

File #x1B[1;32mc:\users\dhulse\documents\github\fmdtools\fmdtools\sim\search.py:340#x1B[0m, in #x1B[0;36mProblemInterface._prep_multi_sim#x1B[1;34m(self, simname, x)#x1B[0m
#x1B[0;32m    338#x1B[0m var_time, obj_time #x1B[38;5;241m=#x1B[39m #x1B[38;5;28mself#x1B[39m#x1B[38;5;241m.#x1B[39m_get_var_obj_time(simname)
#x1B[0;32m    339#x1B[0m kwar #x1B[38;5;241m=#x1B[39m #x1B[38;5;28mself#x1B[39m#x1B[38;5;241m.#x1B[39msimulations[simname][#x1B[38;5;241m2#x1B[39m]
#x1B[1;32m--&gt; 340#x1B[0m mdl #x1B[38;5;241m=#x1B[39m #x1B[38;5;28mself#x1B[39m#x1B[38;5;241m.#x1B[39m_check_new_mdl(simname, #x1B[38;5;241m0#x1B[39m, #x1B[38;5;28mself#x1B[39m#x1B[38;5;241m.#x1B[39mmdl, x, obj_time, default_p #x1B[38;5;241m=#x1B[39m kwar#x1B[38;5;241m.#x1B[39mget(#x1B[38;5;124m'#x1B[39m#x1B[38;5;124mp#x1B[39m#x1B[38;5;124m'#x1B[39m, {}))
#x1B[0;32m    341#x1B[0m result, nomhist, nomscen, c_mdls_nom, t_end #x1B[38;5;241m=#x1B[39m prop#x1B[38;5;241m.#x1B[39mnom_helper(mdl, [var_time], #x1B[38;5;241m*#x1B[39m#x1B[38;5;241m*#x1B[39m{#x1B[38;5;241m*#x1B[39m#x1B[38;5;241m*#x1B[39mkwar, #x1B[38;5;124m'#x1B[39m#x1B[38;5;124mscen#x1B[39m#x1B[38;5;124m'#x1B[39m:{}, #x1B[38;5;124m'#x1B[39m#x1B[38;5;124muse_end_condition#x1B[39m#x1B[38;5;124m'#x1B[39m:#x1B[38;5;28;01mFalse#x1B[39;00m})
#x1B[0;32m    343#x1B[0m scenlist#x1B[38;5;241m=#x1B[39m[]

File #x1B[1;32mc:\users\dhulse\documents\github\fmdtools\fmdtools\sim\search.py:374#x1B[0m, in #x1B[0;36mProblemInterface._check_new_mdl#x1B[1;34m(self, simname, var_time, mdl, x, obj_time, staged, default_p)#x1B[0m
#x1B[0;32m    372#x1B[0m     #x1B[38;5;28;01mfor#x1B[39;00m func, fvars #x1B[38;5;129;01min#x1B[39;00m #x1B[38;5;28mself#x1B[39m#x1B[38;5;241m.#x1B[39mvar_mapping[simname]#x1B[38;5;241m.#x1B[39mget(#x1B[38;5;124m'#x1B[39m#x1B[38;5;124mparamfunc#x1B[39m#x1B[38;5;124m'#x1B[39m,{})#x1B[38;5;241m.#x1B[39mitems():
#x1B[0;32m    373#x1B[0m         p#x1B[38;5;241m.#x1B[39mupdate(func(#x1B[38;5;241m*#x1B[39m[x[ind] #x1B[38;5;28;01mfor#x1B[39;00m ind #x1B[38;5;129;01min#x1B[39;00m fvars#x1B[38;5;241m.#x1B[39mvalues()]))
#x1B[1;32m--&gt; 374#x1B[0m     mdl #x1B[38;5;241m=#x1B[39m mdl#x1B[38;5;241m.#x1B[39mnew_with_params(p#x1B[38;5;241m=#x1B[39mp, sp#x1B[38;5;241m=#x1B[39m{#x1B[38;5;124m'#x1B[39m#x1B[38;5;124mtimes#x1B[39m#x1B[38;5;124m'#x1B[39m:(#x1B[38;5;241m0#x1B[39m, obj_time)})
#x1B[0;32m    376#x1B[0m prop#x1B[38;5;241m.#x1B[39minit_histrange(mdl, var_time, staged, #x1B[38;5;124m"#x1B[39m#x1B[38;5;124mall#x1B[39m#x1B[38;5;124m"#x1B[39m, #x1B[38;5;124m"#x1B[39m#x1B[38;5;124mall#x1B[39m#x1B[38;5;124m"#x1B[39m)
#x1B[0;32m    377#x1B[0m #x1B[38;5;28;01mreturn#x1B[39;00m mdl

File #x1B[1;32mc:\users\dhulse\documents\github\fmdtools\fmdtools\define\model.py:277#x1B[0m, in #x1B[0;36mModel.new_with_params#x1B[1;34m(self, **kwargs)#x1B[0m
#x1B[0;32m    272#x1B[0m #x1B[38;5;28;01mdef#x1B[39;00m #x1B[38;5;21mnew_with_params#x1B[39m(#x1B[38;5;28mself#x1B[39m, #x1B[38;5;241m*#x1B[39m#x1B[38;5;241m*#x1B[39mkwargs):
#x1B[0;32m    273#x1B[0m #x1B[38;5;250m    #x1B[39m#x1B[38;5;124;03m"""#x1B[39;00m
#x1B[0;32m    274#x1B[0m #x1B[38;5;124;03m    Creates a new Model with the same parameters as the current model but#x1B[39;00m
#x1B[0;32m    275#x1B[0m #x1B[38;5;124;03m    with changes to params (p, sp, track, rand etc.)#x1B[39;00m
#x1B[0;32m    276#x1B[0m #x1B[38;5;124;03m    """#x1B[39;00m
#x1B[1;32m--&gt; 277#x1B[0m     p, sp, r, track #x1B[38;5;241m=#x1B[39m #x1B[38;5;28msuper#x1B[39m()#x1B[38;5;241m.#x1B[39mnew_params(#x1B[38;5;241m*#x1B[39m#x1B[38;5;241m*#x1B[39mkwargs)
#x1B[0;32m    278#x1B[0m     #x1B[38;5;28;01mreturn#x1B[39;00m #x1B[38;5;28mself#x1B[39m#x1B[38;5;241m.#x1B[39m#x1B[38;5;18m__class__#x1B[39m(p#x1B[38;5;241m=#x1B[39mp, sp#x1B[38;5;241m=#x1B[39msp, r#x1B[38;5;241m=#x1B[39mr, track#x1B[38;5;241m=#x1B[39mtrack)

File #x1B[1;32mc:\users\dhulse\documents\github\fmdtools\fmdtools\define\block.py:212#x1B[0m, in #x1B[0;36mSimulable.new_params#x1B[1;34m(self, p, sp, r, track)#x1B[0m
#x1B[0;32m    187#x1B[0m #x1B[38;5;28;01mdef#x1B[39;00m #x1B[38;5;21mnew_params#x1B[39m(#x1B[38;5;28mself#x1B[39m, p#x1B[38;5;241m=#x1B[39m{}, sp#x1B[38;5;241m=#x1B[39m{}, r#x1B[38;5;241m=#x1B[39m{}, track#x1B[38;5;241m=#x1B[39m{}):
#x1B[0;32m    188#x1B[0m #x1B[38;5;250m    #x1B[39m#x1B[38;5;124;03m"""#x1B[39;00m
#x1B[0;32m    189#x1B[0m #x1B[38;5;124;03m    Creates a copy of the defining parameters for use in a new Simulable#x1B[39;00m
#x1B[0;32m    190#x1B[0m #x1B[38;5;124;03m    Parameters#x1B[39;00m
#x1B[1;32m   (...)#x1B[0m
#x1B[0;32m    210#x1B[0m #x1B[38;5;124;03m        track args#x1B[39;00m
#x1B[0;32m    211#x1B[0m #x1B[38;5;124;03m    """#x1B[39;00m
#x1B[1;32m--&gt; 212#x1B[0m     p #x1B[38;5;241m=#x1B[39m #x1B[38;5;28mself#x1B[39m#x1B[38;5;241m.#x1B[39mp#x1B[38;5;241m.#x1B[39mcopy_with_vals(#x1B[38;5;241m*#x1B[39m#x1B[38;5;241m*#x1B[39mp)
#x1B[0;32m    213#x1B[0m     sp #x1B[38;5;241m=#x1B[39m #x1B[38;5;28mself#x1B[39m#x1B[38;5;241m.#x1B[39msp#x1B[38;5;241m.#x1B[39mcopy_with_vals(#x1B[38;5;241m*#x1B[39m#x1B[38;5;241m*#x1B[39msp)
#x1B[0;32m    214#x1B[0m     #x1B[38;5;28;01mif#x1B[39;00m #x1B[38;5;129;01mnot#x1B[39;00m r:

File #x1B[1;32mc:\users\dhulse\documents\github\fmdtools\fmdtools\define\parameter.py:147#x1B[0m, in #x1B[0;36mParameter.copy_with_vals#x1B[1;34m(self, **kwargs)#x1B[0m
#x1B[0;32m    145#x1B[0m #x1B[38;5;28;01mdef#x1B[39;00m #x1B[38;5;21mcopy_with_vals#x1B[39m(#x1B[38;5;28mself#x1B[39m, #x1B[38;5;241m*#x1B[39m#x1B[38;5;241m*#x1B[39mkwargs):
#x1B[0;32m    146#x1B[0m #x1B[38;5;250m    #x1B[39m#x1B[38;5;124;03m"""Creates a copy of itself with modified values given by kwargs"""#x1B[39;00m
#x1B[1;32m--&gt; 147#x1B[0m     #x1B[38;5;28;01mreturn#x1B[39;00m #x1B[38;5;28mself#x1B[39m#x1B[38;5;241m.#x1B[39m#x1B[38;5;18m__class__#x1B[39m(#x1B[38;5;241m*#x1B[39m#x1B[38;5;241m*#x1B[39m{#x1B[38;5;241m*#x1B[39m#x1B[38;5;241m*#x1B[39masdict(#x1B[38;5;28mself#x1B[39m), #x1B[38;5;241m*#x1B[39m#x1B[38;5;241m*#x1B[39mkwargs})

File #x1B[1;32mc:\users\dhulse\documents\github\fmdtools\fmdtools\define\parameter.py:70#x1B[0m, in #x1B[0;36mParameter.__init__#x1B[1;34m(self, strict_immutability, check_type, check_pickle, *args, **kwargs)#x1B[0m
#x1B[0;32m     68#x1B[0m     #x1B[38;5;28mself#x1B[39m#x1B[38;5;241m.#x1B[39mcheck_immutable()
[...]
#x1B[1;32m---&gt; 65#x1B[0m     #x1B[38;5;28;01mraise#x1B[39;00m #x1B[38;5;167;01mException#x1B[39;00m(#x1B[38;5;124m"#x1B[39m#x1B[38;5;124mInvalid args/kwargs: #x1B[39m#x1B[38;5;124m"#x1B[39m#x1B[38;5;241m+#x1B[39m#x1B[38;5;28mstr#x1B[39m(args)#x1B[38;5;241m+#x1B[39m#x1B[38;5;124m"#x1B[39m#x1B[38;5;124m , #x1B[39m#x1B[38;5;124m"#x1B[39m #x1B[38;5;241m+#x1B[39m
#x1B[0;32m     66#x1B[0m                     #x1B[38;5;28mstr#x1B[39m(kwargs)#x1B[38;5;241m+#x1B[39m#x1B[38;5;124m"#x1B[39m#x1B[38;5;124m in #x1B[39m#x1B[38;5;124m"#x1B[39m#x1B[38;5;241m+#x1B[39m#x1B[38;5;28mstr#x1B[39m(#x1B[38;5;28mself#x1B[39m#x1B[38;5;241m.#x1B[39m#x1B[38;5;18m__class__#x1B[39m))
#x1B[0;32m     67#x1B[0m #x1B[38;5;28;01mif#x1B[39;00m strict_immutability:
#x1B[0;32m     68#x1B[0m     #x1B[38;5;28mself#x1B[39m#x1B[38;5;241m.#x1B[39mcheck_immutable()

#x1B[1;31mException#x1B[0m: Invalid args/kwargs: ('sine',) , {'amp': 0.0, 'wavelength': 10.0} in &lt;class 'rover_model.RoverParam'&gt;</failure></testcase><testcase classname="examples.rover.HFAC_Analyses.HFAC_Analyses.ipynb" name="" time="5.208"><failure message="#x1B[1;31mModuleNotFoundError#x1B[0m: No module named 'rover_model_human'">---------------------------------------------------------------------------
from rover_model_human import *
from rover_model import plot_trajectories, plot_map
#x1B[1;31m---------------------------------------------------------------------------#x1B[0m
#x1B[1;31mModuleNotFoundError#x1B[0m                       Traceback (most recent call last)
Cell #x1B[1;32mIn[2], line 1#x1B[0m
#x1B[1;32m----&gt; 1#x1B[0m #x1B[38;5;28;01mfrom#x1B[39;00m #x1B[38;5;21;01mrover_model_human#x1B[39;00m #x1B[38;5;28;01mimport#x1B[39;00m #x1B[38;5;241m*#x1B[39m
#x1B[0;32m      2#x1B[0m #x1B[38;5;28;01mfrom#x1B[39;00m #x1B[38;5;21;01mrover_model#x1B[39;00m #x1B[38;5;28;01mimport#x1B[39;00m plot_trajectories, plot_map

#x1B[1;31mModuleNotFoundError#x1B[0m: No module named 'rover_model_human'</failure></testcase><testcase classname="examples.rover.HFAC_Analyses.IDETC_Human_Paper_Analysis.ipynb" name="" time="3.274"><failure message="#x1B[1;31mModuleNotFoundError#x1B[0m: No module named 'rover_model_human'">---------------------------------------------------------------------------
from rover_model_human import Rover, gen_params
from rover_model import plot_map, plot_trajectories
import fmdtools.analyze as an
import fmdtools.sim.propagate as prop
from fmdtools.sim.approach import SampleApproach, NominalApproach

import numpy as np
import matplotlib.pyplot as plt
#x1B[1;31m---------------------------------------------------------------------------#x1B[0m
#x1B[1;31mModuleNotFoundError#x1B[0m                       Traceback (most recent call last)
Cell #x1B[1;32mIn[1], line 1#x1B[0m
#x1B[1;32m----&gt; 1#x1B[0m #x1B[38;5;28;01mfrom#x1B[39;00m #x1B[38;5;21;01mrover_model_human#x1B[39;00m #x1B[38;5;28;01mimport#x1B[39;00m Rover, gen_params
#x1B[0;32m      2#x1B[0m #x1B[38;5;28;01mfrom#x1B[39;00m #x1B[38;5;21;01mrover_model#x1B[39;00m #x1B[38;5;28;01mimport#x1B[39;00m plot_map, plot_trajectories
#x1B[0;32m      3#x1B[0m #x1B[38;5;28;01mimport#x1B[39;00m #x1B[38;5;21;01mfmdtools#x1B[39;00m#x1B[38;5;21;01m.#x1B[39;00m#x1B[38;5;21;01manalyze#x1B[39;00m #x1B[38;5;28;01mas#x1B[39;00m #x1B[38;5;21;01man#x1B[39;00m

#x1B[1;31mModuleNotFoundError#x1B[0m: No module named 'rover_model_human'</failure></testcase><testcase classname="examples.rover.degradation_modelling.Degradation_Modelling_Notebook.ipynb" name="" time="5.263"><failure message="#x1B[1;31mModuleNotFoundError#x1B[0m: No module named 'rover_model_human'">---------------------------------------------------------------------------
from rover_model_human import *
from rover_model import plot_trajectories, plot_map
#x1B[1;31m---------------------------------------------------------------------------#x1B[0m
#x1B[1;31mModuleNotFoundError#x1B[0m                       Traceback (most recent call last)
Cell #x1B[1;32mIn[3], line 1#x1B[0m
#x1B[1;32m----&gt; 1#x1B[0m #x1B[38;5;28;01mfrom#x1B[39;00m #x1B[38;5;21;01mrover_model_human#x1B[39;00m #x1B[38;5;28;01mimport#x1B[39;00m #x1B[38;5;241m*#x1B[39m
#x1B[0;32m      2#x1B[0m #x1B[38;5;28;01mfrom#x1B[39;00m #x1B[38;5;21;01mrover_model#x1B[39;00m #x1B[38;5;28;01mimport#x1B[39;00m plot_trajectories, plot_map

#x1B[1;31mModuleNotFoundError#x1B[0m: No module named 'rover_model_human'</failure></testcase><testcase classname="examples.rover.fault_sampling.Rover_Mode_Notebook.ipynb" name="" time="5.207"><failure message="#x1B[1;31mModuleNotFoundError#x1B[0m: No module named 'rover_model'">---------------------------------------------------------------------------
from rover_model import Rover, gen_params, plot_map, plot_trajectories, compare_trajectories, plot_course
#x1B[1;31m---------------------------------------------------------------------------#x1B[0m
#x1B[1;31mModuleNotFoundError#x1B[0m                       Traceback (most recent call last)
Cell #x1B[1;32mIn[2], line 1#x1B[0m
#x1B[1;32m----&gt; 1#x1B[0m #x1B[38;5;28;01mfrom#x1B[39;00m #x1B[38;5;21;01mrover_model#x1B[39;00m #x1B[38;5;28;01mimport#x1B[39;00m Rover, gen_params, plot_map, plot_trajectories, compare_trajectories, plot_course

#x1B[1;31mModuleNotFoundError#x1B[0m: No module named 'rover_model'</failure></testcase><testcase classname="examples.rover.optimization.Rover_Response_Optimization.ipynb" name="" time="5.137"><failure message="#x1B[1;31mModuleNotFoundError#x1B[0m: No module named 'rover_model'">---------------------------------------------------------------------------
from rover_model import Rover, gen_params, plot_map, plot_trajectories
#x1B[1;31m---------------------------------------------------------------------------#x1B[0m
#x1B[1;31mModuleNotFoundError#x1B[0m                       Traceback (most recent call last)
Cell #x1B[1;32mIn[2], line 1#x1B[0m
#x1B[1;32m----&gt; 1#x1B[0m #x1B[38;5;28;01mfrom#x1B[39;00m #x1B[38;5;21;01mrover_model#x1B[39;00m #x1B[38;5;28;01mimport#x1B[39;00m Rover, gen_params, plot_map, plot_trajectories

#x1B[1;31mModuleNotFoundError#x1B[0m: No module named 'rover_model'</failure></testcase><testcase classname="examples.rover.optimization.Search_Comparison.ipynb" name="" time="5.665"><failure message="#x1B[1;31mException#x1B[0m: Invalid args/kwargs: ('turn',) , {'start': 5.0, 'drive_modes': {'custom_fault': {'friction': 0.0, 'transfer': 0.0, 'drift': 0.0}}} in &lt;class 'examples.rover.rover_model.RoverParam'&gt;">---------------------------------------------------------------------------
from search_rover import *
import pandas as pd
#x1B[1;31m---------------------------------------------------------------------------#x1B[0m
#x1B[1;31mTypeError#x1B[0m                                 Traceback (most recent call last)
File #x1B[1;32mc:\users\dhulse\documents\github\fmdtools\fmdtools\define\parameter.py:63#x1B[0m, in #x1B[0;36mParameter.__init__#x1B[1;34m(self, strict_immutability, check_type, check_pickle, *args, **kwargs)#x1B[0m
#x1B[0;32m     62#x1B[0m #x1B[38;5;28;01mtry#x1B[39;00m:
#x1B[1;32m---&gt; 63#x1B[0m     #x1B[38;5;28msuper#x1B[39m()#x1B[38;5;241m.#x1B[39m#x1B[38;5;21m__init__#x1B[39m(#x1B[38;5;241m*#x1B[39margs, #x1B[38;5;241m*#x1B[39m#x1B[38;5;241m*#x1B[39mkwargs)
#x1B[0;32m     64#x1B[0m #x1B[38;5;28;01mexcept#x1B[39;00m #x1B[38;5;167;01mTypeError#x1B[39;00m:

#x1B[1;31mTypeError#x1B[0m: Invalid kwarg: start not in __fields__ and has not __dict__

During handling of the above exception, another exception occurred:

#x1B[1;31mException#x1B[0m                                 Traceback (most recent call last)
Cell #x1B[1;32mIn[1], line 1#x1B[0m
#x1B[1;32m----&gt; 1#x1B[0m #x1B[38;5;28;01mfrom#x1B[39;00m #x1B[38;5;21;01msearch_rover#x1B[39;00m #x1B[38;5;28;01mimport#x1B[39;00m #x1B[38;5;241m*#x1B[39m
#x1B[0;32m      2#x1B[0m #x1B[38;5;28;01mimport#x1B[39;00m #x1B[38;5;21;01mpandas#x1B[39;00m #x1B[38;5;28;01mas#x1B[39;00m #x1B[38;5;21;01mpd#x1B[39;00m

File #x1B[1;32m~\Documents\GitHub\fmdtools\examples\rover\optimization\search_rover.py:588#x1B[0m
#x1B[0;32m    585#x1B[0m NUM_SUBPOP #x1B[38;5;241m=#x1B[39m #x1B[38;5;241m10#x1B[39m #x1B[38;5;66;03m#number of subpopulation#x1B[39;00m
#x1B[0;32m    587#x1B[0m #x1B[38;5;66;03m#nominal scenario info (used to find when to inject faults in nominal scenario)#x1B[39;00m
#x1B[1;32m--&gt; 588#x1B[0m mdl #x1B[38;5;241m=#x1B[39m rvr#x1B[38;5;241m.#x1B[39mRover(p#x1B[38;5;241m=#x1B[39mrvr#x1B[38;5;241m.#x1B[39mRoverParam(#x1B[38;5;124m'#x1B[39m#x1B[38;5;124mturn#x1B[39m#x1B[38;5;124m'#x1B[39m, start#x1B[38;5;241m=#x1B[39m#x1B[38;5;241m5.0#x1B[39m,
#x1B[0;32m    589#x1B[0m                                  drive_modes#x1B[38;5;241m=#x1B[39m{#x1B[38;5;124m'#x1B[39m#x1B[38;5;124mcustom_fault#x1B[39m#x1B[38;5;124m'#x1B[39m:{#x1B[38;5;124m'#x1B[39m#x1B[38;5;124mfriction#x1B[39m#x1B[38;5;124m'#x1B[39m:#x1B[38;5;241m0.0#x1B[39m, #x1B[38;5;124m'#x1B[39m#x1B[38;5;124mtransfer#x1B[39m#x1B[38;5;124m'#x1B[39m:#x1B[38;5;241m0.0#x1B[39m,#x1B[38;5;124m'#x1B[39m#x1B[38;5;124mdrift#x1B[39m#x1B[38;5;124m'#x1B[39m:#x1B[38;5;241m0.0#x1B[39m}}))
#x1B[0;32m    590#x1B[0m res_nom, mdlhists_nom #x1B[38;5;241m=#x1B[39m prop#x1B[38;5;241m.#x1B[39mnominal(mdl)
#x1B[0;32m    591#x1B[0m phases, modephases #x1B[38;5;241m=#x1B[39m mdlhists_nom#x1B[38;5;241m.#x1B[39mget_modephases()

File #x1B[1;32mc:\users\dhulse\documents\github\fmdtools\examples\rover\rover_model.py:154#x1B[0m, in #x1B[0;36mRoverParam.__init__#x1B[1;34m(self, *args, **kwargs)#x1B[0m
#x1B[0;32m    153#x1B[0m #x1B[38;5;28;01mdef#x1B[39;00m #x1B[38;5;21m__init__#x1B[39m(#x1B[38;5;28mself#x1B[39m, #x1B[38;5;241m*#x1B[39margs, #x1B[38;5;241m*#x1B[39m#x1B[38;5;241m*#x1B[39mkwargs):
#x1B[1;32m--&gt; 154#x1B[0m     #x1B[38;5;28msuper#x1B[39m()#x1B[38;5;241m.#x1B[39m#x1B[38;5;21m__init__#x1B[39m(#x1B[38;5;241m*#x1B[39margs, strict_immutability#x1B[38;5;241m=#x1B[39m#x1B[38;5;28;01mFalse#x1B[39;00m, #x1B[38;5;241m*#x1B[39m#x1B[38;5;241m*#x1B[39mkwargs)

File #x1B[1;32mc:\users\dhulse\documents\github\fmdtools\fmdtools\define\parameter.py:65#x1B[0m, in #x1B[0;36mParameter.__init__#x1B[1;34m(self, strict_immutability, check_type, check_pickle, *args, **kwargs)#x1B[0m
#x1B[0;32m     63#x1B[0m     #x1B[38;5;28msuper#x1B[39m()#x1B[38;5;241m.#x1B[39m#x1B[38;5;21m__init__#x1B[39m(#x1B[38;5;241m*#x1B[39margs, #x1B[38;5;241m*#x1B[39m#x1B[38;5;241m*#x1B[39mkwargs)
#x1B[0;32m     64#x1B[0m #x1B[38;5;28;01mexcept#x1B[39;00m #x1B[38;5;167;01mTypeError#x1B[39;00m:
#x1B[1;32m---&gt; 65#x1B[0m     #x1B[38;5;28;01mraise#x1B[39;00m #x1B[38;5;167;01mException#x1B[39;00m(#x1B[38;5;124m"#x1B[39m#x1B[38;5;124mInvalid args/kwargs: #x1B[39m#x1B[38;5;124m"#x1B[39m#x1B[38;5;241m+#x1B[39m#x1B[38;5;28mstr#x1B[39m(args)#x1B[38;5;241m+#x1B[39m#x1B[38;5;124m"#x1B[39m#x1B[38;5;124m , #x1B[39m#x1B[38;5;124m"#x1B[39m #x1B[38;5;241m+#x1B[39m
#x1B[0;32m     66#x1B[0m                     #x1B[38;5;28mstr#x1B[39m(kwargs)#x1B[38;5;241m+#x1B[39m#x1B[38;5;124m"#x1B[39m#x1B[38;5;124m in #x1B[39m#x1B[38;5;124m"#x1B[39m#x1B[38;5;241m+#x1B[39m#x1B[38;5;28mstr#x1B[39m(#x1B[38;5;28mself#x1B[39m#x1B[38;5;241m.#x1B[39m#x1B[38;5;18m__class__#x1B[39m))
#x1B[0;32m     67#x1B[0m #x1B[38;5;28;01mif#x1B[39;00m strict_immutability:
#x1B[0;32m     68#x1B[0m     #x1B[38;5;28mself#x1B[39m#x1B[38;5;241m.#x1B[39mcheck_immutable()

#x1B[1;31mException#x1B[0m: Invalid args/kwargs: ('turn',) , {'start': 5.0, 'drive_modes': {'custom_fault': {'friction': 0.0, 'transfer': 0.0, 'drift': 0.0}}} in &lt;class 'examples.rover.rover_model.RoverParam'&gt;</failure></testcase><testcase classname="examples.tank.Tank_Analysis.ipynb" name="" time="12.392" /><testcase classname="examples.tank.Tank_Optimization.ipynb" name="" time="28.617"><failure message="A cell timed out while it was being executed, after 20 seconds.">A cell timed out while it was being executed, after 20 seconds.
The message was: Cell execution timed out.
Here is a preview of the cell contents:
-------------------
result_alt, llargs_alt, fhist_alt, thist_alt, xdhist_alt = tank_opt.alternating_opt(pool=pool, max_alts=1)
-------------------</failure></testcase><testcase classname="examples.tank.test_tank.TankTests" name="test_approach" time="0.562" /><testcase classname="examples.tank.test_tank.TankTests" name="test_approach_parallelism_0" time="7.205" /><testcase classname="examples.tank.test_tank.TankTests" name="test_approach_parallelism_1" time="7.563" /><testcase classname="examples.tank.test_tank.TankTests" name="test_approach_parallelism_notrack" time="7.005" /><testcase classname="examples.tank.test_tank.TankTests" name="test_comp_mode_inj" time="0.039" /><testcase classname="examples.tank.test_tank.TankTests" name="test_different_components" time="0.020" /><testcase classname="examples.tank.test_tank.TankTests" name="test_epc_math" time="0.009" /><testcase classname="examples.tank.test_tank.TankTests" name="test_local_tstep" time="0.073" /><testcase classname="examples.tank.test_tank.TankTests" name="test_model_copy_different" time="0.312" /><testcase classname="examples.tank.test_tank.TankTests" name="test_model_copy_same" time="0.437" /><testcase classname="examples.tank.test_tank.TankTests" name="test_model_reset" time="0.463" /><testcase classname="examples.tank.test_tank.TankTests" name="test_save_load_approach" time="0.684" /><testcase classname="examples.tank.test_tank.TankTests" name="test_save_load_approach_indiv" time="0.909" /><testcase classname="examples.tank.test_tank.TankTests" name="test_save_load_multfault" time="0.081" /><testcase classname="examples.tank.test_tank.TankTests" name="test_save_load_nestedapproach" time="5.575" /><testcase classname="examples.tank.test_tank.TankTests" name="test_save_load_nestedapproach_indiv" time="5.829" /><testcase classname="examples.tank.test_tank.TankTests" name="test_save_load_nominal" time="0.067" /><testcase classname="examples.tank.test_tank.TankTests" name="test_save_load_nominalapproach" time="0.302" /><testcase classname="examples.tank.test_tank.TankTests" name="test_save_load_nominalapproach_indiv" time="0.503" /><testcase classname="examples.tank.test_tank.TankTests" name="test_save_load_onefault" time="0.080" /><testcase classname="examples.tank.test_tank.TankTests" name="test_save_load_singlefaults" time="2.135" /><testcase classname="examples.tank.test_tank.TankTests" name="test_save_load_singlefaults_indiv" time="3.786" /><testcase classname="examples.tank.test_tank.TankTests" name="test_tank_copy_args" time="0.028" /><testcase classname="examples.tank.test_tank_opt.TankOptTests" name="test_same_rcost" time="8.056" /><testcase classname="fmdtools.define.coords" name="fmdtools.define.coords.Coords" time="0.040" /><testcase classname="fmdtools.define.coords" name="fmdtools.define.coords.Coords.copy" time="0.009" /><testcase classname="fmdtools.define.coords" name="fmdtools.define.coords.Coords.create_hist" time="0.009" /><testcase classname="fmdtools.define.coords" name="fmdtools.define.coords.Coords.find_all" time="0.009" /><testcase classname="fmdtools.define.coords" name="fmdtools.define.coords.Coords.find_closest" time="0.009" /><testcase classname="fmdtools.define.coords" name="fmdtools.define.coords.Coords.get" time="0.009" /><testcase classname="fmdtools.define.coords" name="fmdtools.define.coords.Coords.get_properties" time="0.010" /><testcase classname="fmdtools.define.coords" name="fmdtools.define.coords.Coords.in_area" time="0.009" /><testcase classname="fmdtools.define.coords" name="fmdtools.define.coords.Coords.set" time="0.009" /><testcase classname="fmdtools.define.coords" name="fmdtools.define.coords.Coords.set_pts" time="0.010" /><testcase classname="fmdtools.define.coords" name="fmdtools.define.coords.Coords.set_rand_pts" time="0.010" /><testcase classname="fmdtools.define.coords" name="fmdtools.define.coords.Coords.set_range" time="0.012" /><testcase classname="fmdtools.define.coords" name="fmdtools.define.coords.Coords.to_gridpoint" time="0.009" /><testcase classname="fmdtools.define.coords" name="fmdtools.define.coords.Coords.to_index" time="0.010" /><testcase classname="fmdtools.define.coords" name="fmdtools.define.coords.CoordsParam" time="0.009" /><testcase classname="fmdtools.define.environment" name="fmdtools.define.environment.Environment" time="0.012" /><testcase classname="fmdtools.define.environment" name="fmdtools.define.environment.Environment.copy" time="0.013" /><testcase classname="fmdtools.define.environment" name="fmdtools.define.environment.Environment.create_hist" time="0.011" /><testcase classname="fmdtools.define.geom" name="fmdtools.define.geom.Geom.all_at" time="0.011" /><testcase classname="fmdtools.define.geom" name="fmdtools.define.geom.Geom.vect_at_shape" time="0.011" /><testcase classname="fmdtools.define.geom" name="fmdtools.define.geom.Geom.vect_to_shape" time="0.010" /><testcase classname="fmdtools.define.geom" name="fmdtools.define.geom.GeomArch" time="0.009" /><testcase classname="fmdtools.define.geom" name="fmdtools.define.geom.GeomArch.all_at" time="0.011" /><testcase classname="fmdtools.define.geom" name="fmdtools.define.geom.GeomArch.create_hist" time="0.010" /><testcase classname="fmdtools.define.geom" name="fmdtools.define.geom.GeomArch.return_mutables" time="0.010" /><testcase classname="fmdtools.define.geom" name="fmdtools.define.geom.GeomLine" time="0.010" /><testcase classname="fmdtools.define.geom" name="fmdtools.define.geom.GeomPoint" time="0.010" /><testcase classname="fmdtools.define.geom" name="fmdtools.define.geom.GeomPoly" time="0.010" /><testcase classname="fmdtools.define.geom" name="fmdtools.define.geom.LineParam" time="0.009" /><testcase classname="fmdtools.define.geom" name="fmdtools.define.geom.PointParam" time="0.009" /><testcase classname="fmdtools.define.geom" name="fmdtools.define.geom.PolyParam" time="0.009" /><testcase classname="fmdtools.define.parameter" name="fmdtools.define.parameter.Parameter" time="0.010" /><testcase classname="fmdtools.define.state" name="fmdtools.define.state.State" time="0.009" /><testcase classname="fmdtools.define.state" name="fmdtools.define.state.State.add" time="0.008" /><testcase classname="fmdtools.define.state" name="fmdtools.define.state.State.assign" time="0.009" /><testcase classname="fmdtools.define.state" name="fmdtools.define.state.State.div" time="0.009" /><testcase classname="fmdtools.define.state" name="fmdtools.define.state.State.get" time="0.009" /><testcase classname="fmdtools.define.state" name="fmdtools.define.state.State.inc" time="0.010" /><testcase classname="fmdtools.define.state" name="fmdtools.define.state.State.limit" time="0.009" /><testcase classname="fmdtools.define.state" name="fmdtools.define.state.State.mul" time="0.009" /><testcase classname="fmdtools.define.state" name="fmdtools.define.state.State.put" time="0.009" /><testcase classname="fmdtools.define.state" name="fmdtools.define.state.State.roundto" time="0.009" /><testcase classname="fmdtools.define.state" name="fmdtools.define.state.State.same" time="0.010" /><testcase classname="fmdtools.define.state" name="fmdtools.define.state.State.set_atts" time="0.008" /><testcase classname="fmdtools.define.state" name="fmdtools.define.state.State.sub" time="0.009" /><testcase classname="tests.test_graph.ModelGraphTests" name="test_fault_plot" time="0.133" /><testcase classname="tests.test_graph.ModelGraphTests" name="test_flowgraph_plot" time="0.125" /><testcase classname="tests.test_graph.ModelGraphTests" name="test_fxngraph_plot" time="0.253" /><testcase classname="tests.test_graph.ModelGraphTests" name="test_modelgraph_plot" time="0.205" /><testcase classname="tests.test_graph.ModelGraphTests" name="test_result_from_plot" time="0.092" /><testcase classname="tests.test_graph.ModelGraphTests" name="test_typegraph_plot" time="0.056" /><testcase classname="tests.test_mode.ModeTests" name="test_mode_generation" time="0.001" /><testcase classname="tests.test_packages.define_Tests" name="test_pdf_translation_options" time="0.004" /></testsuite></testsuites>