<?xml version="1.0" encoding="utf-8"?><testsuites name="pytest tests"><testsuite name="pytest" errors="0" failures="0" skipped="3" tests="652" time="3582.960" timestamp="2026-08-12T16:49:11.931803-07:00" hostname="bamboo-r7.ndc.nasa.gov"><testcase classname="examples.airport_taxiway.demo_overview.ipynb" name="demo_overview.ipynb" time="2.256" /><testcase classname="examples.airport_taxiway.paper_jcise_dsa.ipynb" name="paper_jcise_dsa.ipynb" time="32.166" /><testcase classname="examples.airport_taxiway.test_asset.AssetTests" name="test_avoid" time="0.721" /><testcase classname="examples.airport_taxiway.test_asset.AssetTests" name="test_avoid_plot" time="1.162" /><testcase classname="examples.airport_taxiway.test_asset.AssetTests" name="test_heli_cycle" time="0.255" /><testcase classname="examples.airport_taxiway.test_asset.AssetTests" name="test_heli_cycle_plot" time="0.430" /><testcase classname="examples.airport_taxiway.test_asset.AssetTests" name="test_lost_sight" time="1.219" /><testcase classname="examples.airport_taxiway.test_asset.AssetTests" name="test_lost_sight_plot" time="1.184" /><testcase classname="examples.airport_taxiway.test_asset.AssetTests" name="test_one_cycle" time="0.256" /><testcase classname="examples.airport_taxiway.test_asset.AssetTests" name="test_one_cycle_plot" time="0.295" /><testcase classname="examples.airport_taxiway.test_model.ModelTests" name="test_atc_lost_ground_perception" time="3.809" /><testcase classname="examples.airport_taxiway.test_model.ModelTests" name="test_atc_lost_ground_perception_plot" time="4.787" /><testcase classname="examples.airport_taxiway.test_model.ModelTests" name="test_atc_wrong_land_command" time="3.972" /><testcase classname="examples.airport_taxiway.test_model.ModelTests" name="test_atc_wrong_land_command_lost_sight" time="4.866" /><testcase classname="examples.airport_taxiway.test_model.ModelTests" name="test_atc_wrong_land_command_sight_plot" time="5.985" /><testcase classname="examples.airport_taxiway.test_model.ModelTests" name="test_default_plots" time="4.108" /><testcase classname="examples.airport_taxiway.test_model.ModelTests" name="test_scen" time="2.225" /><testcase classname="examples.airspacelib.base.arch.aviate" name="examples.airspacelib.base.arch.aviate.Aviate" time="0.013" /><testcase classname="examples.airspacelib.base.arch.controlflight" name="examples.airspacelib.base.arch.controlflight.ControlFlight" time="0.016" /><testcase classname="examples.airspacelib.base.arch.perceiveenvironment" name="examples.airspacelib.base.arch.perceiveenvironment.PerceiveEnvironment.dynamic_behavior" time="0.010" /><testcase classname="examples.airspacelib.base.state" name="examples.airspacelib.base.state.AircraftPosition.at_goal" time="0.003" /><testcase classname="examples.airspacelib.base.state" name="examples.airspacelib.base.state.AircraftPosition.find_direction" time="0.003" /><testcase classname="examples.airspacelib.base.state" name="examples.airspacelib.base.state.AircraftPosition.update_dist_to_travel" time="0.003" /><testcase classname="examples.airspacelib.base.state" name="examples.airspacelib.base.state.AircraftPosition.update_position" time="0.004" /><testcase classname="examples.airspacelib.contingency_management.demo_contingency.ipynb" name="demo_contingency.ipynb" time="284.713" /><testcase classname="examples.airspacelib.contingency_management.demo_overview.ipynb" name="demo_overview.ipynb" time="5.062" /><testcase classname="examples.airspacelib.contingency_management.demo_proxthreat.ipynb" name="demo_proxthreat.ipynb" time="26.784" /><testcase classname="examples.airspacelib.contingency_management.model_flightplanner" name="examples.airspacelib.contingency_management.model_flightplanner.DroneFlightGrid" time="11.709" /><testcase classname="examples.airspacelib.wildfire_response.demo_overview.ipynb" name="demo_overview.ipynb" time="4.853" /><testcase classname="examples.airspacelib.wildfire_response.demo_wildfire.ipynb" name="demo_wildfire.ipynb" time="51.226" /><testcase classname="examples.cooling_tank.demo_tank_model.ipynb" name="demo_tank_model.ipynb" time="53.914" /><testcase classname="examples.cooling_tank.test_tank.TankTests" name="test_approach" time="11.739" /><testcase classname="examples.cooling_tank.test_tank.TankTests" name="test_approach_parallelism_0" time="20.326" /><testcase classname="examples.cooling_tank.test_tank.TankTests" name="test_approach_parallelism_1" time="36.005" /><testcase classname="examples.cooling_tank.test_tank.TankTests" name="test_approach_parallelism_notrack" time="21.029" /><testcase classname="examples.cooling_tank.test_tank.TankTests" name="test_comp_mode_inj" time="0.125" /><testcase classname="examples.cooling_tank.test_tank.TankTests" name="test_different_components" time="0.060" /><testcase classname="examples.cooling_tank.test_tank.TankTests" name="test_epc_math" time="0.039" /><testcase classname="examples.cooling_tank.test_tank.TankTests" name="test_fault_sample_isave" time="11.637" /><testcase classname="examples.cooling_tank.test_tank.TankTests" name="test_fault_sample_save" time="12.195" /><testcase classname="examples.cooling_tank.test_tank.TankTests" name="test_local_tstep" time="0.732" /><testcase classname="examples.cooling_tank.test_tank.TankTests" name="test_model_copy_different" time="2.262" /><testcase classname="examples.cooling_tank.test_tank.TankTests" name="test_model_copy_same" time="5.268" /><testcase classname="examples.cooling_tank.test_tank.TankTests" name="test_model_reset" time="0.001"><skipped type="pytest.skip" message="Reset not fully implemented yet and unused throughout.">/home/bamboo/bamboo-agent-home/xml-data/build-dir/RAD-TEST-UVF/examples/cooling_tank/test_tank.py:69: Reset not fully implemented yet and unused throughout.</skipped></testcase><testcase classname="examples.cooling_tank.test_tank.TankTests" name="test_nested_sample_isave" time="116.054" /><testcase classname="examples.cooling_tank.test_tank.TankTests" name="test_nested_sample_save" time="115.334" /><testcase classname="examples.cooling_tank.test_tank.TankTests" name="test_param_sample_isave" time="2.469" /><testcase classname="examples.cooling_tank.test_tank.TankTests" name="test_param_sample_save" time="2.242" /><testcase classname="examples.cooling_tank.test_tank.TankTests" name="test_save_load_multfault" time="0.683" /><testcase classname="examples.cooling_tank.test_tank.TankTests" name="test_save_load_nominal" time="0.264" /><testcase classname="examples.cooling_tank.test_tank.TankTests" name="test_save_load_onefault" time="0.651" /><testcase classname="examples.cooling_tank.test_tank.TankTests" name="test_save_load_singlefaults" time="6.283" /><testcase classname="examples.cooling_tank.test_tank.TankTests" name="test_singlefaults_isave" time="6.463" /><testcase classname="examples.cooling_tank.test_tank.TankTests" name="test_tank_copy_args" time="0.082" /><testcase classname="examples.electric_power_system.demo_static_models.ipynb" name="demo_static_models.ipynb" time="11.723" /><testcase classname="examples.electric_power_system.test_model.epsTests" name="test_all_faults" time="1.811" /><testcase classname="examples.electric_power_system.test_model.epsTests" name="test_backward_fault_prop_1" time="0.098" /><testcase classname="examples.electric_power_system.test_model.epsTests" name="test_backward_fault_prop_2" time="0.100" /><testcase classname="examples.electric_power_system.test_model.epsTests" name="test_fault_app" time="2.546" /><testcase classname="examples.electric_power_system.test_model.epsTests" name="test_multfault_saving" time="0.269" /><testcase classname="examples.electric_power_system.test_model.epsTests" name="test_nominal_saving" time="0.081" /><testcase classname="examples.electric_power_system.test_model.epsTests" name="test_pickleability" time="7.498" /><testcase classname="examples.electric_power_system.test_model.epsTests" name="test_save_load_onefault" time="0.306" /><testcase classname="examples.electric_power_system.test_model.epsTests" name="test_save_load_singlefaults" time="5.626" /><testcase classname="examples.human_hazard_mitigation.tutorial_actionarchitecture.ipynb" name="tutorial_actionarchitecture.ipynb" time="15.310" /><testcase classname="examples.multirotor_drone.demo_optimization_architectures.ipynb" name="demo_optimization_architectures.ipynb" time="275.618" /><testcase classname="examples.multirotor_drone.demo_overview.ipynb" name="demo_overview.ipynb" time="10.694" /><testcase classname="examples.multirotor_drone.model_dynamic" name="examples.multirotor_drone.model_dynamic.AffectDOF.inc_pos" time="0.007" /><testcase classname="examples.multirotor_drone.model_dynamic" name="examples.multirotor_drone.model_dynamic.PlanPath.assign_vectdist_to_goal" time="0.005" /><testcase classname="examples.multirotor_drone.model_dynamic" name="examples.multirotor_drone.model_dynamic.PlanPath.calc_dist_to_goal" time="0.004" /><testcase classname="examples.multirotor_drone.model_dynamic" name="examples.multirotor_drone.model_dynamic.SightGrid" time="0.254" /><testcase classname="examples.multirotor_drone.model_hierarchical" name="examples.multirotor_drone.model_hierarchical.AffectDOF" time="0.034" /><testcase classname="examples.multirotor_drone.model_hierarchical" name="examples.multirotor_drone.model_hierarchical.AffectDOFArch" time="0.015" /><testcase classname="examples.multirotor_drone.model_hierarchical" name="examples.multirotor_drone.model_hierarchical.LineArchParam" time="0.003" /><testcase classname="examples.multirotor_drone.model_static" name="examples.multirotor_drone.model_static.AffectDOF.static_behavior" time="0.006" /><testcase classname="examples.multirotor_drone.model_static" name="examples.multirotor_drone.model_static.CtlDOF.static_behavior" time="0.005" /><testcase classname="examples.multirotor_drone.model_static" name="examples.multirotor_drone.model_static.DesTrajState.dist2d" time="0.002" /><testcase classname="examples.multirotor_drone.model_static" name="examples.multirotor_drone.model_static.DesTrajState.unit_vect2d" time="0.003" /><testcase classname="examples.multirotor_drone.model_static" name="examples.multirotor_drone.model_static.DistEE.static_behavior" time="0.012" /><testcase classname="examples.multirotor_drone.model_static" name="examples.multirotor_drone.model_static.HoldPayload.static_behavior" time="0.008" /><testcase classname="examples.multirotor_drone.model_static" name="examples.multirotor_drone.model_static.PlanPath.static_behavior" time="0.008" /><testcase classname="examples.multirotor_drone.paper_ijphm_fmdtools.ipynb" name="paper_ijphm_fmdtools.ipynb" time="114.055" /><testcase classname="examples.multirotor_drone.test_multirotor.DroneParameterTests" name="test_objectives" time="1.191" /><testcase classname="examples.multirotor_drone.test_multirotor.DroneParameterTests" name="test_param_domain_1" time="0.002" /><testcase classname="examples.multirotor_drone.test_multirotor.DroneParameterTests" name="test_param_domain_2" time="0.002" /><testcase classname="examples.multirotor_drone.test_multirotor.DroneParameterTests" name="test_set_constraints_1" time="0.001" /><testcase classname="examples.multirotor_drone.test_multirotor.DroneParameterTests" name="test_set_constraints_2" time="0.001" /><testcase classname="examples.multirotor_drone.test_multirotor.DroneParameterTests" name="test_sim_mdl" time="0.685" /><testcase classname="examples.multirotor_drone.test_multirotor.DroneScenarioTest" name="test_scenprob_results" time="1.888" /><testcase classname="examples.multirotor_drone.test_multirotor.DroneScenarioTest2" name="test_scenprob_results" time="1.695" /><testcase classname="examples.multirotor_drone.test_multirotor.DroneScenarioTest3" name="test_scenprob_results" time="1.701" /><testcase classname="examples.multirotor_drone.test_multirotor.DroneDisturbanceTest" name="test_disturbance_set" time="0.713" /><testcase classname="examples.multirotor_drone.tutorial_fmdtools_basics.ipynb" name="tutorial_fmdtools_basics.ipynb" time="23.373" /><testcase classname="examples.navigating_rover.demo_degradation.ipynb" name="demo_degradation.ipynb" time="294.819" /><testcase classname="examples.navigating_rover.demo_overview.ipynb" name="demo_overview.ipynb" time="23.004" /><testcase classname="examples.navigating_rover.demo_rover_model.ipynb" name="demo_rover_model.ipynb" time="58.911" /><testcase classname="examples.navigating_rover.model_human" name="examples.navigating_rover.model_human.Comprehend" time="0.007" /><testcase classname="examples.navigating_rover.model_human" name="examples.navigating_rover.model_human.Decide" time="0.004" /><testcase classname="examples.navigating_rover.model_human" name="examples.navigating_rover.model_human.HumanActions" time="0.017" /><testcase classname="examples.navigating_rover.model_human" name="examples.navigating_rover.model_human.Look" time="0.004" /><testcase classname="examples.navigating_rover.model_human" name="examples.navigating_rover.model_human.Percieve" time="0.004" /><testcase classname="examples.navigating_rover.model_human" name="examples.navigating_rover.model_human.Press" time="0.006" /><testcase classname="examples.navigating_rover.model_human" name="examples.navigating_rover.model_human.Project" time="0.004" /><testcase classname="examples.navigating_rover.model_main" name="examples.navigating_rover.model_main.Drive.drive_nominal" time="0.047" /><testcase classname="examples.navigating_rover.paper_idetc_human.ipynb" name="paper_idetc_human.ipynb" time="394.620" /><testcase classname="examples.navigating_rover.test_rover.RoverTests" name="test_obj_values" time="5.197" /><testcase classname="examples.navigating_rover.tutorial_FaultSample.ipynb" name="tutorial_FaultSample.ipynb" time="18.012" /><testcase classname="examples.navigating_rover.tutorial_model_structure_visualization.ipynb" name="tutorial_model_structure_visualization.ipynb" time="53.966" /><testcase classname="examples.state_communication.Tutorial_MultiFlow_and_CommsFlow.ipynb" name="Tutorial_MultiFlow_and_CommsFlow.ipynb" time="6.291" /><testcase classname="examples.state_communication.test_multiflow.define_Tests" name="test_multiflow_combination" time="0.094" /><testcase classname="examples.state_communication.test_multiflow.define_Tests" name="test_multiflow_passing" time="0.093" /><testcase classname="examples.state_communication.test_multiflow.define_Tests" name="test_mutliflow_copying" time="0.142" /><testcase classname="examples.water_pump.demo_fault_analysis.ipynb" name="demo_fault_analysis.ipynb" time="41.435" /><testcase classname="examples.water_pump.model_main" name="examples.water_pump.model_main.accumulate" time="0.003" /><testcase classname="examples.water_pump.model_main" name="examples.water_pump.model_main.reseting_accumulate" time="0.003" /><testcase classname="examples.water_pump.test_pump.PumpTests" name="test_app_prop_values" time="0.746" /><testcase classname="examples.water_pump.test_pump.PumpTests" name="test_approach_cost_calc" time="54.590" /><testcase classname="examples.water_pump.test_pump.PumpTests" name="test_approach_parallelism" time="52.382" /><testcase classname="examples.water_pump.test_pump.PumpTests" name="test_dynamic_prop_values" time="0.699" /><testcase classname="examples.water_pump.test_pump.PumpTests" name="test_dynamic_prop_values_2" time="1.015" /><testcase classname="examples.water_pump.test_pump.PumpTests" name="test_fault_sample_isave" time="6.970" /><testcase classname="examples.water_pump.test_pump.PumpTests" name="test_fault_sample_save" time="6.340" /><testcase classname="examples.water_pump.test_pump.PumpTests" name="test_fmea_options" time="0.976" /><testcase classname="examples.water_pump.test_pump.PumpTests" name="test_hist_tracking_setup" time="0.039" /><testcase classname="examples.water_pump.test_pump.PumpTests" name="test_model_copy_different" time="4.218" /><testcase classname="examples.water_pump.test_pump.PumpTests" name="test_model_copy_same" time="10.634" /><testcase classname="examples.water_pump.test_pump.PumpTests" name="test_model_reset" time="0.001"><skipped type="pytest.skip" message="Reset not fully implemented yet and unused throughout.">/home/bamboo/bamboo-agent-home/xml-data/build-dir/RAD-TEST-UVF/examples/water_pump/test_pump.py:138: Reset not fully implemented yet and unused throughout.</skipped></testcase><testcase classname="examples.water_pump.test_pump.PumpTests" name="test_nested_sample_isave" time="72.060" /><testcase classname="examples.water_pump.test_pump.PumpTests" name="test_nested_sample_save" time="72.448" /><testcase classname="examples.water_pump.test_pump.PumpTests" name="test_nominal_save" time="0.418" /><testcase classname="examples.water_pump.test_pump.PumpTests" name="test_one_run_csv" time="0.292" /><testcase classname="examples.water_pump.test_pump.PumpTests" name="test_one_run_json" time="0.287" /><testcase classname="examples.water_pump.test_pump.PumpTests" name="test_one_run_pickle" time="0.292" /><testcase classname="examples.water_pump.test_pump.PumpTests" name="test_onefault_save" time="0.716" /><testcase classname="examples.water_pump.test_pump.PumpTests" name="test_param_sample" time="0.022" /><testcase classname="examples.water_pump.test_pump.PumpTests" name="test_param_sample_isave" time="4.067" /><testcase classname="examples.water_pump.test_pump.PumpTests" name="test_param_sample_save" time="3.782" /><testcase classname="examples.water_pump.test_pump.PumpTests" name="test_pickleability" time="7.880" /><testcase classname="examples.water_pump.test_pump.PumpTests" name="test_save_load_multfault" time="1.379" /><testcase classname="examples.water_pump.test_pump.PumpTests" name="test_single_faults_isave" time="4.971" /><testcase classname="examples.water_pump.test_pump.PumpTests" name="test_single_faults_save" time="3.960" /><testcase classname="examples.water_pump.test_pump.PumpTests" name="test_value_setting" time="0.023" /><testcase classname="examples.water_pump.test_pump.PumpTests" name="test_value_setting_dict" time="0.022" /><testcase classname="examples.water_pump.test_pump.IndivPumpTests" name="test_mutable_setup" time="0.019" /><testcase classname="examples.water_pump.test_pump_example.ImportEE_Tests" name="test_behave_inf_v" time="0.002" /><testcase classname="examples.water_pump.test_pump_example.ImportEE_Tests" name="test_behave_no_v" time="0.002" /><testcase classname="examples.water_pump.test_pump_example.ImportEE_Tests" name="test_behave_nom" time="0.002" /><testcase classname="examples.water_pump.test_pump_example.ImportEE_Tests" name="test_condfaults_hi" time="0.002" /><testcase classname="examples.water_pump.test_pump_example.ImportEE_Tests" name="test_condfaults_nom" time="0.002" /><testcase classname="examples.water_pump.test_pump_example.ImportEE_Tests" name="test_initialization" time="0.002" /><testcase classname="examples.water_pump.test_pump_example.MoveWat_Tests" name="test_condfaults_dynamic" time="0.003" /><testcase classname="examples.water_pump.test_pump_example.MoveWat_Tests" name="test_initialization" time="0.002" /><testcase classname="examples.water_pump.test_pump_example.MoveWat_Tests" name="test_nom" time="0.003" /><testcase classname="examples.water_pump.test_pump_example.Integration_Tests" name="test_blockage_results" time="0.304" /><testcase classname="examples.water_pump.test_pump_example.Integration_Tests" name="test_blockage_static" time="0.048" /><testcase classname="examples.water_pump.test_pump_example.Integration_Tests" name="test_nominal_results" time="0.168" /><testcase classname="examples.water_pump.test_pump_stochastic.StochasticPumpTests" name="test_mdl_pickle" time="83.255" /><testcase classname="examples.water_pump.test_pump_stochastic.StochasticPumpTests" name="test_model_copy_different" time="7.476" /><testcase classname="examples.water_pump.test_pump_stochastic.StochasticPumpTests" name="test_model_copy_same" time="14.566" /><testcase classname="examples.water_pump.test_pump_stochastic.StochasticPumpTests" name="test_model_reset" time="0.001"><skipped type="pytest.skip" message="Reset not fully implemented yet and unused throughout.">/home/bamboo/bamboo-agent-home/xml-data/build-dir/RAD-TEST-UVF/examples/water_pump/test_pump_stochastic.py:112: Reset not fully implemented yet and unused throughout.</skipped></testcase><testcase classname="examples.water_pump.test_pump_stochastic.StochasticPumpTests" name="test_model_set_vars" time="0.021" /><testcase classname="examples.water_pump.test_pump_stochastic.StochasticPumpTests" name="test_nested_sample_isave" time="51.558" /><testcase classname="examples.water_pump.test_pump_stochastic.StochasticPumpTests" name="test_nested_sample_save" time="53.884" /><testcase classname="examples.water_pump.test_pump_stochastic.StochasticPumpTests" name="test_param_sample_isave" time="11.399" /><testcase classname="examples.water_pump.test_pump_stochastic.StochasticPumpTests" name="test_param_sample_save" time="11.642" /><testcase classname="examples.water_pump.test_pump_stochastic.StochasticPumpTests" name="test_plot_nested_hists" time="8.940" /><testcase classname="examples.water_pump.test_pump_stochastic.StochasticPumpTests" name="test_plot_nominal_vals" time="2.807" /><testcase classname="examples.water_pump.test_pump_stochastic.StochasticPumpTests" name="test_plot_nominal_vals_xd" time="149.274" /><testcase classname="examples.water_pump.test_pump_stochastic.StochasticPumpTests" name="test_rand_paramsample_plot" time="6.076" /><testcase classname="examples.water_pump.test_pump_stochastic.StochasticPumpTests" name="test_run_approach" time="228.220" /><testcase classname="examples.water_pump.test_pump_stochastic.StochasticPumpTests" name="test_run_safety" time="14.941" /><testcase classname="examples.water_pump.test_pump_stochastic.StochasticPumpTests" name="test_set_seeds" time="0.071" /><testcase classname="examples.water_pump.test_pump_stochastic.StochasticPumpTests" name="test_stochastic_pdf" time="0.078" /><testcase classname="examples.water_pump.tutorial_fmdtools_basics.ipynb" name="tutorial_fmdtools_basics.ipynb" time="15.639" /><testcase classname="examples.water_pump.tutorial_optimization.ipynb" name="tutorial_optimization.ipynb" time="141.990" /><testcase classname="examples.water_pump.tutorial_parallelism.ipynb" name="tutorial_parallelism.ipynb" time="181.033" /><testcase classname="src.fmdtools.analyze.common" name="fmdtools.analyze.common.auto_filetype" time="0.008" /><testcase classname="src.fmdtools.analyze.common" name="fmdtools.analyze.common.calc_average" time="0.004" /><testcase classname="src.fmdtools.analyze.common" name="fmdtools.analyze.common.calc_expected" time="0.002" /><testcase classname="src.fmdtools.analyze.common" name="fmdtools.analyze.common.calc_metric" time="0.003" /><testcase classname="src.fmdtools.analyze.common" name="fmdtools.analyze.common.calc_metric_ci" time="0.025" /><testcase classname="src.fmdtools.analyze.common" name="fmdtools.analyze.common.calc_percent" time="0.003" /><testcase classname="src.fmdtools.analyze.common" name="fmdtools.analyze.common.calc_rate" time="0.002" /><testcase classname="src.fmdtools.analyze.common" name="fmdtools.analyze.common.calc_sum" time="0.003" /><testcase classname="src.fmdtools.analyze.common" name="fmdtools.analyze.common.calc_total" time="0.002" /><testcase classname="src.fmdtools.analyze.common" name="fmdtools.analyze.common.create_indiv_filename" time="0.002" /><testcase classname="src.fmdtools.analyze.common" name="fmdtools.analyze.common.diff" time="0.003" /><testcase classname="src.fmdtools.analyze.common" name="fmdtools.analyze.common.join_key" time="0.002" /><testcase classname="src.fmdtools.analyze.common" name="fmdtools.analyze.common.to_include_keys" time="0.003" /><testcase classname="src.fmdtools.analyze.graph.base" name="fmdtools.analyze.graph.base.Graph" time="0.693" /><testcase classname="src.fmdtools.analyze.graph.base" name="fmdtools.analyze.graph.base.Graph._get_edge_style" time="0.005" /><testcase classname="src.fmdtools.analyze.graph.base" name="fmdtools.analyze.graph.base.Graph._get_node_style" time="0.005" /><testcase classname="src.fmdtools.analyze.graph.base" name="fmdtools.analyze.graph.base.Graph.add_node_groups" time="0.089" /><testcase classname="src.fmdtools.analyze.graph.base" name="fmdtools.analyze.graph.base.Graph.compare_with" time="0.070" /><testcase classname="src.fmdtools.analyze.graph.base" name="fmdtools.analyze.graph.base.Graph.draw_drawio" time="0.010" /><testcase classname="src.fmdtools.analyze.graph.base" name="fmdtools.analyze.graph.base.Graph.get_node_percentiles" time="0.003" /><testcase classname="src.fmdtools.analyze.graph.base" name="fmdtools.analyze.graph.base.Graph.plot_node_percentiles" time="0.265" /><testcase classname="src.fmdtools.analyze.graph.base" name="fmdtools.analyze.graph.base.Graph.set_heatmap" time="0.083" /><testcase classname="src.fmdtools.analyze.graph.base" name="fmdtools.analyze.graph.base.Graph.summary" time="0.004" /><testcase classname="src.fmdtools.analyze.graph.model" name="fmdtools.analyze.graph.model.ModelGraph" time="0.010" /><testcase classname="src.fmdtools.analyze.graph.model" name="fmdtools.analyze.graph.model.create_inheritance_subgraph" time="0.004" /><testcase classname="src.fmdtools.analyze.graph.style" name="fmdtools.analyze.graph.style.FlowEdgeStyle" time="0.002" /><testcase classname="src.fmdtools.analyze.graph.style" name="fmdtools.analyze.graph.style.edge_style_factory" time="0.612" /><testcase classname="src.fmdtools.analyze.graph.style" name="fmdtools.analyze.graph.style.node_style_factory" time="0.882" /><testcase classname="src.fmdtools.analyze.graph.style" name="fmdtools.analyze.graph.style.to_legend_label" time="0.004" /><testcase classname="src.fmdtools.analyze.history" name="fmdtools.analyze.history.History" time="0.005" /><testcase classname="src.fmdtools.analyze.history" name="fmdtools.analyze.history.History.cut" time="0.003" /><testcase classname="src.fmdtools.analyze.history" name="fmdtools.analyze.history.History.get_degraded_hist" time="0.003" /><testcase classname="src.fmdtools.analyze.history" name="fmdtools.analyze.history.History.get_fault_time" time="0.003" /><testcase classname="src.fmdtools.analyze.history" name="fmdtools.analyze.history.History.get_faulty_hist" time="0.003" /><testcase classname="src.fmdtools.analyze.history" name="fmdtools.analyze.history.History.get_mean_bound_errhist" time="0.003" /><testcase classname="src.fmdtools.analyze.history" name="fmdtools.analyze.history.History.get_mean_ci_errhist" time="0.010" /><testcase classname="src.fmdtools.analyze.history" name="fmdtools.analyze.history.History.get_mean_std_errhist" time="0.003" /><testcase classname="src.fmdtools.analyze.history" name="fmdtools.analyze.history.History.get_percentile_errhist" time="0.006" /><testcase classname="src.fmdtools.analyze.history" name="fmdtools.analyze.history.History.get_slice" time="0.002" /><testcase classname="src.fmdtools.analyze.phases" name="fmdtools.analyze.phases.PhaseMap.calc_modephase_time" time="0.002" /><testcase classname="src.fmdtools.analyze.phases" name="fmdtools.analyze.phases.PhaseMap.calc_phase_time" time="0.002" /><testcase classname="src.fmdtools.analyze.phases" name="fmdtools.analyze.phases.PhaseMap.calc_samples_in_phases" time="0.002" /><testcase classname="src.fmdtools.analyze.phases" name="fmdtools.analyze.phases.PhaseMap.find_modephase" time="0.002" /><testcase classname="src.fmdtools.analyze.phases" name="fmdtools.analyze.phases.PhaseMap.get_phase_times" time="0.003" /><testcase classname="src.fmdtools.analyze.phases" name="fmdtools.analyze.phases.PhaseMap.get_sample_times" time="0.003" /><testcase classname="src.fmdtools.analyze.phases" name="fmdtools.analyze.phases.find_interval_overlap" time="0.003" /><testcase classname="src.fmdtools.analyze.phases" name="fmdtools.analyze.phases.from_hist" time="0.003" /><testcase classname="src.fmdtools.analyze.phases" name="fmdtools.analyze.phases.join_phasemaps" time="0.003" /><testcase classname="src.fmdtools.analyze.result" name="fmdtools.analyze.result.Result" time="0.003" /><testcase classname="src.fmdtools.analyze.result" name="fmdtools.analyze.result.Result.__eq__" time="0.003" /><testcase classname="src.fmdtools.analyze.result" name="fmdtools.analyze.result.Result.__sub__" time="0.003" /><testcase classname="src.fmdtools.analyze.result" name="fmdtools.analyze.result.Result.align_external_dict" time="0.002" /><testcase classname="src.fmdtools.analyze.result" name="fmdtools.analyze.result.Result.fromdict" time="0.002" /><testcase classname="src.fmdtools.analyze.result" name="fmdtools.analyze.result.Result.get" time="0.002" /><testcase classname="src.fmdtools.analyze.result" name="fmdtools.analyze.result.Result.get_metric" time="0.004" /><testcase classname="src.fmdtools.analyze.result" name="fmdtools.analyze.result.Result.get_metric_ci" time="0.008" /><testcase classname="src.fmdtools.analyze.result" name="fmdtools.analyze.result.Result.get_vals" time="0.003" /><testcase classname="src.fmdtools.analyze.result" name="fmdtools.analyze.result.Result.is_flat" time="0.002" /><testcase classname="src.fmdtools.analyze.tabulate" name="fmdtools.analyze.tabulate.Comparison" time="0.563" /><testcase classname="src.fmdtools.analyze.tabulate" name="fmdtools.analyze.tabulate.FMEA" time="0.027" /><testcase classname="src.fmdtools.analyze.tabulate" name="fmdtools.analyze.tabulate.result_summary" time="0.142" /><testcase classname="src.fmdtools.analyze.tabulate" name="fmdtools.analyze.tabulate.result_summary_fmea" time="0.566" /><testcase classname="src.fmdtools.define.architecture.action" name="fmdtools.define.architecture.action.ActionArchitecture" time="0.013" /><testcase classname="src.fmdtools.define.architecture.action" name="fmdtools.define.architecture.action.ActionArchitectureActGraph" time="0.005" /><testcase classname="src.fmdtools.define.architecture.action" name="fmdtools.define.architecture.action.ActionArchitectureFlowGraph" time="0.005" /><testcase classname="src.fmdtools.define.architecture.action" name="fmdtools.define.architecture.action.ActionArchitectureGraph" time="0.005" /><testcase classname="src.fmdtools.define.architecture.base" name="fmdtools.define.architecture.base.Architecture.as_drawio" time="0.029" /><testcase classname="src.fmdtools.define.architecture.component" name="fmdtools.define.architecture.component.ComponentArchitecture" time="0.008" /><testcase classname="src.fmdtools.define.architecture.function" name="fmdtools.define.architecture.function.FunctionArchitecture" time="0.033" /><testcase classname="src.fmdtools.define.architecture.function" name="fmdtools.define.architecture.function.FunctionArchitectureFlowGraph" time="0.007" /><testcase classname="src.fmdtools.define.architecture.function" name="fmdtools.define.architecture.function.FunctionArchitectureFxnGraph" time="0.007" /><testcase classname="src.fmdtools.define.architecture.function" name="fmdtools.define.architecture.function.FunctionArchitectureGraph" time="0.015" /><testcase classname="src.fmdtools.define.architecture.function" name="fmdtools.define.architecture.function.FunctionArchitectureTypeGraph" time="0.006" /><testcase classname="src.fmdtools.define.architecture.geom" name="fmdtools.define.architecture.geom.GeomArchitecture" time="0.020" /><testcase classname="src.fmdtools.define.architecture.geom" name="fmdtools.define.architecture.geom.GeomArchitecture.all_at" time="0.009" /><testcase classname="src.fmdtools.define.base" name="fmdtools.define.base.is_bool" time="0.002" /><testcase classname="src.fmdtools.define.base" name="fmdtools.define.base.is_numeric" time="0.002" /><testcase classname="src.fmdtools.define.base" name="fmdtools.define.base.nan_to_x" time="0.002" /><testcase classname="src.fmdtools.define.block.action" name="fmdtools.define.block.action.Action" time="0.006" /><testcase classname="src.fmdtools.define.block.base" name="fmdtools.define.block.base.SimParam.get_hist_ind" time="0.002" /><testcase classname="src.fmdtools.define.block.base" name="fmdtools.define.block.base.SimParam.get_timerange" time="0.002" /><testcase classname="src.fmdtools.define.block.component" name="fmdtools.define.block.component.Component" time="0.006" /><testcase classname="src.fmdtools.define.block.function" name="fmdtools.define.block.function.Function" time="0.012" /><testcase classname="src.fmdtools.define.container.base" name="fmdtools.define.container.base.BaseContainer" time="0.005" /><testcase classname="src.fmdtools.define.container.base" name="fmdtools.define.container.base.BaseContainer.assign" time="0.003" /><testcase classname="src.fmdtools.define.container.base" name="fmdtools.define.container.base.BaseContainer.copy" time="0.003" /><testcase classname="src.fmdtools.define.container.base" name="fmdtools.define.container.base.BaseContainer.create_hist" time="0.002" /><testcase classname="src.fmdtools.define.container.base" name="fmdtools.define.container.base.BaseContainer.get_field_dict" time="0.002" /><testcase classname="src.fmdtools.define.container.base" name="fmdtools.define.container.base.BaseContainer.set_field" time="0.002" /><testcase classname="src.fmdtools.define.container.base" name="fmdtools.define.container.base.BaseContainer.to_default" time="0.003" /><testcase classname="src.fmdtools.define.container.base" name="fmdtools.define.container.base.check_container_pick" time="0.002" /><testcase classname="src.fmdtools.define.container.mode" name="fmdtools.define.container.mode.Fault.calc_rate" time="0.003" /><testcase classname="src.fmdtools.define.container.mode" name="fmdtools.define.container.mode.HumanErrorMode" time="0.003" /><testcase classname="src.fmdtools.define.container.mode" name="fmdtools.define.container.mode.Mode" time="0.003" /><testcase classname="src.fmdtools.define.container.mode" name="fmdtools.define.container.mode.Mode.add_fault" time="0.003" /><testcase classname="src.fmdtools.define.container.mode" name="fmdtools.define.container.mode.Mode.get_fault" time="0.004" /><testcase classname="src.fmdtools.define.container.parameter" name="fmdtools.define.container.parameter.ExNestedParam" time="0.007" /><testcase classname="src.fmdtools.define.container.parameter" name="fmdtools.define.container.parameter.Parameter" time="0.005" /><testcase classname="src.fmdtools.define.container.rand" name="fmdtools.define.container.rand.Rand" time="0.009" /><testcase classname="src.fmdtools.define.container.rand" name="fmdtools.define.container.rand.Rand.get_rand_states" time="0.004" /><testcase classname="src.fmdtools.define.container.rand" name="fmdtools.define.container.rand.calc_prob_density_for_random" time="0.002" /><testcase classname="src.fmdtools.define.container.rand" name="fmdtools.define.container.rand.calc_prob_for_choice" time="0.002" /><testcase classname="src.fmdtools.define.container.rand" name="fmdtools.define.container.rand.calc_prob_for_integers" time="0.002" /><testcase classname="src.fmdtools.define.container.rand" name="fmdtools.define.container.rand.calc_prob_for_permuted" time="0.003" /><testcase classname="src.fmdtools.define.container.rand" name="fmdtools.define.container.rand.calc_prob_for_shuffle_permutation" time="0.002" /><testcase classname="src.fmdtools.define.container.rand" name="fmdtools.define.container.rand.get_exp_ray_pdf" time="0.003" /><testcase classname="src.fmdtools.define.container.rand" name="fmdtools.define.container.rand.get_hypergeometric_pmf" time="0.002" /><testcase classname="src.fmdtools.define.container.rand" name="fmdtools.define.container.rand.get_lognormal_pdf" time="0.002" /><testcase classname="src.fmdtools.define.container.rand" name="fmdtools.define.container.rand.get_prob_for_rand" time="0.003" /><testcase classname="src.fmdtools.define.container.rand" name="fmdtools.define.container.rand.get_standard_t_pdf" time="0.002" /><testcase classname="src.fmdtools.define.container.rand" name="fmdtools.define.container.rand.get_triangular_pdf" time="0.003" /><testcase classname="src.fmdtools.define.container.state" name="fmdtools.define.container.state.State" time="0.002" /><testcase classname="src.fmdtools.define.container.state" name="fmdtools.define.container.state.State.add" time="0.002" /><testcase classname="src.fmdtools.define.container.state" name="fmdtools.define.container.state.State.div" time="0.002" /><testcase classname="src.fmdtools.define.container.state" name="fmdtools.define.container.state.State.get" time="0.002" /><testcase classname="src.fmdtools.define.container.state" name="fmdtools.define.container.state.State.gett" time="0.002" /><testcase classname="src.fmdtools.define.container.state" name="fmdtools.define.container.state.State.inc" time="0.002" /><testcase classname="src.fmdtools.define.container.state" name="fmdtools.define.container.state.State.limit" time="0.002" /><testcase classname="src.fmdtools.define.container.state" name="fmdtools.define.container.state.State.mul" time="0.002" /><testcase classname="src.fmdtools.define.container.state" name="fmdtools.define.container.state.State.put" time="0.002" /><testcase classname="src.fmdtools.define.container.state" name="fmdtools.define.container.state.State.roundto" time="0.002" /><testcase classname="src.fmdtools.define.container.state" name="fmdtools.define.container.state.State.same" time="0.002" /><testcase classname="src.fmdtools.define.container.state" name="fmdtools.define.container.state.State.set_atts" time="0.002" /><testcase classname="src.fmdtools.define.container.state" name="fmdtools.define.container.state.State.sub" time="0.002" /><testcase classname="src.fmdtools.define.container.time" name="fmdtools.define.container.time.Time" time="0.004" /><testcase classname="src.fmdtools.define.environment" name="fmdtools.define.environment.Environment" time="0.078" /><testcase classname="src.fmdtools.define.flow.base" name="fmdtools.define.flow.base.Flow" time="0.004" /><testcase classname="src.fmdtools.define.flow.commsflow" name="fmdtools.define.flow.commsflow.CommsFlow" time="0.006" /><testcase classname="src.fmdtools.define.flow.multiflow" name="fmdtools.define.flow.multiflow.MultiFlow" time="0.004" /><testcase classname="src.fmdtools.define.flow.multiflow" name="fmdtools.define.flow.multiflow.MultiFlow.copy" time="0.004" /><testcase classname="src.fmdtools.define.flow.multiflow" name="fmdtools.define.flow.multiflow.MultiFlow.create_hist" time="0.003" /><testcase classname="src.fmdtools.define.flow.multiflow" name="fmdtools.define.flow.multiflow.MultiFlow.get_view" time="0.003" /><testcase classname="src.fmdtools.define.object.base" name="fmdtools.define.object.base.BaseObject" time="0.005" /><testcase classname="src.fmdtools.define.object.base" name="fmdtools.define.object.base.BaseObject.assign_roles" time="0.003" /><testcase classname="src.fmdtools.define.object.base" name="fmdtools.define.object.base.BaseObject.get_att_roletype" time="0.003" /><testcase classname="src.fmdtools.define.object.base" name="fmdtools.define.object.base.BaseObject.get_node_attrs" time="0.003" /><testcase classname="src.fmdtools.define.object.coords" name="fmdtools.define.object.coords.BaseCoords.find_all_prop" time="0.003" /><testcase classname="src.fmdtools.define.object.coords" name="fmdtools.define.object.coords.BaseCoords.find_all_props" time="0.004" /><testcase classname="src.fmdtools.define.object.coords" name="fmdtools.define.object.coords.BaseCoords.get" time="0.003" /><testcase classname="src.fmdtools.define.object.coords" name="fmdtools.define.object.coords.BaseCoords.get_neighbors" time="0.005" /><testcase classname="src.fmdtools.define.object.coords" name="fmdtools.define.object.coords.BaseCoords.get_properties" time="0.003" /><testcase classname="src.fmdtools.define.object.coords" name="fmdtools.define.object.coords.BaseCoords.set" time="0.003" /><testcase classname="src.fmdtools.define.object.coords" name="fmdtools.define.object.coords.BaseCoords.set_pts" time="0.003" /><testcase classname="src.fmdtools.define.object.coords" name="fmdtools.define.object.coords.BaseCoords.set_range" time="0.005" /><testcase classname="src.fmdtools.define.object.coords" name="fmdtools.define.object.coords.BaseCoords.to_gridpoint" time="0.003" /><testcase classname="src.fmdtools.define.object.coords" name="fmdtools.define.object.coords.BaseCoords.to_index" time="0.003" /><testcase classname="src.fmdtools.define.object.coords" name="fmdtools.define.object.coords.Coords" time="0.007" /><testcase classname="src.fmdtools.define.object.coords" name="fmdtools.define.object.coords.Coords.asdict" time="0.005" /><testcase classname="src.fmdtools.define.object.coords" name="fmdtools.define.object.coords.Coords.find_all" time="0.004" /><testcase classname="src.fmdtools.define.object.coords" name="fmdtools.define.object.coords.Coords.find_closest" time="0.004" /><testcase classname="src.fmdtools.define.object.coords" name="fmdtools.define.object.coords.Coords.in_area" time="0.004" /><testcase classname="src.fmdtools.define.object.coords" name="fmdtools.define.object.coords.Coords.set_rand_pts" time="0.003" /><testcase classname="src.fmdtools.define.object.coords" name="fmdtools.define.object.coords.ExampleFileCoords" time="0.014" /><testcase classname="src.fmdtools.define.object.coords" name="fmdtools.define.object.coords.MetricCoords" time="0.003" /><testcase classname="src.fmdtools.define.object.geom" name="fmdtools.define.object.geom.BaseGeom.all_at" time="0.003" /><testcase classname="src.fmdtools.define.object.geom" name="fmdtools.define.object.geom.BaseGeom.vect_at_shape" time="0.003" /><testcase classname="src.fmdtools.define.object.geom" name="fmdtools.define.object.geom.BaseGeom.vect_to_shape" time="0.003" /><testcase classname="src.fmdtools.define.object.geom" name="fmdtools.define.object.geom.GeomJSON" time="0.005" /><testcase classname="src.fmdtools.define.object.geom" name="fmdtools.define.object.geom.GeomLine" time="0.006" /><testcase classname="src.fmdtools.define.object.geom" name="fmdtools.define.object.geom.GeomParameter" time="0.003" /><testcase classname="src.fmdtools.define.object.geom" name="fmdtools.define.object.geom.GeomPoint" time="0.005" /><testcase classname="src.fmdtools.define.object.geom" name="fmdtools.define.object.geom.GeomPoly" time="0.004" /><testcase classname="src.fmdtools.define.object.geom" name="fmdtools.define.object.geom.PolyParam" time="0.002" /><testcase classname="src.fmdtools.define.object.timer" name="fmdtools.define.object.timer.Timer" time="0.003" /><testcase classname="src.fmdtools.define.pathplan" name="fmdtools.define.pathplan.PathPlannerBase._bresenham_line" time="0.002" /><testcase classname="src.fmdtools.define.pathplan" name="fmdtools.define.pathplan.PathPlannerBase._dda_line" time="0.003" /><testcase classname="src.fmdtools.define.pathplan" name="fmdtools.define.pathplan.PathPlannerBase._extract_intersection_point" time="0.003" /><testcase classname="src.fmdtools.define.pathplan" name="fmdtools.define.pathplan.PathPlannerBase._get_geom_arch" time="0.005" /><testcase classname="src.fmdtools.define.pathplan" name="fmdtools.define.pathplan.PathPlannerBase._query_coords_cell" time="0.003" /><testcase classname="src.fmdtools.define.pathplan" name="fmdtools.define.pathplan.PathPlannerBase._query_geom_point" time="0.003" /><testcase classname="src.fmdtools.define.pathplan" name="fmdtools.define.pathplan.PathPlannerBase.check_collision" time="0.004" /><testcase classname="src.fmdtools.define.pathplan" name="fmdtools.define.pathplan.PathPlannerBase.check_goal_feasible" time="0.004" /><testcase classname="src.fmdtools.define.pathplan" name="fmdtools.define.pathplan.PathPlannerBase.compute_number_path_steps" time="0.002" /><testcase classname="src.fmdtools.define.pathplan" name="fmdtools.define.pathplan.PathPlannerBase.compute_path" time="0.003" /><testcase classname="src.fmdtools.define.pathplan" name="fmdtools.define.pathplan.PathPlannerBase.compute_path_cost" time="0.003" /><testcase classname="src.fmdtools.define.pathplan" name="fmdtools.define.pathplan.PathPlannerBase.compute_path_length" time="0.002" /><testcase classname="src.fmdtools.define.pathplan" name="fmdtools.define.pathplan.PathPlannerBase.get_env" time="0.002" /><testcase classname="src.fmdtools.define.pathplan" name="fmdtools.define.pathplan.PathPlannerBase.init_environment" time="0.002" /><testcase classname="src.fmdtools.define.pathplan" name="fmdtools.define.pathplan.PathPlannerBase.is_coords" time="0.004" /><testcase classname="src.fmdtools.define.pathplan" name="fmdtools.define.pathplan.PathPlannerBase.is_geom_arch" time="0.004" /><testcase classname="src.fmdtools.define.pathplan" name="fmdtools.define.pathplan.PathPlannerBase.is_hybrid" time="0.004" /><testcase classname="src.fmdtools.define.pathplan" name="fmdtools.define.pathplan.PathPlannerBase.next_position" time="0.002" /><testcase classname="src.fmdtools.define.pathplan" name="fmdtools.define.pathplan.PathPlannerBase.query_point" time="0.006" /><testcase classname="src.fmdtools.define.pathplan" name="fmdtools.define.pathplan.PathPlannerBase.validate_path" time="0.003" /><testcase classname="src.fmdtools.sim.propagate" name="fmdtools.sim.propagate.MultiEventSimulation" time="1.035" /><testcase classname="src.fmdtools.sim.propagate" name="fmdtools.sim.propagate.MultiSimulation" time="0.685" /><testcase classname="src.fmdtools.sim.propagate" name="fmdtools.sim.propagate.NestedSimulation" time="0.314" /><testcase classname="src.fmdtools.sim.propagate" name="fmdtools.sim.propagate.SimEvent" time="0.006" /><testcase classname="src.fmdtools.sim.propagate" name="fmdtools.sim.propagate.Simulation" time="0.044" /><testcase classname="src.fmdtools.sim.sample" name="fmdtools.sim.sample.BaseSample.get_metric" time="0.005" /><testcase classname="src.fmdtools.sim.sample" name="fmdtools.sim.sample.FaultDomain.add_all" time="0.006" /><testcase classname="src.fmdtools.sim.sample" name="fmdtools.sim.sample.FaultDomain.add_all_fxn_modes" time="0.006" /><testcase classname="src.fmdtools.sim.sample" name="fmdtools.sim.sample.FaultDomain.add_all_fxnclass_modes" time="0.006" /><testcase classname="src.fmdtools.sim.sample" name="fmdtools.sim.sample.FaultDomain.add_fault" time="0.006" /><testcase classname="src.fmdtools.sim.sample" name="fmdtools.sim.sample.FaultDomain.add_fault_space" time="0.006" /><testcase classname="src.fmdtools.sim.sample" name="fmdtools.sim.sample.FaultDomain.add_faults" time="0.005" /><testcase classname="src.fmdtools.sim.sample" name="fmdtools.sim.sample.FaultDomain.add_singlecomp_modes" time="0.032" /><testcase classname="src.fmdtools.sim.sample" name="fmdtools.sim.sample.FaultSample" time="0.003" /><testcase classname="src.fmdtools.sim.sample" name="fmdtools.sim.sample.FaultSample.add_fault_phases" time="0.037" /><testcase classname="src.fmdtools.sim.sample" name="fmdtools.sim.sample.FaultSample.add_fault_times" time="0.032" /><testcase classname="src.fmdtools.sim.sample" name="fmdtools.sim.sample.FaultSample.add_joint_fault_scenario" time="0.032" /><testcase classname="src.fmdtools.sim.sample" name="fmdtools.sim.sample.FaultSample.add_single_fault_scenario" time="0.030" /><testcase classname="src.fmdtools.sim.sample" name="fmdtools.sim.sample.ParameterDomain" time="0.004" /><testcase classname="src.fmdtools.sim.sample" name="fmdtools.sim.sample.ParameterDomain.get_var_iters" time="0.002" /><testcase classname="src.fmdtools.sim.sample" name="fmdtools.sim.sample.ParameterHistSample" time="0.003" /><testcase classname="src.fmdtools.sim.sample" name="fmdtools.sim.sample.ParameterResultSample" time="0.003" /><testcase classname="src.fmdtools.sim.sample" name="fmdtools.sim.sample.ParameterSample.add_variable_ranges" time="0.004" /><testcase classname="src.fmdtools.sim.sample" name="fmdtools.sim.sample.ParameterSample.add_variable_replicates" time="0.003" /><testcase classname="src.fmdtools.sim.sample" name="fmdtools.sim.sample.ParameterSample.add_variable_scenario" time="0.002" /><testcase classname="src.fmdtools.sim.sample" name="fmdtools.sim.sample.ParameterSample.combine_orthogonal" time="0.002" /><testcase classname="src.fmdtools.sim.sample" name="fmdtools.sim.sample.ParameterSample.combine_product" time="0.002" /><testcase classname="src.fmdtools.sim.sample" name="fmdtools.sim.sample.ParameterSample.combine_random" time="0.002" /><testcase classname="src.fmdtools.sim.sample" name="fmdtools.sim.sample.SampleApproach.add_faultdomain" time="0.036" /><testcase classname="src.fmdtools.sim.sample" name="fmdtools.sim.sample.SampleApproach.add_faultsample" time="0.057" /><testcase classname="src.fmdtools.sim.sample" name="fmdtools.sim.sample.combine_orthogonal" time="0.002" /><testcase classname="src.fmdtools.sim.sample" name="fmdtools.sim.sample.combine_random" time="0.002" /><testcase classname="src.fmdtools.sim.sample" name="fmdtools.sim.sample.sample_times_even" time="0.002" /><testcase classname="src.fmdtools.sim.sample" name="fmdtools.sim.sample.sample_times_quad" time="0.002" /><testcase classname="src.fmdtools.sim.scenario" name="fmdtools.sim.scenario.Sequence" time="0.002" /><testcase classname="src.fmdtools.sim.scenario" name="fmdtools.sim.scenario.Sequence.update_sequence" time="0.002" /><testcase classname="src.fmdtools.sim.scenario" name="fmdtools.sim.scenario.SingleFaultScenario.from_fault" time="0.002" /><testcase classname="src.fmdtools.sim.search" name="fmdtools.sim.search.BaseProblem.get_opt_hist" time="0.003" /><testcase classname="src.fmdtools.sim.search" name="fmdtools.sim.search.DisturbanceProblem" time="0.012" /><testcase classname="src.fmdtools.sim.search" name="fmdtools.sim.search.HistoryObjective" time="0.002" /><testcase classname="src.fmdtools.sim.search" name="fmdtools.sim.search.ParameterSimProblem" time="0.051" /><testcase classname="src.fmdtools.sim.search" name="fmdtools.sim.search.ProblemArchitecture" time="0.030" /><testcase classname="src.fmdtools.sim.search" name="fmdtools.sim.search.ProblemArchitecture.update_full_problem" time="0.020" /><testcase classname="src.fmdtools.sim.search" name="fmdtools.sim.search.ProblemArchitecture.update_problem" time="0.013" /><testcase classname="src.fmdtools.sim.search" name="fmdtools.sim.search.ResultConstraint.con_from_value" time="0.002" /><testcase classname="src.fmdtools.sim.search" name="fmdtools.sim.search.ResultObjective.get_result_value" time="0.002" /><testcase classname="src.fmdtools.sim.search" name="fmdtools.sim.search.SimpleProblem" time="0.002" /><testcase classname="src.fmdtools.sim.search" name="fmdtools.sim.search.SingleFaultScenarioProblem" time="0.013" /><testcase classname="tests.test_graph.ModelGraphTests" name="test_compare_with" time="0.055" /><testcase classname="tests.test_graph.ModelGraphTests" name="test_fault_plot" time="0.416" /><testcase classname="tests.test_graph.ModelGraphTests" name="test_flowgraph_plot" time="0.382" /><testcase classname="tests.test_graph.ModelGraphTests" name="test_fxngraph_plot" time="0.234" /><testcase classname="tests.test_graph.ModelGraphTests" name="test_modelgraph_plot" time="0.722" /><testcase classname="tests.test_graph.ModelGraphTests" name="test_plot_centrality" time="0.542" /><testcase classname="tests.test_graph.ModelGraphTests" name="test_result_from_plot" time="0.524" /><testcase classname="tests.test_graph.ModelGraphTests" name="test_summary" time="0.048" /><testcase classname="tests.test_graph.ModelGraphTests" name="test_typegraph_plot" time="0.125" /><testcase classname="tests.test_hierarchical.define_Tests" name="test_arg_passdown" time="0.018" /><testcase classname="tests.test_hierarchical.define_Tests" name="test_fault_injection" time="0.006" /><testcase classname="tests.test_hierarchical.define_Tests" name="test_prop_method" time="0.252" /><testcase classname="tests.test_hierarchical.define_Tests" name="test_propagation" time="0.009" /><testcase classname="tests.test_packages.define_Tests" name="test_pdf_translation_options" time="0.007" /><testcase classname="tests.test_pathplan.TestGridEnvironment" name="test_collision" time="0.005" /><testcase classname="tests.test_pathplan.TestGridEnvironment" name="test_cost_computation" time="0.002" /><testcase classname="tests.test_pathplan.TestGridEnvironment" name="test_goal_feasibility" time="0.002" /><testcase classname="tests.test_pathplan.TestGridEnvironment" name="test_path_validation" time="0.003" /><testcase classname="tests.test_pathplan.TestGridEnvironment" name="test_segment_collision" time="0.003" /><testcase classname="tests.test_pathplan.TestGeomEnvironment" name="test_collision" time="0.013" /><testcase classname="tests.test_pathplan.TestGeomEnvironment" name="test_cost_computation" time="0.008" /><testcase classname="tests.test_pathplan.TestGeomEnvironment" name="test_goal_feasibility" time="0.006" /><testcase classname="tests.test_pathplan.TestGeomEnvironment" name="test_path_validation" time="0.007" /><testcase classname="tests.test_pathplan.TestGeomEnvironment" name="test_segment_collision" time="0.006" /><testcase classname="tests.test_pathplan.TestHybridEnvironment" name="test_collision" time="0.014" /><testcase classname="tests.test_pathplan.TestHybridEnvironment" name="test_cost_computation" time="0.013" /><testcase classname="tests.test_pathplan.TestHybridEnvironment" name="test_goal_feasibility" time="0.004" /><testcase classname="tests.test_pathplan.TestHybridEnvironment" name="test_path_validation" time="0.010" /><testcase classname="tests.test_pathplan.TestHybridEnvironment" name="test_segment_collision" time="0.009" /><testcase classname="tests.test_pathplan.TestShapeAgentGridEnvironment" name="test_collision" time="0.016" /><testcase classname="tests.test_pathplan.TestShapeAgentGridEnvironment" name="test_cost_computation" time="0.097" /><testcase classname="tests.test_pathplan.TestShapeAgentGridEnvironment" name="test_goal_feasibility" time="0.009" /><testcase classname="tests.test_pathplan.TestShapeAgentGridEnvironment" name="test_path_validation" time="0.009" /><testcase classname="tests.test_pathplan.TestShapeAgentGridEnvironment" name="test_segment_collision" time="0.146" /><testcase classname="tests.test_pathplan.TestShapeAgentGeomEnvironment" name="test_collision" time="0.015" /><testcase classname="tests.test_pathplan.TestShapeAgentGeomEnvironment" name="test_cost_computation" time="0.105" /><testcase classname="tests.test_pathplan.TestShapeAgentGeomEnvironment" name="test_goal_feasibility" time="0.010" /><testcase classname="tests.test_pathplan.TestShapeAgentGeomEnvironment" name="test_path_validation" time="0.010" /><testcase classname="tests.test_pathplan.TestShapeAgentGeomEnvironment" name="test_segment_collision" time="0.138" /><testcase classname="tests.test_pathplan.TestShapeAgentHybridEnvironment" name="test_collision" time="0.014" /><testcase classname="tests.test_pathplan.TestShapeAgentHybridEnvironment" name="test_cost_computation" time="0.117" /><testcase classname="tests.test_pathplan.TestShapeAgentHybridEnvironment" name="test_goal_feasibility" time="0.008" /><testcase classname="tests.test_pathplan.TestShapeAgentHybridEnvironment" name="test_path_validation" time="0.012" /><testcase classname="tests.test_pathplan.TestShapeAgentHybridEnvironment" name="test_segment_collision" time="0.120" /></testsuite></testsuites>