<?xml version="1.0" encoding="utf-8"?><testsuites name="pytest tests"><testsuite name="pytest" errors="1" failures="0" skipped="0" tests="1" time="21.324" timestamp="2026-03-06T14:08:30.021957-08:00" hostname="bamboo-r2.ndc.nasa.gov"><testcase classname="" name="build.lib.fmdtools_tests" time="0.000"><error message="collection failure">.venv/lib/python3.13/site-packages/pluggy/_manager.py:169: in register
    hook._maybe_apply_history(hookimpl)
.venv/lib/python3.13/site-packages/pluggy/_hooks.py:580: in _maybe_apply_history
    res = self._hookexec(self.name, [method], kwargs, False)
          ^^^^^^^^^^^^^^^^^^^^^^^^^^^^^^^^^^^^^^^^^^^^^^^^^^
.venv/lib/python3.13/site-packages/pluggy/_manager.py:120: in _hookexec
    return self._inner_hookexec(hook_name, methods, kwargs, firstresult)
           ^^^^^^^^^^^^^^^^^^^^^^^^^^^^^^^^^^^^^^^^^^^^^^^^^^^^^^^^^^^^^
build/lib/fmdtools_tests/conftest.py:142: in pytest_addoption
    parser.addoption("--skiplist", action="store_true",
.venv/lib/python3.13/site-packages/_pytest/config/argparsing.py:123: in addoption
    self._anonymous.addoption(*opts, **attrs)
.venv/lib/python3.13/site-packages/_pytest/config/argparsing.py:429: in addoption
    raise ValueError(f"option names {conflict} already added")
E   ValueError: option names {'--skiplist'} already added</error></testcase></testsuite></testsuites>