<?xml version="1.0" encoding="utf-8"?><testsuites name="pytest tests"><testsuite name="pytest" errors="0" failures="9" skipped="3" tests="378" time="4942.665" timestamp="2025-12-02T17:30:44.208215-08:00" hostname="bamboo-r4.ndc.nasa.gov"><testcase classname="examples.asg_demo.Action_Sequence_Graph.ipynb" name="Action_Sequence_Graph.ipynb" time="19.740" /><testcase classname="examples.eps.EPS_Example_Notebook.ipynb" name="EPS_Example_Notebook.ipynb" time="13.670" /><testcase classname="examples.eps.test_eps.epsTests" name="test_all_faults" time="3.041" /><testcase classname="examples.eps.test_eps.epsTests" name="test_backward_fault_prop_1" time="0.175" /><testcase classname="examples.eps.test_eps.epsTests" name="test_backward_fault_prop_2" time="0.177" /><testcase classname="examples.eps.test_eps.epsTests" name="test_fault_app" time="4.511" /><testcase classname="examples.eps.test_eps.epsTests" name="test_multfault_saving" time="0.517" /><testcase classname="examples.eps.test_eps.epsTests" name="test_nominal_saving" time="0.157" /><testcase classname="examples.eps.test_eps.epsTests" name="test_pickleability" time="7.380" /><testcase classname="examples.eps.test_eps.epsTests" name="test_save_load_onefault" time="0.754" /><testcase classname="examples.eps.test_eps.epsTests" name="test_save_load_singlefaults" time="10.485" /><testcase classname="examples.multiflow_demo.Multiflow_and_Commsflow_Demonstration.ipynb" name="Multiflow_and_Commsflow_Demonstration.ipynb" time="8.154" /><testcase classname="examples.multiflow_demo.test_multiflow.define_Tests" name="test_multiflow_combination" time="0.243" /><testcase classname="examples.multiflow_demo.test_multiflow.define_Tests" name="test_multiflow_passing" time="0.246" /><testcase classname="examples.multiflow_demo.test_multiflow.define_Tests" name="test_mutliflow_copying" time="0.235"><failure message="Exception: Unable to copy mover_1 without coordinator.">self = &lt;examples.multiflow_demo.test_multiflow.define_Tests testMethod=test_mutliflow_copying&gt;

    def test_mutliflow_copying(self):
        """Check that multiflow copies as expected."""
        self.mdl.flows["communications"].mover_1.s.x = 25
        self.mdl.flows["communications"].mover_1.send(["mover_2", "coordinator"])
        self.assertEqual(self.mdl.flows["communications"].fxns["coordinator"]["in"],
                         {"mover_1": ()})
    
        self.mdl.flows["communications"].coordinator.receive()
        self.assertEqual(self.mdl.flows["communications"].fxns["mover_1"]["out"].s.x,
                         25)
        cx = self.mdl.flows["communications"].fxns["coordinator"]["internal"].mover_1.s.x
        self.assertEqual(cx, 25)
        self.assertEqual(self.mdl.flows["communications"].fxns["mover_2"]["in"],
                         {"mover_1": ()})
    
        # copies should keep in/out dicts in place
&gt;       mdl2 = self.mdl.copy()
               ^^^^^^^^^^^^^^^

examples/multiflow_demo/test_multiflow.py:83: 
_ _ _ _ _ _ _ _ _ _ _ _ _ _ _ _ _ _ _ _ _ _ _ _ _ _ _ _ _ _ _ _ _ _ _ _ _ _ _ _ 
fmdtools/define/architecture/base.py:595: in copy
    cargs['flows'] = self.copy_flows(flows=flows)
                     ^^^^^^^^^^^^^^^^^^^^^^^^^^^^
fmdtools/define/architecture/base.py:611: in copy_flows
    cflows[fn] = flow.copy()
                 ^^^^^^^^^^^
fmdtools/define/flow/commsflow.py:262: in copy
    cop = super().copy(name=name, glob=glob, p=p, s=s, track=track)
          ^^^^^^^^^^^^^^^^^^^^^^^^^^^^^^^^^^^^^^^^^^^^^^^^^^^^^^^^^
fmdtools/define/flow/multiflow.py:292: in copy
    cop.create_local(local.name, **local.copy_mutes(), as_copy=True)
                                   ^^^^^^^^^^^^^^^^^^
fmdtools/define/object/base.py:625: in copy_mutes
    return {k: v.copy()
               ^^^^^^^^
fmdtools/define/flow/commsflow.py:262: in copy
    cop = super().copy(name=name, glob=glob, p=p, s=s, track=track)
          ^^^^^^^^^^^^^^^^^^^^^^^^^^^^^^^^^^^^^^^^^^^^^^^^^^^^^^^^^
_ _ _ _ _ _ _ _ _ _ _ _ _ _ _ _ _ _ _ _ _ _ _ _ _ _ _ _ _ _ _ _ _ _ _ _ _ _ _ _ 

self = mover_1 Communications
- s=LocationState(x=25.0, y=0.0), name = ''
glob = [], p = {}, s = {'x': np.float64(25.0), 'y': np.float64(0.0)}
track = ['s']

    def copy(self, name='', glob=[], p={}, s={}, track=['s']):
        """Copy the flow and create new sub-flow copies for it."""
        if not s and hasattr(self, 's'):
            s = self.s.asdict()
        if not glob and self.glob.name != self.name:
&gt;           raise Exception("Unable to copy "+self.name+" without "+self.glob.name+".")
E           Exception: Unable to copy mover_1 without coordinator.

fmdtools/define/flow/multiflow.py:288: Exception</failure></testcase><testcase classname="examples.multirotor.Demonstration.ipynb" name="Demonstration.ipynb" time="177.215" /><testcase classname="examples.multirotor.Multirotor_Optimization.ipynb" name="Multirotor_Optimization.ipynb" time="423.939" /><testcase classname="examples.multirotor.drone_mdl_dynamic" name="examples.multirotor.drone_mdl_dynamic.AffectDOF.inc_pos" time="0.011" /><testcase classname="examples.multirotor.drone_mdl_dynamic" name="examples.multirotor.drone_mdl_dynamic.PlanPath.assign_vectdist_to_goal" time="0.007" /><testcase classname="examples.multirotor.drone_mdl_dynamic" name="examples.multirotor.drone_mdl_dynamic.PlanPath.calc_dist_to_goal" time="0.006" /><testcase classname="examples.multirotor.drone_mdl_dynamic" name="examples.multirotor.drone_mdl_dynamic.SightGrid" time="0.465" /><testcase classname="examples.multirotor.drone_mdl_hierarchical" name="examples.multirotor.drone_mdl_hierarchical.AffectDOF" time="0.064" /><testcase classname="examples.multirotor.drone_mdl_hierarchical" name="examples.multirotor.drone_mdl_hierarchical.AffectDOFArch" time="0.021" /><testcase classname="examples.multirotor.drone_mdl_hierarchical" name="examples.multirotor.drone_mdl_hierarchical.LineArchParam" time="0.004" /><testcase classname="examples.multirotor.drone_mdl_static" name="examples.multirotor.drone_mdl_static.AffectDOF.static_behavior" time="0.006" /><testcase classname="examples.multirotor.drone_mdl_static" name="examples.multirotor.drone_mdl_static.CtlDOF.static_behavior" time="0.006" /><testcase classname="examples.multirotor.drone_mdl_static" name="examples.multirotor.drone_mdl_static.DesTrajState.dist2d" time="0.002" /><testcase classname="examples.multirotor.drone_mdl_static" name="examples.multirotor.drone_mdl_static.DesTrajState.unit_vect2d" time="0.003" /><testcase classname="examples.multirotor.drone_mdl_static" name="examples.multirotor.drone_mdl_static.DistEE.static_behavior" time="0.009" /><testcase classname="examples.multirotor.drone_mdl_static" name="examples.multirotor.drone_mdl_static.HoldPayload.static_behavior" time="0.005" /><testcase classname="examples.multirotor.drone_mdl_static" name="examples.multirotor.drone_mdl_static.PlanPath.static_behavior" time="0.005" /><testcase classname="examples.multirotor.test_multirotor.DroneParameterTests" name="test_objectives" time="2.097" /><testcase classname="examples.multirotor.test_multirotor.DroneParameterTests" name="test_param_domain_1" time="0.002" /><testcase classname="examples.multirotor.test_multirotor.DroneParameterTests" name="test_param_domain_2" time="0.002" /><testcase classname="examples.multirotor.test_multirotor.DroneParameterTests" name="test_set_constraints_1" time="0.001" /><testcase classname="examples.multirotor.test_multirotor.DroneParameterTests" name="test_set_constraints_2" time="0.001" /><testcase classname="examples.multirotor.test_multirotor.DroneParameterTests" name="test_sim_mdl" time="1.204" /><testcase classname="examples.multirotor.test_multirotor.DroneScenarioTest" name="test_scenprob_results" time="3.123" /><testcase classname="examples.multirotor.test_multirotor.DroneScenarioTest2" name="test_scenprob_results" time="3.067" /><testcase classname="examples.multirotor.test_multirotor.DroneScenarioTest3" name="test_scenprob_results" time="3.712" /><testcase classname="examples.multirotor.test_multirotor.DroneDisturbanceTest" name="test_disturbance_set" time="1.502" /><testcase classname="examples.pump.Optimization.ipynb" name="Optimization.ipynb" time="197.394" /><testcase classname="examples.pump.Parallelism_Tutorial.ipynb" name="Parallelism_Tutorial.ipynb" time="266.355" /><testcase classname="examples.pump.Pump_Example_Notebook.ipynb" name="Pump_Example_Notebook.ipynb" time="49.553" /><testcase classname="examples.pump.Tutorial_complete.ipynb" name="Tutorial_complete.ipynb" time="21.030" /><testcase classname="examples.pump.ex_pump" name="examples.pump.ex_pump.accumulate" time="0.005" /><testcase classname="examples.pump.ex_pump" name="examples.pump.ex_pump.reseting_accumulate" time="0.002" /><testcase classname="examples.pump.test_pump.PumpTests" name="test_app_prop_values" time="1.350" /><testcase classname="examples.pump.test_pump.PumpTests" name="test_approach_cost_calc" time="120.711" /><testcase classname="examples.pump.test_pump.PumpTests" name="test_approach_parallelism" time="72.760" /><testcase classname="examples.pump.test_pump.PumpTests" name="test_dynamic_prop_values" time="2.306" /><testcase classname="examples.pump.test_pump.PumpTests" name="test_dynamic_prop_values_2" time="2.441" /><testcase classname="examples.pump.test_pump.PumpTests" name="test_fault_sample_isave" time="15.370" /><testcase classname="examples.pump.test_pump.PumpTests" name="test_fault_sample_save" time="16.367" /><testcase classname="examples.pump.test_pump.PumpTests" name="test_fmea_options" time="2.246" /><testcase classname="examples.pump.test_pump.PumpTests" name="test_hist_tracking_setup" time="0.071" /><testcase classname="examples.pump.test_pump.PumpTests" name="test_model_copy_different" time="10.329" /><testcase classname="examples.pump.test_pump.PumpTests" name="test_model_copy_same" time="19.965" /><testcase classname="examples.pump.test_pump.PumpTests" name="test_model_reset" time="0.002"><skipped type="pytest.skip" message="Reset not fully implemented yet and unused throughout.">/home/bamboo/bamboo-agent-home/xml-data/build-dir/RAD-TEST-UVF/fmdtools/examples/pump/test_pump.py:138: Reset not fully implemented yet and unused throughout.</skipped></testcase><testcase classname="examples.pump.test_pump.PumpTests" name="test_nested_sample_isave" time="159.913" /><testcase classname="examples.pump.test_pump.PumpTests" name="test_nested_sample_save" time="155.359" /><testcase classname="examples.pump.test_pump.PumpTests" name="test_nominal_save" time="1.044" /><testcase classname="examples.pump.test_pump.PumpTests" name="test_one_run_csv" time="1.035" /><testcase classname="examples.pump.test_pump.PumpTests" name="test_one_run_json" time="0.725" /><testcase classname="examples.pump.test_pump.PumpTests" name="test_one_run_pickle" time="0.706" /><testcase classname="examples.pump.test_pump.PumpTests" name="test_onefault_save" time="1.758" /><testcase classname="examples.pump.test_pump.PumpTests" name="test_param_sample" time="0.042" /><testcase classname="examples.pump.test_pump.PumpTests" name="test_param_sample_isave" time="9.865" /><testcase classname="examples.pump.test_pump.PumpTests" name="test_param_sample_save" time="9.262" /><testcase classname="examples.pump.test_pump.PumpTests" name="test_pickleability" time="7.738" /><testcase classname="examples.pump.test_pump.PumpTests" name="test_save_load_multfault" time="2.356" /><testcase classname="examples.pump.test_pump.PumpTests" name="test_single_faults_isave" time="9.723" /><testcase classname="examples.pump.test_pump.PumpTests" name="test_single_faults_save" time="10.495" /><testcase classname="examples.pump.test_pump.PumpTests" name="test_value_setting" time="0.038" /><testcase classname="examples.pump.test_pump.PumpTests" name="test_value_setting_dict" time="0.037" /><testcase classname="examples.pump.test_pump.IndivPumpTests" name="test_mutable_setup" time="0.048" /><testcase classname="examples.pump.test_pump_example.ImportEE_Tests" name="test_behave_inf_v" time="0.004" /><testcase classname="examples.pump.test_pump_example.ImportEE_Tests" name="test_behave_no_v" time="0.003" /><testcase classname="examples.pump.test_pump_example.ImportEE_Tests" name="test_behave_nom" time="0.003" /><testcase classname="examples.pump.test_pump_example.ImportEE_Tests" name="test_condfaults_hi" time="0.003" /><testcase classname="examples.pump.test_pump_example.ImportEE_Tests" name="test_condfaults_nom" time="0.003" /><testcase classname="examples.pump.test_pump_example.ImportEE_Tests" name="test_initialization" time="0.003" /><testcase classname="examples.pump.test_pump_example.MoveWat_Tests" name="test_condfaults_dynamic" time="0.006" /><testcase classname="examples.pump.test_pump_example.MoveWat_Tests" name="test_initialization" time="0.004" /><testcase classname="examples.pump.test_pump_example.MoveWat_Tests" name="test_nom" time="0.004" /><testcase classname="examples.pump.test_pump_example.Integration_Tests" name="test_blockage_results" time="0.687" /><testcase classname="examples.pump.test_pump_example.Integration_Tests" name="test_blockage_static" time="0.087" /><testcase classname="examples.pump.test_pump_example.Integration_Tests" name="test_nominal_results" time="0.383" /><testcase classname="examples.pump.test_pump_stochastic.StochasticPumpTests" name="test_mdl_pickle" time="79.767" /><testcase classname="examples.pump.test_pump_stochastic.StochasticPumpTests" name="test_model_copy_different" time="11.281" /><testcase classname="examples.pump.test_pump_stochastic.StochasticPumpTests" name="test_model_copy_same" time="21.039" /><testcase classname="examples.pump.test_pump_stochastic.StochasticPumpTests" name="test_model_reset" time="0.001"><skipped type="pytest.skip" message="Reset not fully implemented yet and unused throughout.">/home/bamboo/bamboo-agent-home/xml-data/build-dir/RAD-TEST-UVF/fmdtools/examples/pump/test_pump_stochastic.py:112: Reset not fully implemented yet and unused throughout.</skipped></testcase><testcase classname="examples.pump.test_pump_stochastic.StochasticPumpTests" name="test_model_set_vars" time="0.033" /><testcase classname="examples.pump.test_pump_stochastic.StochasticPumpTests" name="test_nested_sample_isave" time="75.120" /><testcase classname="examples.pump.test_pump_stochastic.StochasticPumpTests" name="test_nested_sample_save" time="77.955" /><testcase classname="examples.pump.test_pump_stochastic.StochasticPumpTests" name="test_param_sample_isave" time="5.420" /><testcase classname="examples.pump.test_pump_stochastic.StochasticPumpTests" name="test_param_sample_save" time="4.543" /><testcase classname="examples.pump.test_pump_stochastic.StochasticPumpTests" name="test_plot_nested_hists" time="10.620" /><testcase classname="examples.pump.test_pump_stochastic.StochasticPumpTests" name="test_plot_nominal_vals" time="4.137" /><testcase classname="examples.pump.test_pump_stochastic.StochasticPumpTests" name="test_plot_nominal_vals_xd" time="251.029" /><testcase classname="examples.pump.test_pump_stochastic.StochasticPumpTests" name="test_rand_paramsample_plot" time="10.499" /><testcase classname="examples.pump.test_pump_stochastic.StochasticPumpTests" name="test_run_approach" time="387.727" /><testcase classname="examples.pump.test_pump_stochastic.StochasticPumpTests" name="test_run_safety" time="25.972" /><testcase classname="examples.pump.test_pump_stochastic.StochasticPumpTests" name="test_set_seeds" time="0.107" /><testcase classname="examples.pump.test_pump_stochastic.StochasticPumpTests" name="test_stochastic_pdf" time="0.117" /><testcase classname="examples.rover.FaultSample_Use-Cases.ipynb" name="FaultSample_Use-Cases.ipynb" time="24.541" /><testcase classname="examples.rover.HFAC_Analyses.IDETC_Human_Paper_Analysis.ipynb" name="IDETC_Human_Paper_Analysis.ipynb" time="683.977" /><testcase classname="examples.rover.Model_Structure_Visualization_Tutorial.ipynb" name="Model_Structure_Visualization_Tutorial.ipynb" time="72.811" /><testcase classname="examples.rover.Rover_Setup_Notebook.ipynb" name="Rover_Setup_Notebook.ipynb" time="85.231" /><testcase classname="examples.rover.degradation_modelling.Degradation_Modelling_Notebook.ipynb" name="Degradation_Modelling_Notebook.ipynb" time="463.612" /><testcase classname="examples.rover.rover_model" name="examples.rover.rover_model.Drive.drive_nominal" time="0.445" /><testcase classname="examples.rover.rover_model_human" name="examples.rover.rover_model_human.Comprehend" time="0.006" /><testcase classname="examples.rover.rover_model_human" name="examples.rover.rover_model_human.Decide" time="0.005" /><testcase classname="examples.rover.rover_model_human" name="examples.rover.rover_model_human.HumanActions" time="0.029" /><testcase classname="examples.rover.rover_model_human" name="examples.rover.rover_model_human.Look" time="0.004" /><testcase classname="examples.rover.rover_model_human" name="examples.rover.rover_model_human.Percieve" time="0.005" /><testcase classname="examples.rover.rover_model_human" name="examples.rover.rover_model_human.Press" time="0.005" /><testcase classname="examples.rover.rover_model_human" name="examples.rover.rover_model_human.Project" time="0.005" /><testcase classname="examples.rover.test_rover.RoverTests" name="test_obj_values" time="9.722" /><testcase classname="examples.tank.Tank_Analysis.ipynb" name="Tank_Analysis.ipynb" time="78.829" /><testcase classname="examples.tank.test_tank.TankTests" name="test_approach" time="19.578" /><testcase classname="examples.tank.test_tank.TankTests" name="test_approach_parallelism_0" time="18.130" /><testcase classname="examples.tank.test_tank.TankTests" name="test_approach_parallelism_1" time="44.607" /><testcase classname="examples.tank.test_tank.TankTests" name="test_approach_parallelism_notrack" time="18.217" /><testcase classname="examples.tank.test_tank.TankTests" name="test_comp_mode_inj" time="0.310" /><testcase classname="examples.tank.test_tank.TankTests" name="test_different_components" time="0.155" /><testcase classname="examples.tank.test_tank.TankTests" name="test_epc_math" time="0.086" /><testcase classname="examples.tank.test_tank.TankTests" name="test_fault_sample_isave" time="21.927" /><testcase classname="examples.tank.test_tank.TankTests" name="test_fault_sample_save" time="19.426" /><testcase classname="examples.tank.test_tank.TankTests" name="test_local_tstep" time="1.701" /><testcase classname="examples.tank.test_tank.TankTests" name="test_model_copy_different" time="5.822" /><testcase classname="examples.tank.test_tank.TankTests" name="test_model_copy_same" time="10.446" /><testcase classname="examples.tank.test_tank.TankTests" name="test_model_reset" time="0.001"><skipped type="pytest.skip" message="Reset not fully implemented yet and unused throughout.">/home/bamboo/bamboo-agent-home/xml-data/build-dir/RAD-TEST-UVF/fmdtools/examples/tank/test_tank.py:69: Reset not fully implemented yet and unused throughout.</skipped></testcase><testcase classname="examples.tank.test_tank.TankTests" name="test_nested_sample_isave" time="205.768" /><testcase classname="examples.tank.test_tank.TankTests" name="test_nested_sample_save" time="208.815" /><testcase classname="examples.tank.test_tank.TankTests" name="test_param_sample_isave" time="5.406" /><testcase classname="examples.tank.test_tank.TankTests" name="test_param_sample_save" time="5.272" /><testcase classname="examples.tank.test_tank.TankTests" name="test_save_load_multfault" time="1.272" /><testcase classname="examples.tank.test_tank.TankTests" name="test_save_load_nominal" time="0.578" /><testcase classname="examples.tank.test_tank.TankTests" name="test_save_load_onefault" time="1.274" /><testcase classname="examples.tank.test_tank.TankTests" name="test_save_load_singlefaults" time="11.455" /><testcase classname="examples.tank.test_tank.TankTests" name="test_singlefaults_isave" time="12.346" /><testcase classname="examples.tank.test_tank.TankTests" name="test_tank_copy_args" time="0.117" /><testcase classname="examples.taxiway.Paper_Notebook.ipynb" name="Paper_Notebook.ipynb" time="20.456"><failure message="#x1B[31mException#x1B[39m: Error simulating ('ma3', 'lost_sight') scenario(s)">---------------------------------------------------------------------------
endresults, mdlhist = prop.one_fault(mdl, "ma3", "lost_sight",
                                    to_return={93: {"graph.flows.location":{'include_glob':False, 'with_methods': False}},
                                                    110:{"graph.flows.location":{'include_glob':False, 'with_methods': False}}, 
                                                    20:["graph"], 120:['graph', "classify"]})
#x1B[31m---------------------------------------------------------------------------#x1B[39m
#x1B[31mException#x1B[39m                                 Traceback (most recent call last)
#x1B[36mFile #x1B[39m#x1B[32m~/bamboo-agent-home/xml-data/build-dir/RAD-TEST-UVF/fmdtools-full/lib/python3.13/site-packages/fmdtools/define/block/base.py:771#x1B[39m, in #x1B[36mSimulable.__call__#x1B[39m#x1B[34m(self, time, proptype, faults, disturbances, inc_at, end_of_simulation, copy)#x1B[39m
#x1B[32m    770#x1B[39m #x1B[38;5;28;01mif#x1B[39;00m copy:
#x1B[32m--&gt; #x1B[39m#x1B[32m771#x1B[39m     #x1B[38;5;28;01mreturn#x1B[39;00m #x1B[38;5;28;43mself#x1B[39;49m#x1B[43m.#x1B[49m#x1B[43mcopy#x1B[49m#x1B[43m(#x1B[49m#x1B[43m)#x1B[49m
#x1B[32m    772#x1B[39m #x1B[38;5;28;01mif#x1B[39;00m t != #x1B[38;5;28mself#x1B[39m.t.time:  #x1B[38;5;66;03m# faults are only injected if not run yet#x1B[39;00m

#x1B[36mFile #x1B[39m#x1B[32m~/bamboo-agent-home/xml-data/build-dir/RAD-TEST-UVF/fmdtools-full/lib/python3.13/site-packages/fmdtools/define/architecture/base.py:595#x1B[39m, in #x1B[36mArchitecture.copy#x1B[39m#x1B[34m(self, flows, **kwargs)#x1B[39m
#x1B[32m    594#x1B[39m #x1B[38;5;28;01mif#x1B[39;00m #x1B[38;5;28mhasattr#x1B[39m(#x1B[38;5;28mself#x1B[39m, #x1B[33m'#x1B[39m#x1B[33mflows#x1B[39m#x1B[33m'#x1B[39m):
#x1B[32m--&gt; #x1B[39m#x1B[32m595#x1B[39m     cargs[#x1B[33m'#x1B[39m#x1B[33mflows#x1B[39m#x1B[33m'#x1B[39m] = #x1B[38;5;28;43mself#x1B[39;49m#x1B[43m.#x1B[49m#x1B[43mcopy_flows#x1B[49m#x1B[43m(#x1B[49m#x1B[43mflows#x1B[49m#x1B[43m=#x1B[49m#x1B[43mflows#x1B[49m#x1B[43m)#x1B[49m
#x1B[32m    597#x1B[39m #x1B[38;5;28;01mif#x1B[39;00m #x1B[38;5;28mhasattr#x1B[39m(#x1B[38;5;28mself#x1B[39m, #x1B[33m'#x1B[39m#x1B[33mr#x1B[39m#x1B[33m'#x1B[39m):

#x1B[36mFile #x1B[39m#x1B[32m~/bamboo-agent-home/xml-data/build-dir/RAD-TEST-UVF/fmdtools-full/lib/python3.13/site-packages/fmdtools/define/architecture/base.py:611#x1B[39m, in #x1B[36mArchitecture.copy_flows#x1B[39m#x1B[34m(self, flows)#x1B[39m
#x1B[32m    610#x1B[39m #x1B[38;5;28;01melif#x1B[39;00m #x1B[38;5;129;01mnot#x1B[39;00m #x1B[38;5;28misinstance#x1B[39m(flow, MultiFlow) #x1B[38;5;129;01mor#x1B[39;00m flow.glob.name == flow.name:
#x1B[32m--&gt; #x1B[39m#x1B[32m611#x1B[39m     cflows[fn] = #x1B[43mflow#x1B[49m#x1B[43m.#x1B[49m#x1B[43mcopy#x1B[49m#x1B[43m(#x1B[49m#x1B[43m)#x1B[49m
#x1B[32m    612#x1B[39m #x1B[38;5;28;01melse#x1B[39;00m:

#x1B[36mFile #x1B[39m#x1B[32m~/bamboo-agent-home/xml-data/build-dir/RAD-TEST-UVF/fmdtools-full/lib/python3.13/site-packages/fmdtools/define/flow/multiflow.py:292#x1B[39m, in #x1B[36mMultiFlow.copy#x1B[39m#x1B[34m(self, name, glob, p, s, track)#x1B[39m
#x1B[32m    291#x1B[39m     local = #x1B[38;5;28mgetattr#x1B[39m(#x1B[38;5;28mself#x1B[39m, loc)
#x1B[32m--&gt; #x1B[39m#x1B[32m292#x1B[39m     cop.create_local(local.name, **#x1B[43mlocal#x1B[49m#x1B[43m.#x1B[49m#x1B[43mcopy_mutes#x1B[49m#x1B[43m(#x1B[49m#x1B[43m)#x1B[49m, as_copy=#x1B[38;5;28;01mTrue#x1B[39;00m)
#x1B[32m    293#x1B[39m #x1B[38;5;28;01mreturn#x1B[39;00m cop

#x1B[36mFile #x1B[39m#x1B[32m~/bamboo-agent-home/xml-data/build-dir/RAD-TEST-UVF/fmdtools-full/lib/python3.13/site-packages/fmdtools/define/object/base.py:625#x1B[39m, in #x1B[36mBaseObject.copy_mutes#x1B[39m#x1B[34m(self, *mute_types)#x1B[39m
#x1B[32m    624#x1B[39m #x1B[38;5;250m#x1B[39m#x1B[33;03m"""Return copies of the mutable containers."""#x1B[39;00m
#x1B[32m--&gt; #x1B[39m#x1B[32m625#x1B[39m #x1B[38;5;28;01mreturn#x1B[39;00m {k: #x1B[43mv#x1B[49m#x1B[43m.#x1B[49m#x1B[43mcopy#x1B[49m#x1B[43m(#x1B[49m#x1B[43m)#x1B[49m
#x1B[32m    626#x1B[39m         #x1B[38;5;28;01mfor#x1B[39;00m k, v #x1B[38;5;129;01min#x1B[39;00m #x1B[38;5;28mself#x1B[39m.get_roles_as_dict(*mute_types,
#x1B[32m    627#x1B[39m                                            with_immutable=#x1B[38;5;28;01mFalse#x1B[39;00m).items()}

#x1B[36mFile #x1B[39m#x1B[32m~/bamboo-agent-home/xml-data/build-dir/RAD-TEST-UVF/fmdtools-full/lib/python3.13/site-packages/fmdtools/define/flow/multiflow.py:288#x1B[39m, in #x1B[36mMultiFlow.copy#x1B[39m#x1B[34m(self, name, glob, p, s, track)#x1B[39m
#x1B[32m    287#x1B[39m #x1B[38;5;28;01mif#x1B[39;00m #x1B[38;5;129;01mnot#x1B[39;00m glob #x1B[38;5;129;01mand#x1B[39;00m #x1B[38;5;28mself#x1B[39m.glob.name != #x1B[38;5;28mself#x1B[39m.name:
#x1B[32m--&gt; #x1B[39m#x1B[32m288#x1B[39m     #x1B[38;5;28;01mraise#x1B[39;00m #x1B[38;5;167;01mException#x1B[39;00m(#x1B[33m"#x1B[39m#x1B[33mUnable to copy #x1B[39m#x1B[33m"#x1B[39m+#x1B[38;5;28mself#x1B[39m.name+#x1B[33m"#x1B[39m#x1B[33m without #x1B[39m#x1B[33m"#x1B[39m+#x1B[38;5;28mself#x1B[39m.glob.name+#x1B[33m"#x1B[39m#x1B[33m.#x1B[39m#x1B[33m"#x1B[39m)
#x1B[32m    289#x1B[39m cop = #x1B[38;5;28mself#x1B[39m.#x1B[34m__class__#x1B[39m(#x1B[38;5;28mself#x1B[39m.name, glob=glob, p=p, s=s, track=track, root=#x1B[38;5;28mself#x1B[39m.root)

#x1B[31mException#x1B[39m: Unable to copy percieved without ma1.

The above exception was the direct cause of the following exception:

#x1B[31mException#x1B[39m                                 Traceback (most recent call last)
#x1B[36mFile #x1B[39m#x1B[32m~/bamboo-agent-home/xml-data/build-dir/RAD-TEST-UVF/fmdtools-full/lib/python3.13/site-packages/fmdtools/sim/propagate.py:495#x1B[39m, in #x1B[36mBaseSimulation.__call__#x1B[39m#x1B[34m(self, **kwargs)#x1B[39m
#x1B[32m    494#x1B[39m #x1B[38;5;28;01mtry#x1B[39;00m:
#x1B[32m--&gt; #x1B[39m#x1B[32m495#x1B[39m     #x1B[38;5;28;43mself#x1B[39;49m#x1B[43m.#x1B[49m#x1B[43mrun#x1B[49m#x1B[43m(#x1B[49m#x1B[43m*#x1B[49m#x1B[43m*#x1B[49m#x1B[43mkwargs#x1B[49m#x1B[43m)#x1B[49m
#x1B[32m    496#x1B[39m #x1B[38;5;28;01mexcept#x1B[39;00m #x1B[38;5;167;01mException#x1B[39;00m #x1B[38;5;28;01mas#x1B[39;00m e:

#x1B[36mFile #x1B[39m#x1B[32m~/bamboo-agent-home/xml-data/build-dir/RAD-TEST-UVF/fmdtools-full/lib/python3.13/site-packages/fmdtools/sim/propagate.py:647#x1B[39m, in #x1B[36mSimulation.run#x1B[39m#x1B[34m(self, **kwargs)#x1B[39m
#x1B[32m    646#x1B[39m #x1B[38;5;28;01mfor#x1B[39;00m simevent #x1B[38;5;129;01min#x1B[39;00m #x1B[38;5;28mself#x1B[39m.simevents:
#x1B[32m--&gt; #x1B[39m#x1B[32m647#x1B[39m     #x1B[43msimevent#x1B[49m#x1B[43m.#x1B[49m#x1B[43mrun#x1B[49m#x1B[43m(#x1B[49m#x1B[38;5;28;43mself#x1B[39;49m#x1B[43m.#x1B[49m#x1B[43mmdl#x1B[49m#x1B[43m,#x1B[49m#x1B[43m #x1B[49m#x1B[43mscen#x1B[49m#x1B[43m=#x1B[49m#x1B[38;5;28;43mself#x1B[39;49m#x1B[43m.#x1B[49m#x1B[43mscen#x1B[49m#x1B[43m,#x1B[49m#x1B[43m #x1B[49m#x1B[43m*#x1B[49m#x1B[43m*#x1B[49m#x1B[43mkwargs#x1B[49m#x1B[43m)#x1B[49m
#x1B[32m    648#x1B[39m     #x1B[38;5;28;01mif#x1B[39;00m simevent.result:

#x1B[36mFile #x1B[39m#x1B[32m~/bamboo-agent-home/xml-data/build-dir/RAD-TEST-UVF/fmdtools-full/lib/python3.13/site-packages/fmdtools/sim/propagate.py:410#x1B[39m, in #x1B[36mSimEvent.run#x1B[39m#x1B[34m(self, mdl, scen, nomhist, nomresult, **kwargs)#x1B[39m
#x1B[32m    409#x1B[39m #x1B[38;5;28;01mif#x1B[39;00m #x1B[38;5;28mself#x1B[39m.copy:
#x1B[32m--&gt; #x1B[39m#x1B[32m410#x1B[39m     #x1B[38;5;28mself#x1B[39m.mdl_copy = #x1B[43mmdl#x1B[49m#x1B[43m(#x1B[49m#x1B[43mtime#x1B[49m#x1B[43m=#x1B[49m#x1B[38;5;28;43mself#x1B[39;49m#x1B[43m.#x1B[49m#x1B[43mtime#x1B[49m#x1B[43m,#x1B[49m#x1B[43m #x1B[49m#x1B[43m*#x1B[49m#x1B[43m*#x1B[49m#x1B[43mkwar#x1B[49m#x1B[43m,#x1B[49m#x1B[43m #x1B[49m#x1B[43mcopy#x1B[49m#x1B[43m=#x1B[49m#x1B[38;5;28;43;01mTrue#x1B[39;49;00m#x1B[43m)#x1B[49m
#x1B[32m    411#x1B[39m #x1B[38;5;28;01melse#x1B[39;00m:

#x1B[36mFile #x1B[39m#x1B[32m~/bamboo-agent-home/xml-data/build-dir/RAD-TEST-UVF/fmdtools-full/lib/python3.13/site-packages/fmdtools/define/block/base.py:792#x1B[39m, in #x1B[36mSimulable.__call__#x1B[39m#x1B[34m(self, time, proptype, faults, disturbances, inc_at, end_of_simulation, copy)#x1B[39m
#x1B[32m    791#x1B[39m #x1B[38;5;28;01mexcept#x1B[39;00m #x1B[38;5;167;01mException#x1B[39;00m #x1B[38;5;28;01mas#x1B[39;00m e:
#x1B[32m--&gt; #x1B[39m#x1B[32m792#x1B[39m     #x1B[38;5;28;01mraise#x1B[39;00m #x1B[38;5;167;01mException#x1B[39;00m(#x1B[33m"#x1B[39m#x1B[33mError simulating #x1B[39m#x1B[33m"#x1B[39m + #x1B[38;5;28mself#x1B[39m.name +
#x1B[32m    793#x1B[39m                     #x1B[33m"#x1B[39m#x1B[33m of class #x1B[39m#x1B[33m"#x1B[39m + #x1B[38;5;28mself#x1B[39m.#x1B[34m__class__#x1B[39m.#x1B[34m__name__#x1B[39m +
#x1B[32m    794#x1B[39m                     #x1B[33m"#x1B[39m#x1B[33m at time=#x1B[39m#x1B[33m"#x1B[39m + #x1B[38;5;28mstr#x1B[39m(#x1B[38;5;28mself#x1B[39m.t.time)) #x1B[38;5;28;01mfrom#x1B[39;00m#x1B[38;5;250m #x1B[39m#x1B[34;01me#x1B[39;00m

#x1B[31mException#x1B[39m: Error simulating taxiway_model of class taxiway_model at time=-0.1

The above exception was the direct cause of the following exception:

#x1B[31mException#x1B[39m                                 Traceback (most recent call last)
#x1B[36mFile #x1B[39m#x1B[32m~/bamboo-agent-home/xml-data/build-dir/RAD-TEST-UVF/fmdtools-full/lib/python3.13/site-packages/fmdtools/sim/propagate.py:495#x1B[39m, in #x1B[36mBaseSimulation.__call__#x1B[39m#x1B[34m(self, **kwargs)#x1B[39m
#x1B[32m    494#x1B[39m #x1B[38;5;28;01mtry#x1B[39;00m:
#x1B[32m--&gt; #x1B[39m#x1B[32m495#x1B[39m     #x1B[38;5;28;43mself#x1B[39;49m#x1B[43m.#x1B[49m#x1B[43mrun#x1B[49m#x1B[43m(#x1B[49m#x1B[43m*#x1B[49m#x1B[43m*#x1B[49m#x1B[43mkwargs#x1B[49m#x1B[43m)#x1B[49m
#x1B[32m    496#x1B[39m #x1B[38;5;28;01mexcept#x1B[39;00m #x1B[38;5;167;01mException#x1B[39;00m #x1B[38;5;28;01mas#x1B[39;00m e:

#x1B[36mFile #x1B[39m#x1B[32m~/bamboo-agent-home/xml-data/build-dir/RAD-TEST-UVF/fmdtools-full/lib/python3.13/site-packages/fmdtools/sim/propagate.py:1038#x1B[39m, in #x1B[36mMultiEventSimulation.run#x1B[39m#x1B[34m(self, **kwargs)#x1B[39m
#x1B[32m   1037#x1B[39m #x1B[38;5;28;01melif#x1B[39;00m #x1B[38;5;28mself#x1B[39m.staged:
#x1B[32m-&gt; #x1B[39m#x1B[32m1038#x1B[39m     #x1B[38;5;28;43mself#x1B[39;49m#x1B[43m.#x1B[49m#x1B[43mrun_nom#x1B[49m#x1B[43m(#x1B[49m#x1B[43mwith_copy#x1B[49m#x1B[43m=#x1B[49m#x1B[38;5;28;43;01mTrue#x1B[39;49;00m#x1B[43m)#x1B[49m
#x1B[32m   1039#x1B[39m #x1B[38;5;28;01melif#x1B[39;00m #x1B[38;5;28mself#x1B[39m.include_nominal:

#x1B[36mFile #x1B[39m#x1B[32m~/bamboo-agent-home/xml-data/build-dir/RAD-TEST-UVF/fmdtools-full/lib/python3.13/site-packages/fmdtools/sim/propagate.py:1023#x1B[39m, in #x1B[36mMultiEventSimulation.run_nom#x1B[39m#x1B[34m(self, with_copy, gen_samp, with_save, **kwargs)#x1B[39m
#x1B[32m   1022#x1B[39m #x1B[38;5;28;01melse#x1B[39;00m:
#x1B[32m-&gt; #x1B[39m#x1B[32m1023#x1B[39m     outs = #x1B[43mnomsim#x1B[49m#x1B[43m(#x1B[49m#x1B[43m*#x1B[49m#x1B[43m*#x1B[49m#x1B[43msim_kwar#x1B[49m#x1B[43m)#x1B[49m
#x1B[32m   1024#x1B[39m #x1B[38;5;28mself#x1B[39m.result[#x1B[33m'#x1B[39m#x1B[33mnominal#x1B[39m#x1B[33m'#x1B[39m] = outs[#x1B[32m0#x1B[39m]

#x1B[36mFile #x1B[39m#x1B[32m~/bamboo-agent-home/xml-data/build-dir/RAD-TEST-UVF/fmdtools-full/lib/python3.13/site-packages/fmdtools/sim/propagate.py:635#x1B[39m, in #x1B[36mSimulation.__call__#x1B[39m#x1B[34m(self, with_mdls, gen_samp, **kwargs)#x1B[39m
#x1B[32m    634#x1B[39m #x1B[38;5;250m#x1B[39m#x1B[33;03m"""Call the sim. Options return copied models and generated sampleapproches."""#x1B[39;00m
#x1B[32m--&gt; #x1B[39m#x1B[32m635#x1B[39m res, hist = #x1B[38;5;28;43msuper#x1B[39;49m#x1B[43m(#x1B[49m#x1B[43m)#x1B[49m#x1B[43m.#x1B[49m#x1B[34;43m__call__#x1B[39;49m#x1B[43m(#x1B[49m#x1B[43m*#x1B[49m#x1B[43m*#x1B[49m#x1B[43mkwargs#x1B[49m#x1B[43m)#x1B[49m
#x1B[32m    636#x1B[39m #x1B[38;5;28mself#x1B[39m.check_faults()

#x1B[36mFile #x1B[39m#x1B[32m~/bamboo-agent-home/xml-data/build-dir/RAD-TEST-UVF/fmdtools-full/lib/python3.13/site-packages/fmdtools/sim/propagate.py:497#x1B[39m, in #x1B[36mBaseSimulation.__call__#x1B[39m#x1B[34m(self, **kwargs)#x1B[39m
#x1B[32m    496#x1B[39m #x1B[38;5;28;01mexcept#x1B[39;00m #x1B[38;5;167;01mException#x1B[39;00m #x1B[38;5;28;01mas#x1B[39;00m e:
#x1B[32m--&gt; #x1B[39m#x1B[32m497#x1B[39m     #x1B[38;5;28;01mraise#x1B[39;00m #x1B[38;5;167;01mException#x1B[39;00m(#x1B[33m"#x1B[39m#x1B[33mError simulating #x1B[39m#x1B[33m"#x1B[39m+#x1B[38;5;28mself#x1B[39m.name+#x1B[33m"#x1B[39m#x1B[33m scenario(s)#x1B[39m#x1B[33m"#x1B[39m) #x1B[38;5;28;01mfrom#x1B[39;00m#x1B[38;5;250m #x1B[39m#x1B[34;01me#x1B[39;00m
#x1B[32m    498#x1B[39m #x1B[38;5;28;01mif#x1B[39;00m #x1B[38;5;28mself#x1B[39m.tosave:

#x1B[31mException#x1B[39m: Error simulating nominal scenario(s)

The above exception was the direct cause of the following exception:

#x1B[31mException#x1B[39m                                 Traceback (most recent call last)
#x1B[36mCell#x1B[39m#x1B[36m #x1B[39m#x1B[32mIn[20]#x1B[39m#x1B[32m, line 1#x1B[39m
#x1B[32m----&gt; #x1B[39m#x1B[32m1#x1B[39m endresults, mdlhist = #x1B[43mprop#x1B[49m#x1B[43m.#x1B[49m#x1B[43mone_fault#x1B[49m#x1B[43m(#x1B[49m#x1B[43mmdl#x1B[49m#x1B[43m,#x1B[49m#x1B[43m #x1B[49m#x1B[33;43m"#x1B[39;49m#x1B[33;43mma3#x1B[39;49m#x1B[33;43m"#x1B[39;49m#x1B[43m,#x1B[49m#x1B[43m #x1B[49m#x1B[33;43m"#x1B[39;49m#x1B[33;43mlost_sight#x1B[39;49m#x1B[33;43m"#x1B[39;49m#x1B[43m,#x1B[49m
#x1B[32m      2#x1B[39m #x1B[43m                                    #x1B[49m#x1B[43mto_return#x1B[49m#x1B[43m=#x1B[49m#x1B[43m{#x1B[49m#x1B[32;43m93#x1B[39;49m#x1B[43m:#x1B[49m#x1B[43m #x1B[49m#x1B[43m{#x1B[49m#x1B[33;43m"#x1B[39;49m#x1B[33;43mgraph.flows.location#x1B[39;49m#x1B[33;43m"#x1B[39;49m#x1B[43m:#x1B[49m#x1B[43m{#x1B[49m#x1B[33;43m'#x1B[39;49m#x1B[33;43minclude_glob#x1B[39;49m#x1B[33;43m'#x1B[39;49m#x1B[43m:#x1B[49m#x1B[38;5;28;43;01mFalse#x1B[39;49;00m#x1B[43m,#x1B[49m#x1B[43m #x1B[49m#x1B[33;43m'#x1B[39;49m#x1B[33;43mwith_methods#x1B[39;49m#x1B[33;43m'#x1B[39;49m#x1B[43m:#x1B[49m#x1B[43m #x1B[49m#x1B[38;5;28;43;01mFalse#x1B[39;49;00m#x1B[43m}#x1B[49m#x1B[43m}#x1B[49m#x1B[43m,#x1B[49m
#x1B[32m      3#x1B[39m #x1B[43m                                                    #x1B[49m#x1B[32;43m110#x1B[39;49m#x1B[43m:#x1B[49m#x1B[43m{#x1B[49m#x1B[33;43m"#x1B[39;49m#x1B[33;43mgraph.flows.location#x1B[39;49m#x1B[33;43m"#x1B[39;49m#x1B[43m:#x1B[49m#x1B[43m{#x1B[49m#x1B[33;43m'#x1B[39;49m#x1B[33;43minclude_glob#x1B[39;49m#x1B[33;43m'#x1B[39;49m#x1B[43m:#x1B[49m#x1B[38;5;28;43;01mFalse#x1B[39;49;00m#x1B[43m,#x1B[49m#x1B[43m #x1B[49m#x1B[33;43m'#x1B[39;49m#x1B[33;43mwith_methods#x1B[39;49m#x1B[33;43m'#x1B[39;49m#x1B[43m:#x1B[49m#x1B[43m #x1B[49m#x1B[38;5;28;43;01mFalse#x1B[39;49;00m#x1B[43m}#x1B[49m#x1B[43m}#x1B[49m#x1B[43m,#x1B[49m#x1B[43m #x1B[49m
#x1B[32m      4#x1B[39m #x1B[43m                                                    #x1B[49m#x1B[32;43m20#x1B[39;49m#x1B[43m:#x1B[49m#x1B[43m[#x1B[49m#x1B[33;43m"#x1B[39;49m#x1B[33;43mgraph#x1B[39;49m#x1B[33;43m"#x1B[39;49m#x1B[43m]#x1B[49m#x1B[43m,#x1B[49m#x1B[43m #x1B[49m#x1B[32;43m120#x1B[39;49m#x1B[43m:#x1B[49m#x1B[43m[#x1B[49m#x1B[33;43m'#x1B[39;49m#x1B[33;43mgraph#x1B[39;49m#x1B[33;43m'#x1B[39;49m#x1B[43m,#x1B[49m#x1B[43m #x1B[49m#x1B[33;43m"#x1B[39;49m#x1B[33;43mclassify#x1B[39;49m#x1B[33;43m"#x1B[39;49m#x1B[43m]#x1B[49m#x1B[43m}#x1B[49m#x1B[43m)#x1B[49m

#x1B[36mFile #x1B[39m#x1B[32m~/bamboo-agent-home/xml-data/build-dir/RAD-TEST-UVF/fmdtools-full/lib/python3.13/site-packages/fmdtools/sim/propagate.py:162#x1B[39m, in #x1B[36mone_fault#x1B[39m#x1B[34m(mdl, time, f_kw, *fxnfault, **kwargs)#x1B[39m
#x1B[32m    159#x1B[39m     fxnname, fault = mdl.name, fxnfault[#x1B[32m0#x1B[39m]
#x1B[32m    161#x1B[39m scen = SingleFaultScenario.from_fault((fxnname, fault), time, mdl=mdl, **f_kw)
#x1B[32m--&gt; #x1B[39m#x1B[32m162#x1B[39m #x1B[38;5;28;01mreturn#x1B[39;00m #x1B[43msequence#x1B[49m#x1B[43m(#x1B[49m#x1B[43mmdl#x1B[49m#x1B[43m,#x1B[49m#x1B[43m #x1B[49m#x1B[43mscen#x1B[49m#x1B[43m=#x1B[49m#x1B[43mscen#x1B[49m#x1B[43m,#x1B[49m#x1B[43m #x1B[49m#x1B[43mname#x1B[49m#x1B[43m=#x1B[49m#x1B[38;5;28;43mstr#x1B[39;49m#x1B[43m(#x1B[49m#x1B[43m(#x1B[49m#x1B[43mfxnname#x1B[49m#x1B[43m,#x1B[49m#x1B[43m #x1B[49m#x1B[43mfault#x1B[49m#x1B[43m)#x1B[49m#x1B[43m)#x1B[49m#x1B[43m,#x1B[49m#x1B[43m #x1B[49m#x1B[43m*#x1B[49m#x1B[43m*#x1B[49m#x1B[43mkwargs#x1B[49m#x1B[43m)#x1B[49m

#x1B[36mFile #x1B[39m#x1B[32m~/bamboo-agent-home/xml-data/build-dir/RAD-TEST-UVF/fmdtools-full/lib/python3.13/site-packages/fmdtools/sim/propagate.py:222#x1B[39m, in #x1B[36msequence#x1B[39m#x1B[34m(mdl, seq, faultseq, disturbances, scen, rate, include_nominal, showprogress, **kwargs)#x1B[39m
#x1B[32m    218#x1B[39m #x1B[38;5;28;01melse#x1B[39;00m:
#x1B[32m    219#x1B[39m     sim = Simulation(mdl=mdl, scen=scen,
#x1B[32m    220#x1B[39m                      **filter_kwargs(Simulation, showprogress=showprogress,
#x1B[32m    221#x1B[39m                                      **kwargs))
#x1B[32m--&gt; #x1B[39m#x1B[32m222#x1B[39m #x1B[38;5;28;01mreturn#x1B[39;00m #x1B[43msim#x1B[49m#x1B[43m(#x1B[49m#x1B[43m*#x1B[49m#x1B[43m*#x1B[49m#x1B[43mget_sim_call_kwargs#x1B[49m#x1B[43m(#x1B[49m#x1B[43msim#x1B[49m#x1B[43m,#x1B[49m#x1B[43m #x1B[49m#x1B[43m*#x1B[49m#x1B[43m*#x1B[49m#x1B[43mkwargs#x1B[49m#x1B[43m)#x1B[49m#x1B[43m)#x1B[49m

#x1B[36mFile #x1B[39m#x1B[32m~/bamboo-agent-home/xml-data/build-dir/RAD-TEST-UVF/fmdtools-full/lib/python3.13/site-packages/fmdtools/sim/propagate.py:990#x1B[39m, in #x1B[36mMultiEventSimulation.__call__#x1B[39m#x1B[34m(self, **kwargs)#x1B[39m
#x1B[32m    988#x1B[39m #x1B[38;5;28;01mdef#x1B[39;00m#x1B[38;5;250m #x1B[39m#x1B[34m__call__#x1B[39m(#x1B[38;5;28mself#x1B[39m, **kwargs):
#x1B[32m    989#x1B[39m #x1B[38;5;250m    #x1B[39m#x1B[33;03m"""Return the SampleApproach if gen_samp."""#x1B[39;00m
#x1B[32m--&gt; #x1B[39m#x1B[32m990#x1B[39m     rets = #x1B[38;5;28;43msuper#x1B[39;49m#x1B[43m(#x1B[49m#x1B[43m)#x1B[49m#x1B[43m.#x1B[49m#x1B[34;43m__call__#x1B[39;49m#x1B[43m(#x1B[49m#x1B[43m*#x1B[49m#x1B[43m*#x1B[49m#x1B[43mkwargs#x1B[49m#x1B[43m)#x1B[49m
#x1B[32m    991#x1B[39m     #x1B[38;5;28;01mif#x1B[39;00m #x1B[38;5;28mself#x1B[39m.gen_samp:
#x1B[32m    992#x1B[39m         rets = (*rets, #x1B[38;5;28mself#x1B[39m.samp)

#x1B[36mFile #x1B[39m#x1B[32m~/bamboo-agent-home/xml-data/build-dir/RAD-TEST-UVF/fmdtools-full/lib/python3.13/site-packages/fmdtools/sim/propagate.py:497#x1B[39m, in #x1B[36mBaseSimulation.__call__#x1B[39m#x1B[34m(self, **kwargs)#x1B[39m
#x1B[32m    495#x1B[39m     #x1B[38;5;28mself#x1B[39m.run(**kwargs)
#x1B[32m    496#x1B[39m #x1B[38;5;28;01mexcept#x1B[39;00m #x1B[38;5;167;01mException#x1B[39;00m #x1B[38;5;28;01mas#x1B[39;00m e:
#x1B[32m--&gt; #x1B[39m#x1B[32m497#x1B[39m     #x1B[38;5;28;01mraise#x1B[39;00m #x1B[38;5;167;01mException#x1B[39;00m(#x1B[33m"#x1B[39m#x1B[33mError simulating #x1B[39m#x1B[33m"#x1B[39m+#x1B[38;5;28mself#x1B[39m.name+#x1B[33m"#x1B[39m#x1B[33m scenario(s)#x1B[39m#x1B[33m"#x1B[39m) #x1B[38;5;28;01mfrom#x1B[39;00m#x1B[38;5;250m #x1B[39m#x1B[34;01me#x1B[39;00m
#x1B[32m    498#x1B[39m #x1B[38;5;28;01mif#x1B[39;00m #x1B[38;5;28mself#x1B[39m.tosave:
#x1B[32m    499#x1B[39m     #x1B[38;5;28mself#x1B[39m.save(**filter_kwargs(#x1B[38;5;28mself#x1B[39m.save, **kwargs))

#x1B[31mException#x1B[39m: Error simulating ('ma3', 'lost_sight') scenario(s)</failure></testcase><testcase classname="examples.taxiway.test_asset.AssetTests" name="test_avoid" time="1.381" /><testcase classname="examples.taxiway.test_asset.AssetTests" name="test_avoid_plot" time="1.652" /><testcase classname="examples.taxiway.test_asset.AssetTests" name="test_heli_cycle" time="0.511" /><testcase classname="examples.taxiway.test_asset.AssetTests" name="test_heli_cycle_plot" time="0.802" /><testcase classname="examples.taxiway.test_asset.AssetTests" name="test_lost_sight" time="0.080"><failure message="Exception: Error simulating ('ma1', 'lost_sight') scenario(s)">self = test_aircraft_model test_aircraft_model
- t=Time(time=-0.1, timers={})
- m=Mode(mode='nominal', faults=set(), sub_faul... ma2=Aircraft(s=(visioncov=POLYGON EMPTY, cycled=False, segment='          ', segments=[], subseg=0, seg_ind=0), m=(...
time = 0.0, proptype = 'both', faults = [], disturbances = {}, inc_at = 'all'
end_of_simulation = False, copy = True

    def __call__(self, time=None, proptype="both", faults=[], disturbances={},
                 inc_at="all", end_of_simulation=False, copy=False):
        """
        Call the Simulable to propagate behavior at a single time-step.
    
        Parameters
        ----------
        time : float/'end'
            Time at which to simulate the Simulable. Default is None, which uses
            self.t.time. If 'end' is provided, will be simulated until the end of
            the simulation (sp.end_time or sp.end_condition)
        proptype : str
            Type of propagation step to update ('static', 'dynamic', or 'both')
        faults : dict/list
            Faults to inject during this propagation step. (to be injected at time.)
            With structure ['fault1', 'fault2'...]
        disturbances : dict
            Variables to change during this propagation step. (to be injected at time.)
            With structure {'var1': value}
        inc_at : bool
            When to increment the history. If "all", increment at each time the sim
            iterates through. If "time", increment only at t==time.
        end_of_simulation : bool
            Whether this is the end of the simulation (and history should be cut).
        copy : bool
            If true, returns a copy of the model just before fault injection and
            stops simulation
        """
        try:
            if time == 'end':
                time = self.sp.end_time
            start_time, end_time = self.t.get_sim_times(time)
            sim_times = self.sp.get_timerange(start_time, end_time)
            for t in sim_times:
                if t == end_time:
                    if copy:
&gt;                       return self.copy()
                               ^^^^^^^^^^^

fmdtools/define/block/base.py:771: 
_ _ _ _ _ _ _ _ _ _ _ _ _ _ _ _ _ _ _ _ _ _ _ _ _ _ _ _ _ _ _ _ _ _ _ _ _ _ _ _ 
fmdtools/define/architecture/base.py:595: in copy
    cargs['flows'] = self.copy_flows(flows=flows)
                     ^^^^^^^^^^^^^^^^^^^^^^^^^^^^
fmdtools/define/architecture/base.py:611: in copy_flows
    cflows[fn] = flow.copy()
                 ^^^^^^^^^^^
fmdtools/define/flow/multiflow.py:292: in copy
    cop.create_local(local.name, **local.copy_mutes(), as_copy=True)
                                   ^^^^^^^^^^^^^^^^^^
fmdtools/define/object/base.py:625: in copy_mutes
    return {k: v.copy()
               ^^^^^^^^
_ _ _ _ _ _ _ _ _ _ _ _ _ _ _ _ _ _ _ _ _ _ _ _ _ _ _ _ _ _ _ _ _ _ _ _ _ _ _ _ 

self = percieved Location
- s=LocationState(x=30.0, y=25.0, xd=0.0, yd=0.0, speed=0.0, stage='flight', mode='standby')
name = '', glob = [], p = {}
s = {'mode': 'standby', 'speed': np.float64(0.0), 'stage': 'flight', 'x': np.float64(30.0), ...}
track = ['s']

    def copy(self, name='', glob=[], p={}, s={}, track=['s']):
        """Copy the flow and create new sub-flow copies for it."""
        if not s and hasattr(self, 's'):
            s = self.s.asdict()
        if not glob and self.glob.name != self.name:
&gt;           raise Exception("Unable to copy "+self.name+" without "+self.glob.name+".")
E           Exception: Unable to copy percieved without ma1.

fmdtools/define/flow/multiflow.py:288: Exception

The above exception was the direct cause of the following exception:

self = Simulation with SimEvents:
- 0.0=SimEvent(copy=True)
- end=SimEvent(to_return={'classify': None})
kwargs = {}

    def __call__(self, **kwargs):
        """Run the sim, save its results (if needed), return its result and history."""
        try:
&gt;           self.run(**kwargs)

fmdtools/sim/propagate.py:495: 
_ _ _ _ _ _ _ _ _ _ _ _ _ _ _ _ _ _ _ _ _ _ _ _ _ _ _ _ _ _ _ _ _ _ _ _ _ _ _ _ 
fmdtools/sim/propagate.py:647: in run
    simevent.run(self.mdl, scen=self.scen, **kwargs)
fmdtools/sim/propagate.py:410: in run
    self.mdl_copy = mdl(time=self.time, **kwar, copy=True)
                    ^^^^^^^^^^^^^^^^^^^^^^^^^^^^^^^^^^^^^^
_ _ _ _ _ _ _ _ _ _ _ _ _ _ _ _ _ _ _ _ _ _ _ _ _ _ _ _ _ _ _ _ _ _ _ _ _ _ _ _ 

self = test_aircraft_model test_aircraft_model
- t=Time(time=-0.1, timers={})
- m=Mode(mode='nominal', faults=set(), sub_faul... ma2=Aircraft(s=(visioncov=POLYGON EMPTY, cycled=False, segment='          ', segments=[], subseg=0, seg_ind=0), m=(...
time = 0.0, proptype = 'both', faults = [], disturbances = {}, inc_at = 'all'
end_of_simulation = False, copy = True

    def __call__(self, time=None, proptype="both", faults=[], disturbances={},
                 inc_at="all", end_of_simulation=False, copy=False):
        """
        Call the Simulable to propagate behavior at a single time-step.
    
        Parameters
        ----------
        time : float/'end'
            Time at which to simulate the Simulable. Default is None, which uses
            self.t.time. If 'end' is provided, will be simulated until the end of
            the simulation (sp.end_time or sp.end_condition)
        proptype : str
            Type of propagation step to update ('static', 'dynamic', or 'both')
        faults : dict/list
            Faults to inject during this propagation step. (to be injected at time.)
            With structure ['fault1', 'fault2'...]
        disturbances : dict
            Variables to change during this propagation step. (to be injected at time.)
            With structure {'var1': value}
        inc_at : bool
            When to increment the history. If "all", increment at each time the sim
            iterates through. If "time", increment only at t==time.
        end_of_simulation : bool
            Whether this is the end of the simulation (and history should be cut).
        copy : bool
            If true, returns a copy of the model just before fault injection and
            stops simulation
        """
        try:
            if time == 'end':
                time = self.sp.end_time
            start_time, end_time = self.t.get_sim_times(time)
            sim_times = self.sp.get_timerange(start_time, end_time)
            for t in sim_times:
                if t == end_time:
                    if copy:
                        return self.copy()
                    if t != self.t.time:  # faults are only injected if not run yet
                        self.set_vars(**disturbances)
                        self.inject_faults(faults)
                self.t.update_time(t)
                if self.t.executing:
                    self.update_stochastic_states()
                    self.update_dynamic_behaviors(proptype=proptype)
                    self.update_static_behaviors(proptype=proptype)
                    self.set_sub_faults()
                    if inc_at == "all" or (inc_at == "time" and t == time):
                        self.inc_sim_time()
                        t_ind = self.sp.get_hist_ind(self.t.t_ind, self.t.time)
                        self.h.log(self, t_ind, self.t.time)
                    if self.sp.end_condition and not copy:
                        if get_var(self, self.sp.end_condition)():
                            break
    
            if end_of_simulation:
                self.cut_hist()
        except Exception as e:
&gt;           raise Exception("Error simulating " + self.name +
                            " of class " + self.__class__.__name__ +
                            " at time=" + str(self.t.time)) from e
E           Exception: Error simulating test_aircraft_model of class test_aircraft_model at time=-0.1

fmdtools/define/block/base.py:792: Exception

The above exception was the direct cause of the following exception:

self = MultiEventSimulation of
SingleFaultScenario(sequence={0.0: Injection(faults={'ma1': ['lost_sight']}, disturbances={})}, times=(0,), function='ma1', fault='lost_sight', rate=1e-05, name='ma1_lost_sight_t0', time=0, phase='')
kwargs = {}

    def __call__(self, **kwargs):
        """Run the sim, save its results (if needed), return its result and history."""
        try:
&gt;           self.run(**kwargs)

fmdtools/sim/propagate.py:495: 
_ _ _ _ _ _ _ _ _ _ _ _ _ _ _ _ _ _ _ _ _ _ _ _ _ _ _ _ _ _ _ _ _ _ _ _ _ _ _ _ 
fmdtools/sim/propagate.py:1038: in run
    self.run_nom(with_copy=True)
fmdtools/sim/propagate.py:1023: in run_nom
    outs = nomsim(**sim_kwar)
           ^^^^^^^^^^^^^^^^^^
fmdtools/sim/propagate.py:635: in __call__
    res, hist = super().__call__(**kwargs)
                ^^^^^^^^^^^^^^^^^^^^^^^^^^
_ _ _ _ _ _ _ _ _ _ _ _ _ _ _ _ _ _ _ _ _ _ _ _ _ _ _ _ _ _ _ _ _ _ _ _ _ _ _ _ 

self = Simulation with SimEvents:
- 0.0=SimEvent(copy=True)
- end=SimEvent(to_return={'classify': None})
kwargs = {}

    def __call__(self, **kwargs):
        """Run the sim, save its results (if needed), return its result and history."""
        try:
            self.run(**kwargs)
        except Exception as e:
&gt;           raise Exception("Error simulating "+self.name+" scenario(s)") from e
E           Exception: Error simulating nominal scenario(s)

fmdtools/sim/propagate.py:497: Exception

The above exception was the direct cause of the following exception:

self = &lt;test_asset.AssetTests testMethod=test_lost_sight&gt;

    def test_lost_sight(self):
&gt;       endresults, mdlhist = prop.one_fault(self.two_ac_model, "ma1", "lost_sight")
                              ^^^^^^^^^^^^^^^^^^^^^^^^^^^^^^^^^^^^^^^^^^^^^^^^^^^^^^

examples/taxiway/test_asset.py:226: 
_ _ _ _ _ _ _ _ _ _ _ _ _ _ _ _ _ _ _ _ _ _ _ _ _ _ _ _ _ _ _ _ _ _ _ _ _ _ _ _ 
fmdtools/sim/propagate.py:162: in one_fault
    return sequence(mdl, scen=scen, name=str((fxnname, fault)), **kwargs)
           ^^^^^^^^^^^^^^^^^^^^^^^^^^^^^^^^^^^^^^^^^^^^^^^^^^^^^^^^^^^^^^
fmdtools/sim/propagate.py:222: in sequence
    return sim(**get_sim_call_kwargs(sim, **kwargs))
           ^^^^^^^^^^^^^^^^^^^^^^^^^^^^^^^^^^^^^^^^^
fmdtools/sim/propagate.py:990: in __call__
    rets = super().__call__(**kwargs)
           ^^^^^^^^^^^^^^^^^^^^^^^^^^
_ _ _ _ _ _ _ _ _ _ _ _ _ _ _ _ _ _ _ _ _ _ _ _ _ _ _ _ _ _ _ _ _ _ _ _ _ _ _ _ 

self = MultiEventSimulation of
SingleFaultScenario(sequence={0.0: Injection(faults={'ma1': ['lost_sight']}, disturbances={})}, times=(0,), function='ma1', fault='lost_sight', rate=1e-05, name='ma1_lost_sight_t0', time=0, phase='')
kwargs = {}

    def __call__(self, **kwargs):
        """Run the sim, save its results (if needed), return its result and history."""
        try:
            self.run(**kwargs)
        except Exception as e:
&gt;           raise Exception("Error simulating "+self.name+" scenario(s)") from e
E           Exception: Error simulating ('ma1', 'lost_sight') scenario(s)

fmdtools/sim/propagate.py:497: Exception</failure></testcase><testcase classname="examples.taxiway.test_asset.AssetTests" name="test_lost_sight_plot" time="0.080"><failure message="Exception: Error simulating ('ma1', 'lost_sight') scenario(s)">self = test_aircraft_model test_aircraft_model
- t=Time(time=-0.1, timers={})
- m=Mode(mode='nominal', faults=set(), sub_faul... ma2=Aircraft(s=(visioncov=POLYGON EMPTY, cycled=False, segment='          ', segments=[], subseg=0, seg_ind=0), m=(...
time = 0.0, proptype = 'both', faults = [], disturbances = {}, inc_at = 'all'
end_of_simulation = False, copy = True

    def __call__(self, time=None, proptype="both", faults=[], disturbances={},
                 inc_at="all", end_of_simulation=False, copy=False):
        """
        Call the Simulable to propagate behavior at a single time-step.
    
        Parameters
        ----------
        time : float/'end'
            Time at which to simulate the Simulable. Default is None, which uses
            self.t.time. If 'end' is provided, will be simulated until the end of
            the simulation (sp.end_time or sp.end_condition)
        proptype : str
            Type of propagation step to update ('static', 'dynamic', or 'both')
        faults : dict/list
            Faults to inject during this propagation step. (to be injected at time.)
            With structure ['fault1', 'fault2'...]
        disturbances : dict
            Variables to change during this propagation step. (to be injected at time.)
            With structure {'var1': value}
        inc_at : bool
            When to increment the history. If "all", increment at each time the sim
            iterates through. If "time", increment only at t==time.
        end_of_simulation : bool
            Whether this is the end of the simulation (and history should be cut).
        copy : bool
            If true, returns a copy of the model just before fault injection and
            stops simulation
        """
        try:
            if time == 'end':
                time = self.sp.end_time
            start_time, end_time = self.t.get_sim_times(time)
            sim_times = self.sp.get_timerange(start_time, end_time)
            for t in sim_times:
                if t == end_time:
                    if copy:
&gt;                       return self.copy()
                               ^^^^^^^^^^^

fmdtools/define/block/base.py:771: 
_ _ _ _ _ _ _ _ _ _ _ _ _ _ _ _ _ _ _ _ _ _ _ _ _ _ _ _ _ _ _ _ _ _ _ _ _ _ _ _ 
fmdtools/define/architecture/base.py:595: in copy
    cargs['flows'] = self.copy_flows(flows=flows)
                     ^^^^^^^^^^^^^^^^^^^^^^^^^^^^
fmdtools/define/architecture/base.py:611: in copy_flows
    cflows[fn] = flow.copy()
                 ^^^^^^^^^^^
fmdtools/define/flow/multiflow.py:292: in copy
    cop.create_local(local.name, **local.copy_mutes(), as_copy=True)
                                   ^^^^^^^^^^^^^^^^^^
fmdtools/define/object/base.py:625: in copy_mutes
    return {k: v.copy()
               ^^^^^^^^
_ _ _ _ _ _ _ _ _ _ _ _ _ _ _ _ _ _ _ _ _ _ _ _ _ _ _ _ _ _ _ _ _ _ _ _ _ _ _ _ 

self = percieved Location
- s=LocationState(x=30.0, y=25.0, xd=0.0, yd=0.0, speed=0.0, stage='flight', mode='standby')
name = '', glob = [], p = {}
s = {'mode': 'standby', 'speed': np.float64(0.0), 'stage': 'flight', 'x': np.float64(30.0), ...}
track = ['s']

    def copy(self, name='', glob=[], p={}, s={}, track=['s']):
        """Copy the flow and create new sub-flow copies for it."""
        if not s and hasattr(self, 's'):
            s = self.s.asdict()
        if not glob and self.glob.name != self.name:
&gt;           raise Exception("Unable to copy "+self.name+" without "+self.glob.name+".")
E           Exception: Unable to copy percieved without ma1.

fmdtools/define/flow/multiflow.py:288: Exception

The above exception was the direct cause of the following exception:

self = Simulation with SimEvents:
- 0.0=SimEvent(copy=True)
- end=SimEvent(to_return={'classify': None})
kwargs = {}

    def __call__(self, **kwargs):
        """Run the sim, save its results (if needed), return its result and history."""
        try:
&gt;           self.run(**kwargs)

fmdtools/sim/propagate.py:495: 
_ _ _ _ _ _ _ _ _ _ _ _ _ _ _ _ _ _ _ _ _ _ _ _ _ _ _ _ _ _ _ _ _ _ _ _ _ _ _ _ 
fmdtools/sim/propagate.py:647: in run
    simevent.run(self.mdl, scen=self.scen, **kwargs)
fmdtools/sim/propagate.py:410: in run
    self.mdl_copy = mdl(time=self.time, **kwar, copy=True)
                    ^^^^^^^^^^^^^^^^^^^^^^^^^^^^^^^^^^^^^^
_ _ _ _ _ _ _ _ _ _ _ _ _ _ _ _ _ _ _ _ _ _ _ _ _ _ _ _ _ _ _ _ _ _ _ _ _ _ _ _ 

self = test_aircraft_model test_aircraft_model
- t=Time(time=-0.1, timers={})
- m=Mode(mode='nominal', faults=set(), sub_faul... ma2=Aircraft(s=(visioncov=POLYGON EMPTY, cycled=False, segment='          ', segments=[], subseg=0, seg_ind=0), m=(...
time = 0.0, proptype = 'both', faults = [], disturbances = {}, inc_at = 'all'
end_of_simulation = False, copy = True

    def __call__(self, time=None, proptype="both", faults=[], disturbances={},
                 inc_at="all", end_of_simulation=False, copy=False):
        """
        Call the Simulable to propagate behavior at a single time-step.
    
        Parameters
        ----------
        time : float/'end'
            Time at which to simulate the Simulable. Default is None, which uses
            self.t.time. If 'end' is provided, will be simulated until the end of
            the simulation (sp.end_time or sp.end_condition)
        proptype : str
            Type of propagation step to update ('static', 'dynamic', or 'both')
        faults : dict/list
            Faults to inject during this propagation step. (to be injected at time.)
            With structure ['fault1', 'fault2'...]
        disturbances : dict
            Variables to change during this propagation step. (to be injected at time.)
            With structure {'var1': value}
        inc_at : bool
            When to increment the history. If "all", increment at each time the sim
            iterates through. If "time", increment only at t==time.
        end_of_simulation : bool
            Whether this is the end of the simulation (and history should be cut).
        copy : bool
            If true, returns a copy of the model just before fault injection and
            stops simulation
        """
        try:
            if time == 'end':
                time = self.sp.end_time
            start_time, end_time = self.t.get_sim_times(time)
            sim_times = self.sp.get_timerange(start_time, end_time)
            for t in sim_times:
                if t == end_time:
                    if copy:
                        return self.copy()
                    if t != self.t.time:  # faults are only injected if not run yet
                        self.set_vars(**disturbances)
                        self.inject_faults(faults)
                self.t.update_time(t)
                if self.t.executing:
                    self.update_stochastic_states()
                    self.update_dynamic_behaviors(proptype=proptype)
                    self.update_static_behaviors(proptype=proptype)
                    self.set_sub_faults()
                    if inc_at == "all" or (inc_at == "time" and t == time):
                        self.inc_sim_time()
                        t_ind = self.sp.get_hist_ind(self.t.t_ind, self.t.time)
                        self.h.log(self, t_ind, self.t.time)
                    if self.sp.end_condition and not copy:
                        if get_var(self, self.sp.end_condition)():
                            break
    
            if end_of_simulation:
                self.cut_hist()
        except Exception as e:
&gt;           raise Exception("Error simulating " + self.name +
                            " of class " + self.__class__.__name__ +
                            " at time=" + str(self.t.time)) from e
E           Exception: Error simulating test_aircraft_model of class test_aircraft_model at time=-0.1

fmdtools/define/block/base.py:792: Exception

The above exception was the direct cause of the following exception:

self = MultiEventSimulation of
SingleFaultScenario(sequence={0.0: Injection(faults={'ma1': ['lost_sight']}, disturbances={})}, times=(0,), function='ma1', fault='lost_sight', rate=1e-05, name='ma1_lost_sight_t0', time=0, phase='')
kwargs = {}

    def __call__(self, **kwargs):
        """Run the sim, save its results (if needed), return its result and history."""
        try:
&gt;           self.run(**kwargs)

fmdtools/sim/propagate.py:495: 
_ _ _ _ _ _ _ _ _ _ _ _ _ _ _ _ _ _ _ _ _ _ _ _ _ _ _ _ _ _ _ _ _ _ _ _ _ _ _ _ 
fmdtools/sim/propagate.py:1038: in run
    self.run_nom(with_copy=True)
fmdtools/sim/propagate.py:1023: in run_nom
    outs = nomsim(**sim_kwar)
           ^^^^^^^^^^^^^^^^^^
fmdtools/sim/propagate.py:635: in __call__
    res, hist = super().__call__(**kwargs)
                ^^^^^^^^^^^^^^^^^^^^^^^^^^
_ _ _ _ _ _ _ _ _ _ _ _ _ _ _ _ _ _ _ _ _ _ _ _ _ _ _ _ _ _ _ _ _ _ _ _ _ _ _ _ 

self = Simulation with SimEvents:
- 0.0=SimEvent(copy=True)
- end=SimEvent(to_return={'classify': None})
kwargs = {}

    def __call__(self, **kwargs):
        """Run the sim, save its results (if needed), return its result and history."""
        try:
            self.run(**kwargs)
        except Exception as e:
&gt;           raise Exception("Error simulating "+self.name+" scenario(s)") from e
E           Exception: Error simulating nominal scenario(s)

fmdtools/sim/propagate.py:497: Exception

The above exception was the direct cause of the following exception:

self = &lt;test_asset.AssetTests testMethod=test_lost_sight_plot&gt;

    def test_lost_sight_plot(self):
&gt;       endresults, mdlhist = prop.one_fault(self.two_ac_model, "ma1", "lost_sight")
                              ^^^^^^^^^^^^^^^^^^^^^^^^^^^^^^^^^^^^^^^^^^^^^^^^^^^^^^

examples/taxiway/test_asset.py:238: 
_ _ _ _ _ _ _ _ _ _ _ _ _ _ _ _ _ _ _ _ _ _ _ _ _ _ _ _ _ _ _ _ _ _ _ _ _ _ _ _ 
fmdtools/sim/propagate.py:162: in one_fault
    return sequence(mdl, scen=scen, name=str((fxnname, fault)), **kwargs)
           ^^^^^^^^^^^^^^^^^^^^^^^^^^^^^^^^^^^^^^^^^^^^^^^^^^^^^^^^^^^^^^
fmdtools/sim/propagate.py:222: in sequence
    return sim(**get_sim_call_kwargs(sim, **kwargs))
           ^^^^^^^^^^^^^^^^^^^^^^^^^^^^^^^^^^^^^^^^^
fmdtools/sim/propagate.py:990: in __call__
    rets = super().__call__(**kwargs)
           ^^^^^^^^^^^^^^^^^^^^^^^^^^
_ _ _ _ _ _ _ _ _ _ _ _ _ _ _ _ _ _ _ _ _ _ _ _ _ _ _ _ _ _ _ _ _ _ _ _ _ _ _ _ 

self = MultiEventSimulation of
SingleFaultScenario(sequence={0.0: Injection(faults={'ma1': ['lost_sight']}, disturbances={})}, times=(0,), function='ma1', fault='lost_sight', rate=1e-05, name='ma1_lost_sight_t0', time=0, phase='')
kwargs = {}

    def __call__(self, **kwargs):
        """Run the sim, save its results (if needed), return its result and history."""
        try:
            self.run(**kwargs)
        except Exception as e:
&gt;           raise Exception("Error simulating "+self.name+" scenario(s)") from e
E           Exception: Error simulating ('ma1', 'lost_sight') scenario(s)

fmdtools/sim/propagate.py:497: Exception</failure></testcase><testcase classname="examples.taxiway.test_asset.AssetTests" name="test_one_cycle" time="0.546" /><testcase classname="examples.taxiway.test_asset.AssetTests" name="test_one_cycle_plot" time="0.703" /><testcase classname="examples.taxiway.test_model.ModelTests" name="test_atc_lost_ground_perception" time="0.602"><failure message="Exception: Error simulating ('atc', 'lost_ground_perception') scenario(s)">self = taxiway_model taxiway_model
- t=Time(time=9.0, timers={})
- m=Mode(mode='nominal', faults=set(), sub_faults=False)
FLO..., faults=set(), sub_faults=False))
- h2=Helicopter(s=(cycled=False), m=(mode='flight', faults=set(), sub_faults=False))
time = 10.0, proptype = 'both', faults = [], disturbances = {}, inc_at = 'all'
end_of_simulation = False, copy = True

    def __call__(self, time=None, proptype="both", faults=[], disturbances={},
                 inc_at="all", end_of_simulation=False, copy=False):
        """
        Call the Simulable to propagate behavior at a single time-step.
    
        Parameters
        ----------
        time : float/'end'
            Time at which to simulate the Simulable. Default is None, which uses
            self.t.time. If 'end' is provided, will be simulated until the end of
            the simulation (sp.end_time or sp.end_condition)
        proptype : str
            Type of propagation step to update ('static', 'dynamic', or 'both')
        faults : dict/list
            Faults to inject during this propagation step. (to be injected at time.)
            With structure ['fault1', 'fault2'...]
        disturbances : dict
            Variables to change during this propagation step. (to be injected at time.)
            With structure {'var1': value}
        inc_at : bool
            When to increment the history. If "all", increment at each time the sim
            iterates through. If "time", increment only at t==time.
        end_of_simulation : bool
            Whether this is the end of the simulation (and history should be cut).
        copy : bool
            If true, returns a copy of the model just before fault injection and
            stops simulation
        """
        try:
            if time == 'end':
                time = self.sp.end_time
            start_time, end_time = self.t.get_sim_times(time)
            sim_times = self.sp.get_timerange(start_time, end_time)
            for t in sim_times:
                if t == end_time:
                    if copy:
&gt;                       return self.copy()
                               ^^^^^^^^^^^

fmdtools/define/block/base.py:771: 
_ _ _ _ _ _ _ _ _ _ _ _ _ _ _ _ _ _ _ _ _ _ _ _ _ _ _ _ _ _ _ _ _ _ _ _ _ _ _ _ 
fmdtools/define/architecture/base.py:595: in copy
    cargs['flows'] = self.copy_flows(flows=flows)
                     ^^^^^^^^^^^^^^^^^^^^^^^^^^^^
fmdtools/define/architecture/base.py:611: in copy_flows
    cflows[fn] = flow.copy()
                 ^^^^^^^^^^^
fmdtools/define/flow/multiflow.py:292: in copy
    cop.create_local(local.name, **local.copy_mutes(), as_copy=True)
                                   ^^^^^^^^^^^^^^^^^^
fmdtools/define/object/base.py:625: in copy_mutes
    return {k: v.copy()
               ^^^^^^^^
_ _ _ _ _ _ _ _ _ _ _ _ _ _ _ _ _ _ _ _ _ _ _ _ _ _ _ _ _ _ _ _ _ _ _ _ _ _ _ _ 

self = percieved Location
- s=LocationState(x=30.0, y=25.0, xd=0.0, yd=0.0, speed=0.0, stage='flight', mode='standby')
name = '', glob = [], p = {}
s = {'mode': 'standby', 'speed': np.float64(0.0), 'stage': 'flight', 'x': np.float64(30.0), ...}
track = ['s']

    def copy(self, name='', glob=[], p={}, s={}, track=['s']):
        """Copy the flow and create new sub-flow copies for it."""
        if not s and hasattr(self, 's'):
            s = self.s.asdict()
        if not glob and self.glob.name != self.name:
&gt;           raise Exception("Unable to copy "+self.name+" without "+self.glob.name+".")
E           Exception: Unable to copy percieved without ma1.

fmdtools/define/flow/multiflow.py:288: Exception

The above exception was the direct cause of the following exception:

self = Simulation with SimEvents:
- 10.0=SimEvent(copy=True)
- end=SimEvent(to_return={'classify': None})
kwargs = {}

    def __call__(self, **kwargs):
        """Run the sim, save its results (if needed), return its result and history."""
        try:
&gt;           self.run(**kwargs)

fmdtools/sim/propagate.py:495: 
_ _ _ _ _ _ _ _ _ _ _ _ _ _ _ _ _ _ _ _ _ _ _ _ _ _ _ _ _ _ _ _ _ _ _ _ _ _ _ _ 
fmdtools/sim/propagate.py:647: in run
    simevent.run(self.mdl, scen=self.scen, **kwargs)
fmdtools/sim/propagate.py:410: in run
    self.mdl_copy = mdl(time=self.time, **kwar, copy=True)
                    ^^^^^^^^^^^^^^^^^^^^^^^^^^^^^^^^^^^^^^
_ _ _ _ _ _ _ _ _ _ _ _ _ _ _ _ _ _ _ _ _ _ _ _ _ _ _ _ _ _ _ _ _ _ _ _ _ _ _ _ 

self = taxiway_model taxiway_model
- t=Time(time=9.0, timers={})
- m=Mode(mode='nominal', faults=set(), sub_faults=False)
FLO..., faults=set(), sub_faults=False))
- h2=Helicopter(s=(cycled=False), m=(mode='flight', faults=set(), sub_faults=False))
time = 10.0, proptype = 'both', faults = [], disturbances = {}, inc_at = 'all'
end_of_simulation = False, copy = True

    def __call__(self, time=None, proptype="both", faults=[], disturbances={},
                 inc_at="all", end_of_simulation=False, copy=False):
        """
        Call the Simulable to propagate behavior at a single time-step.
    
        Parameters
        ----------
        time : float/'end'
            Time at which to simulate the Simulable. Default is None, which uses
            self.t.time. If 'end' is provided, will be simulated until the end of
            the simulation (sp.end_time or sp.end_condition)
        proptype : str
            Type of propagation step to update ('static', 'dynamic', or 'both')
        faults : dict/list
            Faults to inject during this propagation step. (to be injected at time.)
            With structure ['fault1', 'fault2'...]
        disturbances : dict
            Variables to change during this propagation step. (to be injected at time.)
            With structure {'var1': value}
        inc_at : bool
            When to increment the history. If "all", increment at each time the sim
            iterates through. If "time", increment only at t==time.
        end_of_simulation : bool
            Whether this is the end of the simulation (and history should be cut).
        copy : bool
            If true, returns a copy of the model just before fault injection and
            stops simulation
        """
        try:
            if time == 'end':
                time = self.sp.end_time
            start_time, end_time = self.t.get_sim_times(time)
            sim_times = self.sp.get_timerange(start_time, end_time)
            for t in sim_times:
                if t == end_time:
                    if copy:
                        return self.copy()
                    if t != self.t.time:  # faults are only injected if not run yet
                        self.set_vars(**disturbances)
                        self.inject_faults(faults)
                self.t.update_time(t)
                if self.t.executing:
                    self.update_stochastic_states()
                    self.update_dynamic_behaviors(proptype=proptype)
                    self.update_static_behaviors(proptype=proptype)
                    self.set_sub_faults()
                    if inc_at == "all" or (inc_at == "time" and t == time):
                        self.inc_sim_time()
                        t_ind = self.sp.get_hist_ind(self.t.t_ind, self.t.time)
                        self.h.log(self, t_ind, self.t.time)
                    if self.sp.end_condition and not copy:
                        if get_var(self, self.sp.end_condition)():
                            break
    
            if end_of_simulation:
                self.cut_hist()
        except Exception as e:
&gt;           raise Exception("Error simulating " + self.name +
                            " of class " + self.__class__.__name__ +
                            " at time=" + str(self.t.time)) from e
E           Exception: Error simulating taxiway_model of class taxiway_model at time=9.0

fmdtools/define/block/base.py:792: Exception

The above exception was the direct cause of the following exception:

self = MultiEventSimulation of
SingleFaultScenario(sequence={10.0: Injection(faults={'atc': ['lost_ground_perception']}, dist...='atc', fault='lost_ground_perception', rate=np.float64(1.0), name='atc_lost_ground_perception_t10', time=10, phase='')
kwargs = {}

    def __call__(self, **kwargs):
        """Run the sim, save its results (if needed), return its result and history."""
        try:
&gt;           self.run(**kwargs)

fmdtools/sim/propagate.py:495: 
_ _ _ _ _ _ _ _ _ _ _ _ _ _ _ _ _ _ _ _ _ _ _ _ _ _ _ _ _ _ _ _ _ _ _ _ _ _ _ _ 
fmdtools/sim/propagate.py:1038: in run
    self.run_nom(with_copy=True)
fmdtools/sim/propagate.py:1023: in run_nom
    outs = nomsim(**sim_kwar)
           ^^^^^^^^^^^^^^^^^^
fmdtools/sim/propagate.py:635: in __call__
    res, hist = super().__call__(**kwargs)
                ^^^^^^^^^^^^^^^^^^^^^^^^^^
_ _ _ _ _ _ _ _ _ _ _ _ _ _ _ _ _ _ _ _ _ _ _ _ _ _ _ _ _ _ _ _ _ _ _ _ _ _ _ _ 

self = Simulation with SimEvents:
- 10.0=SimEvent(copy=True)
- end=SimEvent(to_return={'classify': None})
kwargs = {}

    def __call__(self, **kwargs):
        """Run the sim, save its results (if needed), return its result and history."""
        try:
            self.run(**kwargs)
        except Exception as e:
&gt;           raise Exception("Error simulating "+self.name+" scenario(s)") from e
E           Exception: Error simulating nominal scenario(s)

fmdtools/sim/propagate.py:497: Exception

The above exception was the direct cause of the following exception:

self = &lt;test_model.ModelTests testMethod=test_atc_lost_ground_perception&gt;

    def test_atc_lost_ground_perception(self):
        """Verify that the atc losing ground perception results in aircraft being stuck
        in the air."""
&gt;       res, hist = prop.one_fault(self.mdl, "atc", "lost_ground_perception", time=10)
                    ^^^^^^^^^^^^^^^^^^^^^^^^^^^^^^^^^^^^^^^^^^^^^^^^^^^^^^^^^^^^^^^^^^

examples/taxiway/test_model.py:60: 
_ _ _ _ _ _ _ _ _ _ _ _ _ _ _ _ _ _ _ _ _ _ _ _ _ _ _ _ _ _ _ _ _ _ _ _ _ _ _ _ 
fmdtools/sim/propagate.py:162: in one_fault
    return sequence(mdl, scen=scen, name=str((fxnname, fault)), **kwargs)
           ^^^^^^^^^^^^^^^^^^^^^^^^^^^^^^^^^^^^^^^^^^^^^^^^^^^^^^^^^^^^^^
fmdtools/sim/propagate.py:222: in sequence
    return sim(**get_sim_call_kwargs(sim, **kwargs))
           ^^^^^^^^^^^^^^^^^^^^^^^^^^^^^^^^^^^^^^^^^
fmdtools/sim/propagate.py:990: in __call__
    rets = super().__call__(**kwargs)
           ^^^^^^^^^^^^^^^^^^^^^^^^^^
_ _ _ _ _ _ _ _ _ _ _ _ _ _ _ _ _ _ _ _ _ _ _ _ _ _ _ _ _ _ _ _ _ _ _ _ _ _ _ _ 

self = MultiEventSimulation of
SingleFaultScenario(sequence={10.0: Injection(faults={'atc': ['lost_ground_perception']}, dist...='atc', fault='lost_ground_perception', rate=np.float64(1.0), name='atc_lost_ground_perception_t10', time=10, phase='')
kwargs = {}

    def __call__(self, **kwargs):
        """Run the sim, save its results (if needed), return its result and history."""
        try:
            self.run(**kwargs)
        except Exception as e:
&gt;           raise Exception("Error simulating "+self.name+" scenario(s)") from e
E           Exception: Error simulating ('atc', 'lost_ground_perception') scenario(s)

fmdtools/sim/propagate.py:497: Exception</failure></testcase><testcase classname="examples.taxiway.test_model.ModelTests" name="test_atc_lost_ground_perception_plot" time="0.616"><failure message="Exception: Error simulating ('atc', 'lost_ground_perception') scenario(s)">self = taxiway_model taxiway_model
- t=Time(time=9.0, timers={})
- m=Mode(mode='nominal', faults=set(), sub_faults=False)
FLO..., faults=set(), sub_faults=False))
- h2=Helicopter(s=(cycled=False), m=(mode='flight', faults=set(), sub_faults=False))
time = 10.0, proptype = 'both', faults = [], disturbances = {}, inc_at = 'all'
end_of_simulation = False, copy = True

    def __call__(self, time=None, proptype="both", faults=[], disturbances={},
                 inc_at="all", end_of_simulation=False, copy=False):
        """
        Call the Simulable to propagate behavior at a single time-step.
    
        Parameters
        ----------
        time : float/'end'
            Time at which to simulate the Simulable. Default is None, which uses
            self.t.time. If 'end' is provided, will be simulated until the end of
            the simulation (sp.end_time or sp.end_condition)
        proptype : str
            Type of propagation step to update ('static', 'dynamic', or 'both')
        faults : dict/list
            Faults to inject during this propagation step. (to be injected at time.)
            With structure ['fault1', 'fault2'...]
        disturbances : dict
            Variables to change during this propagation step. (to be injected at time.)
            With structure {'var1': value}
        inc_at : bool
            When to increment the history. If "all", increment at each time the sim
            iterates through. If "time", increment only at t==time.
        end_of_simulation : bool
            Whether this is the end of the simulation (and history should be cut).
        copy : bool
            If true, returns a copy of the model just before fault injection and
            stops simulation
        """
        try:
            if time == 'end':
                time = self.sp.end_time
            start_time, end_time = self.t.get_sim_times(time)
            sim_times = self.sp.get_timerange(start_time, end_time)
            for t in sim_times:
                if t == end_time:
                    if copy:
&gt;                       return self.copy()
                               ^^^^^^^^^^^

fmdtools/define/block/base.py:771: 
_ _ _ _ _ _ _ _ _ _ _ _ _ _ _ _ _ _ _ _ _ _ _ _ _ _ _ _ _ _ _ _ _ _ _ _ _ _ _ _ 
fmdtools/define/architecture/base.py:595: in copy
    cargs['flows'] = self.copy_flows(flows=flows)
                     ^^^^^^^^^^^^^^^^^^^^^^^^^^^^
fmdtools/define/architecture/base.py:611: in copy_flows
    cflows[fn] = flow.copy()
                 ^^^^^^^^^^^
fmdtools/define/flow/multiflow.py:292: in copy
    cop.create_local(local.name, **local.copy_mutes(), as_copy=True)
                                   ^^^^^^^^^^^^^^^^^^
fmdtools/define/object/base.py:625: in copy_mutes
    return {k: v.copy()
               ^^^^^^^^
_ _ _ _ _ _ _ _ _ _ _ _ _ _ _ _ _ _ _ _ _ _ _ _ _ _ _ _ _ _ _ _ _ _ _ _ _ _ _ _ 

self = percieved Location
- s=LocationState(x=30.0, y=25.0, xd=0.0, yd=0.0, speed=0.0, stage='flight', mode='standby')
name = '', glob = [], p = {}
s = {'mode': 'standby', 'speed': np.float64(0.0), 'stage': 'flight', 'x': np.float64(30.0), ...}
track = ['s']

    def copy(self, name='', glob=[], p={}, s={}, track=['s']):
        """Copy the flow and create new sub-flow copies for it."""
        if not s and hasattr(self, 's'):
            s = self.s.asdict()
        if not glob and self.glob.name != self.name:
&gt;           raise Exception("Unable to copy "+self.name+" without "+self.glob.name+".")
E           Exception: Unable to copy percieved without ma1.

fmdtools/define/flow/multiflow.py:288: Exception

The above exception was the direct cause of the following exception:

self = Simulation with SimEvents:
- 10.0=SimEvent(copy=True)
- end=SimEvent(to_return={'classify': None})
kwargs = {}

    def __call__(self, **kwargs):
        """Run the sim, save its results (if needed), return its result and history."""
        try:
&gt;           self.run(**kwargs)

fmdtools/sim/propagate.py:495: 
_ _ _ _ _ _ _ _ _ _ _ _ _ _ _ _ _ _ _ _ _ _ _ _ _ _ _ _ _ _ _ _ _ _ _ _ _ _ _ _ 
fmdtools/sim/propagate.py:647: in run
    simevent.run(self.mdl, scen=self.scen, **kwargs)
fmdtools/sim/propagate.py:410: in run
    self.mdl_copy = mdl(time=self.time, **kwar, copy=True)
                    ^^^^^^^^^^^^^^^^^^^^^^^^^^^^^^^^^^^^^^
_ _ _ _ _ _ _ _ _ _ _ _ _ _ _ _ _ _ _ _ _ _ _ _ _ _ _ _ _ _ _ _ _ _ _ _ _ _ _ _ 

self = taxiway_model taxiway_model
- t=Time(time=9.0, timers={})
- m=Mode(mode='nominal', faults=set(), sub_faults=False)
FLO..., faults=set(), sub_faults=False))
- h2=Helicopter(s=(cycled=False), m=(mode='flight', faults=set(), sub_faults=False))
time = 10.0, proptype = 'both', faults = [], disturbances = {}, inc_at = 'all'
end_of_simulation = False, copy = True

    def __call__(self, time=None, proptype="both", faults=[], disturbances={},
                 inc_at="all", end_of_simulation=False, copy=False):
        """
        Call the Simulable to propagate behavior at a single time-step.
    
        Parameters
        ----------
        time : float/'end'
            Time at which to simulate the Simulable. Default is None, which uses
            self.t.time. If 'end' is provided, will be simulated until the end of
            the simulation (sp.end_time or sp.end_condition)
        proptype : str
            Type of propagation step to update ('static', 'dynamic', or 'both')
        faults : dict/list
            Faults to inject during this propagation step. (to be injected at time.)
            With structure ['fault1', 'fault2'...]
        disturbances : dict
            Variables to change during this propagation step. (to be injected at time.)
            With structure {'var1': value}
        inc_at : bool
[...]
ict" time="0.003" /><testcase classname="fmdtools.analyze.result" name="fmdtools.analyze.result.Result.fromdict" time="0.002" /><testcase classname="fmdtools.analyze.result" name="fmdtools.analyze.result.Result.get" time="0.003" /><testcase classname="fmdtools.analyze.result" name="fmdtools.analyze.result.Result.get_metric" time="0.005" /><testcase classname="fmdtools.analyze.result" name="fmdtools.analyze.result.Result.get_metric_ci" time="0.010" /><testcase classname="fmdtools.analyze.result" name="fmdtools.analyze.result.Result.get_vals" time="0.003" /><testcase classname="fmdtools.analyze.result" name="fmdtools.analyze.result.Result.is_flat" time="0.003" /><testcase classname="fmdtools.analyze.tabulate" name="fmdtools.analyze.tabulate.Comparison" time="1.099" /><testcase classname="fmdtools.analyze.tabulate" name="fmdtools.analyze.tabulate.FMEA" time="0.037" /><testcase classname="fmdtools.analyze.tabulate" name="fmdtools.analyze.tabulate.result_summary" time="0.298" /><testcase classname="fmdtools.analyze.tabulate" name="fmdtools.analyze.tabulate.result_summary_fmea" time="1.259" /><testcase classname="fmdtools.define.architecture.action" name="fmdtools.define.architecture.action.ActionArchitecture" time="0.014" /><testcase classname="fmdtools.define.architecture.action" name="fmdtools.define.architecture.action.ActionArchitectureActGraph" time="0.007" /><testcase classname="fmdtools.define.architecture.action" name="fmdtools.define.architecture.action.ActionArchitectureFlowGraph" time="0.006" /><testcase classname="fmdtools.define.architecture.action" name="fmdtools.define.architecture.action.ActionArchitectureGraph" time="0.007" /><testcase classname="fmdtools.define.architecture.base" name="fmdtools.define.architecture.base.Architecture.as_drawio" time="0.035" /><testcase classname="fmdtools.define.architecture.component" name="fmdtools.define.architecture.component.ComponentArchitecture" time="0.012" /><testcase classname="fmdtools.define.architecture.function" name="fmdtools.define.architecture.function.FunctionArchitecture" time="0.014" /><testcase classname="fmdtools.define.architecture.function" name="fmdtools.define.architecture.function.FunctionArchitectureFlowGraph" time="0.009" /><testcase classname="fmdtools.define.architecture.function" name="fmdtools.define.architecture.function.FunctionArchitectureFxnGraph" time="0.010" /><testcase classname="fmdtools.define.architecture.function" name="fmdtools.define.architecture.function.FunctionArchitectureGraph" time="0.015" /><testcase classname="fmdtools.define.architecture.function" name="fmdtools.define.architecture.function.FunctionArchitectureTypeGraph" time="0.008" /><testcase classname="fmdtools.define.architecture.geom" name="fmdtools.define.architecture.geom.GeomArchitecture" time="0.009" /><testcase classname="fmdtools.define.architecture.geom" name="fmdtools.define.architecture.geom.GeomArchitecture.all_at" time="0.010" /><testcase classname="fmdtools.define.base" name="fmdtools.define.base.is_bool" time="0.002" /><testcase classname="fmdtools.define.base" name="fmdtools.define.base.is_numeric" time="0.002" /><testcase classname="fmdtools.define.base" name="fmdtools.define.base.nan_to_x" time="0.002" /><testcase classname="fmdtools.define.block.action" name="fmdtools.define.block.action.Action" time="0.006" /><testcase classname="fmdtools.define.block.base" name="fmdtools.define.block.base.SimParam.get_hist_ind" time="0.003" /><testcase classname="fmdtools.define.block.base" name="fmdtools.define.block.base.SimParam.get_timerange" time="0.003" /><testcase classname="fmdtools.define.block.component" name="fmdtools.define.block.component.Component" time="0.008" /><testcase classname="fmdtools.define.block.function" name="fmdtools.define.block.function.Function" time="0.007" /><testcase classname="fmdtools.define.container.base" name="fmdtools.define.container.base.BaseContainer.assign" time="0.003" /><testcase classname="fmdtools.define.container.base" name="fmdtools.define.container.base.BaseContainer.copy" time="0.003" /><testcase classname="fmdtools.define.container.base" name="fmdtools.define.container.base.BaseContainer.create_hist" time="0.002" /><testcase classname="fmdtools.define.container.base" name="fmdtools.define.container.base.BaseContainer.get_field_dict" time="0.002" /><testcase classname="fmdtools.define.container.base" name="fmdtools.define.container.base.BaseContainer.set_field" time="0.002" /><testcase classname="fmdtools.define.container.base" name="fmdtools.define.container.base.BaseContainer.to_default" time="0.002" /><testcase classname="fmdtools.define.container.base" name="fmdtools.define.container.base.check_container_pick" time="0.002" /><testcase classname="fmdtools.define.container.mode" name="fmdtools.define.container.mode.Fault.calc_rate" time="0.003" /><testcase classname="fmdtools.define.container.mode" name="fmdtools.define.container.mode.HumanErrorMode" time="0.003" /><testcase classname="fmdtools.define.container.mode" name="fmdtools.define.container.mode.Mode" time="0.003" /><testcase classname="fmdtools.define.container.mode" name="fmdtools.define.container.mode.Mode.add_fault" time="0.004" /><testcase classname="fmdtools.define.container.mode" name="fmdtools.define.container.mode.Mode.get_fault" time="0.003" /><testcase classname="fmdtools.define.container.parameter" name="fmdtools.define.container.parameter.Parameter" time="0.003" /><testcase classname="fmdtools.define.container.rand" name="fmdtools.define.container.rand.Rand" time="0.005" /><testcase classname="fmdtools.define.container.rand" name="fmdtools.define.container.rand.Rand.get_rand_states" time="0.003" /><testcase classname="fmdtools.define.container.rand" name="fmdtools.define.container.rand.calc_prob_density_for_random" time="0.002" /><testcase classname="fmdtools.define.container.rand" name="fmdtools.define.container.rand.calc_prob_for_choice" time="0.002" /><testcase classname="fmdtools.define.container.rand" name="fmdtools.define.container.rand.calc_prob_for_integers" time="0.002" /><testcase classname="fmdtools.define.container.rand" name="fmdtools.define.container.rand.calc_prob_for_permuted" time="0.003" /><testcase classname="fmdtools.define.container.rand" name="fmdtools.define.container.rand.calc_prob_for_shuffle_permutation" time="0.002" /><testcase classname="fmdtools.define.container.rand" name="fmdtools.define.container.rand.get_exp_ray_pdf" time="0.003" /><testcase classname="fmdtools.define.container.rand" name="fmdtools.define.container.rand.get_hypergeometric_pmf" time="0.006" /><testcase classname="fmdtools.define.container.rand" name="fmdtools.define.container.rand.get_lognormal_pdf" time="0.003" /><testcase classname="fmdtools.define.container.rand" name="fmdtools.define.container.rand.get_prob_for_rand" time="0.003" /><testcase classname="fmdtools.define.container.rand" name="fmdtools.define.container.rand.get_standard_t_pdf" time="0.003" /><testcase classname="fmdtools.define.container.rand" name="fmdtools.define.container.rand.get_triangular_pdf" time="0.005" /><testcase classname="fmdtools.define.container.state" name="fmdtools.define.container.state.State" time="0.003" /><testcase classname="fmdtools.define.container.state" name="fmdtools.define.container.state.State.add" time="0.002" /><testcase classname="fmdtools.define.container.state" name="fmdtools.define.container.state.State.div" time="0.002" /><testcase classname="fmdtools.define.container.state" name="fmdtools.define.container.state.State.get" time="0.003" /><testcase classname="fmdtools.define.container.state" name="fmdtools.define.container.state.State.gett" time="0.002" /><testcase classname="fmdtools.define.container.state" name="fmdtools.define.container.state.State.inc" time="0.003" /><testcase classname="fmdtools.define.container.state" name="fmdtools.define.container.state.State.limit" time="0.002" /><testcase classname="fmdtools.define.container.state" name="fmdtools.define.container.state.State.mul" time="0.002" /><testcase classname="fmdtools.define.container.state" name="fmdtools.define.container.state.State.put" time="0.002" /><testcase classname="fmdtools.define.container.state" name="fmdtools.define.container.state.State.roundto" time="0.002" /><testcase classname="fmdtools.define.container.state" name="fmdtools.define.container.state.State.same" time="0.003" /><testcase classname="fmdtools.define.container.state" name="fmdtools.define.container.state.State.set_atts" time="0.002" /><testcase classname="fmdtools.define.container.state" name="fmdtools.define.container.state.State.sub" time="0.002" /><testcase classname="fmdtools.define.container.time" name="fmdtools.define.container.time.Time" time="0.004" /><testcase classname="fmdtools.define.environment" name="fmdtools.define.environment.Environment" time="0.018" /><testcase classname="fmdtools.define.environment" name="fmdtools.define.environment.Environment.copy" time="0.086" /><testcase classname="fmdtools.define.flow.base" name="fmdtools.define.flow.base.Flow" time="0.004" /><testcase classname="fmdtools.define.flow.commsflow" name="fmdtools.define.flow.commsflow.CommsFlow" time="0.004" /><testcase classname="fmdtools.define.flow.multiflow" name="fmdtools.define.flow.multiflow.MultiFlow" time="0.004" /><testcase classname="fmdtools.define.flow.multiflow" name="fmdtools.define.flow.multiflow.MultiFlow.create_hist" time="0.004" /><testcase classname="fmdtools.define.flow.multiflow" name="fmdtools.define.flow.multiflow.MultiFlow.get_view" time="0.003" /><testcase classname="fmdtools.define.object.base" name="fmdtools.define.object.base.BaseObject" time="0.005" /><testcase classname="fmdtools.define.object.base" name="fmdtools.define.object.base.BaseObject.assign_roles" time="0.003" /><testcase classname="fmdtools.define.object.base" name="fmdtools.define.object.base.BaseObject.get_att_roletype" time="0.002" /><testcase classname="fmdtools.define.object.base" name="fmdtools.define.object.base.BaseObject.get_node_attrs" time="0.003" /><testcase classname="fmdtools.define.object.coords" name="fmdtools.define.object.coords.BaseCoords.find_all_prop" time="0.004" /><testcase classname="fmdtools.define.object.coords" name="fmdtools.define.object.coords.BaseCoords.find_all_props" time="0.004" /><testcase classname="fmdtools.define.object.coords" name="fmdtools.define.object.coords.BaseCoords.get" time="0.003" /><testcase classname="fmdtools.define.object.coords" name="fmdtools.define.object.coords.BaseCoords.get_neighbors" time="0.008" /><testcase classname="fmdtools.define.object.coords" name="fmdtools.define.object.coords.BaseCoords.get_properties" time="0.003" /><testcase classname="fmdtools.define.object.coords" name="fmdtools.define.object.coords.BaseCoords.set" time="0.003" /><testcase classname="fmdtools.define.object.coords" name="fmdtools.define.object.coords.BaseCoords.set_pts" time="0.003" /><testcase classname="fmdtools.define.object.coords" name="fmdtools.define.object.coords.BaseCoords.set_range" time="0.007" /><testcase classname="fmdtools.define.object.coords" name="fmdtools.define.object.coords.BaseCoords.to_gridpoint" time="0.004" /><testcase classname="fmdtools.define.object.coords" name="fmdtools.define.object.coords.BaseCoords.to_index" time="0.003" /><testcase classname="fmdtools.define.object.coords" name="fmdtools.define.object.coords.Coords" time="0.007" /><testcase classname="fmdtools.define.object.coords" name="fmdtools.define.object.coords.Coords.copy" time="0.004" /><testcase classname="fmdtools.define.object.coords" name="fmdtools.define.object.coords.Coords.find_all" time="0.005" /><testcase classname="fmdtools.define.object.coords" name="fmdtools.define.object.coords.Coords.find_closest" time="0.004" /><testcase classname="fmdtools.define.object.coords" name="fmdtools.define.object.coords.Coords.in_area" time="0.003" /><testcase classname="fmdtools.define.object.coords" name="fmdtools.define.object.coords.Coords.set_rand_pts" time="0.003" /><testcase classname="fmdtools.define.object.coords" name="fmdtools.define.object.coords.MetricCoords" time="0.004" /><testcase classname="fmdtools.define.object.geom" name="fmdtools.define.object.geom.Geom.all_at" time="0.005" /><testcase classname="fmdtools.define.object.geom" name="fmdtools.define.object.geom.Geom.vect_at_shape" time="0.004" /><testcase classname="fmdtools.define.object.geom" name="fmdtools.define.object.geom.Geom.vect_to_shape" time="0.004" /><testcase classname="fmdtools.define.object.geom" name="fmdtools.define.object.geom.GeomLine" time="0.004" /><testcase classname="fmdtools.define.object.geom" name="fmdtools.define.object.geom.GeomLine.get_args" time="0.003" /><testcase classname="fmdtools.define.object.geom" name="fmdtools.define.object.geom.GeomPoint" time="0.005" /><testcase classname="fmdtools.define.object.geom" name="fmdtools.define.object.geom.GeomPoint.get_args" time="0.003" /><testcase classname="fmdtools.define.object.geom" name="fmdtools.define.object.geom.GeomPoly" time="0.004" /><testcase classname="fmdtools.define.object.geom" name="fmdtools.define.object.geom.GeomPoly.get_args" time="0.002" /><testcase classname="fmdtools.define.object.geom" name="fmdtools.define.object.geom.LineParam" time="0.003" /><testcase classname="fmdtools.define.object.geom" name="fmdtools.define.object.geom.PointParam" time="0.003" /><testcase classname="fmdtools.define.object.geom" name="fmdtools.define.object.geom.PolyParam" time="0.003" /><testcase classname="fmdtools.define.object.timer" name="fmdtools.define.object.timer.Timer" time="0.003" /><testcase classname="fmdtools.sim.propagate" name="fmdtools.sim.propagate.MultiEventSimulation" time="2.419" /><testcase classname="fmdtools.sim.propagate" name="fmdtools.sim.propagate.MultiSimulation" time="1.973" /><testcase classname="fmdtools.sim.propagate" name="fmdtools.sim.propagate.NestedSimulation" time="0.886" /><testcase classname="fmdtools.sim.propagate" name="fmdtools.sim.propagate.SimEvent" time="0.011" /><testcase classname="fmdtools.sim.propagate" name="fmdtools.sim.propagate.Simulation" time="0.107" /><testcase classname="fmdtools.sim.sample" name="fmdtools.sim.sample.BaseSample.get_metric" time="0.007" /><testcase classname="fmdtools.sim.sample" name="fmdtools.sim.sample.FaultDomain.add_all" time="0.008" /><testcase classname="fmdtools.sim.sample" name="fmdtools.sim.sample.FaultDomain.add_all_fxn_modes" time="0.008" /><testcase classname="fmdtools.sim.sample" name="fmdtools.sim.sample.FaultDomain.add_all_fxnclass_modes" time="0.008" /><testcase classname="fmdtools.sim.sample" name="fmdtools.sim.sample.FaultDomain.add_fault" time="0.009" /><testcase classname="fmdtools.sim.sample" name="fmdtools.sim.sample.FaultDomain.add_fault_space" time="0.009" /><testcase classname="fmdtools.sim.sample" name="fmdtools.sim.sample.FaultDomain.add_faults" time="0.007" /><testcase classname="fmdtools.sim.sample" name="fmdtools.sim.sample.FaultDomain.add_singlecomp_modes" time="0.051" /><testcase classname="fmdtools.sim.sample" name="fmdtools.sim.sample.FaultSample" time="0.004" /><testcase classname="fmdtools.sim.sample" name="fmdtools.sim.sample.FaultSample.add_fault_phases" time="0.049" /><testcase classname="fmdtools.sim.sample" name="fmdtools.sim.sample.FaultSample.add_fault_times" time="0.058" /><testcase classname="fmdtools.sim.sample" name="fmdtools.sim.sample.FaultSample.add_joint_fault_scenario" time="0.049" /><testcase classname="fmdtools.sim.sample" name="fmdtools.sim.sample.FaultSample.add_single_fault_scenario" time="0.049" /><testcase classname="fmdtools.sim.sample" name="fmdtools.sim.sample.ParameterDomain" time="0.004" /><testcase classname="fmdtools.sim.sample" name="fmdtools.sim.sample.ParameterDomain.get_var_iters" time="0.003" /><testcase classname="fmdtools.sim.sample" name="fmdtools.sim.sample.ParameterHistSample" time="0.004" /><testcase classname="fmdtools.sim.sample" name="fmdtools.sim.sample.ParameterResultSample" time="0.004" /><testcase classname="fmdtools.sim.sample" name="fmdtools.sim.sample.ParameterSample.add_variable_ranges" time="0.004" /><testcase classname="fmdtools.sim.sample" name="fmdtools.sim.sample.ParameterSample.add_variable_replicates" time="0.003" /><testcase classname="fmdtools.sim.sample" name="fmdtools.sim.sample.ParameterSample.add_variable_scenario" time="0.002" /><testcase classname="fmdtools.sim.sample" name="fmdtools.sim.sample.ParameterSample.combine_orthogonal" time="0.002" /><testcase classname="fmdtools.sim.sample" name="fmdtools.sim.sample.ParameterSample.combine_product" time="0.002" /><testcase classname="fmdtools.sim.sample" name="fmdtools.sim.sample.ParameterSample.combine_random" time="0.002" /><testcase classname="fmdtools.sim.sample" name="fmdtools.sim.sample.SampleApproach.add_faultdomain" time="0.064" /><testcase classname="fmdtools.sim.sample" name="fmdtools.sim.sample.SampleApproach.add_faultsample" time="0.105" /><testcase classname="fmdtools.sim.sample" name="fmdtools.sim.sample.combine_orthogonal" time="0.003" /><testcase classname="fmdtools.sim.sample" name="fmdtools.sim.sample.combine_random" time="0.003" /><testcase classname="fmdtools.sim.sample" name="fmdtools.sim.sample.sample_times_even" time="0.003" /><testcase classname="fmdtools.sim.sample" name="fmdtools.sim.sample.sample_times_quad" time="0.003" /><testcase classname="fmdtools.sim.scenario" name="fmdtools.sim.scenario.Sequence" time="0.002" /><testcase classname="fmdtools.sim.scenario" name="fmdtools.sim.scenario.Sequence.update_sequence" time="0.002" /><testcase classname="fmdtools.sim.scenario" name="fmdtools.sim.scenario.SingleFaultScenario.from_fault" time="0.002" /><testcase classname="fmdtools.sim.search" name="fmdtools.sim.search.BaseProblem.get_opt_hist" time="0.003" /><testcase classname="fmdtools.sim.search" name="fmdtools.sim.search.DisturbanceProblem" time="0.027" /><testcase classname="fmdtools.sim.search" name="fmdtools.sim.search.HistoryObjective" time="0.004" /><testcase classname="fmdtools.sim.search" name="fmdtools.sim.search.ParameterSimProblem" time="0.184" /><testcase classname="fmdtools.sim.search" name="fmdtools.sim.search.ProblemArchitecture" time="0.070" /><testcase classname="fmdtools.sim.search" name="fmdtools.sim.search.ProblemArchitecture.update_full_problem" time="0.044" /><testcase classname="fmdtools.sim.search" name="fmdtools.sim.search.ProblemArchitecture.update_problem" time="0.028" /><testcase classname="fmdtools.sim.search" name="fmdtools.sim.search.ResultConstraint.con_from_value" time="0.003" /><testcase classname="fmdtools.sim.search" name="fmdtools.sim.search.ResultObjective.get_result_value" time="0.005" /><testcase classname="fmdtools.sim.search" name="fmdtools.sim.search.SimpleProblem" time="0.004" /><testcase classname="fmdtools.sim.search" name="fmdtools.sim.search.SingleFaultScenarioProblem" time="0.035" /><testcase classname="tests.test_graph.ModelGraphTests" name="test_fault_plot" time="1.039" /><testcase classname="tests.test_graph.ModelGraphTests" name="test_flowgraph_plot" time="0.683" /><testcase classname="tests.test_graph.ModelGraphTests" name="test_fxngraph_plot" time="0.396" /><testcase classname="tests.test_graph.ModelGraphTests" name="test_modelgraph_plot" time="0.546" /><testcase classname="tests.test_graph.ModelGraphTests" name="test_result_from_plot" time="0.752" /><testcase classname="tests.test_graph.ModelGraphTests" name="test_typegraph_plot" time="0.164" /><testcase classname="tests.test_hierarchical.define_Tests" name="test_arg_passdown" time="0.028" /><testcase classname="tests.test_hierarchical.define_Tests" name="test_fault_injection" time="0.009" /><testcase classname="tests.test_hierarchical.define_Tests" name="test_prop_method" time="0.478" /><testcase classname="tests.test_hierarchical.define_Tests" name="test_propagation" time="0.015" /><testcase classname="tests.test_packages.define_Tests" name="test_pdf_translation_options" time="0.009" /></testsuite></testsuites>