<?xml version="1.0" encoding="utf-8"?><testsuites name="pytest tests"><testsuite name="pytest" errors="0" failures="3" skipped="3" tests="402" time="3686.865" timestamp="2026-03-06T14:25:57.593293-08:00" hostname="bamboo-r7.ndc.nasa.gov"><testcase classname="examples.airport_taxiway.demo_overview.ipynb" name="demo_overview.ipynb" time="2.532" /><testcase classname="examples.airport_taxiway.paper_jcise_dsa.ipynb" name="paper_jcise_dsa.ipynb" time="27.907" /><testcase classname="examples.airport_taxiway.test_asset.AssetTests" name="test_avoid" time="0.934" /><testcase classname="examples.airport_taxiway.test_asset.AssetTests" name="test_avoid_plot" time="1.263" /><testcase classname="examples.airport_taxiway.test_asset.AssetTests" name="test_heli_cycle" time="0.407" /><testcase classname="examples.airport_taxiway.test_asset.AssetTests" name="test_heli_cycle_plot" time="0.785" /><testcase classname="examples.airport_taxiway.test_asset.AssetTests" name="test_lost_sight" time="2.202" /><testcase classname="examples.airport_taxiway.test_asset.AssetTests" name="test_lost_sight_plot" time="2.034" /><testcase classname="examples.airport_taxiway.test_asset.AssetTests" name="test_one_cycle" time="0.493" /><testcase classname="examples.airport_taxiway.test_asset.AssetTests" name="test_one_cycle_plot" time="0.639" /><testcase classname="examples.airport_taxiway.test_model.ModelTests" name="test_atc_lost_ground_perception" time="8.178" /><testcase classname="examples.airport_taxiway.test_model.ModelTests" name="test_atc_lost_ground_perception_plot" time="9.166" /><testcase classname="examples.airport_taxiway.test_model.ModelTests" name="test_atc_wrong_land_command" time="8.282" /><testcase classname="examples.airport_taxiway.test_model.ModelTests" name="test_atc_wrong_land_command_lost_sight" time="9.142" /><testcase classname="examples.airport_taxiway.test_model.ModelTests" name="test_atc_wrong_land_command_sight_plot" time="11.622" /><testcase classname="examples.airport_taxiway.test_model.ModelTests" name="test_default_plots" time="7.585" /><testcase classname="examples.airport_taxiway.test_model.ModelTests" name="test_scen" time="3.842" /><testcase classname="examples.airspacelib.base.arch.aviate" name="examples.airspacelib.base.arch.aviate.Aviate" time="0.014" /><testcase classname="examples.airspacelib.base.arch.controlflight" name="examples.airspacelib.base.arch.controlflight.ControlFlight" time="0.017" /><testcase classname="examples.airspacelib.base.arch.perceiveenvironment" name="examples.airspacelib.base.arch.perceiveenvironment.PerceiveEnvironment.dynamic_behavior" time="0.010" /><testcase classname="examples.airspacelib.base.state" name="examples.airspacelib.base.state.AircraftPosition.at_goal" time="0.003" /><testcase classname="examples.airspacelib.base.state" name="examples.airspacelib.base.state.AircraftPosition.find_direction" time="0.003" /><testcase classname="examples.airspacelib.base.state" name="examples.airspacelib.base.state.AircraftPosition.update_dist_to_travel" time="0.003" /><testcase classname="examples.airspacelib.base.state" name="examples.airspacelib.base.state.AircraftPosition.update_position" time="0.004" /><testcase classname="examples.airspacelib.contingency_management.demo_contingency.ipynb" name="demo_contingency.ipynb" time="247.050" /><testcase classname="examples.airspacelib.contingency_management.demo_overview.ipynb" name="demo_overview.ipynb" time="5.256" /><testcase classname="examples.airspacelib.contingency_management.demo_proxthreat.ipynb" name="demo_proxthreat.ipynb" time="24.164" /><testcase classname="examples.airspacelib.contingency_management.model_flightplanner" name="examples.airspacelib.contingency_management.model_flightplanner.DroneFlightGrid" time="21.596" /><testcase classname="examples.airspacelib.wildfire_response.demo_overview.ipynb" name="demo_overview.ipynb" time="5.244" /><testcase classname="examples.airspacelib.wildfire_response.demo_wildfire.ipynb" name="demo_wildfire.ipynb" time="47.528" /><testcase classname="examples.cooling_tank.demo_tank_model.ipynb" name="demo_tank_model.ipynb" time="46.127" /><testcase classname="examples.cooling_tank.test_tank.TankTests" name="test_approach" time="15.404" /><testcase classname="examples.cooling_tank.test_tank.TankTests" name="test_approach_parallelism_0" time="13.438" /><testcase classname="examples.cooling_tank.test_tank.TankTests" name="test_approach_parallelism_1" time="37.251" /><testcase classname="examples.cooling_tank.test_tank.TankTests" name="test_approach_parallelism_notrack" time="14.475" /><testcase classname="examples.cooling_tank.test_tank.TankTests" name="test_comp_mode_inj" time="0.328" /><testcase classname="examples.cooling_tank.test_tank.TankTests" name="test_different_components" time="0.152" /><testcase classname="examples.cooling_tank.test_tank.TankTests" name="test_epc_math" time="0.063" /><testcase classname="examples.cooling_tank.test_tank.TankTests" name="test_fault_sample_isave" time="16.007" /><testcase classname="examples.cooling_tank.test_tank.TankTests" name="test_fault_sample_save" time="14.999" /><testcase classname="examples.cooling_tank.test_tank.TankTests" name="test_local_tstep" time="1.084" /><testcase classname="examples.cooling_tank.test_tank.TankTests" name="test_model_copy_different" time="3.302" /><testcase classname="examples.cooling_tank.test_tank.TankTests" name="test_model_copy_same" time="7.850" /><testcase classname="examples.cooling_tank.test_tank.TankTests" name="test_model_reset" time="0.002"><skipped type="pytest.skip" message="Reset not fully implemented yet and unused throughout.">/home/bamboo/bamboo-agent-home/xml-data/build-dir/RAD-TEST-UVF/examples/cooling_tank/test_tank.py:69: Reset not fully implemented yet and unused throughout.</skipped></testcase><testcase classname="examples.cooling_tank.test_tank.TankTests" name="test_nested_sample_isave" time="157.670" /><testcase classname="examples.cooling_tank.test_tank.TankTests" name="test_nested_sample_save" time="163.394" /><testcase classname="examples.cooling_tank.test_tank.TankTests" name="test_param_sample_isave" time="3.955" /><testcase classname="examples.cooling_tank.test_tank.TankTests" name="test_param_sample_save" time="4.011" /><testcase classname="examples.cooling_tank.test_tank.TankTests" name="test_save_load_multfault" time="0.987" /><testcase classname="examples.cooling_tank.test_tank.TankTests" name="test_save_load_nominal" time="0.443" /><testcase classname="examples.cooling_tank.test_tank.TankTests" name="test_save_load_onefault" time="1.010" /><testcase classname="examples.cooling_tank.test_tank.TankTests" name="test_save_load_singlefaults" time="8.868" /><testcase classname="examples.cooling_tank.test_tank.TankTests" name="test_singlefaults_isave" time="9.242" /><testcase classname="examples.cooling_tank.test_tank.TankTests" name="test_tank_copy_args" time="0.096" /><testcase classname="examples.electric_power_system.demo_static_models.ipynb" name="demo_static_models.ipynb" time="9.764" /><testcase classname="examples.electric_power_system.test_model.epsTests" name="test_all_faults" time="2.518" /><testcase classname="examples.electric_power_system.test_model.epsTests" name="test_backward_fault_prop_1" time="0.145" /><testcase classname="examples.electric_power_system.test_model.epsTests" name="test_backward_fault_prop_2" time="0.142" /><testcase classname="examples.electric_power_system.test_model.epsTests" name="test_fault_app" time="3.071" /><testcase classname="examples.electric_power_system.test_model.epsTests" name="test_multfault_saving" time="0.421" /><testcase classname="examples.electric_power_system.test_model.epsTests" name="test_nominal_saving" time="0.120" /><testcase classname="examples.electric_power_system.test_model.epsTests" name="test_pickleability" time="7.361" /><testcase classname="examples.electric_power_system.test_model.epsTests" name="test_save_load_onefault" time="0.703" /><testcase classname="examples.electric_power_system.test_model.epsTests" name="test_save_load_singlefaults" time="8.002" /><testcase classname="examples.human_hazard_mitigation.Tutorial_ActionArchitecture.ipynb" name="Tutorial_ActionArchitecture.ipynb" time="12.995" /><testcase classname="examples.multirotor_drone.demo_optimization_architectures.ipynb" name="demo_optimization_architectures.ipynb" time="228.830" /><testcase classname="examples.multirotor_drone.demo_overview.ipynb" name="demo_overview.ipynb" time="8.518" /><testcase classname="examples.multirotor_drone.model_dynamic" name="examples.multirotor_drone.model_dynamic.AffectDOF.inc_pos" time="0.008" /><testcase classname="examples.multirotor_drone.model_dynamic" name="examples.multirotor_drone.model_dynamic.PlanPath.assign_vectdist_to_goal" time="0.006" /><testcase classname="examples.multirotor_drone.model_dynamic" name="examples.multirotor_drone.model_dynamic.PlanPath.calc_dist_to_goal" time="0.006" /><testcase classname="examples.multirotor_drone.model_dynamic" name="examples.multirotor_drone.model_dynamic.SightGrid" time="0.372" /><testcase classname="examples.multirotor_drone.model_hierarchical" name="examples.multirotor_drone.model_hierarchical.AffectDOF" time="0.055" /><testcase classname="examples.multirotor_drone.model_hierarchical" name="examples.multirotor_drone.model_hierarchical.AffectDOFArch" time="0.020" /><testcase classname="examples.multirotor_drone.model_hierarchical" name="examples.multirotor_drone.model_hierarchical.LineArchParam" time="0.006" /><testcase classname="examples.multirotor_drone.model_static" name="examples.multirotor_drone.model_static.AffectDOF.static_behavior" time="0.009" /><testcase classname="examples.multirotor_drone.model_static" name="examples.multirotor_drone.model_static.CtlDOF.static_behavior" time="0.005" /><testcase classname="examples.multirotor_drone.model_static" name="examples.multirotor_drone.model_static.DesTrajState.dist2d" time="0.002" /><testcase classname="examples.multirotor_drone.model_static" name="examples.multirotor_drone.model_static.DesTrajState.unit_vect2d" time="0.003" /><testcase classname="examples.multirotor_drone.model_static" name="examples.multirotor_drone.model_static.DistEE.static_behavior" time="0.008" /><testcase classname="examples.multirotor_drone.model_static" name="examples.multirotor_drone.model_static.HoldPayload.static_behavior" time="0.005" /><testcase classname="examples.multirotor_drone.model_static" name="examples.multirotor_drone.model_static.PlanPath.static_behavior" time="0.005" /><testcase classname="examples.multirotor_drone.paper_ijphm_fmdtools.ipynb" name="paper_ijphm_fmdtools.ipynb" time="101.759" /><testcase classname="examples.multirotor_drone.test_multirotor.DroneParameterTests" name="test_objectives" time="1.624" /><testcase classname="examples.multirotor_drone.test_multirotor.DroneParameterTests" name="test_param_domain_1" time="0.002" /><testcase classname="examples.multirotor_drone.test_multirotor.DroneParameterTests" name="test_param_domain_2" time="0.002" /><testcase classname="examples.multirotor_drone.test_multirotor.DroneParameterTests" name="test_set_constraints_1" time="0.001" /><testcase classname="examples.multirotor_drone.test_multirotor.DroneParameterTests" name="test_set_constraints_2" time="0.001" /><testcase classname="examples.multirotor_drone.test_multirotor.DroneParameterTests" name="test_sim_mdl" time="0.914" /><testcase classname="examples.multirotor_drone.test_multirotor.DroneScenarioTest" name="test_scenprob_results" time="2.776" /><testcase classname="examples.multirotor_drone.test_multirotor.DroneScenarioTest2" name="test_scenprob_results" time="2.626" /><testcase classname="examples.multirotor_drone.test_multirotor.DroneScenarioTest3" name="test_scenprob_results" time="2.924" /><testcase classname="examples.multirotor_drone.test_multirotor.DroneDisturbanceTest" name="test_disturbance_set" time="0.989" /><testcase classname="examples.multirotor_drone.tutorial_fmdtools_basics.ipynb" name="tutorial_fmdtools_basics.ipynb" time="20.239" /><testcase classname="examples.navigating_rover.demo_degradation.ipynb" name="demo_degradation.ipynb" time="270.894" /><testcase classname="examples.navigating_rover.demo_overview.ipynb" name="demo_overview.ipynb" time="23.595" /><testcase classname="examples.navigating_rover.demo_rover_model.ipynb" name="demo_rover_model.ipynb" time="52.938" /><testcase classname="examples.navigating_rover.model_human" name="examples.navigating_rover.model_human.Comprehend" time="0.007" /><testcase classname="examples.navigating_rover.model_human" name="examples.navigating_rover.model_human.Decide" time="0.005" /><testcase classname="examples.navigating_rover.model_human" name="examples.navigating_rover.model_human.HumanActions" time="0.024" /><testcase classname="examples.navigating_rover.model_human" name="examples.navigating_rover.model_human.Look" time="0.005" /><testcase classname="examples.navigating_rover.model_human" name="examples.navigating_rover.model_human.Percieve" time="0.005" /><testcase classname="examples.navigating_rover.model_human" name="examples.navigating_rover.model_human.Press" time="0.005" /><testcase classname="examples.navigating_rover.model_human" name="examples.navigating_rover.model_human.Project" time="0.005" /><testcase classname="examples.navigating_rover.model_main" name="examples.navigating_rover.model_main.Drive.drive_nominal" time="0.096" /><testcase classname="examples.navigating_rover.paper_idetc_human.ipynb" name="paper_idetc_human.ipynb" time="397.305"><failure message="#x1B[31mFileNotFoundError#x1B[39m: [Errno 2] No such file or directory: 'outputs_idetc_human/nocon_attention_sine.pdf'">---------------------------------------------------------------------------
fig.savefig("outputs_idetc_human/nocon_attention_sine.pdf", format="pdf", bbox_inches = 'tight', pad_inches = 0)
#x1B[31m---------------------------------------------------------------------------#x1B[39m
#x1B[31mFileNotFoundError#x1B[39m                         Traceback (most recent call last)
#x1B[36mCell#x1B[39m#x1B[36m #x1B[39m#x1B[32mIn[49]#x1B[39m#x1B[32m, line 1#x1B[39m
#x1B[32m----&gt; #x1B[39m#x1B[32m1#x1B[39m #x1B[43mfig#x1B[49m#x1B[43m.#x1B[49m#x1B[43msavefig#x1B[49m#x1B[43m(#x1B[49m#x1B[33;43m"#x1B[39;49m#x1B[33;43moutputs_idetc_human/nocon_attention_sine.pdf#x1B[39;49m#x1B[33;43m"#x1B[39;49m#x1B[43m,#x1B[49m#x1B[43m #x1B[49m#x1B[38;5;28;43mformat#x1B[39;49m#x1B[43m=#x1B[49m#x1B[33;43m"#x1B[39;49m#x1B[33;43mpdf#x1B[39;49m#x1B[33;43m"#x1B[39;49m#x1B[43m,#x1B[49m#x1B[43m #x1B[49m#x1B[43mbbox_inches#x1B[49m#x1B[43m #x1B[49m#x1B[43m=#x1B[49m#x1B[43m #x1B[49m#x1B[33;43m'#x1B[39;49m#x1B[33;43mtight#x1B[39;49m#x1B[33;43m'#x1B[39;49m#x1B[43m,#x1B[49m#x1B[43m #x1B[49m#x1B[43mpad_inches#x1B[49m#x1B[43m #x1B[49m#x1B[43m=#x1B[49m#x1B[43m #x1B[49m#x1B[32;43m0#x1B[39;49m#x1B[43m)#x1B[49m

#x1B[36mFile #x1B[39m#x1B[32m~/bamboo-agent-home/xml-data/build-dir/RAD-TEST-UVF/.venv/lib/python3.13/site-packages/matplotlib/figure.py:3490#x1B[39m, in #x1B[36mFigure.savefig#x1B[39m#x1B[34m(self, fname, transparent, **kwargs)#x1B[39m
#x1B[32m   3488#x1B[39m     #x1B[38;5;28;01mfor#x1B[39;00m ax #x1B[38;5;129;01min#x1B[39;00m #x1B[38;5;28mself#x1B[39m.axes:
#x1B[32m   3489#x1B[39m         _recursively_make_axes_transparent(stack, ax)
#x1B[32m-&gt; #x1B[39m#x1B[32m3490#x1B[39m #x1B[38;5;28;43mself#x1B[39;49m#x1B[43m.#x1B[49m#x1B[43mcanvas#x1B[49m#x1B[43m.#x1B[49m#x1B[43mprint_figure#x1B[49m#x1B[43m(#x1B[49m#x1B[43mfname#x1B[49m#x1B[43m,#x1B[49m#x1B[43m #x1B[49m#x1B[43m*#x1B[49m#x1B[43m*#x1B[49m#x1B[43mkwargs#x1B[49m#x1B[43m)#x1B[49m

#x1B[36mFile #x1B[39m#x1B[32m~/bamboo-agent-home/xml-data/build-dir/RAD-TEST-UVF/.venv/lib/python3.13/site-packages/matplotlib/backend_bases.py:2186#x1B[39m, in #x1B[36mFigureCanvasBase.print_figure#x1B[39m#x1B[34m(self, filename, dpi, facecolor, edgecolor, orientation, format, bbox_inches, pad_inches, bbox_extra_artists, backend, **kwargs)#x1B[39m
#x1B[32m   2182#x1B[39m #x1B[38;5;28;01mtry#x1B[39;00m:
#x1B[32m   2183#x1B[39m     #x1B[38;5;66;03m# _get_renderer may change the figure dpi (as vector formats#x1B[39;00m
#x1B[32m   2184#x1B[39m     #x1B[38;5;66;03m# force the figure dpi to 72), so we need to set it again here.#x1B[39;00m
#x1B[32m   2185#x1B[39m     #x1B[38;5;28;01mwith#x1B[39;00m cbook._setattr_cm(#x1B[38;5;28mself#x1B[39m.figure, dpi=dpi):
#x1B[32m-&gt; #x1B[39m#x1B[32m2186#x1B[39m         result = #x1B[43mprint_method#x1B[49m#x1B[43m(#x1B[49m
#x1B[32m   2187#x1B[39m #x1B[43m            #x1B[49m#x1B[43mfilename#x1B[49m#x1B[43m,#x1B[49m
#x1B[32m   2188#x1B[39m #x1B[43m            #x1B[49m#x1B[43mfacecolor#x1B[49m#x1B[43m=#x1B[49m#x1B[43mfacecolor#x1B[49m#x1B[43m,#x1B[49m
#x1B[32m   2189#x1B[39m #x1B[43m            #x1B[49m#x1B[43medgecolor#x1B[49m#x1B[43m=#x1B[49m#x1B[43medgecolor#x1B[49m#x1B[43m,#x1B[49m
#x1B[32m   2190#x1B[39m #x1B[43m            #x1B[49m#x1B[43morientation#x1B[49m#x1B[43m=#x1B[49m#x1B[43morientation#x1B[49m#x1B[43m,#x1B[49m
#x1B[32m   2191#x1B[39m #x1B[43m            #x1B[49m#x1B[43mbbox_inches_restore#x1B[49m#x1B[43m=#x1B[49m#x1B[43m_bbox_inches_restore#x1B[49m#x1B[43m,#x1B[49m
#x1B[32m   2192#x1B[39m #x1B[43m            #x1B[49m#x1B[43m*#x1B[49m#x1B[43m*#x1B[49m#x1B[43mkwargs#x1B[49m#x1B[43m)#x1B[49m
#x1B[32m   2193#x1B[39m #x1B[38;5;28;01mfinally#x1B[39;00m:
#x1B[32m   2194#x1B[39m     #x1B[38;5;28;01mif#x1B[39;00m bbox_inches #x1B[38;5;129;01mand#x1B[39;00m restore_bbox:

#x1B[36mFile #x1B[39m#x1B[32m~/bamboo-agent-home/xml-data/build-dir/RAD-TEST-UVF/.venv/lib/python3.13/site-packages/matplotlib/backend_bases.py:2042#x1B[39m, in #x1B[36mFigureCanvasBase._switch_canvas_and_return_print_method.&lt;locals&gt;.&lt;lambda&gt;#x1B[39m#x1B[34m(*args, **kwargs)#x1B[39m
#x1B[32m   2038#x1B[39m     optional_kws = {  #x1B[38;5;66;03m# Passed by print_figure for other renderers.#x1B[39;00m
#x1B[32m   2039#x1B[39m         #x1B[33m"#x1B[39m#x1B[33mdpi#x1B[39m#x1B[33m"#x1B[39m, #x1B[33m"#x1B[39m#x1B[33mfacecolor#x1B[39m#x1B[33m"#x1B[39m, #x1B[33m"#x1B[39m#x1B[33medgecolor#x1B[39m#x1B[33m"#x1B[39m, #x1B[33m"#x1B[39m#x1B[33morientation#x1B[39m#x1B[33m"#x1B[39m,
#x1B[32m   2040#x1B[39m         #x1B[33m"#x1B[39m#x1B[33mbbox_inches_restore#x1B[39m#x1B[33m"#x1B[39m}
#x1B[32m   2041#x1B[39m     skip = optional_kws - {*inspect.signature(meth).parameters}
#x1B[32m-&gt; #x1B[39m#x1B[32m2042#x1B[39m     print_method = functools.wraps(meth)(#x1B[38;5;28;01mlambda#x1B[39;00m *args, **kwargs: #x1B[43mmeth#x1B[49m#x1B[43m(#x1B[49m
#x1B[32m   2043#x1B[39m #x1B[43m        #x1B[49m#x1B[43m*#x1B[49m#x1B[43margs#x1B[49m#x1B[43m,#x1B[49m#x1B[43m #x1B[49m#x1B[43m*#x1B[49m#x1B[43m*#x1B[49m#x1B[43m{#x1B[49m#x1B[43mk#x1B[49m#x1B[43m:#x1B[49m#x1B[43m #x1B[49m#x1B[43mv#x1B[49m#x1B[43m #x1B[49m#x1B[38;5;28;43;01mfor#x1B[39;49;00m#x1B[43m #x1B[49m#x1B[43mk#x1B[49m#x1B[43m,#x1B[49m#x1B[43m #x1B[49m#x1B[43mv#x1B[49m#x1B[43m #x1B[49m#x1B[38;5;129;43;01min#x1B[39;49;00m#x1B[43m #x1B[49m#x1B[43mkwargs#x1B[49m#x1B[43m.#x1B[49m#x1B[43mitems#x1B[49m#x1B[43m(#x1B[49m#x1B[43m)#x1B[49m#x1B[43m #x1B[49m#x1B[38;5;28;43;01mif#x1B[39;49;00m#x1B[43m #x1B[49m#x1B[43mk#x1B[49m#x1B[43m #x1B[49m#x1B[38;5;129;43;01mnot#x1B[39;49;00m#x1B[43m #x1B[49m#x1B[38;5;129;43;01min#x1B[39;49;00m#x1B[43m #x1B[49m#x1B[43mskip#x1B[49m#x1B[43m}#x1B[49m#x1B[43m)#x1B[49m)
#x1B[32m   2044#x1B[39m #x1B[38;5;28;01melse#x1B[39;00m:  #x1B[38;5;66;03m# Let third-parties do as they see fit.#x1B[39;00m
#x1B[32m   2045#x1B[39m     print_method = meth

#x1B[36mFile #x1B[39m#x1B[32m~/bamboo-agent-home/xml-data/build-dir/RAD-TEST-UVF/.venv/lib/python3.13/site-packages/matplotlib/backends/backend_pdf.py:2779#x1B[39m, in #x1B[36mFigureCanvasPdf.print_pdf#x1B[39m#x1B[34m(self, filename, bbox_inches_restore, metadata)#x1B[39m
#x1B[32m   2777#x1B[39m     file = filename._ensure_file()
#x1B[32m   2778#x1B[39m #x1B[38;5;28;01melse#x1B[39;00m:
#x1B[32m-&gt; #x1B[39m#x1B[32m2779#x1B[39m     file = #x1B[43mPdfFile#x1B[49m#x1B[43m(#x1B[49m#x1B[43mfilename#x1B[49m#x1B[43m,#x1B[49m#x1B[43m #x1B[49m#x1B[43mmetadata#x1B[49m#x1B[43m=#x1B[49m#x1B[43mmetadata#x1B[49m#x1B[43m)#x1B[49m
#x1B[32m   2780#x1B[39m #x1B[38;5;28;01mtry#x1B[39;00m:
#x1B[32m   2781#x1B[39m     file.newPage(width, height)

#x1B[36mFile #x1B[39m#x1B[32m~/bamboo-agent-home/xml-data/build-dir/RAD-TEST-UVF/.venv/lib/python3.13/site-packages/matplotlib/backends/backend_pdf.py:687#x1B[39m, in #x1B[36mPdfFile.__init__#x1B[39m#x1B[34m(self, filename, metadata)#x1B[39m
#x1B[32m    685#x1B[39m #x1B[38;5;28mself#x1B[39m.original_file_like = #x1B[38;5;28;01mNone#x1B[39;00m
#x1B[32m    686#x1B[39m #x1B[38;5;28mself#x1B[39m.tell_base = #x1B[32m0#x1B[39m
#x1B[32m--&gt; #x1B[39m#x1B[32m687#x1B[39m fh, opened = #x1B[43mcbook#x1B[49m#x1B[43m.#x1B[49m#x1B[43mto_filehandle#x1B[49m#x1B[43m(#x1B[49m#x1B[43mfilename#x1B[49m#x1B[43m,#x1B[49m#x1B[43m #x1B[49m#x1B[33;43m"#x1B[39;49m#x1B[33;43mwb#x1B[39;49m#x1B[33;43m"#x1B[39;49m#x1B[43m,#x1B[49m#x1B[43m #x1B[49m#x1B[43mreturn_opened#x1B[49m#x1B[43m=#x1B[49m#x1B[38;5;28;43;01mTrue#x1B[39;49;00m#x1B[43m)#x1B[49m
#x1B[32m    688#x1B[39m #x1B[38;5;28;01mif#x1B[39;00m #x1B[38;5;129;01mnot#x1B[39;00m opened:
#x1B[32m    689#x1B[39m     #x1B[38;5;28;01mtry#x1B[39;00m:

#x1B[36mFile #x1B[39m#x1B[32m~/bamboo-agent-home/xml-data/build-dir/RAD-TEST-UVF/.venv/lib/python3.13/site-packages/matplotlib/cbook.py:546#x1B[39m, in #x1B[36mto_filehandle#x1B[39m#x1B[34m(fname, flag, return_opened, encoding)#x1B[39m
#x1B[32m    544#x1B[39m         fh = bz2.BZ2File(fname, flag)
#x1B[32m    545#x1B[39m     #x1B[38;5;28;01melse#x1B[39;00m:
#x1B[32m--&gt; #x1B[39m#x1B[32m546#x1B[39m         fh = #x1B[38;5;28;43mopen#x1B[39;49m#x1B[43m(#x1B[49m#x1B[43mfname#x1B[49m#x1B[43m,#x1B[49m#x1B[43m #x1B[49m#x1B[43mflag#x1B[49m#x1B[43m,#x1B[49m#x1B[43m #x1B[49m#x1B[43mencoding#x1B[49m#x1B[43m=#x1B[49m#x1B[43mencoding#x1B[49m#x1B[43m)#x1B[49m
#x1B[32m    547#x1B[39m     opened = #x1B[38;5;28;01mTrue#x1B[39;00m
#x1B[32m    548#x1B[39m #x1B[38;5;28;01melif#x1B[39;00m #x1B[38;5;28mhasattr#x1B[39m(fname, #x1B[33m'#x1B[39m#x1B[33mseek#x1B[39m#x1B[33m'#x1B[39m):

#x1B[31mFileNotFoundError#x1B[39m: [Errno 2] No such file or directory: 'outputs_idetc_human/nocon_attention_sine.pdf'</failure></testcase><testcase classname="examples.navigating_rover.test_rover.RoverTests" name="test_obj_values" time="7.951" /><testcase classname="examples.navigating_rover.tutorial_FaultSample.ipynb" name="tutorial_FaultSample.ipynb" time="11.554"><failure message="#x1B[31mAttributeError#x1B[39m: Not in dict: navigating_rover_fxns_power_short_t56p0">---------------------------------------------------------------------------
hist.navigating_rover_fxns_power_short_t56p0.flows.pos.s.x
#x1B[31m---------------------------------------------------------------------------#x1B[39m
#x1B[31mKeyError#x1B[39m                                  Traceback (most recent call last)
#x1B[36mFile #x1B[39m#x1B[32m~/bamboo-agent-home/xml-data/build-dir/RAD-TEST-UVF/.venv/lib/python3.13/site-packages/fmdtools/analyze/result.py:370#x1B[39m, in #x1B[36mResult.__getattr__#x1B[39m#x1B[34m(self, argstr)#x1B[39m
#x1B[32m    369#x1B[39m         obj = #x1B[38;5;28mself#x1B[39m
#x1B[32m--&gt; #x1B[39m#x1B[32m370#x1B[39m     #x1B[38;5;28;01mreturn#x1B[39;00m #x1B[43mget_dict_attr#x1B[49m#x1B[43m(#x1B[49m#x1B[43mobj#x1B[49m#x1B[43m.#x1B[49m#x1B[43mdata#x1B[49m#x1B[43m,#x1B[49m#x1B[43m #x1B[49m#x1B[38;5;28;43mself#x1B[39;49m#x1B[43m.#x1B[49m#x1B[34;43m__class__#x1B[39;49m#x1B[43m,#x1B[49m#x1B[43m #x1B[49m#x1B[43m*#x1B[49m#x1B[43margs#x1B[49m#x1B[43m)#x1B[49m
#x1B[32m    371#x1B[39m #x1B[38;5;28;01mexcept#x1B[39;00m #x1B[38;5;167;01mKeyError#x1B[39;00m:

#x1B[36mFile #x1B[39m#x1B[32m~/bamboo-agent-home/xml-data/build-dir/RAD-TEST-UVF/.venv/lib/python3.13/site-packages/fmdtools/analyze/result.py:96#x1B[39m, in #x1B[36mget_dict_attr#x1B[39m#x1B[34m(dict_in, des_class, *attr)#x1B[39m
#x1B[32m     95#x1B[39m #x1B[38;5;250m#x1B[39m#x1B[33;03m"""Get attributes *attr from a given nested dict dict_in of class des_class."""#x1B[39;00m
#x1B[32m---&gt; #x1B[39m#x1B[32m96#x1B[39m sub_dict = #x1B[43mdict_in#x1B[49m#x1B[43m[#x1B[49m#x1B[43mattr#x1B[49m#x1B[43m[#x1B[49m#x1B[32;43m0#x1B[39;49m#x1B[43m]#x1B[49m#x1B[43m]#x1B[49m
#x1B[32m     97#x1B[39m #x1B[38;5;28;01mif#x1B[39;00m #x1B[38;5;28mlen#x1B[39m(attr) == #x1B[32m1#x1B[39m:

#x1B[31mKeyError#x1B[39m: 'navigating_rover_fxns_power_short_t56p0'

During handling of the above exception, another exception occurred:

#x1B[31mException#x1B[39m                                 Traceback (most recent call last)
#x1B[36mFile #x1B[39m#x1B[32m~/bamboo-agent-home/xml-data/build-dir/RAD-TEST-UVF/.venv/lib/python3.13/site-packages/fmdtools/analyze/result.py:373#x1B[39m, in #x1B[36mResult.__getattr__#x1B[39m#x1B[34m(self, argstr)#x1B[39m
#x1B[32m    372#x1B[39m #x1B[38;5;28;01mtry#x1B[39;00m:
#x1B[32m--&gt; #x1B[39m#x1B[32m373#x1B[39m     #x1B[38;5;28;01mreturn#x1B[39;00m #x1B[38;5;28;43mself#x1B[39;49m#x1B[43m.#x1B[49m#x1B[43mall_with#x1B[49m#x1B[43m(#x1B[49m#x1B[43margstr#x1B[49m#x1B[43m)#x1B[49m
#x1B[32m    374#x1B[39m #x1B[38;5;28;01mexcept#x1B[39;00m #x1B[38;5;167;01mException#x1B[39;00m:

#x1B[36mFile #x1B[39m#x1B[32m~/bamboo-agent-home/xml-data/build-dir/RAD-TEST-UVF/.venv/lib/python3.13/site-packages/fmdtools/analyze/result.py:447#x1B[39m, in #x1B[36mResult.all_with#x1B[39m#x1B[34m(self, attr)#x1B[39m
#x1B[32m    446#x1B[39m #x1B[38;5;28;01melse#x1B[39;00m:
#x1B[32m--&gt; #x1B[39m#x1B[32m447#x1B[39m     #x1B[38;5;28;01mraise#x1B[39;00m #x1B[38;5;167;01mException#x1B[39;00m(attr+#x1B[33m"#x1B[39m#x1B[33m not in Result keys: #x1B[39m#x1B[33m"#x1B[39m+#x1B[38;5;28mstr#x1B[39m(#x1B[38;5;28mself#x1B[39m.keys()))

#x1B[31mException#x1B[39m: navigating_rover_fxns_power_short_t56p0 not in Result keys: dict_keys(['nominal.i.finished', 'nominal.time', 'nominal.flows.ground.s.in_bound', 'nominal.flows.ground.c.r.probdens', 'nominal.flows.ground.ga.points.start.s.on', 'nominal.flows.ground.ga.points.start.s.near', 'nominal.flows.ground.ga.points.end.s.on', 'nominal.flows.ground.ga.points.end.s.near', 'nominal.flows.pos_signal.s.x', 'nominal.flows.pos_signal.s.y', 'nominal.flows.pos_signal.s.vel', 'nominal.flows.pos_signal.s.ux', 'nominal.flows.pos_signal.s.uy', 'nominal.flows.pos.s.x', 'nominal.flows.pos.s.y', 'nominal.flows.pos.s.vel', 'nominal.flows.pos.s.ux', 'nominal.flows.pos.s.uy', 'nominal.flows.ee_12.s.v', 'nominal.flows.ee_12.s.a', 'nominal.flows.ee_5.s.v', 'nominal.flows.ee_5.s.a', 'nominal.flows.ee_15.s.v', 'nominal.flows.ee_15.s.a', 'nominal.flows.video.s.lin_ux', 'nominal.flows.video.s.lin_uy', 'nominal.flows.video.s.lin_dx', 'nominal.flows.video.s.lin_dy', 'nominal.flows.video.s.quality', 'nominal.flows.auto_control.s.rpower', 'nominal.flows.auto_control.s.lpower', 'nominal.flows.motor_control.s.rpower', 'nominal.flows.motor_control.s.lpower', 'nominal.flows.switch.s.power', 'nominal.flows.comms.s.pos.x', 'nominal.flows.comms.s.pos.y', 'nominal.flows.comms.s.pos.vel', 'nominal.flows.comms.s.pos.ux', 'nominal.flows.comms.s.pos.uy', 'nominal.flows.comms.s.ctl.rpower', 'nominal.flows.comms.s.ctl.lpower', 'nominal.flows.comms.s.video.lin_ux', 'nominal.flows.comms.s.video.lin_uy', 'nominal.flows.comms.s.video.lin_dx', 'nominal.flows.comms.s.video.lin_dy', 'nominal.flows.comms.s.video.quality', 'nominal.flows.comms.s.active', 'nominal.flows.comms.s.on', 'nominal.flows.fault_sig.s.transfer', 'nominal.flows.fault_sig.s.friction', 'nominal.flows.fault_sig.s.drift', 'nominal.fxns.power.s.charge', 'nominal.fxns.power.s.power', 'nominal.fxns.power.m.mode', 'nominal.fxns.power.m.faults.depleted', 'nominal.fxns.power.m.faults.no_charge', 'nominal.fxns.power.m.faults.short', 'nominal.fxns.power.m.sub_faults', 'nominal.fxns.perception.m.mode', 'nominal.fxns.perception.m.faults.bad_feed', 'nominal.fxns.perception.m.sub_faults', 'nominal.fxns.plan_path.s.u_self', 'nominal.fxns.plan_path.s.u_lin', 'nominal.fxns.plan_path.s.u_lin_dev', 'nominal.fxns.plan_path.s.rdiff', 'nominal.fxns.plan_path.s.vel_adj', 'nominal.fxns.plan_path.m.mode', 'nominal.fxns.plan_path.m.faults.crash', 'nominal.fxns.plan_path.m.faults.no_con', 'nominal.fxns.plan_path.m.sub_faults', 'nominal.fxns.override.m.mode', 'nominal.fxns.override.m.sub_faults', 'nominal.fxns.drive.s.transfer', 'nominal.fxns.drive.s.friction', 'nominal.fxns.drive.s.drift', 'nominal.fxns.drive.m.faults.custom', 'nominal.fxns.drive.m.faults.elec_open', 'nominal.fxns.drive.m.faults.stuck', 'nominal.fxns.drive.m.faults.stuck_left', 'nominal.fxns.drive.m.faults.stuck_right', 'nominal.fxns.drive.m.sub_faults', 'rover_fxns_power_depleted_t0p0.i.finished', 'rover_fxns_power_depleted_t0p0.time', 'rover_fxns_power_depleted_t0p0.flows.ground.s.in_bound', 'rover_fxns_power_depleted_t0p0.flows.ground.c.r.probdens', 'rover_fxns_power_depleted_t0p0.flows.ground.ga.points.start.s.on', 'rover_fxns_power_depleted_t0p0.flows.ground.ga.points.start.s.near', 'rover_fxns_power_depleted_t0p0.flows.ground.ga.points.end.s.on', 'rover_fxns_power_depleted_t0p0.flows.ground.ga.points.end.s.near', 'rover_fxns_power_depleted_t0p0.flows.pos_signal.s.x', 'rover_fxns_power_depleted_t0p0.flows.pos_signal.s.y', 'rover_fxns_power_depleted_t0p0.flows.pos_signal.s.vel', 'rover_fxns_power_depleted_t0p0.flows.pos_signal.s.ux', 'rover_fxns_power_depleted_t0p0.flows.pos_signal.s.uy', 'rover_fxns_power_depleted_t0p0.flows.pos.s.x', 'rover_fxns_power_depleted_t0p0.flows.pos.s.y', 'rover_fxns_power_depleted_t0p0.flows.pos.s.vel', 'rover_fxns_power_depleted_t0p0.flows.pos.s.ux', 'rover_fxns_power_depleted_t0p0.flows.pos.s.uy', 'rover_fxns_power_depleted_t0p0.flows.ee_12.s.v', 'rover_fxns_power_depleted_t0p0.flows.ee_12.s.a', 'rover_fxns_power_depleted_t0p0.flows.ee_5.s.v', 'rover_fxns_power_depleted_t0p0.flows.ee_5.s.a', 'rover_fxns_power_depleted_t0p0.flows.ee_15.s.v', 'rover_fxns_power_depleted_t0p0.flows.ee_15.s.a', 'rover_fxns_power_depleted_t0p0.flows.video.s.lin_ux', 'rover_fxns_power_depleted_t0p0.flows.video.s.lin_uy', 'rover_fxns_power_depleted_t0p0.flows.video.s.lin_dx', 'rover_fxns_power_depleted_t0p0.flows.video.s.lin_dy', 'rover_fxns_power_depleted_t0p0.flows.video.s.quality', 'rover_fxns_power_depleted_t0p0.flows.auto_control.s.rpower', 'rover_fxns_power_depleted_t0p0.flows.auto_control.s.lpower', 'rover_fxns_power_depleted_t0p0.flows.motor_control.s.rpower', 'rover_fxns_power_depleted_t0p0.flows.motor_control.s.lpower', 'rover_fxns_power_depleted_t0p0.flows.switch.s.power', 'rover_fxns_power_depleted_t0p0.flows.comms.s.pos.x', 'rover_fxns_power_depleted_t0p0.flows.comms.s.pos.y', 'rover_fxns_power_depleted_t0p0.flows.comms.s.pos.vel', 'rover_fxns_power_depleted_t0p0.flows.comms.s.pos.ux', 'rover_fxns_power_depleted_t0p0.flows.comms.s.pos.uy', 'rover_fxns_power_depleted_t0p0.flows.comms.s.ctl.rpower', 'rover_fxns_power_depleted_t0p0.flows.comms.s.ctl.lpower', 'rover_fxns_power_depleted_t0p0.flows.comms.s.video.lin_ux', 'rover_fxns_power_depleted_t0p0.flows.comms.s.video.lin_uy', 'rover_fxns_power_depleted_t0p0.flows.comms.s.video.lin_dx', 'rover_fxns_power_depleted_t0p0.flows.comms.s.video.lin_dy', 'rover_fxns_power_depleted_t0p0.flows.comms.s.video.quality', 'rover_fxns_power_depleted_t0p0.flows.comms.s.active', 'rover_fxns_power_depleted_t0p0.flows.comms.s.on', 'rover_fxns_power_depleted_t0p0.flows.fault_sig.s.transfer', 'rover_fxns_power_depleted_t0p0.flows.fault_sig.s.friction', 'rover_fxns_power_depleted_t0p0.flows.fault_sig.s.drift', 'rover_fxns_power_depleted_t0p0.fxns.power.s.charge', 'rover_fxns_power_depleted_t0p0.fxns.power.s.power', 'rover_fxns_power_depleted_t0p0.fxns.power.m.mode', 'rover_fxns_power_depleted_t0p0.fxns.power.m.faults.depleted', 'rover_fxns_power_depleted_t0p0.fxns.power.m.faults.no_charge', 'rover_fxns_power_depleted_t0p0.fxns.power.m.faults.short', 'rover_fxns_power_depleted_t0p0.fxns.power.m.sub_faults', 'rover_fxns_power_depleted_t0p0.fxns.perception.m.mode', 'rover_fxns_power_depleted_t0p0.fxns.perception.m.faults.bad_feed', 'rover_fxns_power_depleted_t0p0.fxns.perception.m.sub_faults', 'rover_fxns_power_depleted_t0p0.fxns.plan_path.s.u_self', 'rover_fxns_power_depleted_t0p0.fxns.plan_path.s.u_lin', 'rover_fxns_power_depleted_t0p0.fxns.plan_path.s.u_lin_dev', 'rover_fxns_power_depleted_t0p0.fxns.plan_path.s.rdiff', 'rover_fxns_power_depleted_t0p0.fxns.plan_path.s.vel_adj', 'rover_fxns_power_depleted_t0p0.fxns.plan_path.m.mode', 'rover_fxns_power_depleted_t0p0.fxns.plan_path.m.faults.crash', 'rover_fxns_power_depleted_t0p0.fxns.plan_path.m.faults.no_con', 'rover_fxns_power_depleted_t0p0.fxns.plan_path.m.sub_faults', 'rover_fxns_power_depleted_t0p0.fxns.override.m.mode', 'rover_fxns_power_depleted_t0p0.fxns.override.m.sub_faults', 'rover_fxns_power_depleted_t0p0.fxns.drive.s.transfer', 'rover_fxns_power_depleted_t0p0.fxns.drive.s.friction', 'rover_fxns_power_depleted_t0p0.fxns.drive.s.drift', 'rover_fxns_power_depleted_t0p0.fxns.drive.m.faults.custom', 'rover_fxns_power_depleted_t0p0.fxns.drive.m.faults.elec_open', 'rover_fxns_power_depleted_t0p0.fxns.drive.m.faults.stuck', 'rover_fxns_power_depleted_t0p0.fxns.drive.m.faults.stuck_left', 'rover_fxns_power_depleted_t0p0.fxns.drive.m.faults.stuck_right', 'rover_fxns_power_depleted_t0p0.fxns.drive.m.sub_faults', 'rover_fxns_power_no_charge_t0p0.i.finished', 'rover_fxns_power_no_charge_t0p0.time', 'rover_fxns_power_no_charge_t0p0.flows.ground.s.in_bound', 'rover_fxns_power_no_charge_t0p0.flows.ground.c.r.probdens', 'rover_fxns_power_no_charge_t0p0.flows.ground.ga.points.start.s.on', 'rover_fxns_power_no_charge_t0p0.flows.ground.ga.points.start.s.near', 'rover_fxns_power_no_charge_t0p0.flows.ground.ga.points.end.s.on', 'rover_fxns_power_no_charge_t0p0.flows.ground.ga.points.end.s.near', 'rover_fxns_power_no_charge_t0p0.flows.pos_signal.s.x', 'rover_fxns_power_no_charge_t0p0.flows.pos_signal.s.y', 'rover_fxns_power_no_charge_t0p0.flows.pos_signal.s.vel', 'rover_fxns_power_no_charge_t0p0.flows.pos_signal.s.ux', 'rover_fxns_power_no_charge_t0p0.flows.pos_signal.s.uy', 'rover_fxns_power_no_charge_t0p0.flows.pos.s.x', 'rover_fxns_power_no_charge_t0p0.flows.pos.s.y', 'rover_fxns_power_no_charge_t0p0.flows.pos.s.vel', 'rover_fxns_power_no_charge_t0p0.flows.pos.s.ux', 'rover_fxns_power_no_charge_t0p0.flows.pos.s.uy', 'rover_fxns_power_no_charge_t0p0.flows.ee_12.s.v', 'rover_fxns_power_no_charge_t0p0.flows.ee_12.s.a', 'rover_fxns_power_no_charge_t0p0.flows.ee_5.s.v', 'rover_fxns_power_no_charge_t0p0.flows.ee_5.s.a', 'rover_fxns_power_no_charge_t0p0.flows.ee_15.s.v', 'rover_fxns_power_no_charge_t0p0.flows.ee_15.s.a', 'rover_fxns_power_no_charge_t0p0.flows.video.s.lin_ux', 'rover_fxns_power_no_charge_t0p0.flows.video.s.lin_uy', 'rover_fxns_power_no_charge_t0p0.flows.video.s.lin_dx', 'rover_fxns_power_no_charge_t0p0.flows.video.s.lin_dy', 'rover_fxns_power_no_charge_t0p0.flows.video.s.quality', 'rover_fxns_power_no_charge_t0p0.flows.auto_control.s.rpower', 'rover_fxns_power_no_charge_t0p0.flows.auto_control.s.lpower', 'rover_fxns_power_no_charge_t0p0.flows.motor_control.s.rpower', 'rover_fxns_power_no_charge_t0p0.flows.motor_control.s.lpower', 'rover_fxns_power_no_charge_t0p0.flows.switch.s.power', 'rover_fxns_power_no_charge_t0p0.flows.comms.s.pos.x', 'rover_fxns_power_no_charge_t0p0.flows.comms.s.pos.y', 'rover_fxns_power_no_charge_t0p0.flows.comms.s.pos.vel', 'rover_fxns_power_no_charge_t0p0.flows.comms.s.pos.ux', 'rover_fxns_power_no_charge_t0p0.flows.comms.s.pos.uy', 'rover_fxns_power_no_charge_t0p0.flows.comms.s.ctl.rpower', 'rover_fxns_power_no_charge_t0p0.flows.comms.s.ctl.lpower', 'rover_fxns_power_no_charge_t0p0.flows.comms.s.video.lin_ux', 'rover_fxns_power_no_charge_t0p0.flows.comms.s.video.lin_uy', 'rover_fxns_power_no_charge_t0p0.flows.comms.s.video.lin_dx', 'rover_fxns_power_no_charge_t0p0.flows.comms.s.video.lin_dy', 'rover_fxns_power_no_charge_t0p0.flows.comms.s.video.quality', 'rover_fxns_power_no_charge_t0p0.flows.comms.s.active', 'rover_fxns_power_no_charge_t0p0.flows.comms.s.on', 'rover_fxns_power_no_charge_t0p0.flows.fault_sig.s.transfer', 'rover_fxns_power_no_charge_t0p0.flows.fault_sig.s.friction', 'rover_fxns_power_no_charge_t0p0.flows.fault_sig.s.drift', 'rover_fxns_power_no_charge_t0p0.fxns.power.s.charge', 'rover_fxns_power_no_charge_t0p0.fxns.power.s.power', 'rover_fxns_power_no_charge_t0p0.fxns.power.m.mode', 'rover_fxns_power_no_charge_t0p0.fxns.power.m.faults.depleted', 'rover_fxns_power_no_charge_t0p0.fxns.power.m.faults.no_charge', 'rover_fxns_power_no_charge_t0p0.fxns.power.m.faults.short', 'rover_fxns_power_no_charge_t0p0.fxns.power.m.sub_faults', 'rover_fxns_power_no_charge_t0p0.fxns.perception.m.mode', 'rover_fxns_power_no_charge_t0p0.fxns.perception.m.faults.bad_feed', 'rover_fxns_power_no_charge_t0p0.fxns.perception.m.sub_faults', 'rover_fxns_power_no_charge_t0p0.fxns.plan_path.s.u_self', 'rover_fxns_power_no_charge_t0p0.fxns.plan_path.s.u_lin', 'rover_fxns_power_no_charge_t0p0.fxns.plan_path.s.u_lin_dev', 'rover_fxns_power_no_charge_t0p0.fxns.plan_path.s.rdiff', 'rover_fxns_power_no_charge_t0p0.fxns.plan_path.s.vel_adj', 'rover_fxns_power_no_charge_t0p0.fxns.plan_path.m.mode', 'rover_fxns_power_no_charge_t0p0.fxns.plan_path.m.faults.crash', 'rover_fxns_power_no_charge_t0p0.fxns.plan_path.m.faults.no_con', 'rover_fxns_power_no_charge_t0p0.fxns.plan_path.m.sub_faults', 'rover_fxns_power_no_charge_t0p0.fxns.override.m.mode', 'rover_fxns_power_no_charge_t0p0.fxns.override.m.sub_faults', 'rover_fxns_power_no_charge_t0p0.fxns.drive.s.transfer', 'rover_fxns_power_no_charge_t0p0.fxns.drive.s.friction', 'rover_fxns_power_no_charge_t0p0.fxns.drive.s.drift', 'rover_fxns_power_no_charge_t0p0.fxns.drive.m.faults.custom', 'rover_fxns_power_no_charge_t0p0.fxns.drive.m.faults.elec_open', 'rover_fxns_power_no_charge_t0p0.fxns.drive.m.faults.stuck', 'rover_fxns_power_no_charge_t0p0.fxns.drive.m.faults.stuck_left', 'rover_fxns_power_no_charge_t0p0.fxns.drive.m.faults.stuck_right', 'rover_fxns_power_no_charge_t0p0.fxns.drive.m.sub_faults', 'rover_fxns_power_depleted_t56p0.i.finished', 'rover_fxns_power_depleted_t56p0.time', 'rover_fxns_power_depleted_t56p0.flows.ground.s.in_bound', 'rover_fxns_power_depleted_t56p0.flows.ground.c.r.probdens', 'rover_fxns_power_depleted_t56p0.flows.ground.ga.points.start.s.on', 'rover_fxns_power_depleted_t56p0.flows.ground.ga.points.start.s.near', 'rover_fxns_power_depleted_t56p0.flows.ground.ga.points.end.s.on', 'rover_fxns_power_depleted_t56p0.flows.ground.ga.points.end.s.near', 'rover_fxns_power_depleted_t56p0.flows.pos_signal.s.x', 'rover_fxns_power_depleted_t56p0.flows.pos_signal.s.y', 'rover_fxns_power_depleted_t56p0.flows.pos_signal.s.vel', 'rover_fxns_power_depleted_t56p0.flows.pos_signal.s.ux', 'rover_fxns_power_depleted_t56p0.flows.pos_signal.s.uy', 'rover_fxns_power_depleted_t56p0.flows.pos.s.x', 'rover_fxns_power_depleted_t56p0.flows.pos.s.y', 'rover_fxns_power_depleted_t56p0.flows.pos.s.vel', 'rover_fxns_power_depleted_t56p0.flows.pos.s.ux', 'rover_fxns_power_depleted_t56p0.flows.pos.s.uy', 'rover_fxns_power_depleted_t56p0.flows.ee_12.s.v', 'rover_fxns_power_depleted_t56p0.flows.ee_12.s.a', 'rover_fxns_power_depleted_t56p0.flows.ee_5.s.v', 'rover_fxns_power_depleted_t56p0.flows.ee_5.s.a', 'rover_fxns_power_depleted_t56p0.flows.ee_15.s.v', 'rover_fxns_power_depleted_t56p0.flows.ee_15.s.a', 'rover_fxns_power_depleted_t56p0.flows.video.s.lin_ux', 'rover_fxns_power_depleted_t56p0.flows.video.s.lin_uy', 'rover_fxns_power_depleted_t56p0.flows.video.s.lin_dx', 'rover_fxns_power_depleted_t56p0.flows.video.s.lin_dy', 'rover_fxns_power_depleted_t56p0.flows.video.s.quality', 'rover_fxns_power_depleted_t56p0.flows.auto_control.s.rpower', 'rover_fxns_power_depleted_t56p0.flows.auto_control.s.lpower', 'rover_fxns_power_depleted_t56p0.flows.motor_control.s.rpower', 'rover_fxns_power_depleted_t56p0.flows.motor_control.s.lpower', 'rover_fxns_power_depleted_t56p0.flows.switch.s.power', 'rover_fxns_power_depleted_t56p0.flows.comms.s.pos.x', 'rover_fxns_power_depleted_t56p0.flows.comms.s.pos.y', 'rover_fxns_power_depleted_t56p0.flows.comms.s.pos.vel', 'rover_fxns_power_depleted_t56p0.flows.comms.s.pos.ux', 'rover_fxns_power_depleted_t56p0.flows.comms.s.pos.uy', 'rover_fxns_power_depleted_t56p0.flows.comms.s.ctl.rpower', 'rover_fxns_power_depleted_t56p0.flows.comms.s.ctl.lpower', 'rover_fxns_power_depleted_t56p0.flows.comms.s.video.lin_ux', 'rover_fxns_power_depleted_t56p0.flows.comms.s.video.lin_uy', 'rover_fxns_power_depleted_t56p0.flows.comms.s.video.lin_dx', 'rover_fxns_power_depleted_t56p0.flows.comms.s.video.lin_dy', 'rover_fxns_power_depleted_t56p0.flows.comms.s.video.quality', 'rover_fxns_power_depleted_t56p0.flows.comms.s.active', 'rover_fxns_power_depleted_t56p0.flows.comms.s.on', 'rover_fxns_power_depleted_t56p0.flows.fault_sig.s.transfer', 'rover_fxns_power_depleted_t56p0.flows.fault_sig.s.friction', 'rover_fxns_power_depleted_t56p0.flows.fault_sig.s.drift', 'rover_fxns_power_depleted_t56p0.fxns.power.s.charge', 'rover_fxns_power_depleted_t56p0.fxns.power.s.power', 'rover_fxns_power_depleted_t56p0.fxns.power.m.mode', 'rover_fxns_power_depleted_t56p0.fxns.power.m.faults.depleted', 'rover_fxns_power_depleted_t56p0.fxns.power.m.faults.no_charge', 'rover_fxns_power_depleted_t56p0.fxns.power.m.faults.short', 'rover_fxns_power_depleted_t56p0.fxns.power.m.sub_faults', 'rover_fxns_power_depleted_t56p0.fxns.perception.m.mode', 'rover_fxns_power_depleted_t56p0.fxns.perception.m.faults.bad_feed', 'rover_fxns_power_depleted_t56p0.fxns.perception.m.sub_faults', 'rover_fxns_power_depleted_t56p0.fxns.plan_path.s.u_self', 'rover_fxns_power_depleted_t56p0.fxns.plan_path.s.u_lin', 'rover_fxns_power_depleted_t56p0.fxns.plan_path.s.u_lin_dev', 'rover_fxns_power_depleted_t56p0.fxns.plan_path.s.rdiff', 'rover_fxns_power_depleted_t56p0.fxns.plan_path.s.vel_adj', 'rover_fxns_power_depleted_t56p0.fxns.plan_path.m.mode', 'rover_fxns_power_depleted_t56p0.fxns.plan_path.m.faults.crash', 'rover_fxns_power_depleted_t56p0.fxns.plan_path.m.faults.no_con', 'rover_fxns_power_depleted_t56p0.fxns.plan_path.m.sub_faults', 'rover_fxns_power_depleted_t56p0.fxns.override.m.mode', 'rover_fxns_power_depleted_t56p0.fxns.override.m.sub_faults', 'rover_fxns_power_depleted_t56p0.fxns.drive.s.transfer', 'rover_fxns_power_depleted_t56p0.fxns.drive.s.friction', 'rover_fxns_power_depleted_t56p0.fxns.drive.s.drift', 'rover_fxns_power_depleted_t56p0.fxns.drive.m.faults.custom', 'rover_fxns_power_depleted_t56p0.fxns.drive.m.faults.elec_open', 'rover_fxns_power_depleted_t56p0.fxns.drive.m.faults.stuck', 'rover_fxns_power_depleted_t56p0.fxns.drive.m.faults.stuck_left', 'rover_fxns_power_depleted_t56p0.fxns.drive.m.faults.stuck_right', 'rover_fxns_power_depleted_t56p0.fxns.drive.m.sub_faults', 'rover_fxns_power_short_t56p0.i.finished', 'rover_fxns_power_short_t56p0.time', 'rover_fxns_power_short_t56p0.flows.ground.s.in_bound', 'rover_fxns_power_short_t56p0.flows.ground.c.r.probdens', 'rover_fxns_power_short_t56p0.flows.ground.ga.points.start.s.on', 'rover_fxns_power_short_t56p0.flows.ground.ga.points.start.s.near', 'rover_fxns_power_short_t56p0.flows.ground.ga.points.end.s.on', 'rover_fxns_power_short_t56p0.flows.ground.ga.points.end.s.near', 'rover_fxns_power_short_t56p0.flows.pos_signal.s.x', 'rover_fxns_power_short_t56p0.flows.pos_signal.s.y', 'rover_fxns_power_short_t56p0.flows.pos_signal.s.vel', 'rover_fxns_power_short_t56p0.flows.pos_signal.s.ux', 'rover_fxns_power_short_t56p0.flows.pos_signal.s.uy', 'rover_fxns_power_short_t56p0.flows.pos.s.x', 'rover_fxns_power_short_t56p0.flows.pos.s.y', 'rover_fxns_power_short_t56p0.flows.pos.s.vel', 'rover_fxns_power_short_t56p0.flows.pos.s.ux', 'rover_fxns_power_short_t56p0.flows.pos.s.uy', 'rover_fxns_power_short_t56p0.flows.ee_12.s.v', 'rover_fxns_power_short_t56p0.flows.ee_12.s.a', 'rover_fxns_power_short_t56p0.flows.ee_5.s.v', 'rover_fxns_power_short_t56p0.flows.ee_5.s.a', 'rover_fxns_power_short_t56p0.flows.ee_15.s.v', 'rover_fxns_power_short_t56p0.flows.ee_15.s.a', 'rover_fxns_power_short_t56p0.flows.video.s.lin_ux', 'rover_fxns_power_short_t56p0.flows.video.s.lin_uy', 'rover_fxns_power_short_t56p0.flows.video.s.lin_dx', 'rover_fxns_power_short_t56p0.flows.video.s.lin_dy', 'rover_fxns_power_short_t56p0.flows.video.s.quality', 'rover_fxns_power_short_t56p0.flows.auto_control.s.rpower', 'rover_fxns_power_short_t56p0.flows.auto_control.s.lpower', 'rover_fxns_power_short_t56p0.flows.motor_control.s.rpower', 'rover_fxns_power_short_t56p0.flows.motor_control.s.lpower', 'rover_fxns_power_short_t56p0.flows.switch.s.power', 'rover_fxns_power_short_t56p0.flows.comms.s.pos.x', 'rover_fxns_power_short_t56p0.flows.comms.s.pos.y', 'rover_fxns_power_short_t56p0.flows.comms.s.pos.vel', 'rover_fxns_power_short_t56p0.flows.comms.s.pos.ux', 'rover_fxns_power_short_t56p0.flows.comms.s.pos.uy', 'rover_fxns_power_short_t56p0.flows.comms.s.ctl.rpower', 'rover_fxns_power_short_t56p0.flows.comms.s.ctl.lpower', 'rover_fxns_power_short_t56p0.flows.comms.s.video.lin_ux', 'rover_fxns_power_short_t56p0.flows.comms.s.video.lin_uy', 'rover_fxns_power_short_t56p0.flows.comms.s.video.lin_dx', 'rover_fxns_power_short_t56p0.flows.comms.s.video.lin_dy', 'rover_fxns_power_short_t56p0.flows.comms.s.video.quality', 'rover_fxns_power_short_t56p0.flows.comms.s.active', 'rover_fxns_power_short_t56p0.flows.comms.s.on', 'rover_fxns_power_short_t56p0.flows.fault_sig.s.transfer', 'rover_fxns_power_short_t56p0.flows.fault_sig.s.friction', 'rover_fxns_power_short_t56p0.flows.fault_sig.s.drift', 'rover_fxns_power_short_t56p0.fxns.power.s.charge', 'rover_fxns_power_short_t56p0.fxns.power.s.power', 'rover_fxns_power_short_t56p0.fxns.power.m.mode', 'rover_fxns_power_short_t56p0.fxns.power.m.faults.depleted', 'rover_fxns_power_short_t56p0.fxns.power.m.faults.no_charge', 'rover_fxns_power_short_t56p0.fxns.power.m.faults.short', 'rover_fxns_power_short_t56p0.fxns.power.m.sub_faults', 'rover_fxns_power_short_t56p0.fxns.perception.m.mode', 'rover_fxns_power_short_t56p0.fxns.perception.m.faults.bad_feed', 'rover_fxns_power_short_t56p0.fxns.perception.m.sub_faults', 'rover_fxns_power_short_t56p0.fxns.plan_path.s.u_self', 'rover_fxns_power_short_t56p0.fxns.plan_path.s.u_lin', 'rover_fxns_power_short_t56p0.fxns.plan_path.s.u_lin_dev', 'rover_fxns_power_short_t56p0.fxns.plan_path.s.rdiff', 'rover_fxns_power_short_t56p0.fxns.plan_path.s.vel_adj', 'rover_fxns_power_short_t56p0.fxns.plan_path.m.mode', 'rover_fxns_power_short_t56p0.fxns.plan_path.m.faults.crash', 'rover_fxns_power_short_t56p0.fxns.plan_path.m.faults.no_con', 'rover_fxns_power_short_t56p0.fxns.plan_path.m.sub_faults', 'rover_fxns_power_short_t56p0.fxns.override.m.mode', 'rover_fxns_power_short_t56p0.fxns.override.m.sub_faults', 'rover_fxns_power_short_t56p0.fxns.drive.s.transfer', 'rover_fxns_power_short_t56p0.fxns.drive.s.friction', 'rover_fxns_power_short_t56p0.fxns.drive.s.drift', 'rover_fxns_power_short_t56p0.fxns.drive.m.faults.custom', 'rover_fxns_power_short_t56p0.fxns.drive.m.faults.elec_open', 'rover_fxns_power_short_t56p0.fxns.drive.m.faults.stuck', 'rover_fxns_power_short_t56p0.fxns.drive.m.faults.stuck_left', 'rover_fxns_power_short_t56p0.fxns.drive.m.faults.stuck_right', 'rover_fxns_power_short_t56p0.fxns.drive.m.sub_faults'])

During handling of the above exception, another exception occurred:

#x1B[31mAttributeError#x1B[39m                            Traceback (most recent call last)
#x1B[36mCell#x1B[39m#x1B[36m #x1B[39m#x1B[32mIn[27]#x1B[39m#x1B[32m, line 1#x1B[39m
#x1B[32m----&gt; #x1B[39m#x1B[32m1#x1B[39m #x1B[43mhist#x1B[49m#x1B[43m.#x1B[49m#x1B[43mnavigating_rover_fxns_power_short_t56p0#x1B[49m.flows.pos.s.x

#x1B[36mFile #x1B[39m#x1B[32m~/bamboo-agent-home/xml-data/build-dir/RAD-TEST-UVF/.venv/lib/python3.13/site-packages/fmdtools/analyze/result.py:375#x1B[39m, in #x1B[36mResult.__getattr__#x1B[39m#x1B[34m(self, argstr)#x1B[39m
#x1B[32m    373#x1B[39m     #x1B[38;5;28;01mreturn#x1B[39;00m #x1B[38;5;28mself#x1B[39m.all_with(argstr)
#x1B[32m    374#x1B[39m #x1B[38;5;28;01mexcept#x1B[39;00m #x1B[38;5;167;01mException#x1B[39;00m:
#x1B[32m--&gt; #x1B[39m#x1B[32m375#x1B[39m     #x1B[38;5;28;01mraise#x1B[39;00m #x1B[38;5;167;01mAttributeError#x1B[39;00m(#x1B[33m"#x1B[39m#x1B[33mNot in dict: #x1B[39m#x1B[33m"#x1B[39m+#x1B[38;5;28mstr#x1B[39m(argstr))

#x1B[31mAttributeError#x1B[39m: Not in dict: navigating_rover_fxns_power_short_t56p0</failure></testcase><testcase classname="examples.navigating_rover.tutorial_model_structure_visualization.ipynb" name="tutorial_model_structure_visualization.ipynb" time="51.420" /><testcase classname="examples.state_communication.Tutorial_MultiFlow_and_CommsFlow.ipynb" name="Tutorial_MultiFlow_and_CommsFlow.ipynb" time="7.115" /><testcase classname="examples.state_communication.test_multiflow.define_Tests" name="test_multiflow_combination" time="0.288" /><testcase classname="examples.state_communication.test_multiflow.define_Tests" name="test_multiflow_passing" time="0.211" /><testcase classname="examples.state_communication.test_multiflow.define_Tests" name="test_mutliflow_copying" time="0.189" /><testcase classname="examples.water_pump.demo_fault_analysis.ipynb" name="demo_fault_analysis.ipynb" time="32.192" /><testcase classname="examples.water_pump.model_main" name="examples.water_pump.model_main.accumulate" time="0.005" /><testcase classname="examples.water_pump.model_main" name="examples.water_pump.model_main.reseting_accumulate" time="0.003" /><testcase classname="examples.water_pump.test_pump.PumpTests" name="test_app_prop_values" time="1.427" /><testcase classname="examples.water_pump.test_pump.PumpTests" name="test_approach_cost_calc" time="89.271" /><testcase classname="examples.water_pump.test_pump.PumpTests" name="test_approach_parallelism" time="55.656" /><testcase classname="examples.water_pump.test_pump.PumpTests" name="test_dynamic_prop_values" time="1.166" /><testcase classname="examples.water_pump.test_pump.PumpTests" name="test_dynamic_prop_values_2" time="1.690" /><testcase classname="examples.water_pump.test_pump.PumpTests" name="test_fault_sample_isave" time="11.897" /><testcase classname="examples.water_pump.test_pump.PumpTests" name="test_fault_sample_save" time="11.018" /><testcase classname="examples.water_pump.test_pump.PumpTests" name="test_fmea_options" time="1.678" /><testcase classname="examples.water_pump.test_pump.PumpTests" name="test_hist_tracking_setup" time="0.062" /><testcase classname="examples.water_pump.test_pump.PumpTests" name="test_model_copy_different" time="7.588" /><testcase classname="examples.water_pump.test_pump.PumpTests" name="test_model_copy_same" time="15.340" /><testcase classname="examples.water_pump.test_pump.PumpTests" name="test_model_reset" time="0.002"><skipped type="pytest.skip" message="Reset not fully implemented yet and unused throughout.">/home/bamboo/bamboo-agent-home/xml-data/build-dir/RAD-TEST-UVF/examples/water_pump/test_pump.py:138: Reset not fully implemented yet and unused throughout.</skipped></testcase><testcase classname="examples.water_pump.test_pump.PumpTests" name="test_nested_sample_isave" time="118.547" /><testcase classname="examples.water_pump.test_pump.PumpTests" name="test_nested_sample_save" time="124.192" /><testcase classname="examples.water_pump.test_pump.PumpTests" name="test_nominal_save" time="1.083" /><testcase classname="examples.water_pump.test_pump.PumpTests" name="test_one_run_csv" time="0.528" /><testcase classname="examples.water_pump.test_pump.PumpTests" name="test_one_run_json" time="0.504" /><testcase classname="examples.water_pump.test_pump.PumpTests" name="test_one_run_pickle" time="0.472" /><testcase classname="examples.water_pump.test_pump.PumpTests" name="test_onefault_save" time="1.358" /><testcase classname="examples.water_pump.test_pump.PumpTests" name="test_param_sample" time="0.036" /><testcase classname="examples.water_pump.test_pump.PumpTests" name="test_param_sample_isave" time="6.842" /><testcase classname="examples.water_pump.test_pump.PumpTests" name="test_param_sample_save" time="6.746" /><testcase classname="examples.water_pump.test_pump.PumpTests" name="test_pickleability" time="7.733" /><testcase classname="examples.water_pump.test_pump.PumpTests" name="test_save_load_multfault" time="1.752" /><testcase classname="examples.water_pump.test_pump.PumpTests" name="test_single_faults_isave" time="7.174" /><testcase classname="examples.water_pump.test_pump.PumpTests" name="test_single_faults_save" time="7.257" /><testcase classname="examples.water_pump.test_pump.PumpTests" name="test_value_setting" time="0.037" /><testcase classname="examples.water_pump.test_pump.PumpTests" name="test_value_setting_dict" time="0.035" /><testcase classname="examples.water_pump.test_pump.IndivPumpTests" name="test_mutable_setup" time="0.048" /><testcase classname="examples.water_pump.test_pump_example.ImportEE_Tests" name="test_behave_inf_v" time="0.005" /><testcase classname="examples.water_pump.test_pump_example.ImportEE_Tests" name="test_behave_no_v" time="0.004" /><testcase classname="examples.water_pump.test_pump_example.ImportEE_Tests" name="test_behave_nom" time="0.004" /><testcase classname="examples.water_pump.test_pump_example.ImportEE_Tests" name="test_condfaults_hi" time="0.004" /><testcase classname="examples.water_pump.test_pump_example.ImportEE_Tests" name="test_condfaults_nom" time="0.004" /><testcase classname="examples.water_pump.test_pump_example.ImportEE_Tests" name="test_initialization" time="0.004" /><testcase classname="examples.water_pump.test_pump_example.MoveWat_Tests" name="test_condfaults_dynamic" time="0.007" /><testcase classname="examples.water_pump.test_pump_example.MoveWat_Tests" name="test_initialization" time="0.004" /><testcase classname="examples.water_pump.test_pump_example.MoveWat_Tests" name="test_nom" time="0.004" /><testcase classname="examples.water_pump.test_pump_example.Integration_Tests" name="test_blockage_results" time="0.597" /><testcase classname="examples.water_pump.test_pump_example.Integration_Tests" name="test_blockage_static" time="0.069" /><testcase classname="examples.water_pump.test_pump_example.Integration_Tests" name="test_nominal_results" time="0.281" /><testcase classname="examples.water_pump.test_pump_stochastic.StochasticPumpTests" name="test_mdl_pickle" time="79.763" /><testcase classname="examples.water_pump.test_pump_stochastic.StochasticPumpTests" name="test_model_copy_different" time="8.320" /><testcase classname="examples.water_pump.test_pump_stochastic.StochasticPumpTests" name="test_model_copy_same" time="16.231" /><testcase classname="examples.water_pump.test_pump_stochastic.StochasticPumpTests" name="test_model_reset" time="0.002"><skipped type="pytest.skip" message="Reset not fully implemented yet and unused throughout.">/home/bamboo/bamboo-agent-home/xml-data/build-dir/RAD-TEST-UVF/examples/water_pump/test_pump_stochastic.py:112: Reset not fully implemented yet and unused throughout.</skipped></testcase><testcase classname="examples.water_pump.test_pump_stochastic.StochasticPumpTests" name="test_model_set_vars" time="0.032" /><testcase classname="examples.water_pump.test_pump_stochastic.StochasticPumpTests" name="test_nested_sample_isave" time="59.684" /><testcase classname="examples.water_pump.test_pump_stochastic.StochasticPumpTests" name="test_nested_sample_save" time="63.654" /><testcase classname="examples.water_pump.test_pump_stochastic.StochasticPumpTests" name="test_param_sample_isave" time="4.328" /><testcase classname="examples.water_pump.test_pump_stochastic.StochasticPumpTests" name="test_param_sample_save" time="3.993" /><testcase classname="examples.water_pump.test_pump_stochastic.StochasticPumpTests" name="test_plot_nested_hists" time="8.794" /><testcase classname="examples.water_pump.test_pump_stochastic.StochasticPumpTests" name="test_plot_nominal_vals" time="3.185" /><testcase classname="examples.water_pump.test_pump_stochastic.StochasticPumpTests" name="test_plot_nominal_vals_xd" time="189.509" /><testcase classname="examples.water_pump.test_pump_stochastic.StochasticPumpTests" name="test_rand_paramsample_plot" time="7.881" /><testcase classname="examples.water_pump.test_pump_stochastic.StochasticPumpTests" name="test_run_approach" time="282.277" /><testcase classname="examples.water_pump.test_pump_stochastic.StochasticPumpTests" name="test_run_safety" time="18.416" /><testcase classname="examples.water_pump.test_pump_stochastic.StochasticPumpTests" name="test_set_seeds" time="0.093" /><testcase classname="examples.water_pump.test_pump_stochastic.StochasticPumpTests" name="test_stochastic_pdf" time="0.092" /><testcase classname="examples.water_pump.tutorial_fmdtools_basics.ipynb" name="tutorial_fmdtools_basics.ipynb" time="13.585" /><testcase classname="examples.water_pump.tutorial_optimization.ipynb" name="tutorial_optimization.ipynb" time="8.048"><failure message="#x1B[31mModuleNotFoundError#x1B[39m: No module named 'fmdtools_examples.water_pump.water_model_stochastic'">---------------------------------------------------------------------------
from fmdtools.sim.sample import ParameterDomain
from fmdtools_examples.water_pump.water_model_stochastic import PumpParam
pd = ParameterDomain(PumpParam)
pd.add_variables("delay")
pd(4)
#x1B[31m---------------------------------------------------------------------------#x1B[39m
#x1B[31mModuleNotFoundError#x1B[39m                       Traceback (most recent call last)
#x1B[36mCell#x1B[39m#x1B[36m #x1B[39m#x1B[32mIn[24]#x1B[39m#x1B[32m, line 2#x1B[39m
#x1B[32m      1#x1B[39m #x1B[38;5;28;01mfrom#x1B[39;00m#x1B[38;5;250m #x1B[39m#x1B[34;01mfmdtools#x1B[39;00m#x1B[34;01m.#x1B[39;00m#x1B[34;01msim#x1B[39;00m#x1B[34;01m.#x1B[39;00m#x1B[34;01msample#x1B[39;00m#x1B[38;5;250m #x1B[39m#x1B[38;5;28;01mimport#x1B[39;00m ParameterDomain
#x1B[32m----&gt; #x1B[39m#x1B[32m2#x1B[39m #x1B[38;5;28;01mfrom#x1B[39;00m#x1B[38;5;250m #x1B[39m#x1B[34;01mfmdtools_examples#x1B[39;00m#x1B[34;01m.#x1B[39;00m#x1B[34;01mwater_pump#x1B[39;00m#x1B[34;01m.#x1B[39;00m#x1B[34;01mwater_model_stochastic#x1B[39;00m#x1B[38;5;250m #x1B[39m#x1B[38;5;28;01mimport#x1B[39;00m PumpParam
#x1B[32m      3#x1B[39m pd = ParameterDomain(PumpParam)
#x1B[32m      4#x1B[39m pd.add_variables(#x1B[33m"#x1B[39m#x1B[33mdelay#x1B[39m#x1B[33m"#x1B[39m)

#x1B[31mModuleNotFoundError#x1B[39m: No module named 'fmdtools_examples.water_pump.water_model_stochastic'</failure></testcase><testcase classname="examples.water_pump.tutorial_parallelism.ipynb" name="tutorial_parallelism.ipynb" time="154.381" /><testcase classname="src.fmdtools.analyze.common" name="fmdtools.analyze.common.auto_filetype" time="0.010" /><testcase classname="src.fmdtools.analyze.common" name="fmdtools.analyze.common.calc_average" time="0.003" /><testcase classname="src.fmdtools.analyze.common" name="fmdtools.analyze.common.calc_expected" time="0.003" /><testcase classname="src.fmdtools.analyze.common" name="fmdtools.analyze.common.calc_metric" time="0.004" /><testcase classname="src.fmdtools.analyze.common" name="fmdtools.analyze.common.calc_metric_ci" time="0.026" /><testcase classname="src.fmdtools.analyze.common" name="fmdtools.analyze.common.calc_percent" time="0.003" /><testcase classname="src.fmdtools.analyze.common" name="fmdtools.analyze.common.calc_rate" time="0.003" /><testcase classname="src.fmdtools.analyze.common" name="fmdtools.analyze.common.calc_sum" time="0.004" /><testcase classname="src.fmdtools.analyze.common" name="fmdtools.analyze.common.calc_total" time="0.004" /><testcase classname="src.fmdtools.analyze.common" name="fmdtools.analyze.common.create_indiv_filename" time="0.004" /><testcase classname="src.fmdtools.analyze.common" name="fmdtools.analyze.common.diff" time="0.004" /><testcase classname="src.fmdtools.analyze.common" name="fmdtools.analyze.common.join_key" time="0.004" /><testcase classname="src.fmdtools.analyze.common" name="fmdtools.analyze.common.to_include_keys" time="0.004" /><testcase classname="src.fmdtools.analyze.graph.base" name="fmdtools.analyze.graph.base.Graph" time="0.776" /><testcase classname="src.fmdtools.analyze.graph.base" name="fmdtools.analyze.graph.base.Graph._get_edge_style" time="0.005" /><testcase classname="src.fmdtools.analyze.graph.base" name="fmdtools.analyze.graph.base.Graph._get_node_style" time="0.003" /><testcase classname="src.fmdtools.analyze.graph.base" name="fmdtools.analyze.graph.base.Graph.add_node_groups" time="0.168" /><testcase classname="src.fmdtools.analyze.graph.base" name="fmdtools.analyze.graph.base.Graph.compare_with" time="0.154" /><testcase classname="src.fmdtools.analyze.graph.base" name="fmdtools.analyze.graph.base.Graph.draw_drawio" time="0.026" /><testcase classname="src.fmdtools.analyze.graph.base" name="fmdtools.analyze.graph.base.Graph.get_node_percentiles" time="0.006" /><testcase classname="src.fmdtools.analyze.graph.base" name="fmdtools.analyze.graph.base.Graph.plot_node_percentiles" time="0.663" /><testcase classname="src.fmdtools.analyze.graph.base" name="fmdtools.analyze.graph.base.Graph.set_heatmap" time="0.177" /><testcase classname="src.fmdtools.analyze.graph.base" name="fmdtools.analyze.graph.base.Graph.summary" time="0.007" /><testcase classname="src.fmdtools.analyze.graph.model" name="fmdtools.analyze.graph.model.ModelGraph" time="0.012" /><testcase classname="src.fmdtools.analyze.graph.model" name="fmdtools.analyze.graph.model.create_inheritance_subgraph" time="0.005" /><testcase classname="src.fmdtools.analyze.graph.style" name="fmdtools.analyze.graph.style.FlowEdgeStyle" time="0.003" /><testcase classname="src.fmdtools.analyze.graph.style" name="fmdtools.analyze.graph.style.edge_style_factory" time="0.824" /><testcase classname="src.fmdtools.analyze.graph.style" name="fmdtools.analyze.graph.style.node_style_factory" time="1.382" /><testcase classname="src.fmdtools.analyze.graph.style" name="fmdtools.analyze.graph.style.to_legend_label" time="0.003" /><testcase classname="src.fmdtools.analyze.history" name="fmdtools.analyze.history.History" time="0.005" /><testcase classname="src.fmdtools.analyze.history" name="fmdtools.analyze.history.History.cut" time="0.003" /><testcase classname="src.fmdtools.analyze.history" name="fmdtools.analyze.history.History.get_degraded_hist" time="0.004" /><testcase classname="src.fmdtools.analyze.history" name="fmdtools.analyze.history.History.get_fault_time" time="0.003" /><testcase classname="src.fmdtools.analyze.history" name="fmdtools.analyze.history.History.get_faulty_hist" time="0.004" /><testcase classname="src.fmdtools.analyze.history" name="fmdtools.analyze.history.History.get_mean_bound_errhist" time="0.005" /><testcase classname="src.fmdtools.analyze.history" name="fmdtools.analyze.history.History.get_mean_ci_errhist" time="0.013" /><testcase classname="src.fmdtools.analyze.history" name="fmdtools.analyze.history.History.get_mean_std_errhist" time="0.004" /><testcase classname="src.fmdtools.analyze.history" name="fmdtools.analyze.history.History.get_percentile_errhist" time="0.008" /><testcase classname="src.fmdtools.analyze.history" name="fmdtools.analyze.history.History.get_slice" time="0.003" /><testcase classname="src.fmdtools.analyze.phases" name="fmdtools.analyze.phases.PhaseMap.calc_modephase_time" time="0.002" /><testcase classname="src.fmdtools.analyze.phases" name="fmdtools.analyze.phases.PhaseMap.calc_phase_time" time="0.002" /><testcase classname="src.fmdtools.analyze.phases" name="fmdtools.analyze.phases.PhaseMap.calc_samples_in_phases" time="0.003" /><testcase classname="src.fmdtools.analyze.phases" name="fmdtools.analyze.phases.PhaseMap.find_modephase" time="0.002" /><testcase classname="src.fmdtools.analyze.phases" name="fmdtools.analyze.phases.PhaseMap.get_phase_times" time="0.003" /><testcase classname="src.fmdtools.analyze.phases" name="fmdtools.analyze.phases.PhaseMap.get_sample_times" time="0.003" /><testcase classname="src.fmdtools.analyze.phases" name="fmdtools.analyze.phases.find_interval_overlap" time="0.003" /><testcase classname="src.fmdtools.analyze.phases" name="fmdtools.analyze.phases.from_hist" time="0.003" /><testcase classname="src.fmdtools.analyze.phases" name="fmdtools.analyze.phases.join_phasemaps" time="0.003" /><testcase classname="src.fmdtools.analyze.result" name="fmdtools.analyze.result.Result" time="0.003" /><testcase classname="src.fmdtools.analyze.result" name="fmdtools.analyze.result.Result.__eq__" time="0.003" /><testcase classname="src.fmdtools.analyze.result" name="fmdtools.analyze.result.Result.__sub__" time="0.003" /><testcase classname="src.fmdtools.analyze.result" name="fmdtools.analyze.result.Result.align_external_dict" time="0.003" /><testcase classname="src.fmdtools.analyze.result" name="fmdtools.analyze.result.Result.fromdict" time="0.003" /><testcase classname="src.fmdtools.analyze.result" name="fmdtools.analyze.result.Result.get" time="0.003" /><testcase classname="src.fmdtools.analyze.result" name="fmdtools.analyze.result.Result.get_metric" time="0.005" /><testcase classname="src.fmdtools.analyze.result" name="fmdtools.analyze.result.Result.get_metric_ci" time="0.010" /><testcase classname="src.fmdtools.analyze.result" name="fmdtools.analyze.result.Result.get_vals" time="0.003" /><testcase classname="src.fmdtools.analyze.result" name="fmdtools.analyze.result.Result.is_flat" time="0.002" /><testcase classname="src.fmdtools.analyze.tabulate" name="fmdtools.analyze.tabulate.Comparison" time="0.823" /><testcase classname="src.fmdtools.analyze.tabulate" name="fmdtools.analyze.tabulate.FMEA" time="0.047" /><testcase classname="src.fmdtools.analyze.tabulate" name="fmdtools.analyze.tabulate.result_summary" time="0.231" /><testcase classname="src.fmdtools.analyze.tabulate" name="fmdtools.analyze.tabulate.result_summary_fmea" time="1.016" /><testcase classname="src.fmdtools.define.architecture.action" name="fmdtools.define.architecture.action.ActionArchitecture" time="0.012" /><testcase classname="src.fmdtools.define.architecture.action" name="fmdtools.define.architecture.action.ActionArchitectureActGraph" time="0.006" /><testcase classname="src.fmdtools.define.architecture.action" name="fmdtools.define.architecture.action.ActionArchitectureFlowGraph" time="0.006" /><testcase classname="src.fmdtools.define.architecture.action" name="fmdtools.define.architecture.action.ActionArchitectureGraph" time="0.007" /><testcase classname="src.fmdtools.define.architecture.base" name="fmdtools.define.architecture.base.Architecture.as_drawio" time="0.034" /><testcase classname="src.fmdtools.define.architecture.component" name="fmdtools.define.architecture.component.ComponentArchitecture" time="0.011" /><testcase classname="src.fmdtools.define.architecture.function" name="fmdtools.define.architecture.function.FunctionArchitecture" time="0.013" /><testcase classname="src.fmdtools.define.architecture.function" name="fmdtools.define.architecture.function.FunctionArchitectureFlowGraph" time="0.010" /><testcase classname="src.fmdtools.define.architecture.function" name="fmdtools.define.architecture.function.FunctionArchitectureFxnGraph" time="0.010" /><testcase classname="src.fmdtools.define.architecture.function" name="fmdtools.define.architecture.function.FunctionArchitectureGraph" time="0.014" /><testcase classname="src.fmdtools.define.architecture.function" name="fmdtools.define.architecture.function.FunctionArchitectureTypeGraph" time="0.007" /><testcase classname="src.fmdtools.define.architecture.geom" name="fmdtools.define.architecture.geom.GeomArchitecture" time="0.008" /><testcase classname="src.fmdtools.define.architecture.geom" name="fmdtools.define.architecture.geom.GeomArchitecture.all_at" time="0.012" /><testcase classname="src.fmdtools.define.base" name="fmdtools.define.base.is_bool" time="0.003" /><testcase classname="src.fmdtools.define.base" name="fmdtools.define.base.is_numeric" time="0.003" /><testcase classname="src.fmdtools.define.base" name="fmdtools.define.base.nan_to_x" time="0.002" /><testcase classname="src.fmdtools.define.block.action" name="fmdtools.define.block.action.Action" time="0.006" /><testcase classname="src.fmdtools.define.block.base" name="fmdtools.define.block.base.SimParam.get_hist_ind" time="0.003" /><testcase classname="src.fmdtools.define.block.base" name="fmdtools.define.block.base.SimParam.get_timerange" time="0.003" /><testcase classname="src.fmdtools.define.block.component" name="fmdtools.define.block.component.Component" time="0.008" /><testcase classname="src.fmdtools.define.block.function" name="fmdtools.define.block.function.Function" time="0.007" /><testcase classname="src.fmdtools.define.container.base" name="fmdtools.define.container.base.BaseContainer.assign" time="0.004" /><testcase classname="src.fmdtools.define.container.base" name="fmdtools.define.container.base.BaseContainer.copy" time="0.003" /><testcase classname="src.fmdtools.define.container.base" name="fmdtools.define.container.base.BaseContainer.create_hist" time="0.003" /><testcase classname="src.fmdtools.define.container.base" name="fmdtools.define.container.base.BaseContainer.get_field_dict" time="0.003" /><testcase classname="src.fmdtools.define.container.base" name="fmdtools.define.container.base.BaseContainer.set_field" time="0.003" /><testcase classname="src.fmdtools.define.container.base" name="fmdtools.define.container.base.BaseContainer.to_default" time="0.003" /><testcase classname="src.fmdtools.define.container.base" name="fmdtools.define.container.base.check_container_pick" time="0.003" /><testcase classname="src.fmdtools.define.container.mode" name="fmdtools.define.container.mode.Fault.calc_rate" time="0.003" /><testcase classname="src.fmdtools.define.container.mode" name="fmdtools.define.container.mode.HumanErrorMode" time="0.005" /><testcase classname="src.fmdtools.define.container.mode" name="fmdtools.define.container.mode.Mode" time="0.003" /><testcase classname="src.fmdtools.define.container.mode" name="fmdtools.define.container.mode.Mode.add_fault" time="0.004" /><testcase classname="src.fmdtools.define.container.mode" name="fmdtools.define.container.mode.Mode.get_fault" time="0.003" /><testcase classname="src.fmdtools.define.container.parameter" name="fmdtools.define.container.parameter.Parameter" time="0.003" /><testcase classname="src.fmdtools.define.container.rand" name="fmdtools.define.container.rand.Rand" time="0.005" /><testcase classname="src.fmdtools.define.container.rand" name="fmdtools.define.container.rand.Rand.get_rand_states" time="0.003" /><testcase classname="src.fmdtools.define.container.rand" name="fmdtools.define.container.rand.calc_prob_density_for_random" time="0.003" /><testcase classname="src.fmdtools.define.container.rand" name="fmdtools.define.container.rand.calc_prob_for_choice" time="0.003" /><testcase classname="src.fmdtools.define.container.rand" name="fmdtools.define.container.rand.calc_prob_for_integers" time="0.003" /><testcase classname="src.fmdtools.define.container.rand" name="fmdtools.define.container.rand.calc_prob_for_permuted" time="0.003" /><testcase classname="src.fmdtools.define.container.rand" name="fmdtools.define.container.rand.calc_prob_for_shuffle_permutation" time="0.002" /><testcase classname="src.fmdtools.define.container.rand" name="fmdtools.define.container.rand.get_exp_ray_pdf" time="0.003" /><testcase classname="src.fmdtools.define.container.rand" name="fmdtools.define.container.rand.get_hypergeometric_pmf" time="0.004" /><testcase classname="src.fmdtools.define.container.rand" name="fmdtools.define.container.rand.get_lognormal_pdf" time="0.003" /><testcase classname="src.fmdtools.define.container.rand" name="fmdtools.define.container.rand.get_prob_for_rand" time="0.003" /><testcase classname="src.fmdtools.define.container.rand" name="fmdtools.define.container.rand.get_standard_t_pdf" time="0.003" /><testcase classname="src.fmdtools.define.container.rand" name="fmdtools.define.container.rand.get_triangular_pdf" time="0.005" /><testcase classname="src.fmdtools.define.container.state" name="fmdtools.define.container.state.State" time="0.003" /><testcase classname="src.fmdtools.define.container.state" name="fmdtools.define.container.state.State.add" time="0.002" /><testcase classname="src.fmdtools.define.container.state" name="fmdtools.define.container.state.State.div" time="0.002" /><testcase classname="src.fmdtools.define.container.state" name="fmdtools.define.container.state.State.get" time="0.003" /><testcase classname="src.fmdtools.define.container.state" name="fmdtools.define.container.state.State.gett" time="0.003" /><testcase classname="src.fmdtools.define.container.state" name="fmdtools.define.container.state.State.inc" time="0.003" /><testcase classname="src.fmdtools.define.container.state" name="fmdtools.define.container.state.State.limit" time="0.002" /><testcase classname="src.fmdtools.define.container.state" name="fmdtools.define.container.state.State.mul" time="0.002" /><testcase classname="src.fmdtools.define.container.state" name="fmdtools.define.container.state.State.put" time="0.003" /><testcase classname="src.fmdtools.define.container.state" name="fmdtools.define.container.state.State.roundto" time="0.002" /><testcase classname="src.fmdtools.define.container.state" name="fmdtools.define.container.state.State.same" time="0.003" /><testcase classname="src.fmdtools.define.container.state" name="fmdtools.define.container.state.State.set_atts" time="0.002" /><testcase classname="src.fmdtools.define.container.state" name="fmdtools.define.container.state.State.sub" time="0.002" /><testcase classname="src.fmdtools.define.container.time" name="fmdtools.define.container.time.Time" time="0.004" /><testcase classname="src.fmdtools.define.environment" name="fmdtools.define.environment.Environment" time="0.016" /><testcase classname="src.fmdtools.define.environment" name="fmdtools.define.environment.Environment.copy" time="0.079" /><testcase classname="src.fmdtools.define.flow.base" name="fmdtools.define.flow.base.Flow" time="0.004" /><testcase classname="src.fmdtools.define.flow.commsflow" name="fmdtools.define.flow.commsflow.CommsFlow" time="0.004" /><testcase classname="src.fmdtools.define.flow.multiflow" name="fmdtools.define.flow.multiflow.MultiFlow" time="0.004" /><testcase classname="src.fmdtools.define.flow.multiflow" name="fmdtools.define.flow.multiflow.MultiFlow.create_hist" time="0.004" /><testcase classname="src.fmdtools.define.flow.multiflow" name="fmdtools.define.flow.multiflow.MultiFlow.get_view" time="0.003" /><testcase classname="src.fmdtools.define.object.base" name="fmdtools.define.object.base.BaseObject" time="0.005" /><testcase classname="src.fmdtools.define.object.base" name="fmdtools.define.object.base.BaseObject.assign_roles" time="0.004" /><testcase classname="src.fmdtools.define.object.base" name="fmdtools.define.object.base.BaseObject.get_att_roletype" time="0.003" /><testcase classname="src.fmdtools.define.object.base" name="fmdtools.define.object.base.BaseObject.get_node_attrs" time="0.003" /><testcase classname="src.fmdtools.define.object.coords" name="fmdtools.define.object.coords.BaseCoords.find_all_prop" time="0.004" /><testcase classname="src.fmdtools.define.object.coords" name="fmdtools.define.object.coords.BaseCoords.find_all_props" time="0.005" /><testcase classname="src.fmdtools.define.object.coords" name="fmdtools.define.object.coords.BaseCoords.get" time="0.003" /><testcase classname="src.fmdtools.define.object.coords" name="fmdtools.define.object.coords.BaseCoords.get_neighbors" time="0.008" /><testcase classname="src.fmdtools.define.object.coords" name="fmdtools.define.object.coords.BaseCoords.get_properties" time="0.003" /><testcase classname="src.fmdtools.define.object.coords" name="fmdtools.define.object.coords.BaseCoords.set" time="0.003" /><testcase classname="src.fmdtools.define.object.coords" name="fmdtools.define.object.coords.BaseCoords.set_pts" time="0.004" /><testcase classname="src.fmdtools.define.object.coords" name="fmdtools.define.object.coords.BaseCoords.set_range" time="0.007" /><testcase classname="src.fmdtools.define.object.coords" name="fmdtools.define.object.coords.BaseCoords.to_gridpoint" time="0.004" /><testcase classname="src.fmdtools.define.object.coords" name="fmdtools.define.object.coords.BaseCoords.to_index" time="0.003" /><testcase classname="src.fmdtools.define.object.coords" name="fmdtools.define.object.coords.Coords" time="0.007" /><testcase classname="src.fmdtools.define.object.coords" name="fmdtools.define.object.coords.Coords.copy" time="0.005" /><testcase classname="src.fmdtools.define.object.coords" name="fmdtools.define.object.coords.Coords.find_all" time="0.005" /><testcase classname="src.fmdtools.define.object.coords" name="fmdtools.define.object.coords.Coords.find_closest" time="0.004" /><testcase classname="src.fmdtools.define.object.coords" name="fmdtools.define.object.coords.Coords.in_area" time="0.004" /><testcase classname="src.fmdtools.define.object.coords" name="fmdtools.define.object.coords.Coords.set_rand_pts" time="0.004" /><testcase classname="src.fmdtools.define.object.coords" name="fmdtools.define.object.coords.MetricCoords" time="0.004" /><testcase classname="src.fmdtools.define.object.geom" name="fmdtools.define.object.geom.Geom.all_at" time="0.005" /><testcase classname="src.fmdtools.define.object.geom" name="fmdtools.define.object.geom.Geom.vect_at_shape" time="0.004" /><testcase classname="src.fmdtools.define.object.geom" name="fmdtools.define.object.geom.Geom.vect_to_shape" time="0.005" /><testcase classname="src.fmdtools.define.object.geom" name="fmdtools.define.object.geom.GeomLine" time="0.005" /><testcase classname="src.fmdtools.define.object.geom" name="fmdtools.define.object.geom.GeomLine.get_args" time="0.003" /><testcase classname="src.fmdtools.define.object.geom" name="fmdtools.define.object.geom.GeomPoint" time="0.005" /><testcase classname="src.fmdtools.define.object.geom" name="fmdtools.define.object.geom.GeomPoint.get_args" time="0.003" /><testcase classname="src.fmdtools.define.object.geom" name="fmdtools.define.object.geom.GeomPoly" time="0.004" /><testcase classname="src.fmdtools.define.object.geom" name="fmdtools.define.object.geom.GeomPoly.get_args" time="0.003" /><testcase classname="src.fmdtools.define.object.geom" name="fmdtools.define.object.geom.LineParam" time="0.003" /><testcase classname="src.fmdtools.define.object.geom" name="fmdtools.define.object.geom.PointParam" time="0.003" /><testcase classname="src.fmdtools.define.object.geom" name="fmdtools.define.object.geom.PolyParam" time="0.003" /><testcase classname="src.fmdtools.define.object.timer" name="fmdtools.define.object.timer.Timer" time="0.003" /><testcase classname="src.fmdtools.sim.propagate" name="fmdtools.sim.propagate.MultiEventSimulation" time="1.843" /><testcase classname="src.fmdtools.sim.propagate" name="fmdtools.sim.propagate.MultiSimulation" time="1.297" /><testcase classname="src.fmdtools.sim.propagate" name="fmdtools.sim.propagate.NestedSimulation" time="0.658" /><testcase classname="src.fmdtools.sim.propagate" name="fmdtools.sim.propagate.SimEvent" time="0.010" /><testcase classname="src.fmdtools.sim.propagate" name="fmdtools.sim.propagate.Simulation" time="0.082" /><testcase classname="src.fmdtools.sim.sample" name="fmdtools.sim.sample.BaseSample.get_metric" time="0.007" /><testcase classname="src.fmdtools.sim.sample" name="fmdtools.sim.sample.FaultDomain.add_all" time="0.008" /><testcase classname="src.fmdtools.sim.sample" name="fmdtools.sim.sample.FaultDomain.add_all_fxn_modes" time="0.008" /><testcase classname="src.fmdtools.sim.sample" name="fmdtools.sim.sample.FaultDomain.add_all_fxnclass_modes" time="0.008" /><testcase classname="src.fmdtools.sim.sample" name="fmdtools.sim.sample.FaultDomain.add_fault" time="0.008" /><testcase classname="src.fmdtools.sim.sample" name="fmdtools.sim.sample.FaultDomain.add_fault_space" time="0.009" /><testcase classname="src.fmdtools.sim.sample" name="fmdtools.sim.sample.FaultDomain.add_faults" time="0.007" /><testcase classname="src.fmdtools.sim.sample" name="fmdtools.sim.sample.FaultDomain.add_singlecomp_modes" time="0.047" /><testcase classname="src.fmdtools.sim.sample" name="fmdtools.sim.sample.FaultSample" time="0.004" /><testcase classname="src.fmdtools.sim.sample" name="fmdtools.sim.sample.FaultSample.add_fault_phases" time="0.045" /><testcase classname="src.fmdtools.sim.sample" name="fmdtools.sim.sample.FaultSample.add_fault_times" time="0.047" /><testcase classname="src.fmdtools.sim.sample" name="fmdtools.sim.sample.FaultSample.add_joint_fault_scenario" time="0.046" /><testcase classname="src.fmdtools.sim.sample" name="fmdtools.sim.sample.FaultSample.add_single_fault_scenario" time="0.044" /><testcase classname="src.fmdtools.sim.sample" name="fmdtools.sim.sample.ParameterDomain" time="0.006" /><testcase classname="src.fmdtools.sim.sample" name="fmdtools.sim.sample.ParameterDomain.get_var_iters" time="0.003" /><testcase classname="src.fmdtools.sim.sample" name="fmdtools.sim.sample.ParameterHistSample" time="0.004" /><testcase classname="src.fmdtools.sim.sample" name="fmdtools.sim.sample.ParameterResultSample" time="0.004" /><testcase classname="src.fmdtools.sim.sample" name="fmdtools.sim.sample.ParameterSample.add_variable_ranges" time="0.004" /><testcase classname="src.fmdtools.sim.sample" name="fmdtools.sim.sample.ParameterSample.add_variable_replicates" time="0.003" /><testcase classname="src.fmdtools.sim.sample" name="fmdtools.sim.sample.ParameterSample.add_variable_scenario" time="0.003" /><testcase classname="src.fmdtools.sim.sample" name="fmdtools.sim.sample.ParameterSample.combine_orthogonal" time="0.003" /><testcase classname="src.fmdtools.sim.sample" name="fmdtools.sim.sample.ParameterSample.combine_product" time="0.003" /><testcase classname="src.fmdtools.sim.sample" name="fmdtools.sim.sample.ParameterSample.combine_random" time="0.003" /><testcase classname="src.fmdtools.sim.sample" name="fmdtools.sim.sample.SampleApproach.add_faultdomain" time="0.055" /><testcase classname="src.fmdtools.sim.sample" name="fmdtools.sim.sample.SampleApproach.add_faultsample" time="0.085" /><testcase classname="src.fmdtools.sim.sample" name="fmdtools.sim.sample.combine_orthogonal" time="0.003" /><testcase classname="src.fmdtools.sim.sample" name="fmdtools.sim.sample.combine_random" time="0.003" /><testcase classname="src.fmdtools.sim.sample" name="fmdtools.sim.sample.sample_times_even" time="0.003" /><testcase classname="src.fmdtools.sim.sample" name="fmdtools.sim.sample.sample_times_quad" time="0.003" /><testcase classname="src.fmdtools.sim.scenario" name="fmdtools.sim.scenario.Sequence" time="0.003" /><testcase classname="src.fmdtools.sim.scenario" name="fmdtools.sim.scenario.Sequence.update_sequence" time="0.002" /><testcase classname="src.fmdtools.sim.scenario" name="fmdtools.sim.scenario.SingleFaultScenario.from_fault" time="0.003" /><testcase classname="src.fmdtools.sim.search" name="fmdtools.sim.search.BaseProblem.get_opt_hist" time="0.003" /><testcase classname="src.fmdtools.sim.search" name="fmdtools.sim.search.DisturbanceProblem" time="0.022" /><testcase classname="src.fmdtools.sim.search" name="fmdtools.sim.search.HistoryObjective" time="0.003" /><testcase classname="src.fmdtools.sim.search" name="fmdtools.sim.search.ParameterSimProblem" time="0.099" /><testcase classname="src.fmdtools.sim.search" name="fmdtools.sim.search.ProblemArchitecture" time="0.051" /><testcase classname="src.fmdtools.sim.search" name="fmdtools.sim.search.ProblemArchitecture.update_full_problem" time="0.032" /><testcase classname="src.fmdtools.sim.search" name="fmdtools.sim.search.ProblemArchitecture.update_problem" time="0.021" /><testcase classname="src.fmdtools.sim.search" name="fmdtools.sim.search.ResultConstraint.con_from_value" time="0.003" /><testcase classname="src.fmdtools.sim.search" name="fmdtools.sim.search.ResultObjective.get_result_value" time="0.003" /><testcase classname="src.fmdtools.sim.search" name="fmdtools.sim.search.SimpleProblem" time="0.003" /><testcase classname="src.fmdtools.sim.search" name="fmdtools.sim.search.SingleFaultScenarioProblem" time="0.024" /><testcase classname="tests.test_graph.ModelGraphTests" name="test_compare_with" time="0.075" /><testcase classname="tests.test_graph.ModelGraphTests" name="test_fault_plot" time="0.710" /><testcase classname="tests.test_graph.ModelGraphTests" name="test_flowgraph_plot" time="0.672" /><testcase classname="tests.test_graph.ModelGraphTests" name="test_fxngraph_plot" time="0.408" /><testcase classname="tests.test_graph.ModelGraphTests" name="test_modelgraph_plot" time="0.564" /><testcase classname="tests.test_graph.ModelGraphTests" name="test_plot_centrality" time="0.619" /><testcase classname="tests.test_graph.ModelGraphTests" name="test_result_from_plot" time="0.620" /><testcase classname="tests.test_graph.ModelGraphTests" name="test_summary" time="0.053" /><testcase classname="tests.test_graph.ModelGraphTests" name="test_typegraph_plot" time="0.166" /><testcase classname="tests.test_hierarchical.define_Tests" name="test_arg_passdown" time="0.020" /><testcase classname="tests.test_hierarchical.define_Tests" name="test_fault_injection" time="0.008" /><testcase classname="tests.test_hierarchical.define_Tests" name="test_prop_method" time="0.376" /><testcase classname="tests.test_hierarchical.define_Tests" name="test_propagation" time="0.013" /><testcase classname="tests.test_packages.define_Tests" name="test_pdf_translation_options" time="0.009" /></testsuite></testsuites>