<?xml version="1.0" encoding="utf-8"?><testsuites name="pytest tests"><testsuite name="pytest" errors="41" failures="0" skipped="0" tests="41" time="19.926" timestamp="2026-03-03T13:05:15.391098-08:00" hostname="bamboo-r1.ndc.nasa.gov"><testcase classname="" name="conf" time="0.000"><error message="collection failure">ImportError while importing test module '/home/bamboo/bamboo-agent-home/xml-data/build-dir/RAD-TEST-UVF/conf.py'.
Hint: make sure your test modules/packages have valid Python names.
Traceback:
../../../../.local/share/uv/python/cpython-3.13.9-linux-x86_64-gnu/lib/python3.13/importlib/__init__.py:88: in import_module
    return _bootstrap._gcd_import(name[level:], package, level)
           ^^^^^^^^^^^^^^^^^^^^^^^^^^^^^^^^^^^^^^^^^^^^^^^^^^^^
conf.py:24: in &lt;module&gt;
    from myst_sphinx_gallery import GalleryConfig, FilesConfig, GalleryThumbnailConfig
E   ModuleNotFoundError: No module named 'myst_sphinx_gallery'</error></testcase><testcase classname="" name="examples.airport_taxiway.model_main" time="0.000"><error message="collection failure">import file mismatch:
imported module 'model_main' has this __file__ attribute:
  /home/bamboo/bamboo-agent-home/xml-data/build-dir/RAD-TEST-UVF/docs/_downloads/830c0c682cb73d46a39f46d7c7778c66/model_main.py
which is not the same as the test file we want to collect:
  /home/bamboo/bamboo-agent-home/xml-data/build-dir/RAD-TEST-UVF/examples/airport_taxiway/model_main.py
HINT: remove __pycache__ / .pyc files and/or use a unique basename for your test file modules</error></testcase><testcase classname="" name="examples.airport_taxiway.test_model" time="0.000"><error message="collection failure">ImportError while importing test module '/home/bamboo/bamboo-agent-home/xml-data/build-dir/RAD-TEST-UVF/examples/airport_taxiway/test_model.py'.
Hint: make sure your test modules/packages have valid Python names.
Traceback:
../../../../.local/share/uv/python/cpython-3.13.9-linux-x86_64-gnu/lib/python3.13/importlib/__init__.py:88: in import_module
    return _bootstrap._gcd_import(name[level:], package, level)
           ^^^^^^^^^^^^^^^^^^^^^^^^^^^^^^^^^^^^^^^^^^^^^^^^^^^^
examples/airport_taxiway/test_model.py:20: in &lt;module&gt;
    from model_main import taxiway_model
E   ImportError: cannot import name 'taxiway_model' from 'model_main' (/home/bamboo/bamboo-agent-home/xml-data/build-dir/RAD-TEST-UVF/docs/_downloads/830c0c682cb73d46a39f46d7c7778c66/model_main.py)</error><error message="collection failure">ImportError while importing test module '/home/bamboo/bamboo-agent-home/xml-data/build-dir/RAD-TEST-UVF/examples/airport_taxiway/test_model.py'.
Hint: make sure your test modules/packages have valid Python names.
Traceback:
../../../../.local/share/uv/python/cpython-3.13.9-linux-x86_64-gnu/lib/python3.13/importlib/__init__.py:88: in import_module
    return _bootstrap._gcd_import(name[level:], package, level)
           ^^^^^^^^^^^^^^^^^^^^^^^^^^^^^^^^^^^^^^^^^^^^^^^^^^^^
examples/airport_taxiway/test_model.py:20: in &lt;module&gt;
    from model_main import taxiway_model
E   ImportError: cannot import name 'taxiway_model' from 'model_main' (/home/bamboo/bamboo-agent-home/xml-data/build-dir/RAD-TEST-UVF/docs/_downloads/830c0c682cb73d46a39f46d7c7778c66/model_main.py)</error></testcase><testcase classname="" name="src.fmdtools.analyze.common" time="0.000"><error message="collection failure">import file mismatch:
imported module 'fmdtools.analyze.common' has this __file__ attribute:
  /home/bamboo/bamboo-agent-home/xml-data/build-dir/RAD-TEST-UVF/.venv/lib/python3.13/site-packages/fmdtools/analyze/common.py
which is not the same as the test file we want to collect:
  /home/bamboo/bamboo-agent-home/xml-data/build-dir/RAD-TEST-UVF/src/fmdtools/analyze/common.py
HINT: remove __pycache__ / .pyc files and/or use a unique basename for your test file modules</error></testcase><testcase classname="" name="src.fmdtools.analyze.graph.base" time="0.000"><error message="collection failure">import file mismatch:
imported module 'fmdtools.analyze.graph.base' has this __file__ attribute:
  /home/bamboo/bamboo-agent-home/xml-data/build-dir/RAD-TEST-UVF/.venv/lib/python3.13/site-packages/fmdtools/analyze/graph/base.py
which is not the same as the test file we want to collect:
  /home/bamboo/bamboo-agent-home/xml-data/build-dir/RAD-TEST-UVF/src/fmdtools/analyze/graph/base.py
HINT: remove __pycache__ / .pyc files and/or use a unique basename for your test file modules</error></testcase><testcase classname="" name="src.fmdtools.analyze.graph.label" time="0.000"><error message="collection failure">import file mismatch:
imported module 'fmdtools.analyze.graph.label' has this __file__ attribute:
  /home/bamboo/bamboo-agent-home/xml-data/build-dir/RAD-TEST-UVF/.venv/lib/python3.13/site-packages/fmdtools/analyze/graph/label.py
which is not the same as the test file we want to collect:
  /home/bamboo/bamboo-agent-home/xml-data/build-dir/RAD-TEST-UVF/src/fmdtools/analyze/graph/label.py
HINT: remove __pycache__ / .pyc files and/or use a unique basename for your test file modules</error></testcase><testcase classname="" name="src.fmdtools.analyze.graph.model" time="0.000"><error message="collection failure">import file mismatch:
imported module 'fmdtools.analyze.graph.model' has this __file__ attribute:
  /home/bamboo/bamboo-agent-home/xml-data/build-dir/RAD-TEST-UVF/.venv/lib/python3.13/site-packages/fmdtools/analyze/graph/model.py
which is not the same as the test file we want to collect:
  /home/bamboo/bamboo-agent-home/xml-data/build-dir/RAD-TEST-UVF/src/fmdtools/analyze/graph/model.py
HINT: remove __pycache__ / .pyc files and/or use a unique basename for your test file modules</error></testcase><testcase classname="" name="src.fmdtools.analyze.graph.style" time="0.000"><error message="collection failure">import file mismatch:
imported module 'fmdtools.analyze.graph.style' has this __file__ attribute:
  /home/bamboo/bamboo-agent-home/xml-data/build-dir/RAD-TEST-UVF/.venv/lib/python3.13/site-packages/fmdtools/analyze/graph/style.py
which is not the same as the test file we want to collect:
  /home/bamboo/bamboo-agent-home/xml-data/build-dir/RAD-TEST-UVF/src/fmdtools/analyze/graph/style.py
HINT: remove __pycache__ / .pyc files and/or use a unique basename for your test file modules</error></testcase><testcase classname="" name="src.fmdtools.analyze.history" time="0.000"><error message="collection failure">import file mismatch:
imported module 'fmdtools.analyze.history' has this __file__ attribute:
  /home/bamboo/bamboo-agent-home/xml-data/build-dir/RAD-TEST-UVF/.venv/lib/python3.13/site-packages/fmdtools/analyze/history.py
which is not the same as the test file we want to collect:
  /home/bamboo/bamboo-agent-home/xml-data/build-dir/RAD-TEST-UVF/src/fmdtools/analyze/history.py
HINT: remove __pycache__ / .pyc files and/or use a unique basename for your test file modules</error></testcase><testcase classname="" name="src.fmdtools.analyze.phases" time="0.000"><error message="collection failure">import file mismatch:
imported module 'fmdtools.analyze.phases' has this __file__ attribute:
  /home/bamboo/bamboo-agent-home/xml-data/build-dir/RAD-TEST-UVF/.venv/lib/python3.13/site-packages/fmdtools/analyze/phases.py
which is not the same as the test file we want to collect:
  /home/bamboo/bamboo-agent-home/xml-data/build-dir/RAD-TEST-UVF/src/fmdtools/analyze/phases.py
HINT: remove __pycache__ / .pyc files and/or use a unique basename for your test file modules</error></testcase><testcase classname="" name="src.fmdtools.analyze.result" time="0.000"><error message="collection failure">import file mismatch:
imported module 'fmdtools.analyze.result' has this __file__ attribute:
  /home/bamboo/bamboo-agent-home/xml-data/build-dir/RAD-TEST-UVF/.venv/lib/python3.13/site-packages/fmdtools/analyze/result.py
which is not the same as the test file we want to collect:
  /home/bamboo/bamboo-agent-home/xml-data/build-dir/RAD-TEST-UVF/src/fmdtools/analyze/result.py
HINT: remove __pycache__ / .pyc files and/or use a unique basename for your test file modules</error></testcase><testcase classname="" name="src.fmdtools.analyze.tabulate" time="0.000"><error message="collection failure">import file mismatch:
imported module 'fmdtools.analyze.tabulate' has this __file__ attribute:
  /home/bamboo/bamboo-agent-home/xml-data/build-dir/RAD-TEST-UVF/.venv/lib/python3.13/site-packages/fmdtools/analyze/tabulate.py
which is not the same as the test file we want to collect:
  /home/bamboo/bamboo-agent-home/xml-data/build-dir/RAD-TEST-UVF/src/fmdtools/analyze/tabulate.py
HINT: remove __pycache__ / .pyc files and/or use a unique basename for your test file modules</error></testcase><testcase classname="" name="src.fmdtools.define.architecture.action" time="0.000"><error message="collection failure">import file mismatch:
imported module 'fmdtools.define.architecture.action' has this __file__ attribute:
  /home/bamboo/bamboo-agent-home/xml-data/build-dir/RAD-TEST-UVF/.venv/lib/python3.13/site-packages/fmdtools/define/architecture/action.py
which is not the same as the test file we want to collect:
  /home/bamboo/bamboo-agent-home/xml-data/build-dir/RAD-TEST-UVF/src/fmdtools/define/architecture/action.py
HINT: remove __pycache__ / .pyc files and/or use a unique basename for your test file modules</error></testcase><testcase classname="" name="src.fmdtools.define.architecture.base" time="0.000"><error message="collection failure">import file mismatch:
imported module 'fmdtools.define.architecture.base' has this __file__ attribute:
  /home/bamboo/bamboo-agent-home/xml-data/build-dir/RAD-TEST-UVF/.venv/lib/python3.13/site-packages/fmdtools/define/architecture/base.py
which is not the same as the test file we want to collect:
  /home/bamboo/bamboo-agent-home/xml-data/build-dir/RAD-TEST-UVF/src/fmdtools/define/architecture/base.py
HINT: remove __pycache__ / .pyc files and/or use a unique basename for your test file modules</error></testcase><testcase classname="" name="src.fmdtools.define.architecture.component" time="0.000"><error message="collection failure">import file mismatch:
imported module 'fmdtools.define.architecture.component' has this __file__ attribute:
  /home/bamboo/bamboo-agent-home/xml-data/build-dir/RAD-TEST-UVF/.venv/lib/python3.13/site-packages/fmdtools/define/architecture/component.py
which is not the same as the test file we want to collect:
  /home/bamboo/bamboo-agent-home/xml-data/build-dir/RAD-TEST-UVF/src/fmdtools/define/architecture/component.py
HINT: remove __pycache__ / .pyc files and/or use a unique basename for your test file modules</error></testcase><testcase classname="" name="src.fmdtools.define.architecture.function" time="0.000"><error message="collection failure">import file mismatch:
imported module 'fmdtools.define.architecture.function' has this __file__ attribute:
  /home/bamboo/bamboo-agent-home/xml-data/build-dir/RAD-TEST-UVF/.venv/lib/python3.13/site-packages/fmdtools/define/architecture/function.py
which is not the same as the test file we want to collect:
  /home/bamboo/bamboo-agent-home/xml-data/build-dir/RAD-TEST-UVF/src/fmdtools/define/architecture/function.py
HINT: remove __pycache__ / .pyc files and/or use a unique basename for your test file modules</error></testcase><testcase classname="" name="src.fmdtools.define.architecture.geom" time="0.000"><error message="collection failure">import file mismatch:
imported module 'fmdtools.define.architecture.geom' has this __file__ attribute:
  /home/bamboo/bamboo-agent-home/xml-data/build-dir/RAD-TEST-UVF/.venv/lib/python3.13/site-packages/fmdtools/define/architecture/geom.py
which is not the same as the test file we want to collect:
  /home/bamboo/bamboo-agent-home/xml-data/build-dir/RAD-TEST-UVF/src/fmdtools/define/architecture/geom.py
HINT: remove __pycache__ / .pyc files and/or use a unique basename for your test file modules</error></testcase><testcase classname="" name="src.fmdtools.define.base" time="0.000"><error message="collection failure">import file mismatch:
imported module 'fmdtools.define.base' has this __file__ attribute:
  /home/bamboo/bamboo-agent-home/xml-data/build-dir/RAD-TEST-UVF/.venv/lib/python3.13/site-packages/fmdtools/define/base.py
which is not the same as the test file we want to collect:
  /home/bamboo/bamboo-agent-home/xml-data/build-dir/RAD-TEST-UVF/src/fmdtools/define/base.py
HINT: remove __pycache__ / .pyc files and/or use a unique basename for your test file modules</error></testcase><testcase classname="" name="src.fmdtools.define.block.action" time="0.000"><error message="collection failure">import file mismatch:
imported module 'fmdtools.define.block.action' has this __file__ attribute:
  /home/bamboo/bamboo-agent-home/xml-data/build-dir/RAD-TEST-UVF/.venv/lib/python3.13/site-packages/fmdtools/define/block/action.py
which is not the same as the test file we want to collect:
  /home/bamboo/bamboo-agent-home/xml-data/build-dir/RAD-TEST-UVF/src/fmdtools/define/block/action.py
HINT: remove __pycache__ / .pyc files and/or use a unique basename for your test file modules</error></testcase><testcase classname="" name="src.fmdtools.define.block.base" time="0.000"><error message="collection failure">import file mismatch:
imported module 'fmdtools.define.block.base' has this __file__ attribute:
  /home/bamboo/bamboo-agent-home/xml-data/build-dir/RAD-TEST-UVF/.venv/lib/python3.13/site-packages/fmdtools/define/block/base.py
which is not the same as the test file we want to collect:
  /home/bamboo/bamboo-agent-home/xml-data/build-dir/RAD-TEST-UVF/src/fmdtools/define/block/base.py
HINT: remove __pycache__ / .pyc files and/or use a unique basename for your test file modules</error></testcase><testcase classname="" name="src.fmdtools.define.block.component" time="0.000"><error message="collection failure">import file mismatch:
imported module 'fmdtools.define.block.component' has this __file__ attribute:
  /home/bamboo/bamboo-agent-home/xml-data/build-dir/RAD-TEST-UVF/.venv/lib/python3.13/site-packages/fmdtools/define/block/component.py
which is not the same as the test file we want to collect:
  /home/bamboo/bamboo-agent-home/xml-data/build-dir/RAD-TEST-UVF/src/fmdtools/define/block/component.py
HINT: remove __pycache__ / .pyc files and/or use a unique basename for your test file modules</error></testcase><testcase classname="" name="src.fmdtools.define.block.function" time="0.000"><error message="collection failure">import file mismatch:
imported module 'fmdtools.define.block.function' has this __file__ attribute:
  /home/bamboo/bamboo-agent-home/xml-data/build-dir/RAD-TEST-UVF/.venv/lib/python3.13/site-packages/fmdtools/define/block/function.py
which is not the same as the test file we want to collect:
  /home/bamboo/bamboo-agent-home/xml-data/build-dir/RAD-TEST-UVF/src/fmdtools/define/block/function.py
HINT: remove __pycache__ / .pyc files and/or use a unique basename for your test file modules</error></testcase><testcase classname="" name="src.fmdtools.define.container.base" time="0.000"><error message="collection failure">import file mismatch:
imported module 'fmdtools.define.container.base' has this __file__ attribute:
  /home/bamboo/bamboo-agent-home/xml-data/build-dir/RAD-TEST-UVF/.venv/lib/python3.13/site-packages/fmdtools/define/container/base.py
which is not the same as the test file we want to collect:
  /home/bamboo/bamboo-agent-home/xml-data/build-dir/RAD-TEST-UVF/src/fmdtools/define/container/base.py
HINT: remove __pycache__ / .pyc files and/or use a unique basename for your test file modules</error></testcase><testcase classname="" name="src.fmdtools.define.container.mode" time="0.000"><error message="collection failure">import file mismatch:
imported module 'fmdtools.define.container.mode' has this __file__ attribute:
  /home/bamboo/bamboo-agent-home/xml-data/build-dir/RAD-TEST-UVF/.venv/lib/python3.13/site-packages/fmdtools/define/container/mode.py
which is not the same as the test file we want to collect:
  /home/bamboo/bamboo-agent-home/xml-data/build-dir/RAD-TEST-UVF/src/fmdtools/define/container/mode.py
HINT: remove __pycache__ / .pyc files and/or use a unique basename for your test file modules</error></testcase><testcase classname="" name="src.fmdtools.define.container.parameter" time="0.000"><error message="collection failure">import file mismatch:
imported module 'fmdtools.define.container.parameter' has this __file__ attribute:
  /home/bamboo/bamboo-agent-home/xml-data/build-dir/RAD-TEST-UVF/.venv/lib/python3.13/site-packages/fmdtools/define/container/parameter.py
which is not the same as the test file we want to collect:
  /home/bamboo/bamboo-agent-home/xml-data/build-dir/RAD-TEST-UVF/src/fmdtools/define/container/parameter.py
HINT: remove __pycache__ / .pyc files and/or use a unique basename for your test file modules</error></testcase><testcase classname="" name="src.fmdtools.define.container.rand" time="0.000"><error message="collection failure">import file mismatch:
imported module 'fmdtools.define.container.rand' has this __file__ attribute:
  /home/bamboo/bamboo-agent-home/xml-data/build-dir/RAD-TEST-UVF/.venv/lib/python3.13/site-packages/fmdtools/define/container/rand.py
which is not the same as the test file we want to collect:
  /home/bamboo/bamboo-agent-home/xml-data/build-dir/RAD-TEST-UVF/src/fmdtools/define/container/rand.py
HINT: remove __pycache__ / .pyc files and/or use a unique basename for your test file modules</error></testcase><testcase classname="" name="src.fmdtools.define.container.state" time="0.000"><error message="collection failure">import file mismatch:
imported module 'fmdtools.define.container.state' has this __file__ attribute:
  /home/bamboo/bamboo-agent-home/xml-data/build-dir/RAD-TEST-UVF/.venv/lib/python3.13/site-packages/fmdtools/define/container/state.py
which is not the same as the test file we want to collect:
  /home/bamboo/bamboo-agent-home/xml-data/build-dir/RAD-TEST-UVF/src/fmdtools/define/container/state.py
HINT: remove __pycache__ / .pyc files and/or use a unique basename for your test file modules</error></testcase><testcase classname="" name="src.fmdtools.define.container.time" time="0.000"><error message="collection failure">import file mismatch:
imported module 'fmdtools.define.container.time' has this __file__ attribute:
  /home/bamboo/bamboo-agent-home/xml-data/build-dir/RAD-TEST-UVF/.venv/lib/python3.13/site-packages/fmdtools/define/container/time.py
which is not the same as the test file we want to collect:
  /home/bamboo/bamboo-agent-home/xml-data/build-dir/RAD-TEST-UVF/src/fmdtools/define/container/time.py
HINT: remove __pycache__ / .pyc files and/or use a unique basename for your test file modules</error></testcase><testcase classname="" name="src.fmdtools.define.environment" time="0.000"><error message="collection failure">import file mismatch:
imported module 'fmdtools.define.environment' has this __file__ attribute:
  /home/bamboo/bamboo-agent-home/xml-data/build-dir/RAD-TEST-UVF/.venv/lib/python3.13/site-packages/fmdtools/define/environment.py
which is not the same as the test file we want to collect:
  /home/bamboo/bamboo-agent-home/xml-data/build-dir/RAD-TEST-UVF/src/fmdtools/define/environment.py
HINT: remove __pycache__ / .pyc files and/or use a unique basename for your test file modules</error></testcase><testcase classname="" name="src.fmdtools.define.flow.base" time="0.000"><error message="collection failure">import file mismatch:
imported module 'fmdtools.define.flow.base' has this __file__ attribute:
  /home/bamboo/bamboo-agent-home/xml-data/build-dir/RAD-TEST-UVF/.venv/lib/python3.13/site-packages/fmdtools/define/flow/base.py
which is not the same as the test file we want to collect:
  /home/bamboo/bamboo-agent-home/xml-data/build-dir/RAD-TEST-UVF/src/fmdtools/define/flow/base.py
HINT: remove __pycache__ / .pyc files and/or use a unique basename for your test file modules</error></testcase><testcase classname="" name="src.fmdtools.define.flow.commsflow" time="0.000"><error message="collection failure">import file mismatch:
imported module 'fmdtools.define.flow.commsflow' has this __file__ attribute:
  /home/bamboo/bamboo-agent-home/xml-data/build-dir/RAD-TEST-UVF/.venv/lib/python3.13/site-packages/fmdtools/define/flow/commsflow.py
which is not the same as the test file we want to collect:
  /home/bamboo/bamboo-agent-home/xml-data/build-dir/RAD-TEST-UVF/src/fmdtools/define/flow/commsflow.py
HINT: remove __pycache__ / .pyc files and/or use a unique basename for your test file modules</error></testcase><testcase classname="" name="src.fmdtools.define.flow.multiflow" time="0.000"><error message="collection failure">import file mismatch:
imported module 'fmdtools.define.flow.multiflow' has this __file__ attribute:
  /home/bamboo/bamboo-agent-home/xml-data/build-dir/RAD-TEST-UVF/.venv/lib/python3.13/site-packages/fmdtools/define/flow/multiflow.py
which is not the same as the test file we want to collect:
  /home/bamboo/bamboo-agent-home/xml-data/build-dir/RAD-TEST-UVF/src/fmdtools/define/flow/multiflow.py
HINT: remove __pycache__ / .pyc files and/or use a unique basename for your test file modules</error></testcase><testcase classname="" name="src.fmdtools.define.object.base" time="0.000"><error message="collection failure">import file mismatch:
imported module 'fmdtools.define.object.base' has this __file__ attribute:
  /home/bamboo/bamboo-agent-home/xml-data/build-dir/RAD-TEST-UVF/.venv/lib/python3.13/site-packages/fmdtools/define/object/base.py
which is not the same as the test file we want to collect:
  /home/bamboo/bamboo-agent-home/xml-data/build-dir/RAD-TEST-UVF/src/fmdtools/define/object/base.py
HINT: remove __pycache__ / .pyc files and/or use a unique basename for your test file modules</error></testcase><testcase classname="" name="src.fmdtools.define.object.coords" time="0.000"><error message="collection failure">import file mismatch:
imported module 'fmdtools.define.object.coords' has this __file__ attribute:
  /home/bamboo/bamboo-agent-home/xml-data/build-dir/RAD-TEST-UVF/.venv/lib/python3.13/site-packages/fmdtools/define/object/coords.py
which is not the same as the test file we want to collect:
  /home/bamboo/bamboo-agent-home/xml-data/build-dir/RAD-TEST-UVF/src/fmdtools/define/object/coords.py
HINT: remove __pycache__ / .pyc files and/or use a unique basename for your test file modules</error></testcase><testcase classname="" name="src.fmdtools.define.object.geom" time="0.000"><error message="collection failure">import file mismatch:
imported module 'fmdtools.define.object.geom' has this __file__ attribute:
  /home/bamboo/bamboo-agent-home/xml-data/build-dir/RAD-TEST-UVF/.venv/lib/python3.13/site-packages/fmdtools/define/object/geom.py
which is not the same as the test file we want to collect:
  /home/bamboo/bamboo-agent-home/xml-data/build-dir/RAD-TEST-UVF/src/fmdtools/define/object/geom.py
HINT: remove __pycache__ / .pyc files and/or use a unique basename for your test file modules</error></testcase><testcase classname="" name="src.fmdtools.define.object.timer" time="0.000"><error message="collection failure">import file mismatch:
imported module 'fmdtools.define.object.timer' has this __file__ attribute:
  /home/bamboo/bamboo-agent-home/xml-data/build-dir/RAD-TEST-UVF/.venv/lib/python3.13/site-packages/fmdtools/define/object/timer.py
which is not the same as the test file we want to collect:
  /home/bamboo/bamboo-agent-home/xml-data/build-dir/RAD-TEST-UVF/src/fmdtools/define/object/timer.py
HINT: remove __pycache__ / .pyc files and/or use a unique basename for your test file modules</error></testcase><testcase classname="" name="src.fmdtools.sim.propagate" time="0.000"><error message="collection failure">import file mismatch:
imported module 'fmdtools.sim.propagate' has this __file__ attribute:
  /home/bamboo/bamboo-agent-home/xml-data/build-dir/RAD-TEST-UVF/.venv/lib/python3.13/site-packages/fmdtools/sim/propagate.py
which is not the same as the test file we want to collect:
  /home/bamboo/bamboo-agent-home/xml-data/build-dir/RAD-TEST-UVF/src/fmdtools/sim/propagate.py
HINT: remove __pycache__ / .pyc files and/or use a unique basename for your test file modules</error></testcase><testcase classname="" name="src.fmdtools.sim.sample" time="0.000"><error message="collection failure">import file mismatch:
imported module 'fmdtools.sim.sample' has this __file__ attribute:
  /home/bamboo/bamboo-agent-home/xml-data/build-dir/RAD-TEST-UVF/.venv/lib/python3.13/site-packages/fmdtools/sim/sample.py
which is not the same as the test file we want to collect:
  /home/bamboo/bamboo-agent-home/xml-data/build-dir/RAD-TEST-UVF/src/fmdtools/sim/sample.py
HINT: remove __pycache__ / .pyc files and/or use a unique basename for your test file modules</error></testcase><testcase classname="" name="src.fmdtools.sim.scenario" time="0.000"><error message="collection failure">import file mismatch:
imported module 'fmdtools.sim.scenario' has this __file__ attribute:
  /home/bamboo/bamboo-agent-home/xml-data/build-dir/RAD-TEST-UVF/.venv/lib/python3.13/site-packages/fmdtools/sim/scenario.py
which is not the same as the test file we want to collect:
  /home/bamboo/bamboo-agent-home/xml-data/build-dir/RAD-TEST-UVF/src/fmdtools/sim/scenario.py
HINT: remove __pycache__ / .pyc files and/or use a unique basename for your test file modules</error></testcase><testcase classname="" name="src.fmdtools.sim.search" time="0.000"><error message="collection failure">import file mismatch:
imported module 'fmdtools.sim.search' has this __file__ attribute:
  /home/bamboo/bamboo-agent-home/xml-data/build-dir/RAD-TEST-UVF/.venv/lib/python3.13/site-packages/fmdtools/sim/search.py
which is not the same as the test file we want to collect:
  /home/bamboo/bamboo-agent-home/xml-data/build-dir/RAD-TEST-UVF/src/fmdtools/sim/search.py
HINT: remove __pycache__ / .pyc files and/or use a unique basename for your test file modules</error></testcase></testsuite></testsuites>