<?xml version="1.0" encoding="utf-8"?><testsuites name="pytest tests"><testsuite name="pytest" errors="6" failures="0" skipped="0" tests="6" time="23.630" timestamp="2026-03-05T15:14:51.911287-08:00" hostname="bamboo-r3.ndc.nasa.gov"><testcase classname="" name="conf" time="0.000"><error message="collection failure">ImportError while importing test module '/home/bamboo/bamboo-agent-home/xml-data/build-dir/RAD-TEST-UVF/conf.py'.
Hint: make sure your test modules/packages have valid Python names.
Traceback:
conf.py:24: in &lt;module&gt;
    from myst_sphinx_gallery import GalleryConfig, FilesConfig, GalleryThumbnailConfig
E   ModuleNotFoundError: No module named 'myst_sphinx_gallery'</error></testcase><testcase classname="" name="examples.airport_taxiway.model_asset" time="0.000"><error message="collection failure">ImportError while importing test module '/home/bamboo/bamboo-agent-home/xml-data/build-dir/RAD-TEST-UVF/examples/airport_taxiway/model_asset.py'.
Hint: make sure your test modules/packages have valid Python names.
Traceback:
examples/airport_taxiway/model_asset.py:28: in &lt;module&gt;
    from model_common import AssetParams, Location, Requests, Environment
E   ModuleNotFoundError: No module named 'model_common'</error></testcase><testcase classname="" name="examples.airport_taxiway.model_atc" time="0.000"><error message="collection failure">ImportError while importing test module '/home/bamboo/bamboo-agent-home/xml-data/build-dir/RAD-TEST-UVF/examples/airport_taxiway/model_atc.py'.
Hint: make sure your test modules/packages have valid Python names.
Traceback:
examples/airport_taxiway/model_atc.py:18: in &lt;module&gt;
    from model_common import Location, Requests, TaxiwayParams, Environment
E   ModuleNotFoundError: No module named 'model_common'</error></testcase><testcase classname="" name="examples.airport_taxiway.model_main" time="0.000"><error message="collection failure">ImportError while importing test module '/home/bamboo/bamboo-agent-home/xml-data/build-dir/RAD-TEST-UVF/examples/airport_taxiway/model_main.py'.
Hint: make sure your test modules/packages have valid Python names.
Traceback:
examples/airport_taxiway/model_main.py:20: in &lt;module&gt;
    from model_atc import ATC
E   ModuleNotFoundError: No module named 'model_atc'</error></testcase><testcase classname="" name="examples.airport_taxiway.test_asset" time="0.000"><error message="collection failure">ImportError while importing test module '/home/bamboo/bamboo-agent-home/xml-data/build-dir/RAD-TEST-UVF/examples/airport_taxiway/test_asset.py'.
Hint: make sure your test modules/packages have valid Python names.
Traceback:
examples/airport_taxiway/test_asset.py:20: in &lt;module&gt;
    from model_common import (
E   ModuleNotFoundError: No module named 'model_common'</error></testcase><testcase classname="" name="examples.airport_taxiway.test_model" time="0.000"><error message="collection failure">ImportError while importing test module '/home/bamboo/bamboo-agent-home/xml-data/build-dir/RAD-TEST-UVF/examples/airport_taxiway/test_model.py'.
Hint: make sure your test modules/packages have valid Python names.
Traceback:
examples/airport_taxiway/test_model.py:20: in &lt;module&gt;
    from model_main import taxiway_model
E   ModuleNotFoundError: No module named 'model_main'</error></testcase></testsuite></testsuites>