<?xml version="1.0" encoding="utf-8"?><testsuites name="pytest tests"><testsuite name="pytest" errors="0" failures="1" skipped="3" tests="396" time="4894.633" timestamp="2025-12-18T17:27:41.989142-08:00" hostname="bamboo-r1.ndc.nasa.gov"><testcase classname="examples.airspacelib.base.arch.aviate" name="examples.airspacelib.base.arch.aviate.Aviate" time="0.017" /><testcase classname="examples.airspacelib.base.arch.controlflight" name="examples.airspacelib.base.arch.controlflight.ControlFlight" time="0.023" /><testcase classname="examples.airspacelib.base.arch.perceiveenvironment" name="examples.airspacelib.base.arch.perceiveenvironment.PerceiveEnvironment.dynamic_behavior" time="0.012" /><testcase classname="examples.airspacelib.base.state" name="examples.airspacelib.base.state.AircraftPosition.at_goal" time="0.003" /><testcase classname="examples.airspacelib.base.state" name="examples.airspacelib.base.state.AircraftPosition.find_direction" time="0.003" /><testcase classname="examples.airspacelib.base.state" name="examples.airspacelib.base.state.AircraftPosition.update_dist_to_travel" time="0.004" /><testcase classname="examples.airspacelib.base.state" name="examples.airspacelib.base.state.AircraftPosition.update_position" time="0.004" /><testcase classname="examples.airspacelib.contingencymanagement.demo_notebook.ipynb" name="demo_notebook.ipynb" time="251.845" /><testcase classname="examples.airspacelib.contingencymanagement.flightplanner" name="examples.airspacelib.contingencymanagement.flightplanner.DroneFlightGrid" time="29.539" /><testcase classname="examples.airspacelib.contingencymanagement.proxthreat_notebook.ipynb" name="proxthreat_notebook.ipynb" time="25.514" /><testcase classname="examples.airspacelib.wildfireresponse.Wildfire_Demo.ipynb" name="Wildfire_Demo.ipynb" time="729.427"><failure message="#x1B[31mModuleNotFoundError#x1B[39m: No module named 'airspacelib'">---------------------------------------------------------------------------
from airspacelib.wildfireresponse.wildfiresim import BasePlacementProblem

psp = BasePlacementProblem(track='all', p={'firemapparam': {'num_strikes': 4}}, seed=1)
psp.perc_burned(10, 10)
#x1B[31m---------------------------------------------------------------------------#x1B[39m
#x1B[31mModuleNotFoundError#x1B[39m                       Traceback (most recent call last)
#x1B[36mCell#x1B[39m#x1B[36m #x1B[39m#x1B[32mIn[40]#x1B[39m#x1B[32m, line 1#x1B[39m
#x1B[32m----&gt; #x1B[39m#x1B[32m1#x1B[39m #x1B[38;5;28;01mfrom#x1B[39;00m#x1B[38;5;250m #x1B[39m#x1B[34;01mairspacelib#x1B[39;00m#x1B[34;01m.#x1B[39;00m#x1B[34;01mwildfireresponse#x1B[39;00m#x1B[34;01m.#x1B[39;00m#x1B[34;01mwildfiresim#x1B[39;00m#x1B[38;5;250m #x1B[39m#x1B[38;5;28;01mimport#x1B[39;00m BasePlacementProblem
#x1B[32m      3#x1B[39m psp = BasePlacementProblem(track=#x1B[33m'#x1B[39m#x1B[33mall#x1B[39m#x1B[33m'#x1B[39m, p={#x1B[33m'#x1B[39m#x1B[33mfiremapparam#x1B[39m#x1B[33m'#x1B[39m: {#x1B[33m'#x1B[39m#x1B[33mnum_strikes#x1B[39m#x1B[33m'#x1B[39m: #x1B[32m4#x1B[39m}}, seed=#x1B[32m1#x1B[39m)
#x1B[32m      4#x1B[39m psp.perc_burned(#x1B[32m10#x1B[39m, #x1B[32m10#x1B[39m)

#x1B[31mModuleNotFoundError#x1B[39m: No module named 'airspacelib'</failure></testcase><testcase classname="examples.asg_demo.Action_Sequence_Graph.ipynb" name="Action_Sequence_Graph.ipynb" time="11.775" /><testcase classname="examples.eps.EPS_Example_Notebook.ipynb" name="EPS_Example_Notebook.ipynb" time="9.241" /><testcase classname="examples.eps.test_eps.epsTests" name="test_all_faults" time="3.494" /><testcase classname="examples.eps.test_eps.epsTests" name="test_backward_fault_prop_1" time="0.179" /><testcase classname="examples.eps.test_eps.epsTests" name="test_backward_fault_prop_2" time="0.379" /><testcase classname="examples.eps.test_eps.epsTests" name="test_fault_app" time="4.447" /><testcase classname="examples.eps.test_eps.epsTests" name="test_multfault_saving" time="0.532" /><testcase classname="examples.eps.test_eps.epsTests" name="test_nominal_saving" time="0.158" /><testcase classname="examples.eps.test_eps.epsTests" name="test_pickleability" time="7.410" /><testcase classname="examples.eps.test_eps.epsTests" name="test_save_load_onefault" time="0.706" /><testcase classname="examples.eps.test_eps.epsTests" name="test_save_load_singlefaults" time="9.793" /><testcase classname="examples.multiflow_demo.Multiflow_and_Commsflow_Demonstration.ipynb" name="Multiflow_and_Commsflow_Demonstration.ipynb" time="5.882" /><testcase classname="examples.multiflow_demo.test_multiflow.define_Tests" name="test_multiflow_combination" time="0.303" /><testcase classname="examples.multiflow_demo.test_multiflow.define_Tests" name="test_multiflow_passing" time="0.283" /><testcase classname="examples.multiflow_demo.test_multiflow.define_Tests" name="test_mutliflow_copying" time="0.289" /><testcase classname="examples.multirotor.Demonstration.ipynb" name="Demonstration.ipynb" time="82.183" /><testcase classname="examples.multirotor.Multirotor_Optimization.ipynb" name="Multirotor_Optimization.ipynb" time="231.976" /><testcase classname="examples.multirotor.drone_mdl_dynamic" name="examples.multirotor.drone_mdl_dynamic.AffectDOF.inc_pos" time="0.009" /><testcase classname="examples.multirotor.drone_mdl_dynamic" name="examples.multirotor.drone_mdl_dynamic.PlanPath.assign_vectdist_to_goal" time="0.006" /><testcase classname="examples.multirotor.drone_mdl_dynamic" name="examples.multirotor.drone_mdl_dynamic.PlanPath.calc_dist_to_goal" time="0.006" /><testcase classname="examples.multirotor.drone_mdl_dynamic" name="examples.multirotor.drone_mdl_dynamic.SightGrid" time="0.509" /><testcase classname="examples.multirotor.drone_mdl_hierarchical" name="examples.multirotor.drone_mdl_hierarchical.AffectDOF" time="0.069" /><testcase classname="examples.multirotor.drone_mdl_hierarchical" name="examples.multirotor.drone_mdl_hierarchical.AffectDOFArch" time="0.020" /><testcase classname="examples.multirotor.drone_mdl_hierarchical" name="examples.multirotor.drone_mdl_hierarchical.LineArchParam" time="0.003" /><testcase classname="examples.multirotor.drone_mdl_static" name="examples.multirotor.drone_mdl_static.AffectDOF.static_behavior" time="0.006" /><testcase classname="examples.multirotor.drone_mdl_static" name="examples.multirotor.drone_mdl_static.CtlDOF.static_behavior" time="0.006" /><testcase classname="examples.multirotor.drone_mdl_static" name="examples.multirotor.drone_mdl_static.DesTrajState.dist2d" time="0.002" /><testcase classname="examples.multirotor.drone_mdl_static" name="examples.multirotor.drone_mdl_static.DesTrajState.unit_vect2d" time="0.003" /><testcase classname="examples.multirotor.drone_mdl_static" name="examples.multirotor.drone_mdl_static.DistEE.static_behavior" time="0.008" /><testcase classname="examples.multirotor.drone_mdl_static" name="examples.multirotor.drone_mdl_static.HoldPayload.static_behavior" time="0.005" /><testcase classname="examples.multirotor.drone_mdl_static" name="examples.multirotor.drone_mdl_static.PlanPath.static_behavior" time="0.006" /><testcase classname="examples.multirotor.test_multirotor.DroneParameterTests" name="test_objectives" time="2.767" /><testcase classname="examples.multirotor.test_multirotor.DroneParameterTests" name="test_param_domain_1" time="0.002" /><testcase classname="examples.multirotor.test_multirotor.DroneParameterTests" name="test_param_domain_2" time="0.002" /><testcase classname="examples.multirotor.test_multirotor.DroneParameterTests" name="test_set_constraints_1" time="0.001" /><testcase classname="examples.multirotor.test_multirotor.DroneParameterTests" name="test_set_constraints_2" time="0.001" /><testcase classname="examples.multirotor.test_multirotor.DroneParameterTests" name="test_sim_mdl" time="1.222" /><testcase classname="examples.multirotor.test_multirotor.DroneScenarioTest" name="test_scenprob_results" time="3.335" /><testcase classname="examples.multirotor.test_multirotor.DroneScenarioTest2" name="test_scenprob_results" time="3.363" /><testcase classname="examples.multirotor.test_multirotor.DroneScenarioTest3" name="test_scenprob_results" time="3.407" /><testcase classname="examples.multirotor.test_multirotor.DroneDisturbanceTest" name="test_disturbance_set" time="1.069" /><testcase classname="examples.pump.Optimization.ipynb" name="Optimization.ipynb" time="117.830" /><testcase classname="examples.pump.Parallelism_Tutorial.ipynb" name="Parallelism_Tutorial.ipynb" time="161.110" /><testcase classname="examples.pump.Pump_Example_Notebook.ipynb" name="Pump_Example_Notebook.ipynb" time="30.360" /><testcase classname="examples.pump.Tutorial_complete.ipynb" name="Tutorial_complete.ipynb" time="13.655" /><testcase classname="examples.pump.ex_pump" name="examples.pump.ex_pump.accumulate" time="0.003" /><testcase classname="examples.pump.ex_pump" name="examples.pump.ex_pump.reseting_accumulate" time="0.002" /><testcase classname="examples.pump.test_pump.PumpTests" name="test_app_prop_values" time="1.560" /><testcase classname="examples.pump.test_pump.PumpTests" name="test_approach_cost_calc" time="117.138" /><testcase classname="examples.pump.test_pump.PumpTests" name="test_approach_parallelism" time="70.596" /><testcase classname="examples.pump.test_pump.PumpTests" name="test_dynamic_prop_values" time="1.951" /><testcase classname="examples.pump.test_pump.PumpTests" name="test_dynamic_prop_values_2" time="2.459" /><testcase classname="examples.pump.test_pump.PumpTests" name="test_fault_sample_isave" time="15.591" /><testcase classname="examples.pump.test_pump.PumpTests" name="test_fault_sample_save" time="14.133" /><testcase classname="examples.pump.test_pump.PumpTests" name="test_fmea_options" time="2.089" /><testcase classname="examples.pump.test_pump.PumpTests" name="test_hist_tracking_setup" time="0.064" /><testcase classname="examples.pump.test_pump.PumpTests" name="test_model_copy_different" time="9.788" /><testcase classname="examples.pump.test_pump.PumpTests" name="test_model_copy_same" time="20.556" /><testcase classname="examples.pump.test_pump.PumpTests" name="test_model_reset" time="0.002"><skipped type="pytest.skip" message="Reset not fully implemented yet and unused throughout.">/home/bamboo/bamboo-agent-home/xml-data/build-dir/RAD-TEST-UVF/fmdtools/examples/pump/test_pump.py:138: Reset not fully implemented yet and unused throughout.</skipped></testcase><testcase classname="examples.pump.test_pump.PumpTests" name="test_nested_sample_isave" time="152.098" /><testcase classname="examples.pump.test_pump.PumpTests" name="test_nested_sample_save" time="157.111" /><testcase classname="examples.pump.test_pump.PumpTests" name="test_nominal_save" time="0.894" /><testcase classname="examples.pump.test_pump.PumpTests" name="test_one_run_csv" time="0.618" /><testcase classname="examples.pump.test_pump.PumpTests" name="test_one_run_json" time="0.615" /><testcase classname="examples.pump.test_pump.PumpTests" name="test_one_run_pickle" time="0.624" /><testcase classname="examples.pump.test_pump.PumpTests" name="test_onefault_save" time="1.515" /><testcase classname="examples.pump.test_pump.PumpTests" name="test_param_sample" time="0.037" /><testcase classname="examples.pump.test_pump.PumpTests" name="test_param_sample_isave" time="8.834" /><testcase classname="examples.pump.test_pump.PumpTests" name="test_param_sample_save" time="9.210" /><testcase classname="examples.pump.test_pump.PumpTests" name="test_pickleability" time="7.735" /><testcase classname="examples.pump.test_pump.PumpTests" name="test_save_load_multfault" time="2.066" /><testcase classname="examples.pump.test_pump.PumpTests" name="test_single_faults_isave" time="10.081" /><testcase classname="examples.pump.test_pump.PumpTests" name="test_single_faults_save" time="9.950" /><testcase classname="examples.pump.test_pump.PumpTests" name="test_value_setting" time="0.042" /><testcase classname="examples.pump.test_pump.PumpTests" name="test_value_setting_dict" time="0.043" /><testcase classname="examples.pump.test_pump.IndivPumpTests" name="test_mutable_setup" time="0.052" /><testcase classname="examples.pump.test_pump_example.ImportEE_Tests" name="test_behave_inf_v" time="0.004" /><testcase classname="examples.pump.test_pump_example.ImportEE_Tests" name="test_behave_no_v" time="0.004" /><testcase classname="examples.pump.test_pump_example.ImportEE_Tests" name="test_behave_nom" time="0.004" /><testcase classname="examples.pump.test_pump_example.ImportEE_Tests" name="test_condfaults_hi" time="0.004" /><testcase classname="examples.pump.test_pump_example.ImportEE_Tests" name="test_condfaults_nom" time="0.003" /><testcase classname="examples.pump.test_pump_example.ImportEE_Tests" name="test_initialization" time="0.004" /><testcase classname="examples.pump.test_pump_example.MoveWat_Tests" name="test_condfaults_dynamic" time="0.006" /><testcase classname="examples.pump.test_pump_example.MoveWat_Tests" name="test_initialization" time="0.005" /><testcase classname="examples.pump.test_pump_example.MoveWat_Tests" name="test_nom" time="0.005" /><testcase classname="examples.pump.test_pump_example.Integration_Tests" name="test_blockage_results" time="0.746" /><testcase classname="examples.pump.test_pump_example.Integration_Tests" name="test_blockage_static" time="0.083" /><testcase classname="examples.pump.test_pump_example.Integration_Tests" name="test_nominal_results" time="0.328" /><testcase classname="examples.pump.test_pump_stochastic.StochasticPumpTests" name="test_mdl_pickle" time="79.758" /><testcase classname="examples.pump.test_pump_stochastic.StochasticPumpTests" name="test_model_copy_different" time="10.423" /><testcase classname="examples.pump.test_pump_stochastic.StochasticPumpTests" name="test_model_copy_same" time="19.481" /><testcase classname="examples.pump.test_pump_stochastic.StochasticPumpTests" name="test_model_reset" time="0.002"><skipped type="pytest.skip" message="Reset not fully implemented yet and unused throughout.">/home/bamboo/bamboo-agent-home/xml-data/build-dir/RAD-TEST-UVF/fmdtools/examples/pump/test_pump_stochastic.py:112: Reset not fully implemented yet and unused throughout.</skipped></testcase><testcase classname="examples.pump.test_pump_stochastic.StochasticPumpTests" name="test_model_set_vars" time="0.030" /><testcase classname="examples.pump.test_pump_stochastic.StochasticPumpTests" name="test_nested_sample_isave" time="74.795" /><testcase classname="examples.pump.test_pump_stochastic.StochasticPumpTests" name="test_nested_sample_save" time="74.825" /><testcase classname="examples.pump.test_pump_stochastic.StochasticPumpTests" name="test_param_sample_isave" time="4.714" /><testcase classname="examples.pump.test_pump_stochastic.StochasticPumpTests" name="test_param_sample_save" time="5.032" /><testcase classname="examples.pump.test_pump_stochastic.StochasticPumpTests" name="test_plot_nested_hists" time="10.764" /><testcase classname="examples.pump.test_pump_stochastic.StochasticPumpTests" name="test_plot_nominal_vals" time="4.599" /><testcase classname="examples.pump.test_pump_stochastic.StochasticPumpTests" name="test_plot_nominal_vals_xd" time="256.067" /><testcase classname="examples.pump.test_pump_stochastic.StochasticPumpTests" name="test_rand_paramsample_plot" time="9.524" /><testcase classname="examples.pump.test_pump_stochastic.StochasticPumpTests" name="test_run_approach" time="374.989" /><testcase classname="examples.pump.test_pump_stochastic.StochasticPumpTests" name="test_run_safety" time="25.114" /><testcase classname="examples.pump.test_pump_stochastic.StochasticPumpTests" name="test_set_seeds" time="0.103" /><testcase classname="examples.pump.test_pump_stochastic.StochasticPumpTests" name="test_stochastic_pdf" time="0.115" /><testcase classname="examples.rover.FaultSample_Use-Cases.ipynb" name="FaultSample_Use-Cases.ipynb" time="15.721" /><testcase classname="examples.rover.HFAC_Analyses.IDETC_Human_Paper_Analysis.ipynb" name="IDETC_Human_Paper_Analysis.ipynb" time="397.433" /><testcase classname="examples.rover.Model_Structure_Visualization_Tutorial.ipynb" name="Model_Structure_Visualization_Tutorial.ipynb" time="49.496" /><testcase classname="examples.rover.Rover_Setup_Notebook.ipynb" name="Rover_Setup_Notebook.ipynb" time="51.853" /><testcase classname="examples.rover.degradation_modelling.Degradation_Modelling_Notebook.ipynb" name="Degradation_Modelling_Notebook.ipynb" time="256.800" /><testcase classname="examples.rover.rover_model" name="examples.rover.rover_model.Drive.drive_nominal" time="0.066" /><testcase classname="examples.rover.rover_model_human" name="examples.rover.rover_model_human.Comprehend" time="0.006" /><testcase classname="examples.rover.rover_model_human" name="examples.rover.rover_model_human.Decide" time="0.005" /><testcase classname="examples.rover.rover_model_human" name="examples.rover.rover_model_human.HumanActions" time="0.027" /><testcase classname="examples.rover.rover_model_human" name="examples.rover.rover_model_human.Look" time="0.004" /><testcase classname="examples.rover.rover_model_human" name="examples.rover.rover_model_human.Percieve" time="0.005" /><testcase classname="examples.rover.rover_model_human" name="examples.rover.rover_model_human.Press" time="0.005" /><testcase classname="examples.rover.rover_model_human" name="examples.rover.rover_model_human.Project" time="0.007" /><testcase classname="examples.rover.test_rover.RoverTests" name="test_obj_values" time="8.770" /><testcase classname="examples.tank.Tank_Analysis.ipynb" name="Tank_Analysis.ipynb" time="45.605" /><testcase classname="examples.tank.test_tank.TankTests" name="test_approach" time="18.548" /><testcase classname="examples.tank.test_tank.TankTests" name="test_approach_parallelism_0" time="18.304" /><testcase classname="examples.tank.test_tank.TankTests" name="test_approach_parallelism_1" time="43.196" /><testcase classname="examples.tank.test_tank.TankTests" name="test_approach_parallelism_notrack" time="17.932" /><testcase classname="examples.tank.test_tank.TankTests" name="test_comp_mode_inj" time="0.270" /><testcase classname="examples.tank.test_tank.TankTests" name="test_different_components" time="0.128" /><testcase classname="examples.tank.test_tank.TankTests" name="test_epc_math" time="0.081" /><testcase classname="examples.tank.test_tank.TankTests" name="test_fault_sample_isave" time="20.030" /><testcase classname="examples.tank.test_tank.TankTests" name="test_fault_sample_save" time="19.793" /><testcase classname="examples.tank.test_tank.TankTests" name="test_local_tstep" time="1.450" /><testcase classname="examples.tank.test_tank.TankTests" name="test_model_copy_different" time="4.422" /><testcase classname="examples.tank.test_tank.TankTests" name="test_model_copy_same" time="9.412" /><testcase classname="examples.tank.test_tank.TankTests" name="test_model_reset" time="0.002"><skipped type="pytest.skip" message="Reset not fully implemented yet and unused throughout.">/home/bamboo/bamboo-agent-home/xml-data/build-dir/RAD-TEST-UVF/fmdtools/examples/tank/test_tank.py:69: Reset not fully implemented yet and unused throughout.</skipped></testcase><testcase classname="examples.tank.test_tank.TankTests" name="test_nested_sample_isave" time="202.110" /><testcase classname="examples.tank.test_tank.TankTests" name="test_nested_sample_save" time="198.244" /><testcase classname="examples.tank.test_tank.TankTests" name="test_param_sample_isave" time="5.630" /><testcase classname="examples.tank.test_tank.TankTests" name="test_param_sample_save" time="5.491" /><testcase classname="examples.tank.test_tank.TankTests" name="test_save_load_multfault" time="1.502" /><testcase classname="examples.tank.test_tank.TankTests" name="test_save_load_nominal" time="0.687" /><testcase classname="examples.tank.test_tank.TankTests" name="test_save_load_onefault" time="1.577" /><testcase classname="examples.tank.test_tank.TankTests" name="test_save_load_singlefaults" time="12.165" /><testcase classname="examples.tank.test_tank.TankTests" name="test_singlefaults_isave" time="11.858" /><testcase classname="examples.tank.test_tank.TankTests" name="test_tank_copy_args" time="0.116" /><testcase classname="examples.taxiway.Paper_Notebook.ipynb" name="Paper_Notebook.ipynb" time="24.837" /><testcase classname="examples.taxiway.test_asset.AssetTests" name="test_avoid" time="1.080" /><testcase classname="examples.taxiway.test_asset.AssetTests" name="test_avoid_plot" time="1.458" /><testcase classname="examples.taxiway.test_asset.AssetTests" name="test_heli_cycle" time="0.543" /><testcase classname="examples.taxiway.test_asset.AssetTests" name="test_heli_cycle_plot" time="0.782" /><testcase classname="examples.taxiway.test_asset.AssetTests" name="test_lost_sight" time="2.219" /><testcase classname="examples.taxiway.test_asset.AssetTests" name="test_lost_sight_plot" time="2.500" /><testcase classname="examples.taxiway.test_asset.AssetTests" name="test_one_cycle" time="0.630" /><testcase classname="examples.taxiway.test_asset.AssetTests" name="test_one_cycle_plot" time="0.711" /><testcase classname="examples.taxiway.test_model.ModelTests" name="test_atc_lost_ground_perception" time="11.187" /><testcase classname="examples.taxiway.test_model.ModelTests" name="test_atc_lost_ground_perception_plot" time="12.840" /><testcase classname="examples.taxiway.test_model.ModelTests" name="test_atc_wrong_land_command" time="12.991" /><testcase classname="examples.taxiway.test_model.ModelTests" name="test_atc_wrong_land_command_lost_sight" time="13.448" /><testcase classname="examples.taxiway.test_model.ModelTests" name="test_atc_wrong_land_command_sight_plot" time="15.988" /><testcase classname="examples.taxiway.test_model.ModelTests" name="test_default_plots" time="9.825" /><testcase classname="examples.taxiway.test_model.ModelTests" name="test_scen" time="5.975" /><testcase classname="fmdtools.analyze.common" name="fmdtools.analyze.common.auto_filetype" time="0.013" /><testcase classname="fmdtools.analyze.common" name="fmdtools.analyze.common.calc_average" time="0.003" /><testcase classname="fmdtools.analyze.common" name="fmdtools.analyze.common.calc_expected" time="0.003" /><testcase classname="fmdtools.analyze.common" name="fmdtools.analyze.common.calc_metric" time="0.003" /><testcase classname="fmdtools.analyze.common" name="fmdtools.analyze.common.calc_metric_ci" time="0.021" /><testcase classname="fmdtools.analyze.common" name="fmdtools.analyze.common.calc_percent" time="0.003" /><testcase classname="fmdtools.analyze.common" name="fmdtools.analyze.common.calc_rate" time="0.003" /><testcase classname="fmdtools.analyze.common" name="fmdtools.analyze.common.calc_sum" time="0.003" /><testcase classname="fmdtools.analyze.common" name="fmdtools.analyze.common.calc_total" time="0.003" /><testcase classname="fmdtools.analyze.common" name="fmdtools.analyze.common.create_indiv_filename" time="0.002" /><testcase classname="fmdtools.analyze.common" name="fmdtools.analyze.common.diff" time="0.003" /><testcase classname="fmdtools.analyze.common" name="fmdtools.analyze.common.join_key" time="0.002" /><testcase classname="fmdtools.analyze.common" name="fmdtools.analyze.common.to_include_keys" time="0.002" /><testcase classname="fmdtools.analyze.graph.base" name="fmdtools.analyze.graph.base.Graph" time="0.572" /><testcase classname="fmdtools.analyze.graph.base" name="fmdtools.analyze.graph.base.Graph._get_edge_style" time="0.004" /><testcase classname="fmdtools.analyze.graph.base" name="fmdtools.analyze.graph.base.Graph._get_node_style" time="0.004" /><testcase classname="fmdtools.analyze.graph.base" name="fmdtools.analyze.graph.base.Graph.add_node_groups" time="0.144" /><testcase classname="fmdtools.analyze.graph.base" name="fmdtools.analyze.graph.base.Graph.compare_with" time="0.092" /><testcase classname="fmdtools.analyze.graph.base" name="fmdtools.analyze.graph.base.Graph.draw_drawio" time="0.014" /><testcase classname="fmdtools.analyze.graph.base" name="fmdtools.analyze.graph.base.Graph.get_node_percentiles" time="0.003" /><testcase classname="fmdtools.analyze.graph.base" name="fmdtools.analyze.graph.base.Graph.plot_node_percentiles" time="0.415" /><testcase classname="fmdtools.analyze.graph.base" name="fmdtools.analyze.graph.base.Graph.set_heatmap" time="0.134" /><testcase classname="fmdtools.analyze.graph.base" name="fmdtools.analyze.graph.base.Graph.summary" time="0.006" /><testcase classname="fmdtools.analyze.graph.model" name="fmdtools.analyze.graph.model.ModelGraph" time="0.011" /><testcase classname="fmdtools.analyze.graph.model" name="fmdtools.analyze.graph.model.create_inheritance_subgraph" time="0.005" /><testcase classname="fmdtools.analyze.graph.style" name="fmdtools.analyze.graph.style.FlowEdgeStyle" time="0.003" /><testcase classname="fmdtools.analyze.graph.style" name="fmdtools.analyze.graph.style.edge_style_factory" time="0.906" /><testcase classname="fmdtools.analyze.graph.style" name="fmdtools.analyze.graph.style.node_style_factory" time="1.492" /><testcase classname="fmdtools.analyze.graph.style" name="fmdtools.analyze.graph.style.to_legend_label" time="0.003" /><testcase classname="fmdtools.analyze.history" name="fmdtools.analyze.history.History" time="0.005" /><testcase classname="fmdtools.analyze.history" name="fmdtools.analyze.history.History.cut" time="0.003" /><testcase classname="fmdtools.analyze.history" name="fmdtools.analyze.history.History.get_degraded_hist" time="0.004" /><testcase classname="fmdtools.analyze.history" name="fmdtools.analyze.history.History.get_fault_time" time="0.003" /><testcase classname="fmdtools.analyze.history" name="fmdtools.analyze.history.History.get_faulty_hist" time="0.004" /><testcase classname="fmdtools.analyze.history" name="fmdtools.analyze.history.History.get_mean_bound_errhist" time="0.004" /><testcase classname="fmdtools.analyze.history" name="fmdtools.analyze.history.History.get_mean_ci_errhist" time="0.012" /><testcase classname="fmdtools.analyze.history" name="fmdtools.analyze.history.History.get_mean_std_errhist" time="0.004" /><testcase classname="fmdtools.analyze.history" name="fmdtools.analyze.history.History.get_percentile_errhist" time="0.008" /><testcase classname="fmdtools.analyze.history" name="fmdtools.analyze.history.History.get_slice" time="0.003" /><testcase classname="fmdtools.analyze.phases" name="fmdtools.analyze.phases.PhaseMap.calc_modephase_time" time="0.003" /><testcase classname="fmdtools.analyze.phases" name="fmdtools.analyze.phases.PhaseMap.calc_phase_time" time="0.003" /><testcase classname="fmdtools.analyze.phases" name="fmdtools.analyze.phases.PhaseMap.calc_samples_in_phases" time="0.003" /><testcase classname="fmdtools.analyze.phases" name="fmdtools.analyze.phases.PhaseMap.find_modephase" time="0.003" /><testcase classname="fmdtools.analyze.phases" name="fmdtools.analyze.phases.PhaseMap.get_phase_times" time="0.003" /><testcase classname="fmdtools.analyze.phases" name="fmdtools.analyze.phases.PhaseMap.get_sample_times" time="0.003" /><testcase classname="fmdtools.analyze.phases" name="fmdtools.analyze.phases.find_interval_overlap" time="0.003" /><testcase classname="fmdtools.analyze.phases" name="fmdtools.analyze.phases.from_hist" time="0.003" /><testcase classname="fmdtools.analyze.phases" name="fmdtools.analyze.phases.join_phasemaps" time="0.003" /><testcase classname="fmdtools.analyze.result" name="fmdtools.analyze.result.Result" time="0.003" /><testcase classname="fmdtools.analyze.result" name="fmdtools.analyze.result.Result.__eq__" time="0.004" /><testcase classname="fmdtools.analyze.result" name="fmdtools.analyze.result.Result.__sub__" time="0.003" /><testcase classname="fmdtools.analyze.result" name="fmdtools.analyze.result.Result.align_external_dict" time="0.003" /><testcase classname="fmdtools.analyze.result" name="fmdtools.analyze.result.Result.fromdict" time="0.003" /><testcase classname="fmdtools.analyze.result" name="fmdtools.analyze.result.Result.get" time="0.003" /><testcase classname="fmdtools.analyze.result" name="fmdtools.analyze.result.Result.get_metric" time="0.005" /><testcase classname="fmdtools.analyze.result" name="fmdtools.analyze.result.Result.get_metric_ci" time="0.010" /><testcase classname="fmdtools.analyze.result" name="fmdtools.analyze.result.Result.get_vals" time="0.003" /><testcase classname="fmdtools.analyze.result" name="fmdtools.analyze.result.Result.is_flat" time="0.003" /><testcase classname="fmdtools.analyze.tabulate" name="fmdtools.analyze.tabulate.Comparison" time="1.341" /><testcase classname="fmdtools.analyze.tabulate" name="fmdtools.analyze.tabulate.FMEA" time="0.044" /><testcase classname="fmdtools.analyze.tabulate" name="fmdtools.analyze.tabulate.result_summary" time="0.358" /><testcase classname="fmdtools.analyze.tabulate" name="fmdtools.analyze.tabulate.result_summary_fmea" time="1.412" /><testcase classname="fmdtools.define.architecture.action" name="fmdtools.define.architecture.action.ActionArchitecture" time="0.015" /><testcase classname="fmdtools.define.architecture.action" name="fmdtools.define.architecture.action.ActionArchitectureActGraph" time="0.007" /><testcase classname="fmdtools.define.architecture.action" name="fmdtools.define.architecture.action.ActionArchitectureFlowGraph" time="0.007" /><testcase classname="fmdtools.define.architecture.action" name="fmdtools.define.architecture.action.ActionArchitectureGraph" time="0.008" /><testcase classname="fmdtools.define.architecture.base" name="fmdtools.define.architecture.base.Architecture.as_drawio" time="0.034" /><testcase classname="fmdtools.define.architecture.component" name="fmdtools.define.architecture.component.ComponentArchitecture" time="0.013" /><testcase classname="fmdtools.define.architecture.function" name="fmdtools.define.architecture.function.FunctionArchitecture" time="0.016" /><testcase classname="fmdtools.define.architecture.function" name="fmdtools.define.architecture.function.FunctionArchitectureFlowGraph" time="0.010" /><testcase classname="fmdtools.define.architecture.function" name="fmdtools.define.architecture.function.FunctionArchitectureFxnGraph" time="0.011" /><testcase classname="fmdtools.define.architecture.function" name="fmdtools.define.architecture.function.FunctionArchitectureGraph" time="0.016" /><testcase classname="fmdtools.define.architecture.function" name="fmdtools.define.architecture.function.FunctionArchitectureTypeGraph" time="0.008" /><testcase classname="fmdtools.define.architecture.geom" name="fmdtools.define.architecture.geom.GeomArchitecture" time="0.009" /><testcase classname="fmdtools.define.architecture.geom" name="fmdtools.define.architecture.geom.GeomArchitecture.all_at" time="0.012" /><testcase classname="fmdtools.define.base" name="fmdtools.define.base.is_bool" time="0.003" /><testcase classname="fmdtools.define.base" name="fmdtools.define.base.is_numeric" time="0.003" /><testcase classname="fmdtools.define.base" name="fmdtools.define.base.nan_to_x" time="0.002" /><testcase classname="fmdtools.define.block.action" name="fmdtools.define.block.action.Action" time="0.006" /><testcase classname="fmdtools.define.block.base" name="fmdtools.define.block.base.SimParam.get_hist_ind" time="0.003" /><testcase classname="fmdtools.define.block.base" name="fmdtools.define.block.base.SimParam.get_timerange" time="0.003" /><testcase classname="fmdtools.define.block.component" name="fmdtools.define.block.component.Component" time="0.009" /><testcase classname="fmdtools.define.block.function" name="fmdtools.define.block.function.Function" time="0.007" /><testcase classname="fmdtools.define.container.base" name="fmdtools.define.container.base.BaseContainer.assign" time="0.004" /><testcase classname="fmdtools.define.container.base" name="fmdtools.define.container.base.BaseContainer.copy" time="0.003" /><testcase classname="fmdtools.define.container.base" name="fmdtools.define.container.base.BaseContainer.create_hist" time="0.003" /><testcase classname="fmdtools.define.container.base" name="fmdtools.define.container.base.BaseContainer.get_field_dict" time="0.003" /><testcase classname="fmdtools.define.container.base" name="fmdtools.define.container.base.BaseContainer.set_field" time="0.003" /><testcase classname="fmdtools.define.container.base" name="fmdtools.define.container.base.BaseContainer.to_default" time="0.003" /><testcase classname="fmdtools.define.container.base" name="fmdtools.define.container.base.check_container_pick" time="0.003" /><testcase classname="fmdtools.define.container.mode" name="fmdtools.define.container.mode.Fault.calc_rate" time="0.003" /><testcase classname="fmdtools.define.container.mode" name="fmdtools.define.container.mode.HumanErrorMode" time="0.004" /><testcase classname="fmdtools.define.container.mode" name="fmdtools.define.container.mode.Mode" time="0.004" /><testcase classname="fmdtools.define.container.mode" name="fmdtools.define.container.mode.Mode.add_fault" time="0.003" /><testcase classname="fmdtools.define.container.mode" name="fmdtools.define.container.mode.Mode.get_fault" time="0.003" /><testcase classname="fmdtools.define.container.parameter" name="fmdtools.define.container.parameter.Parameter" time="0.004" /><testcase classname="fmdtools.define.container.rand" name="fmdtools.define.container.rand.Rand" time="0.006" /><testcase classname="fmdtools.define.container.rand" name="fmdtools.define.container.rand.Rand.get_rand_states" time="0.003" /><testcase classname="fmdtools.define.container.rand" name="fmdtools.define.container.rand.calc_prob_density_for_random" time="0.003" /><testcase classname="fmdtools.define.container.rand" name="fmdtools.define.container.rand.calc_prob_for_choice" time="0.003" /><testcase classname="fmdtools.define.container.rand" name="fmdtools.define.container.rand.calc_prob_for_integers" time="0.003" /><testcase classname="fmdtools.define.container.rand" name="fmdtools.define.container.rand.calc_prob_for_permuted" time="0.003" /><testcase classname="fmdtools.define.container.rand" name="fmdtools.define.container.rand.calc_prob_for_shuffle_permutation" time="0.003" /><testcase classname="fmdtools.define.container.rand" name="fmdtools.define.container.rand.get_exp_ray_pdf" time="0.004" /><testcase classname="fmdtools.define.container.rand" name="fmdtools.define.container.rand.get_hypergeometric_pmf" time="0.006" /><testcase classname="fmdtools.define.container.rand" name="fmdtools.define.container.rand.get_lognormal_pdf" time="0.003" /><testcase classname="fmdtools.define.container.rand" name="fmdtools.define.container.rand.get_prob_for_rand" time="0.003" /><testcase classname="fmdtools.define.container.rand" name="fmdtools.define.container.rand.get_standard_t_pdf" time="0.003" /><testcase classname="fmdtools.define.container.rand" name="fmdtools.define.container.rand.get_triangular_pdf" time="0.005" /><testcase classname="fmdtools.define.container.state" name="fmdtools.define.container.state.State" time="0.003" /><testcase classname="fmdtools.define.container.state" name="fmdtools.define.container.state.State.add" time="0.002" /><testcase classname="fmdtools.define.container.state" name="fmdtools.define.container.state.State.div" time="0.002" /><testcase classname="fmdtools.define.container.state" name="fmdtools.define.container.state.State.get" time="0.003" /><testcase classname="fmdtools.define.container.state" name="fmdtools.define.container.state.State.gett" time="0.003" /><testcase classname="fmdtools.define.container.state" name="fmdtools.define.container.state.State.inc" time="0.003" /><testcase classname="fmdtools.define.container.state" name="fmdtools.define.container.state.State.limit" time="0.003" /><testcase classname="fmdtools.define.container.state" name="fmdtools.define.container.state.State.mul" time="0.003" /><testcase classname="fmdtools.define.container.state" name="fmdtools.define.container.state.State.put" time="0.002" /><testcase classname="fmdtools.define.container.state" name="fmdtools.define.container.state.State.roundto" time="0.003" /><testcase classname="fmdtools.define.container.state" name="fmdtools.define.container.state.State.same" time="0.004" /><testcase classname="fmdtools.define.container.state" name="fmdtools.define.container.state.State.set_atts" time="0.003" /><testcase classname="fmdtools.define.container.state" name="fmdtools.define.container.state.State.sub" time="0.003" /><testcase classname="fmdtools.define.container.time" name="fmdtools.define.container.time.Time" time="0.004" /><testcase classname="fmdtools.define.environment" name="fmdtools.define.environment.Environment" time="0.018" /><testcase classname="fmdtools.define.environment" name="fmdtools.define.environment.Environment.copy" time="0.088" /><testcase classname="fmdtools.define.flow.base" name="fmdtools.define.flow.base.Flow" time="0.005" /><testcase classname="fmdtools.define.flow.commsflow" name="fmdtools.define.flow.commsflow.CommsFlow" time="0.005" /><testcase classname="fmdtools.define.flow.multiflow" name="fmdtools.define.flow.multiflow.MultiFlow" time="0.004" /><testcase classname="fmdtools.define.flow.multiflow" name="fmdtools.define.flow.multiflow.MultiFlow.create_hist" time="0.004" /><testcase classname="fmdtools.define.flow.multiflow" name="fmdtools.define.flow.multiflow.MultiFlow.get_view" time="0.003" /><testcase classname="fmdtools.define.object.base" name="fmdtools.define.object.base.BaseObject" time="0.005" /><testcase classname="fmdtools.define.object.base" name="fmdtools.define.object.base.BaseObject.assign_roles" time="0.004" /><testcase classname="fmdtools.define.object.base" name="fmdtools.define.object.base.BaseObject.get_att_roletype" time="0.003" /><testcase classname="fmdtools.define.object.base" name="fmdtools.define.object.base.BaseObject.get_node_attrs" time="0.003" /><testcase classname="fmdtools.define.object.coords" name="fmdtools.define.object.coords.BaseCoords.find_all_prop" time="0.004" /><testcase classname="fmdtools.define.object.coords" name="fmdtools.define.object.coords.BaseCoords.find_all_props" time="0.005" /><testcase classname="fmdtools.define.object.coords" name="fmdtools.define.object.coords.BaseCoords.get" time="0.003" /><testcase classname="fmdtools.define.object.coords" name="fmdtools.define.object.coords.BaseCoords.get_neighbors" time="0.007" /><testcase classname="fmdtools.define.object.coords" name="fmdtools.define.object.coords.BaseCoords.get_properties" time="0.003" /><testcase classname="fmdtools.define.object.coords" name="fmdtools.define.object.coords.BaseCoords.set" time="0.003" /><testcase classname="fmdtools.define.object.coords" name="fmdtools.define.object.coords.BaseCoords.set_pts" time="0.004" /><testcase classname="fmdtools.define.object.coords" name="fmdtools.define.object.coords.BaseCoords.set_range" time="0.007" /><testcase classname="fmdtools.define.object.coords" name="fmdtools.define.object.coords.BaseCoords.to_gridpoint" time="0.004" /><testcase classname="fmdtools.define.object.coords" name="fmdtools.define.object.coords.BaseCoords.to_index" time="0.003" /><testcase classname="fmdtools.define.object.coords" name="fmdtools.define.object.coords.Coords" time="0.008" /><testcase classname="fmdtools.define.object.coords" name="fmdtools.define.object.coords.Coords.copy" time="0.005" /><testcase classname="fmdtools.define.object.coords" name="fmdtools.define.object.coords.Coords.find_all" time="0.005" /><testcase classname="fmdtools.define.object.coords" name="fmdtools.define.object.coords.Coords.find_closest" time="0.004" /><testcase classname="fmdtools.define.object.coords" name="fmdtools.define.object.coords.Coords.in_area" time="0.004" /><testcase classname="fmdtools.define.object.coords" name="fmdtools.define.object.coords.Coords.set_rand_pts" time="0.004" /><testcase classname="fmdtools.define.object.coords" name="fmdtools.define.object.coords.MetricCoords" time="0.005" /><testcase classname="fmdtools.define.object.geom" name="fmdtools.define.object.geom.Geom.all_at" time="0.005" /><testcase classname="fmdtools.define.object.geom" name="fmdtools.define.object.geom.Geom.vect_at_shape" time="0.004" /><testcase classname="fmdtools.define.object.geom" name="fmdtools.define.object.geom.Geom.vect_to_shape" time="0.005" /><testcase classname="fmdtools.define.object.geom" name="fmdtools.define.object.geom.GeomLine" time="0.005" /><testcase classname="fmdtools.define.object.geom" name="fmdtools.define.object.geom.GeomLine.get_args" time="0.003" /><testcase classname="fmdtools.define.object.geom" name="fmdtools.define.object.geom.GeomPoint" time="0.005" /><testcase classname="fmdtools.define.object.geom" name="fmdtools.define.object.geom.GeomPoint.get_args" time="0.003" /><testcase classname="fmdtools.define.object.geom" name="fmdtools.define.object.geom.GeomPoly" time="0.004" /><testcase classname="fmdtools.define.object.geom" name="fmdtools.define.object.geom.GeomPoly.get_args" time="0.003" /><testcase classname="fmdtools.define.object.geom" name="fmdtools.define.object.geom.LineParam" time="0.003" /><testcase classname="fmdtools.define.object.geom" name="fmdtools.define.object.geom.PointParam" time="0.003" /><testcase classname="fmdtools.define.object.geom" name="fmdtools.define.object.geom.PolyParam" time="0.003" /><testcase classname="fmdtools.define.object.timer" name="fmdtools.define.object.timer.Timer" time="0.003" /><testcase classname="fmdtools.sim.propagate" name="fmdtools.sim.propagate.MultiEventSimulation" time="2.599" /><testcase classname="fmdtools.sim.propagate" name="fmdtools.sim.propagate.MultiSimulation" time="1.988" /><testcase classname="fmdtools.sim.propagate" name="fmdtools.sim.propagate.NestedSimulation" time="0.881" /><testcase classname="fmdtools.sim.propagate" name="fmdtools.sim.propagate.SimEvent" time="0.011" /><testcase classname="fmdtools.sim.propagate" name="fmdtools.sim.propagate.Simulation" time="0.109" /><testcase classname="fmdtools.sim.sample" name="fmdtools.sim.sample.BaseSample.get_metric" time="0.008" /><testcase classname="fmdtools.sim.sample" name="fmdtools.sim.sample.FaultDomain.add_all" time="0.009" /><testcase classname="fmdtools.sim.sample" name="fmdtools.sim.sample.FaultDomain.add_all_fxn_modes" time="0.008" /><testcase classname="fmdtools.sim.sample" name="fmdtools.sim.sample.FaultDomain.add_all_fxnclass_modes" time="0.008" /><testcase classname="fmdtools.sim.sample" name="fmdtools.sim.sample.FaultDomain.add_fault" time="0.009" /><testcase classname="fmdtools.sim.sample" name="fmdtools.sim.sample.FaultDomain.add_fault_space" time="0.009" /><testcase classname="fmdtools.sim.sample" name="fmdtools.sim.sample.FaultDomain.add_faults" time="0.008" /><testcase classname="fmdtools.sim.sample" name="fmdtools.sim.sample.FaultDomain.add_singlecomp_modes" time="0.053" /><testcase classname="fmdtools.sim.sample" name="fmdtools.sim.sample.FaultSample" time="0.004" /><testcase classname="fmdtools.sim.sample" name="fmdtools.sim.sample.FaultSample.add_fault_phases" time="0.052" /><testcase classname="fmdtools.sim.sample" name="fmdtools.sim.sample.FaultSample.add_fault_times" time="0.068" /><testcase classname="fmdtools.sim.sample" name="fmdtools.sim.sample.FaultSample.add_joint_fault_scenario" time="0.063" /><testcase classname="fmdtools.sim.sample" name="fmdtools.sim.sample.FaultSample.add_single_fault_scenario" time="0.060" /><testcase classname="fmdtools.sim.sample" name="fmdtools.sim.sample.ParameterDomain" time="0.006" /><testcase classname="fmdtools.sim.sample" name="fmdtools.sim.sample.ParameterDomain.get_var_iters" time="0.003" /><testcase classname="fmdtools.sim.sample" name="fmdtools.sim.sample.ParameterHistSample" time="0.005" /><testcase classname="fmdtools.sim.sample" name="fmdtools.sim.sample.ParameterResultSample" time="0.005" /><testcase classname="fmdtools.sim.sample" name="fmdtools.sim.sample.ParameterSample.add_variable_ranges" time="0.005" /><testcase classname="fmdtools.sim.sample" name="fmdtools.sim.sample.ParameterSample.add_variable_replicates" time="0.004" /><testcase classname="fmdtools.sim.sample" name="fmdtools.sim.sample.ParameterSample.add_variable_scenario" time="0.003" /><testcase classname="fmdtools.sim.sample" name="fmdtools.sim.sample.ParameterSample.combine_orthogonal" time="0.003" /><testcase classname="fmdtools.sim.sample" name="fmdtools.sim.sample.ParameterSample.combine_product" time="0.003" /><testcase classname="fmdtools.sim.sample" name="fmdtools.sim.sample.ParameterSample.combine_random" time="0.003" /><testcase classname="fmdtools.sim.sample" name="fmdtools.sim.sample.SampleApproach.add_faultdomain" time="0.075" /><testcase classname="fmdtools.sim.sample" name="fmdtools.sim.sample.SampleApproach.add_faultsample" time="0.106" /><testcase classname="fmdtools.sim.sample" name="fmdtools.sim.sample.combine_orthogonal" time="0.003" /><testcase classname="fmdtools.sim.sample" name="fmdtools.sim.sample.combine_random" time="0.003" /><testcase classname="fmdtools.sim.sample" name="fmdtools.sim.sample.sample_times_even" time="0.003" /><testcase classname="fmdtools.sim.sample" name="fmdtools.sim.sample.sample_times_quad" time="0.003" /><testcase classname="fmdtools.sim.scenario" name="fmdtools.sim.scenario.Sequence" time="0.003" /><testcase classname="fmdtools.sim.scenario" name="fmdtools.sim.scenario.Sequence.update_sequence" time="0.003" /><testcase classname="fmdtools.sim.scenario" name="fmdtools.sim.scenario.SingleFaultScenario.from_fault" time="0.003" /><testcase classname="fmdtools.sim.search" name="fmdtools.sim.search.BaseProblem.get_opt_hist" time="0.003" /><testcase classname="fmdtools.sim.search" name="fmdtools.sim.search.DisturbanceProblem" time="0.025" /><testcase classname="fmdtools.sim.search" name="fmdtools.sim.search.HistoryObjective" time="0.004" /><testcase classname="fmdtools.sim.search" name="fmdtools.sim.search.ParameterSimProblem" time="0.151" /><testcase classname="fmdtools.sim.search" name="fmdtools.sim.search.ProblemArchitecture" time="0.070" /><testcase classname="fmdtools.sim.search" name="fmdtools.sim.search.ProblemArchitecture.update_full_problem" time="0.046" /><testcase classname="fmdtools.sim.search" name="fmdtools.sim.search.ProblemArchitecture.update_problem" time="0.028" /><testcase classname="fmdtools.sim.search" name="fmdtools.sim.search.ResultConstraint.con_from_value" time="0.003" /><testcase classname="fmdtools.sim.search" name="fmdtools.sim.search.ResultObjective.get_result_value" time="0.004" /><testcase classname="fmdtools.sim.search" name="fmdtools.sim.search.SimpleProblem" time="0.003" /><testcase classname="fmdtools.sim.search" name="fmdtools.sim.search.SingleFaultScenarioProblem" time="0.036" /><testcase classname="tests.test_graph.ModelGraphTests" name="test_compare_with" time="0.093" /><testcase classname="tests.test_graph.ModelGraphTests" name="test_fault_plot" time="0.871" /><testcase classname="tests.test_graph.ModelGraphTests" name="test_flowgraph_plot" time="0.667" /><testcase classname="tests.test_graph.ModelGraphTests" name="test_fxngraph_plot" time="0.965" /><testcase classname="tests.test_graph.ModelGraphTests" name="test_modelgraph_plot" time="0.568" /><testcase classname="tests.test_graph.ModelGraphTests" name="test_plot_centrality" time="0.615" /><testcase classname="tests.test_graph.ModelGraphTests" name="test_result_from_plot" time="0.766" /><testcase classname="tests.test_graph.ModelGraphTests" name="test_summary" time="0.061" /><testcase classname="tests.test_graph.ModelGraphTests" name="test_typegraph_plot" time="0.176" /><testcase classname="tests.test_hierarchical.define_Tests" name="test_arg_passdown" time="0.024" /><testcase classname="tests.test_hierarchical.define_Tests" name="test_fault_injection" time="0.009" /><testcase classname="tests.test_hierarchical.define_Tests" name="test_prop_method" time="0.505" /><testcase classname="tests.test_hierarchical.define_Tests" name="test_propagation" time="0.016" /><testcase classname="tests.test_packages.define_Tests" name="test_pdf_translation_options" time="0.009" /></testsuite></testsuites>