<?xml version="1.0" encoding="utf-8"?><testsuites name="pytest tests"><testsuite name="pytest" errors="0" failures="0" skipped="3" tests="378" time="3945.659" timestamp="2025-12-03T17:39:03.168005-08:00" hostname="bamboo-r1.ndc.nasa.gov"><testcase classname="examples.asg_demo.Action_Sequence_Graph.ipynb" name="Action_Sequence_Graph.ipynb" time="12.618" /><testcase classname="examples.eps.EPS_Example_Notebook.ipynb" name="EPS_Example_Notebook.ipynb" time="9.674" /><testcase classname="examples.eps.test_eps.epsTests" name="test_all_faults" time="3.092" /><testcase classname="examples.eps.test_eps.epsTests" name="test_backward_fault_prop_1" time="0.180" /><testcase classname="examples.eps.test_eps.epsTests" name="test_backward_fault_prop_2" time="0.180" /><testcase classname="examples.eps.test_eps.epsTests" name="test_fault_app" time="4.394" /><testcase classname="examples.eps.test_eps.epsTests" name="test_multfault_saving" time="0.564" /><testcase classname="examples.eps.test_eps.epsTests" name="test_nominal_saving" time="0.168" /><testcase classname="examples.eps.test_eps.epsTests" name="test_pickleability" time="7.375" /><testcase classname="examples.eps.test_eps.epsTests" name="test_save_load_onefault" time="0.582" /><testcase classname="examples.eps.test_eps.epsTests" name="test_save_load_singlefaults" time="11.067" /><testcase classname="examples.multiflow_demo.Multiflow_and_Commsflow_Demonstration.ipynb" name="Multiflow_and_Commsflow_Demonstration.ipynb" time="5.681" /><testcase classname="examples.multiflow_demo.test_multiflow.define_Tests" name="test_multiflow_combination" time="0.277" /><testcase classname="examples.multiflow_demo.test_multiflow.define_Tests" name="test_multiflow_passing" time="0.263" /><testcase classname="examples.multiflow_demo.test_multiflow.define_Tests" name="test_mutliflow_copying" time="0.280" /><testcase classname="examples.multirotor.Demonstration.ipynb" name="Demonstration.ipynb" time="85.575" /><testcase classname="examples.multirotor.Multirotor_Optimization.ipynb" name="Multirotor_Optimization.ipynb" time="230.834" /><testcase classname="examples.multirotor.drone_mdl_dynamic" name="examples.multirotor.drone_mdl_dynamic.AffectDOF.inc_pos" time="0.010" /><testcase classname="examples.multirotor.drone_mdl_dynamic" name="examples.multirotor.drone_mdl_dynamic.PlanPath.assign_vectdist_to_goal" time="0.007" /><testcase classname="examples.multirotor.drone_mdl_dynamic" name="examples.multirotor.drone_mdl_dynamic.PlanPath.calc_dist_to_goal" time="0.006" /><testcase classname="examples.multirotor.drone_mdl_dynamic" name="examples.multirotor.drone_mdl_dynamic.SightGrid" time="0.538" /><testcase classname="examples.multirotor.drone_mdl_hierarchical" name="examples.multirotor.drone_mdl_hierarchical.AffectDOF" time="0.090" /><testcase classname="examples.multirotor.drone_mdl_hierarchical" name="examples.multirotor.drone_mdl_hierarchical.AffectDOFArch" time="0.028" /><testcase classname="examples.multirotor.drone_mdl_hierarchical" name="examples.multirotor.drone_mdl_hierarchical.LineArchParam" time="0.006" /><testcase classname="examples.multirotor.drone_mdl_static" name="examples.multirotor.drone_mdl_static.AffectDOF.static_behavior" time="0.006" /><testcase classname="examples.multirotor.drone_mdl_static" name="examples.multirotor.drone_mdl_static.CtlDOF.static_behavior" time="0.006" /><testcase classname="examples.multirotor.drone_mdl_static" name="examples.multirotor.drone_mdl_static.DesTrajState.dist2d" time="0.002" /><testcase classname="examples.multirotor.drone_mdl_static" name="examples.multirotor.drone_mdl_static.DesTrajState.unit_vect2d" time="0.003" /><testcase classname="examples.multirotor.drone_mdl_static" name="examples.multirotor.drone_mdl_static.DistEE.static_behavior" time="0.009" /><testcase classname="examples.multirotor.drone_mdl_static" name="examples.multirotor.drone_mdl_static.HoldPayload.static_behavior" time="0.006" /><testcase classname="examples.multirotor.drone_mdl_static" name="examples.multirotor.drone_mdl_static.PlanPath.static_behavior" time="0.006" /><testcase classname="examples.multirotor.test_multirotor.DroneParameterTests" name="test_objectives" time="2.078" /><testcase classname="examples.multirotor.test_multirotor.DroneParameterTests" name="test_param_domain_1" time="0.002" /><testcase classname="examples.multirotor.test_multirotor.DroneParameterTests" name="test_param_domain_2" time="0.002" /><testcase classname="examples.multirotor.test_multirotor.DroneParameterTests" name="test_set_constraints_1" time="0.001" /><testcase classname="examples.multirotor.test_multirotor.DroneParameterTests" name="test_set_constraints_2" time="0.001" /><testcase classname="examples.multirotor.test_multirotor.DroneParameterTests" name="test_sim_mdl" time="1.236" /><testcase classname="examples.multirotor.test_multirotor.DroneScenarioTest" name="test_scenprob_results" time="3.357" /><testcase classname="examples.multirotor.test_multirotor.DroneScenarioTest2" name="test_scenprob_results" time="3.280" /><testcase classname="examples.multirotor.test_multirotor.DroneScenarioTest3" name="test_scenprob_results" time="3.257" /><testcase classname="examples.multirotor.test_multirotor.DroneDisturbanceTest" name="test_disturbance_set" time="1.068" /><testcase classname="examples.pump.Optimization.ipynb" name="Optimization.ipynb" time="123.422" /><testcase classname="examples.pump.Parallelism_Tutorial.ipynb" name="Parallelism_Tutorial.ipynb" time="159.520" /><testcase classname="examples.pump.Pump_Example_Notebook.ipynb" name="Pump_Example_Notebook.ipynb" time="33.314" /><testcase classname="examples.pump.Tutorial_complete.ipynb" name="Tutorial_complete.ipynb" time="13.826" /><testcase classname="examples.pump.ex_pump" name="examples.pump.ex_pump.accumulate" time="0.005" /><testcase classname="examples.pump.ex_pump" name="examples.pump.ex_pump.reseting_accumulate" time="0.003" /><testcase classname="examples.pump.test_pump.PumpTests" name="test_app_prop_values" time="2.010" /><testcase classname="examples.pump.test_pump.PumpTests" name="test_approach_cost_calc" time="119.551" /><testcase classname="examples.pump.test_pump.PumpTests" name="test_approach_parallelism" time="74.640" /><testcase classname="examples.pump.test_pump.PumpTests" name="test_dynamic_prop_values" time="2.605" /><testcase classname="examples.pump.test_pump.PumpTests" name="test_dynamic_prop_values_2" time="2.559" /><testcase classname="examples.pump.test_pump.PumpTests" name="test_fault_sample_isave" time="14.872" /><testcase classname="examples.pump.test_pump.PumpTests" name="test_fault_sample_save" time="15.130" /><testcase classname="examples.pump.test_pump.PumpTests" name="test_fmea_options" time="2.174" /><testcase classname="examples.pump.test_pump.PumpTests" name="test_hist_tracking_setup" time="0.065" /><testcase classname="examples.pump.test_pump.PumpTests" name="test_model_copy_different" time="10.290" /><testcase classname="examples.pump.test_pump.PumpTests" name="test_model_copy_same" time="21.275" /><testcase classname="examples.pump.test_pump.PumpTests" name="test_model_reset" time="0.002"><skipped type="pytest.skip" message="Reset not fully implemented yet and unused throughout.">/home/bamboo/bamboo-agent-home/xml-data/build-dir/RAD-TEST-UVF/fmdtools/examples/pump/test_pump.py:138: Reset not fully implemented yet and unused throughout.</skipped></testcase><testcase classname="examples.pump.test_pump.PumpTests" name="test_nested_sample_isave" time="160.007" /><testcase classname="examples.pump.test_pump.PumpTests" name="test_nested_sample_save" time="160.667" /><testcase classname="examples.pump.test_pump.PumpTests" name="test_nominal_save" time="1.104" /><testcase classname="examples.pump.test_pump.PumpTests" name="test_one_run_csv" time="0.680" /><testcase classname="examples.pump.test_pump.PumpTests" name="test_one_run_json" time="0.623" /><testcase classname="examples.pump.test_pump.PumpTests" name="test_one_run_pickle" time="0.637" /><testcase classname="examples.pump.test_pump.PumpTests" name="test_onefault_save" time="1.576" /><testcase classname="examples.pump.test_pump.PumpTests" name="test_param_sample" time="0.039" /><testcase classname="examples.pump.test_pump.PumpTests" name="test_param_sample_isave" time="9.832" /><testcase classname="examples.pump.test_pump.PumpTests" name="test_param_sample_save" time="10.591" /><testcase classname="examples.pump.test_pump.PumpTests" name="test_pickleability" time="7.760" /><testcase classname="examples.pump.test_pump.PumpTests" name="test_save_load_multfault" time="2.322" /><testcase classname="examples.pump.test_pump.PumpTests" name="test_single_faults_isave" time="9.536" /><testcase classname="examples.pump.test_pump.PumpTests" name="test_single_faults_save" time="9.442" /><testcase classname="examples.pump.test_pump.PumpTests" name="test_value_setting" time="0.039" /><testcase classname="examples.pump.test_pump.PumpTests" name="test_value_setting_dict" time="0.035" /><testcase classname="examples.pump.test_pump.IndivPumpTests" name="test_mutable_setup" time="0.046" /><testcase classname="examples.pump.test_pump_example.ImportEE_Tests" name="test_behave_inf_v" time="0.004" /><testcase classname="examples.pump.test_pump_example.ImportEE_Tests" name="test_behave_no_v" time="0.003" /><testcase classname="examples.pump.test_pump_example.ImportEE_Tests" name="test_behave_nom" time="0.003" /><testcase classname="examples.pump.test_pump_example.ImportEE_Tests" name="test_condfaults_hi" time="0.003" /><testcase classname="examples.pump.test_pump_example.ImportEE_Tests" name="test_condfaults_nom" time="0.003" /><testcase classname="examples.pump.test_pump_example.ImportEE_Tests" name="test_initialization" time="0.003" /><testcase classname="examples.pump.test_pump_example.MoveWat_Tests" name="test_condfaults_dynamic" time="0.006" /><testcase classname="examples.pump.test_pump_example.MoveWat_Tests" name="test_initialization" time="0.004" /><testcase classname="examples.pump.test_pump_example.MoveWat_Tests" name="test_nom" time="0.004" /><testcase classname="examples.pump.test_pump_example.Integration_Tests" name="test_blockage_results" time="0.674" /><testcase classname="examples.pump.test_pump_example.Integration_Tests" name="test_blockage_static" time="0.078" /><testcase classname="examples.pump.test_pump_example.Integration_Tests" name="test_nominal_results" time="0.339" /><testcase classname="examples.pump.test_pump_stochastic.StochasticPumpTests" name="test_mdl_pickle" time="79.757" /><testcase classname="examples.pump.test_pump_stochastic.StochasticPumpTests" name="test_model_copy_different" time="11.169" /><testcase classname="examples.pump.test_pump_stochastic.StochasticPumpTests" name="test_model_copy_same" time="21.381" /><testcase classname="examples.pump.test_pump_stochastic.StochasticPumpTests" name="test_model_reset" time="0.002"><skipped type="pytest.skip" message="Reset not fully implemented yet and unused throughout.">/home/bamboo/bamboo-agent-home/xml-data/build-dir/RAD-TEST-UVF/fmdtools/examples/pump/test_pump_stochastic.py:112: Reset not fully implemented yet and unused throughout.</skipped></testcase><testcase classname="examples.pump.test_pump_stochastic.StochasticPumpTests" name="test_model_set_vars" time="0.032" /><testcase classname="examples.pump.test_pump_stochastic.StochasticPumpTests" name="test_nested_sample_isave" time="74.162" /><testcase classname="examples.pump.test_pump_stochastic.StochasticPumpTests" name="test_nested_sample_save" time="79.612" /><testcase classname="examples.pump.test_pump_stochastic.StochasticPumpTests" name="test_param_sample_isave" time="5.291" /><testcase classname="examples.pump.test_pump_stochastic.StochasticPumpTests" name="test_param_sample_save" time="4.968" /><testcase classname="examples.pump.test_pump_stochastic.StochasticPumpTests" name="test_plot_nested_hists" time="10.454" /><testcase classname="examples.pump.test_pump_stochastic.StochasticPumpTests" name="test_plot_nominal_vals" time="4.144" /><testcase classname="examples.pump.test_pump_stochastic.StochasticPumpTests" name="test_plot_nominal_vals_xd" time="255.137" /><testcase classname="examples.pump.test_pump_stochastic.StochasticPumpTests" name="test_rand_paramsample_plot" time="10.067" /><testcase classname="examples.pump.test_pump_stochastic.StochasticPumpTests" name="test_run_approach" time="380.259" /><testcase classname="examples.pump.test_pump_stochastic.StochasticPumpTests" name="test_run_safety" time="26.240" /><testcase classname="examples.pump.test_pump_stochastic.StochasticPumpTests" name="test_set_seeds" time="0.106" /><testcase classname="examples.pump.test_pump_stochastic.StochasticPumpTests" name="test_stochastic_pdf" time="0.123" /><testcase classname="examples.rover.FaultSample_Use-Cases.ipynb" name="FaultSample_Use-Cases.ipynb" time="15.718" /><testcase classname="examples.rover.HFAC_Analyses.IDETC_Human_Paper_Analysis.ipynb" name="IDETC_Human_Paper_Analysis.ipynb" time="401.741" /><testcase classname="examples.rover.Model_Structure_Visualization_Tutorial.ipynb" name="Model_Structure_Visualization_Tutorial.ipynb" time="46.662" /><testcase classname="examples.rover.Rover_Setup_Notebook.ipynb" name="Rover_Setup_Notebook.ipynb" time="53.033" /><testcase classname="examples.rover.degradation_modelling.Degradation_Modelling_Notebook.ipynb" name="Degradation_Modelling_Notebook.ipynb" time="286.539" /><testcase classname="examples.rover.rover_model" name="examples.rover.rover_model.Drive.drive_nominal" time="0.411" /><testcase classname="examples.rover.rover_model_human" name="examples.rover.rover_model_human.Comprehend" time="0.006" /><testcase classname="examples.rover.rover_model_human" name="examples.rover.rover_model_human.Decide" time="0.004" /><testcase classname="examples.rover.rover_model_human" name="examples.rover.rover_model_human.HumanActions" time="0.024" /><testcase classname="examples.rover.rover_model_human" name="examples.rover.rover_model_human.Look" time="0.003" /><testcase classname="examples.rover.rover_model_human" name="examples.rover.rover_model_human.Percieve" time="0.005" /><testcase classname="examples.rover.rover_model_human" name="examples.rover.rover_model_human.Press" time="0.004" /><testcase classname="examples.rover.rover_model_human" name="examples.rover.rover_model_human.Project" time="0.005" /><testcase classname="examples.rover.test_rover.RoverTests" name="test_obj_values" time="8.993" /><testcase classname="examples.tank.Tank_Analysis.ipynb" name="Tank_Analysis.ipynb" time="47.932" /><testcase classname="examples.tank.test_tank.TankTests" name="test_approach" time="19.122" /><testcase classname="examples.tank.test_tank.TankTests" name="test_approach_parallelism_0" time="18.521" /><testcase classname="examples.tank.test_tank.TankTests" name="test_approach_parallelism_1" time="44.471" /><testcase classname="examples.tank.test_tank.TankTests" name="test_approach_parallelism_notrack" time="18.572" /><testcase classname="examples.tank.test_tank.TankTests" name="test_comp_mode_inj" time="0.246" /><testcase classname="examples.tank.test_tank.TankTests" name="test_different_components" time="0.106" /><testcase classname="examples.tank.test_tank.TankTests" name="test_epc_math" time="0.070" /><testcase classname="examples.tank.test_tank.TankTests" name="test_fault_sample_isave" time="20.707" /><testcase classname="examples.tank.test_tank.TankTests" name="test_fault_sample_save" time="21.946" /><testcase classname="examples.tank.test_tank.TankTests" name="test_local_tstep" time="1.369" /><testcase classname="examples.tank.test_tank.TankTests" name="test_model_copy_different" time="4.301" /><testcase classname="examples.tank.test_tank.TankTests" name="test_model_copy_same" time="9.584" /><testcase classname="examples.tank.test_tank.TankTests" name="test_model_reset" time="0.002"><skipped type="pytest.skip" message="Reset not fully implemented yet and unused throughout.">/home/bamboo/bamboo-agent-home/xml-data/build-dir/RAD-TEST-UVF/fmdtools/examples/tank/test_tank.py:69: Reset not fully implemented yet and unused throughout.</skipped></testcase><testcase classname="examples.tank.test_tank.TankTests" name="test_nested_sample_isave" time="207.123" /><testcase classname="examples.tank.test_tank.TankTests" name="test_nested_sample_save" time="201.867" /><testcase classname="examples.tank.test_tank.TankTests" name="test_param_sample_isave" time="5.725" /><testcase classname="examples.tank.test_tank.TankTests" name="test_param_sample_save" time="5.963" /><testcase classname="examples.tank.test_tank.TankTests" name="test_save_load_multfault" time="1.315" /><testcase classname="examples.tank.test_tank.TankTests" name="test_save_load_nominal" time="0.596" /><testcase classname="examples.tank.test_tank.TankTests" name="test_save_load_onefault" time="1.277" /><testcase classname="examples.tank.test_tank.TankTests" name="test_save_load_singlefaults" time="12.229" /><testcase classname="examples.tank.test_tank.TankTests" name="test_singlefaults_isave" time="11.991" /><testcase classname="examples.tank.test_tank.TankTests" name="test_tank_copy_args" time="0.114" /><testcase classname="examples.taxiway.Paper_Notebook.ipynb" name="Paper_Notebook.ipynb" time="26.214" /><testcase classname="examples.taxiway.test_asset.AssetTests" name="test_avoid" time="1.392" /><testcase classname="examples.taxiway.test_asset.AssetTests" name="test_avoid_plot" time="1.494" /><testcase classname="examples.taxiway.test_asset.AssetTests" name="test_heli_cycle" time="0.523" /><testcase classname="examples.taxiway.test_asset.AssetTests" name="test_heli_cycle_plot" time="0.816" /><testcase classname="examples.taxiway.test_asset.AssetTests" name="test_lost_sight" time="2.514" /><testcase classname="examples.taxiway.test_asset.AssetTests" name="test_lost_sight_plot" time="2.754" /><testcase classname="examples.taxiway.test_asset.AssetTests" name="test_one_cycle" time="0.593" /><testcase classname="examples.taxiway.test_asset.AssetTests" name="test_one_cycle_plot" time="0.752" /><testcase classname="examples.taxiway.test_model.ModelTests" name="test_atc_lost_ground_perception" time="11.646" /><testcase classname="examples.taxiway.test_model.ModelTests" name="test_atc_lost_ground_perception_plot" time="12.365" /><testcase classname="examples.taxiway.test_model.ModelTests" name="test_atc_wrong_land_command" time="11.814" /><testcase classname="examples.taxiway.test_model.ModelTests" name="test_atc_wrong_land_command_lost_sight" time="12.601" /><testcase classname="examples.taxiway.test_model.ModelTests" name="test_atc_wrong_land_command_sight_plot" time="16.445" /><testcase classname="examples.taxiway.test_model.ModelTests" name="test_default_plots" time="9.404" /><testcase classname="examples.taxiway.test_model.ModelTests" name="test_scen" time="6.036" /><testcase classname="fmdtools.analyze.common" name="fmdtools.analyze.common.auto_filetype" time="0.007" /><testcase classname="fmdtools.analyze.common" name="fmdtools.analyze.common.calc_average" time="0.003" /><testcase classname="fmdtools.analyze.common" name="fmdtools.analyze.common.calc_expected" time="0.003" /><testcase classname="fmdtools.analyze.common" name="fmdtools.analyze.common.calc_metric" time="0.004" /><testcase classname="fmdtools.analyze.common" name="fmdtools.analyze.common.calc_metric_ci" time="0.022" /><testcase classname="fmdtools.analyze.common" name="fmdtools.analyze.common.calc_percent" time="0.002" /><testcase classname="fmdtools.analyze.common" name="fmdtools.analyze.common.calc_rate" time="0.003" /><testcase classname="fmdtools.analyze.common" name="fmdtools.analyze.common.calc_sum" time="0.003" /><testcase classname="fmdtools.analyze.common" name="fmdtools.analyze.common.calc_total" time="0.003" /><testcase classname="fmdtools.analyze.common" name="fmdtools.analyze.common.create_indiv_filename" time="0.002" /><testcase classname="fmdtools.analyze.common" name="fmdtools.analyze.common.diff" time="0.004" /><testcase classname="fmdtools.analyze.common" name="fmdtools.analyze.common.join_key" time="0.002" /><testcase classname="fmdtools.analyze.common" name="fmdtools.analyze.common.to_include_keys" time="0.003" /><testcase classname="fmdtools.analyze.graph.base" name="fmdtools.analyze.graph.base.Graph" time="0.604" /><testcase classname="fmdtools.analyze.graph.base" name="fmdtools.analyze.graph.base.Graph._get_edge_style" time="0.006" /><testcase classname="fmdtools.analyze.graph.base" name="fmdtools.analyze.graph.base.Graph._get_node_style" time="0.004" /><testcase classname="fmdtools.analyze.graph.base" name="fmdtools.analyze.graph.base.Graph.add_node_groups" time="0.138" /><testcase classname="fmdtools.analyze.graph.base" name="fmdtools.analyze.graph.base.Graph.draw_drawio" time="0.017" /><testcase classname="fmdtools.analyze.graph.base" name="fmdtools.analyze.graph.base.Graph.set_heatmap" time="0.132" /><testcase classname="fmdtools.analyze.graph.model" name="fmdtools.analyze.graph.model.ModelGraph" time="0.013" /><testcase classname="fmdtools.analyze.graph.model" name="fmdtools.analyze.graph.model.create_inheritance_subgraph" time="0.005" /><testcase classname="fmdtools.analyze.graph.style" name="fmdtools.analyze.graph.style.FlowEdgeStyle" time="0.003" /><testcase classname="fmdtools.analyze.graph.style" name="fmdtools.analyze.graph.style.edge_style_factory" time="1.469" /><testcase classname="fmdtools.analyze.graph.style" name="fmdtools.analyze.graph.style.node_style_factory" time="1.444" /><testcase classname="fmdtools.analyze.graph.style" name="fmdtools.analyze.graph.style.to_legend_label" time="0.004" /><testcase classname="fmdtools.analyze.history" name="fmdtools.analyze.history.History" time="0.004" /><testcase classname="fmdtools.analyze.history" name="fmdtools.analyze.history.History.cut" time="0.003" /><testcase classname="fmdtools.analyze.history" name="fmdtools.analyze.history.History.get_degraded_hist" time="0.004" /><testcase classname="fmdtools.analyze.history" name="fmdtools.analyze.history.History.get_fault_time" time="0.003" /><testcase classname="fmdtools.analyze.history" name="fmdtools.analyze.history.History.get_faulty_hist" time="0.004" /><testcase classname="fmdtools.analyze.history" name="fmdtools.analyze.history.History.get_mean_bound_errhist" time="0.004" /><testcase classname="fmdtools.analyze.history" name="fmdtools.analyze.history.History.get_mean_ci_errhist" time="0.013" /><testcase classname="fmdtools.analyze.history" name="fmdtools.analyze.history.History.get_mean_std_errhist" time="0.004" /><testcase classname="fmdtools.analyze.history" name="fmdtools.analyze.history.History.get_percentile_errhist" time="0.008" /><testcase classname="fmdtools.analyze.history" name="fmdtools.analyze.history.History.get_slice" time="0.003" /><testcase classname="fmdtools.analyze.phases" name="fmdtools.analyze.phases.PhaseMap.calc_modephase_time" time="0.003" /><testcase classname="fmdtools.analyze.phases" name="fmdtools.analyze.phases.PhaseMap.calc_phase_time" time="0.002" /><testcase classname="fmdtools.analyze.phases" name="fmdtools.analyze.phases.PhaseMap.calc_samples_in_phases" time="0.003" /><testcase classname="fmdtools.analyze.phases" name="fmdtools.analyze.phases.PhaseMap.find_modephase" time="0.003" /><testcase classname="fmdtools.analyze.phases" name="fmdtools.analyze.phases.PhaseMap.get_phase_times" time="0.003" /><testcase classname="fmdtools.analyze.phases" name="fmdtools.analyze.phases.PhaseMap.get_sample_times" time="0.003" /><testcase classname="fmdtools.analyze.phases" name="fmdtools.analyze.phases.find_interval_overlap" time="0.003" /><testcase classname="fmdtools.analyze.phases" name="fmdtools.analyze.phases.from_hist" time="0.003" /><testcase classname="fmdtools.analyze.phases" name="fmdtools.analyze.phases.join_phasemaps" time="0.003" /><testcase classname="fmdtools.analyze.result" name="fmdtools.analyze.result.Result" time="0.003" /><testcase classname="fmdtools.analyze.result" name="fmdtools.analyze.result.Result.__eq__" time="0.004" /><testcase classname="fmdtools.analyze.result" name="fmdtools.analyze.result.Result.__sub__" time="0.003" /><testcase classname="fmdtools.analyze.result" name="fmdtools.analyze.result.Result.align_external_dict" time="0.003" /><testcase classname="fmdtools.analyze.result" name="fmdtools.analyze.result.Result.fromdict" time="0.003" /><testcase classname="fmdtools.analyze.result" name="fmdtools.analyze.result.Result.get" time="0.003" /><testcase classname="fmdtools.analyze.result" name="fmdtools.analyze.result.Result.get_metric" time="0.005" /><testcase classname="fmdtools.analyze.result" name="fmdtools.analyze.result.Result.get_metric_ci" time="0.010" /><testcase classname="fmdtools.analyze.result" name="fmdtools.analyze.result.Result.get_vals" time="0.003" /><testcase classname="fmdtools.analyze.result" name="fmdtools.analyze.result.Result.is_flat" time="0.003" /><testcase classname="fmdtools.analyze.tabulate" name="fmdtools.analyze.tabulate.Comparison" time="1.050" /><testcase classname="fmdtools.analyze.tabulate" name="fmdtools.analyze.tabulate.FMEA" time="0.039" /><testcase classname="fmdtools.analyze.tabulate" name="fmdtools.analyze.tabulate.result_summary" time="0.319" /><testcase classname="fmdtools.analyze.tabulate" name="fmdtools.analyze.tabulate.result_summary_fmea" time="1.439" /><testcase classname="fmdtools.define.architecture.action" name="fmdtools.define.architecture.action.ActionArchitecture" time="0.015" /><testcase classname="fmdtools.define.architecture.action" name="fmdtools.define.architecture.action.ActionArchitectureActGraph" time="0.007" /><testcase classname="fmdtools.define.architecture.action" name="fmdtools.define.architecture.action.ActionArchitectureFlowGraph" time="0.007" /><testcase classname="fmdtools.define.architecture.action" name="fmdtools.define.architecture.action.ActionArchitectureGraph" time="0.008" /><testcase classname="fmdtools.define.architecture.base" name="fmdtools.define.architecture.base.Architecture.as_drawio" time="0.037" /><testcase classname="fmdtools.define.architecture.component" name="fmdtools.define.architecture.component.ComponentArchitecture" time="0.013" /><testcase classname="fmdtools.define.architecture.function" name="fmdtools.define.architecture.function.FunctionArchitecture" time="0.015" /><testcase classname="fmdtools.define.architecture.function" name="fmdtools.define.architecture.function.FunctionArchitectureFlowGraph" time="0.010" /><testcase classname="fmdtools.define.architecture.function" name="fmdtools.define.architecture.function.FunctionArchitectureFxnGraph" time="0.011" /><testcase classname="fmdtools.define.architecture.function" name="fmdtools.define.architecture.function.FunctionArchitectureGraph" time="0.016" /><testcase classname="fmdtools.define.architecture.function" name="fmdtools.define.architecture.function.FunctionArchitectureTypeGraph" time="0.008" /><testcase classname="fmdtools.define.architecture.geom" name="fmdtools.define.architecture.geom.GeomArchitecture" time="0.010" /><testcase classname="fmdtools.define.architecture.geom" name="fmdtools.define.architecture.geom.GeomArchitecture.all_at" time="0.012" /><testcase classname="fmdtools.define.base" name="fmdtools.define.base.is_bool" time="0.003" /><testcase classname="fmdtools.define.base" name="fmdtools.define.base.is_numeric" time="0.002" /><testcase classname="fmdtools.define.base" name="fmdtools.define.base.nan_to_x" time="0.002" /><testcase classname="fmdtools.define.block.action" name="fmdtools.define.block.action.Action" time="0.006" /><testcase classname="fmdtools.define.block.base" name="fmdtools.define.block.base.SimParam.get_hist_ind" time="0.003" /><testcase classname="fmdtools.define.block.base" name="fmdtools.define.block.base.SimParam.get_timerange" time="0.003" /><testcase classname="fmdtools.define.block.component" name="fmdtools.define.block.component.Component" time="0.009" /><testcase classname="fmdtools.define.block.function" name="fmdtools.define.block.function.Function" time="0.008" /><testcase classname="fmdtools.define.container.base" name="fmdtools.define.container.base.BaseContainer.assign" time="0.004" /><testcase classname="fmdtools.define.container.base" name="fmdtools.define.container.base.BaseContainer.copy" time="0.003" /><testcase classname="fmdtools.define.container.base" name="fmdtools.define.container.base.BaseContainer.create_hist" time="0.003" /><testcase classname="fmdtools.define.container.base" name="fmdtools.define.container.base.BaseContainer.get_field_dict" time="0.003" /><testcase classname="fmdtools.define.container.base" name="fmdtools.define.container.base.BaseContainer.set_field" time="0.003" /><testcase classname="fmdtools.define.container.base" name="fmdtools.define.container.base.BaseContainer.to_default" time="0.003" /><testcase classname="fmdtools.define.container.base" name="fmdtools.define.container.base.check_container_pick" time="0.003" /><testcase classname="fmdtools.define.container.mode" name="fmdtools.define.container.mode.Fault.calc_rate" time="0.003" /><testcase classname="fmdtools.define.container.mode" name="fmdtools.define.container.mode.HumanErrorMode" time="0.004" /><testcase classname="fmdtools.define.container.mode" name="fmdtools.define.container.mode.Mode" time="0.003" /><testcase classname="fmdtools.define.container.mode" name="fmdtools.define.container.mode.Mode.add_fault" time="0.003" /><testcase classname="fmdtools.define.container.mode" name="fmdtools.define.container.mode.Mode.get_fault" time="0.003" /><testcase classname="fmdtools.define.container.parameter" name="fmdtools.define.container.parameter.Parameter" time="0.004" /><testcase classname="fmdtools.define.container.rand" name="fmdtools.define.container.rand.Rand" time="0.006" /><testcase classname="fmdtools.define.container.rand" name="fmdtools.define.container.rand.Rand.get_rand_states" time="0.003" /><testcase classname="fmdtools.define.container.rand" name="fmdtools.define.container.rand.calc_prob_density_for_random" time="0.003" /><testcase classname="fmdtools.define.container.rand" name="fmdtools.define.container.rand.calc_prob_for_choice" time="0.003" /><testcase classname="fmdtools.define.container.rand" name="fmdtools.define.container.rand.calc_prob_for_integers" time="0.003" /><testcase classname="fmdtools.define.container.rand" name="fmdtools.define.container.rand.calc_prob_for_permuted" time="0.004" /><testcase classname="fmdtools.define.container.rand" name="fmdtools.define.container.rand.calc_prob_for_shuffle_permutation" time="0.002" /><testcase classname="fmdtools.define.container.rand" name="fmdtools.define.container.rand.get_exp_ray_pdf" time="0.003" /><testcase classname="fmdtools.define.container.rand" name="fmdtools.define.container.rand.get_hypergeometric_pmf" time="0.003" /><testcase classname="fmdtools.define.container.rand" name="fmdtools.define.container.rand.get_lognormal_pdf" time="0.003" /><testcase classname="fmdtools.define.container.rand" name="fmdtools.define.container.rand.get_prob_for_rand" time="0.003" /><testcase classname="fmdtools.define.container.rand" name="fmdtools.define.container.rand.get_standard_t_pdf" time="0.003" /><testcase classname="fmdtools.define.container.rand" name="fmdtools.define.container.rand.get_triangular_pdf" time="0.005" /><testcase classname="fmdtools.define.container.state" name="fmdtools.define.container.state.State" time="0.003" /><testcase classname="fmdtools.define.container.state" name="fmdtools.define.container.state.State.add" time="0.003" /><testcase classname="fmdtools.define.container.state" name="fmdtools.define.container.state.State.div" time="0.002" /><testcase classname="fmdtools.define.container.state" name="fmdtools.define.container.state.State.get" time="0.003" /><testcase classname="fmdtools.define.container.state" name="fmdtools.define.container.state.State.gett" time="0.002" /><testcase classname="fmdtools.define.container.state" name="fmdtools.define.container.state.State.inc" time="0.003" /><testcase classname="fmdtools.define.container.state" name="fmdtools.define.container.state.State.limit" time="0.003" /><testcase classname="fmdtools.define.container.state" name="fmdtools.define.container.state.State.mul" time="0.002" /><testcase classname="fmdtools.define.container.state" name="fmdtools.define.container.state.State.put" time="0.002" /><testcase classname="fmdtools.define.container.state" name="fmdtools.define.container.state.State.roundto" time="0.003" /><testcase classname="fmdtools.define.container.state" name="fmdtools.define.container.state.State.same" time="0.003" /><testcase classname="fmdtools.define.container.state" name="fmdtools.define.container.state.State.set_atts" time="0.008" /><testcase classname="fmdtools.define.container.state" name="fmdtools.define.container.state.State.sub" time="0.002" /><testcase classname="fmdtools.define.container.time" name="fmdtools.define.container.time.Time" time="0.004" /><testcase classname="fmdtools.define.environment" name="fmdtools.define.environment.Environment" time="0.019" /><testcase classname="fmdtools.define.environment" name="fmdtools.define.environment.Environment.copy" time="0.089" /><testcase classname="fmdtools.define.flow.base" name="fmdtools.define.flow.base.Flow" time="0.005" /><testcase classname="fmdtools.define.flow.commsflow" name="fmdtools.define.flow.commsflow.CommsFlow" time="0.005" /><testcase classname="fmdtools.define.flow.multiflow" name="fmdtools.define.flow.multiflow.MultiFlow" time="0.004" /><testcase classname="fmdtools.define.flow.multiflow" name="fmdtools.define.flow.multiflow.MultiFlow.create_hist" time="0.004" /><testcase classname="fmdtools.define.flow.multiflow" name="fmdtools.define.flow.multiflow.MultiFlow.get_view" time="0.003" /><testcase classname="fmdtools.define.object.base" name="fmdtools.define.object.base.BaseObject" time="0.005" /><testcase classname="fmdtools.define.object.base" name="fmdtools.define.object.base.BaseObject.assign_roles" time="0.004" /><testcase classname="fmdtools.define.object.base" name="fmdtools.define.object.base.BaseObject.get_att_roletype" time="0.003" /><testcase classname="fmdtools.define.object.base" name="fmdtools.define.object.base.BaseObject.get_node_attrs" time="0.003" /><testcase classname="fmdtools.define.object.coords" name="fmdtools.define.object.coords.BaseCoords.find_all_prop" time="0.004" /><testcase classname="fmdtools.define.object.coords" name="fmdtools.define.object.coords.BaseCoords.find_all_props" time="0.005" /><testcase classname="fmdtools.define.object.coords" name="fmdtools.define.object.coords.BaseCoords.get" time="0.004" /><testcase classname="fmdtools.define.object.coords" name="fmdtools.define.object.coords.BaseCoords.get_neighbors" time="0.008" /><testcase classname="fmdtools.define.object.coords" name="fmdtools.define.object.coords.BaseCoords.get_properties" time="0.003" /><testcase classname="fmdtools.define.object.coords" name="fmdtools.define.object.coords.BaseCoords.set" time="0.003" /><testcase classname="fmdtools.define.object.coords" name="fmdtools.define.object.coords.BaseCoords.set_pts" time="0.004" /><testcase classname="fmdtools.define.object.coords" name="fmdtools.define.object.coords.BaseCoords.set_range" time="0.008" /><testcase classname="fmdtools.define.object.coords" name="fmdtools.define.object.coords.BaseCoords.to_gridpoint" time="0.004" /><testcase classname="fmdtools.define.object.coords" name="fmdtools.define.object.coords.BaseCoords.to_index" time="0.003" /><testcase classname="fmdtools.define.object.coords" name="fmdtools.define.object.coords.Coords" time="0.007" /><testcase classname="fmdtools.define.object.coords" name="fmdtools.define.object.coords.Coords.copy" time="0.005" /><testcase classname="fmdtools.define.object.coords" name="fmdtools.define.object.coords.Coords.find_all" time="0.005" /><testcase classname="fmdtools.define.object.coords" name="fmdtools.define.object.coords.Coords.find_closest" time="0.004" /><testcase classname="fmdtools.define.object.coords" name="fmdtools.define.object.coords.Coords.in_area" time="0.004" /><testcase classname="fmdtools.define.object.coords" name="fmdtools.define.object.coords.Coords.set_rand_pts" time="0.004" /><testcase classname="fmdtools.define.object.coords" name="fmdtools.define.object.coords.MetricCoords" time="0.004" /><testcase classname="fmdtools.define.object.geom" name="fmdtools.define.object.geom.Geom.all_at" time="0.005" /><testcase classname="fmdtools.define.object.geom" name="fmdtools.define.object.geom.Geom.vect_at_shape" time="0.005" /><testcase classname="fmdtools.define.object.geom" name="fmdtools.define.object.geom.Geom.vect_to_shape" time="0.004" /><testcase classname="fmdtools.define.object.geom" name="fmdtools.define.object.geom.GeomLine" time="0.005" /><testcase classname="fmdtools.define.object.geom" name="fmdtools.define.object.geom.GeomLine.get_args" time="0.003" /><testcase classname="fmdtools.define.object.geom" name="fmdtools.define.object.geom.GeomPoint" time="0.005" /><testcase classname="fmdtools.define.object.geom" name="fmdtools.define.object.geom.GeomPoint.get_args" time="0.003" /><testcase classname="fmdtools.define.object.geom" name="fmdtools.define.object.geom.GeomPoly" time="0.004" /><testcase classname="fmdtools.define.object.geom" name="fmdtools.define.object.geom.GeomPoly.get_args" time="0.003" /><testcase classname="fmdtools.define.object.geom" name="fmdtools.define.object.geom.LineParam" time="0.003" /><testcase classname="fmdtools.define.object.geom" name="fmdtools.define.object.geom.PointParam" time="0.003" /><testcase classname="fmdtools.define.object.geom" name="fmdtools.define.object.geom.PolyParam" time="0.003" /><testcase classname="fmdtools.define.object.timer" name="fmdtools.define.object.timer.Timer" time="0.003" /><testcase classname="fmdtools.sim.propagate" name="fmdtools.sim.propagate.MultiEventSimulation" time="3.053" /><testcase classname="fmdtools.sim.propagate" name="fmdtools.sim.propagate.MultiSimulation" time="2.126" /><testcase classname="fmdtools.sim.propagate" name="fmdtools.sim.propagate.NestedSimulation" time="1.007" /><testcase classname="fmdtools.sim.propagate" name="fmdtools.sim.propagate.SimEvent" time="0.012" /><testcase classname="fmdtools.sim.propagate" name="fmdtools.sim.propagate.Simulation" time="0.118" /><testcase classname="fmdtools.sim.sample" name="fmdtools.sim.sample.BaseSample.get_metric" time="0.008" /><testcase classname="fmdtools.sim.sample" name="fmdtools.sim.sample.FaultDomain.add_all" time="0.009" /><testcase classname="fmdtools.sim.sample" name="fmdtools.sim.sample.FaultDomain.add_all_fxn_modes" time="0.009" /><testcase classname="fmdtools.sim.sample" name="fmdtools.sim.sample.FaultDomain.add_all_fxnclass_modes" time="0.009" /><testcase classname="fmdtools.sim.sample" name="fmdtools.sim.sample.FaultDomain.add_fault" time="0.009" /><testcase classname="fmdtools.sim.sample" name="fmdtools.sim.sample.FaultDomain.add_fault_space" time="0.010" /><testcase classname="fmdtools.sim.sample" name="fmdtools.sim.sample.FaultDomain.add_faults" time="0.008" /><testcase classname="fmdtools.sim.sample" name="fmdtools.sim.sample.FaultDomain.add_singlecomp_modes" time="0.054" /><testcase classname="fmdtools.sim.sample" name="fmdtools.sim.sample.FaultSample" time="0.006" /><testcase classname="fmdtools.sim.sample" name="fmdtools.sim.sample.FaultSample.add_fault_phases" time="0.053" /><testcase classname="fmdtools.sim.sample" name="fmdtools.sim.sample.FaultSample.add_fault_times" time="0.056" /><testcase classname="fmdtools.sim.sample" name="fmdtools.sim.sample.FaultSample.add_joint_fault_scenario" time="0.058" /><testcase classname="fmdtools.sim.sample" name="fmdtools.sim.sample.FaultSample.add_single_fault_scenario" time="0.054" /><testcase classname="fmdtools.sim.sample" name="fmdtools.sim.sample.ParameterDomain" time="0.005" /><testcase classname="fmdtools.sim.sample" name="fmdtools.sim.sample.ParameterDomain.get_var_iters" time="0.003" /><testcase classname="fmdtools.sim.sample" name="fmdtools.sim.sample.ParameterHistSample" time="0.004" /><testcase classname="fmdtools.sim.sample" name="fmdtools.sim.sample.ParameterResultSample" time="0.004" /><testcase classname="fmdtools.sim.sample" name="fmdtools.sim.sample.ParameterSample.add_variable_ranges" time="0.004" /><testcase classname="fmdtools.sim.sample" name="fmdtools.sim.sample.ParameterSample.add_variable_replicates" time="0.003" /><testcase classname="fmdtools.sim.sample" name="fmdtools.sim.sample.ParameterSample.add_variable_scenario" time="0.004" /><testcase classname="fmdtools.sim.sample" name="fmdtools.sim.sample.ParameterSample.combine_orthogonal" time="0.003" /><testcase classname="fmdtools.sim.sample" name="fmdtools.sim.sample.ParameterSample.combine_product" time="0.002" /><testcase classname="fmdtools.sim.sample" name="fmdtools.sim.sample.ParameterSample.combine_random" time="0.003" /><testcase classname="fmdtools.sim.sample" name="fmdtools.sim.sample.SampleApproach.add_faultdomain" time="0.068" /><testcase classname="fmdtools.sim.sample" name="fmdtools.sim.sample.SampleApproach.add_faultsample" time="0.107" /><testcase classname="fmdtools.sim.sample" name="fmdtools.sim.sample.combine_orthogonal" time="0.003" /><testcase classname="fmdtools.sim.sample" name="fmdtools.sim.sample.combine_random" time="0.003" /><testcase classname="fmdtools.sim.sample" name="fmdtools.sim.sample.sample_times_even" time="0.003" /><testcase classname="fmdtools.sim.sample" name="fmdtools.sim.sample.sample_times_quad" time="0.003" /><testcase classname="fmdtools.sim.scenario" name="fmdtools.sim.scenario.Sequence" time="0.003" /><testcase classname="fmdtools.sim.scenario" name="fmdtools.sim.scenario.Sequence.update_sequence" time="0.002" /><testcase classname="fmdtools.sim.scenario" name="fmdtools.sim.scenario.SingleFaultScenario.from_fault" time="0.002" /><testcase classname="fmdtools.sim.search" name="fmdtools.sim.search.BaseProblem.get_opt_hist" time="0.003" /><testcase classname="fmdtools.sim.search" name="fmdtools.sim.search.DisturbanceProblem" time="0.026" /><testcase classname="fmdtools.sim.search" name="fmdtools.sim.search.HistoryObjective" time="0.003" /><testcase classname="fmdtools.sim.search" name="fmdtools.sim.search.ParameterSimProblem" time="0.135" /><testcase classname="fmdtools.sim.search" name="fmdtools.sim.search.ProblemArchitecture" time="0.062" /><testcase classname="fmdtools.sim.search" name="fmdtools.sim.search.ProblemArchitecture.update_full_problem" time="0.039" /><testcase classname="fmdtools.sim.search" name="fmdtools.sim.search.ProblemArchitecture.update_problem" time="0.026" /><testcase classname="fmdtools.sim.search" name="fmdtools.sim.search.ResultConstraint.con_from_value" time="0.002" /><testcase classname="fmdtools.sim.search" name="fmdtools.sim.search.ResultObjective.get_result_value" time="0.003" /><testcase classname="fmdtools.sim.search" name="fmdtools.sim.search.SimpleProblem" time="0.003" /><testcase classname="fmdtools.sim.search" name="fmdtools.sim.search.SingleFaultScenarioProblem" time="0.030" /><testcase classname="tests.test_graph.ModelGraphTests" name="test_fault_plot" time="0.893" /><testcase classname="tests.test_graph.ModelGraphTests" name="test_flowgraph_plot" time="0.690" /><testcase classname="tests.test_graph.ModelGraphTests" name="test_fxngraph_plot" time="0.409" /><testcase classname="tests.test_graph.ModelGraphTests" name="test_modelgraph_plot" time="0.578" /><testcase classname="tests.test_graph.ModelGraphTests" name="test_result_from_plot" time="0.783" /><testcase classname="tests.test_graph.ModelGraphTests" name="test_typegraph_plot" time="0.186" /><testcase classname="tests.test_hierarchical.define_Tests" name="test_arg_passdown" time="0.024" /><testcase classname="tests.test_hierarchical.define_Tests" name="test_fault_injection" time="0.009" /><testcase classname="tests.test_hierarchical.define_Tests" name="test_prop_method" time="0.518" /><testcase classname="tests.test_hierarchical.define_Tests" name="test_propagation" time="0.016" /><testcase classname="tests.test_packages.define_Tests" name="test_pdf_translation_options" time="0.009" /></testsuite></testsuites>