<?xml version="1.0" encoding="utf-8"?><testsuites name="pytest tests"><testsuite name="pytest" errors="3" failures="59" skipped="3" tests="380" time="2155.157" timestamp="2025-09-02T13:22:21.763962-07:00" hostname="bamboo-r7.ndc.nasa.gov"><testcase classname="" name="examples.rover.optimization.search_rover" time="0.000"><error message="collection failure">fmdtools/analyze/result.py:365: in __getattr__
    return get_dict_attr(obj.data, self.__class__, *args)
           ^^^^^^^^^^^^^^^^^^^^^^^^^^^^^^^^^^^^^^^^^^^^^^
fmdtools/analyze/result.py:96: in get_dict_attr
    sub_dict = dict_in[attr[0]]
               ^^^^^^^^^^^^^^^^
E   KeyError: 'endclass'

During handling of the above exception, another exception occurred:
fmdtools/analyze/result.py:368: in __getattr__
    return self.all_with(argstr)
           ^^^^^^^^^^^^^^^^^^^^^
fmdtools/analyze/result.py:442: in all_with
    raise Exception(attr+" not in Result keys: "+str(self.keys()))
E   Exception: endclass not in Result keys: dict_keys(['nominal.tend.classify.rate', 'nominal.tend.classify.cost', 'nominal.tend.classify.prob', 'nominal.tend.classify.expected_cost', 'nominal.tend.classify.in_bound', 'nominal.tend.classify.at_finish', 'nominal.tend.classify.line_dist', 'nominal.tend.classify.num_modes', 'nominal.tend.classify.end_dist', 'nominal.tend.classify.tot_deviation', 'nominal.tend.classify.faults', 'nominal.tend.classify.classification', 'nominal.tend.classify.end_x', 'nominal.tend.classify.end_y', 'nominal.tend.classify.endpt', 'sequence.tend.classify.rate', 'sequence.tend.classify.cost', 'sequence.tend.classify.prob', 'sequence.tend.classify.expected_cost', 'sequence.tend.classify.in_bound', 'sequence.tend.classify.at_finish', 'sequence.tend.classify.line_dist', 'sequence.tend.classify.num_modes', 'sequence.tend.classify.end_dist', 'sequence.tend.classify.tot_deviation', 'sequence.tend.classify.faults', 'sequence.tend.classify.classification', 'sequence.tend.classify.end_x', 'sequence.tend.classify.end_y', 'sequence.tend.classify.endpt'])

During handling of the above exception, another exception occurred:
examples/rover/optimization/search_rover.py:760: in &lt;module&gt;
    line_dist([0, 0, 0])
examples/rover/optimization/search_rover.py:40: in line_dist
    dist = res.endclass['line_dist']
           ^^^^^^^^^^^^
fmdtools/analyze/result.py:370: in __getattr__
    raise AttributeError("Not in dict: "+str(argstr))
E   AttributeError: Not in dict: endclass</error></testcase><testcase classname="" name="examples.rover.test_rover" time="0.000"><error message="collection failure">fmdtools/analyze/result.py:365: in __getattr__
    return get_dict_attr(obj.data, self.__class__, *args)
           ^^^^^^^^^^^^^^^^^^^^^^^^^^^^^^^^^^^^^^^^^^^^^^
fmdtools/analyze/result.py:96: in get_dict_attr
    sub_dict = dict_in[attr[0]]
               ^^^^^^^^^^^^^^^^
E   KeyError: 'endclass'

During handling of the above exception, another exception occurred:
fmdtools/analyze/result.py:368: in __getattr__
    return self.all_with(argstr)
           ^^^^^^^^^^^^^^^^^^^^^
fmdtools/analyze/result.py:442: in all_with
    raise Exception(attr+" not in Result keys: "+str(self.keys()))
E   Exception: endclass not in Result keys: dict_keys(['nominal.tend.classify.rate', 'nominal.tend.classify.cost', 'nominal.tend.classify.prob', 'nominal.tend.classify.expected_cost', 'nominal.tend.classify.in_bound', 'nominal.tend.classify.at_finish', 'nominal.tend.classify.line_dist', 'nominal.tend.classify.num_modes', 'nominal.tend.classify.end_dist', 'nominal.tend.classify.tot_deviation', 'nominal.tend.classify.faults', 'nominal.tend.classify.classification', 'nominal.tend.classify.end_x', 'nominal.tend.classify.end_y', 'nominal.tend.classify.endpt', 'sequence.tend.classify.rate', 'sequence.tend.classify.cost', 'sequence.tend.classify.prob', 'sequence.tend.classify.expected_cost', 'sequence.tend.classify.in_bound', 'sequence.tend.classify.at_finish', 'sequence.tend.classify.line_dist', 'sequence.tend.classify.num_modes', 'sequence.tend.classify.end_dist', 'sequence.tend.classify.tot_deviation', 'sequence.tend.classify.faults', 'sequence.tend.classify.classification', 'sequence.tend.classify.end_x', 'sequence.tend.classify.end_y', 'sequence.tend.classify.endpt'])

During handling of the above exception, another exception occurred:
examples/rover/test_rover.py:19: in &lt;module&gt;
    from examples.rover.optimization.search_rover import line_dist, line_dist_faster
examples/rover/optimization/search_rover.py:760: in &lt;module&gt;
    line_dist([0, 0, 0])
examples/rover/optimization/search_rover.py:40: in line_dist
    dist = res.endclass['line_dist']
           ^^^^^^^^^^^^
fmdtools/analyze/result.py:370: in __getattr__
    raise AttributeError("Not in dict: "+str(argstr))
E   AttributeError: Not in dict: endclass</error><error message="collection failure">fmdtools/analyze/result.py:365: in __getattr__
    return get_dict_attr(obj.data, self.__class__, *args)
           ^^^^^^^^^^^^^^^^^^^^^^^^^^^^^^^^^^^^^^^^^^^^^^
fmdtools/analyze/result.py:96: in get_dict_attr
    sub_dict = dict_in[attr[0]]
               ^^^^^^^^^^^^^^^^
E   KeyError: 'endclass'

During handling of the above exception, another exception occurred:
fmdtools/analyze/result.py:368: in __getattr__
    return self.all_with(argstr)
           ^^^^^^^^^^^^^^^^^^^^^
fmdtools/analyze/result.py:442: in all_with
    raise Exception(attr+" not in Result keys: "+str(self.keys()))
E   Exception: endclass not in Result keys: dict_keys(['nominal.tend.classify.rate', 'nominal.tend.classify.cost', 'nominal.tend.classify.prob', 'nominal.tend.classify.expected_cost', 'nominal.tend.classify.in_bound', 'nominal.tend.classify.at_finish', 'nominal.tend.classify.line_dist', 'nominal.tend.classify.num_modes', 'nominal.tend.classify.end_dist', 'nominal.tend.classify.tot_deviation', 'nominal.tend.classify.faults', 'nominal.tend.classify.classification', 'nominal.tend.classify.end_x', 'nominal.tend.classify.end_y', 'nominal.tend.classify.endpt', 'sequence.tend.classify.rate', 'sequence.tend.classify.cost', 'sequence.tend.classify.prob', 'sequence.tend.classify.expected_cost', 'sequence.tend.classify.in_bound', 'sequence.tend.classify.at_finish', 'sequence.tend.classify.line_dist', 'sequence.tend.classify.num_modes', 'sequence.tend.classify.end_dist', 'sequence.tend.classify.tot_deviation', 'sequence.tend.classify.faults', 'sequence.tend.classify.classification', 'sequence.tend.classify.end_x', 'sequence.tend.classify.end_y', 'sequence.tend.classify.endpt'])

During handling of the above exception, another exception occurred:
examples/rover/test_rover.py:19: in &lt;module&gt;
    from examples.rover.optimization.search_rover import line_dist, line_dist_faster
examples/rover/optimization/search_rover.py:760: in &lt;module&gt;
    line_dist([0, 0, 0])
examples/rover/optimization/search_rover.py:40: in line_dist
    dist = res.endclass['line_dist']
           ^^^^^^^^^^^^
fmdtools/analyze/result.py:370: in __getattr__
    raise AttributeError("Not in dict: "+str(argstr))
E   AttributeError: Not in dict: endclass</error></testcase><testcase classname="examples.asg_demo.Action_Sequence_Graph.ipynb" name="Action_Sequence_Graph.ipynb" time="8.925"><failure message="#x1B[31mTypeError#x1B[39m: Simulable.__call__() got multiple values for argument 'time'">---------------------------------------------------------------------------
ex_fxn.aa.flows['hazard'].s.present=True
ex_fxn('dynamic', time= 1)
#x1B[31m---------------------------------------------------------------------------#x1B[39m
#x1B[31mTypeError#x1B[39m                                 Traceback (most recent call last)
#x1B[36mCell#x1B[39m#x1B[36m #x1B[39m#x1B[32mIn[16]#x1B[39m#x1B[32m, line 2#x1B[39m
#x1B[32m      1#x1B[39m ex_fxn.aa.flows[#x1B[33m'#x1B[39m#x1B[33mhazard#x1B[39m#x1B[33m'#x1B[39m].s.present=#x1B[38;5;28;01mTrue#x1B[39;00m
#x1B[32m----&gt; #x1B[39m#x1B[32m2#x1B[39m #x1B[43mex_fxn#x1B[49m#x1B[43m(#x1B[49m#x1B[33;43m'#x1B[39;49m#x1B[33;43mdynamic#x1B[39;49m#x1B[33;43m'#x1B[39;49m#x1B[43m,#x1B[49m#x1B[43m #x1B[49m#x1B[43mtime#x1B[49m#x1B[43m=#x1B[49m#x1B[43m #x1B[49m#x1B[32;43m1#x1B[39;49m#x1B[43m)#x1B[49m

#x1B[31mTypeError#x1B[39m: Simulable.__call__() got multiple values for argument 'time'</failure></testcase><testcase classname="examples.eps.EPS_Example_Notebook.ipynb" name="EPS_Example_Notebook.ipynb" time="11.050"><failure message="#x1B[31mAttributeError#x1B[39m: Not in dict: graph">---------------------------------------------------------------------------
result.graph.set_edge_labels(title='')
fig, ax = result.graph.draw(figsize=(14,10))
#x1B[31m---------------------------------------------------------------------------#x1B[39m
#x1B[31mKeyError#x1B[39m                                  Traceback (most recent call last)
#x1B[36mFile #x1B[39m#x1B[32m~/bamboo-agent-home/xml-data/build-dir/RAD-TEST-UVF/fmdtools-full/lib/python3.11/site-packages/fmdtools/analyze/result.py:365#x1B[39m, in #x1B[36mResult.__getattr__#x1B[39m#x1B[34m(self, argstr)#x1B[39m
#x1B[32m    364#x1B[39m         obj = #x1B[38;5;28mself#x1B[39m
#x1B[32m--&gt; #x1B[39m#x1B[32m365#x1B[39m     #x1B[38;5;28;01mreturn#x1B[39;00m #x1B[43mget_dict_attr#x1B[49m#x1B[43m(#x1B[49m#x1B[43mobj#x1B[49m#x1B[43m.#x1B[49m#x1B[43mdata#x1B[49m#x1B[43m,#x1B[49m#x1B[43m #x1B[49m#x1B[38;5;28;43mself#x1B[39;49m#x1B[43m.#x1B[49m#x1B[34;43m__class__#x1B[39;49m#x1B[43m,#x1B[49m#x1B[43m #x1B[49m#x1B[43m*#x1B[49m#x1B[43margs#x1B[49m#x1B[43m)#x1B[49m
#x1B[32m    366#x1B[39m #x1B[38;5;28;01mexcept#x1B[39;00m #x1B[38;5;167;01mKeyError#x1B[39;00m:

#x1B[36mFile #x1B[39m#x1B[32m~/bamboo-agent-home/xml-data/build-dir/RAD-TEST-UVF/fmdtools-full/lib/python3.11/site-packages/fmdtools/analyze/result.py:96#x1B[39m, in #x1B[36mget_dict_attr#x1B[39m#x1B[34m(dict_in, des_class, *attr)#x1B[39m
#x1B[32m     95#x1B[39m #x1B[38;5;250m#x1B[39m#x1B[33;03m"""Get attributes *attr from a given nested dict dict_in of class des_class."""#x1B[39;00m
#x1B[32m---&gt; #x1B[39m#x1B[32m96#x1B[39m sub_dict = #x1B[43mdict_in#x1B[49m#x1B[43m[#x1B[49m#x1B[43mattr#x1B[49m#x1B[43m[#x1B[49m#x1B[32;43m0#x1B[39;49m#x1B[43m]#x1B[49m#x1B[43m]#x1B[49m
#x1B[32m     97#x1B[39m #x1B[38;5;28;01mif#x1B[39;00m #x1B[38;5;28mlen#x1B[39m(attr) == #x1B[32m1#x1B[39m:

#x1B[31mKeyError#x1B[39m: 'graph'

During handling of the above exception, another exception occurred:

#x1B[31mException#x1B[39m                                 Traceback (most recent call last)
#x1B[36mFile #x1B[39m#x1B[32m~/bamboo-agent-home/xml-data/build-dir/RAD-TEST-UVF/fmdtools-full/lib/python3.11/site-packages/fmdtools/analyze/result.py:368#x1B[39m, in #x1B[36mResult.__getattr__#x1B[39m#x1B[34m(self, argstr)#x1B[39m
#x1B[32m    367#x1B[39m #x1B[38;5;28;01mtry#x1B[39;00m:
#x1B[32m--&gt; #x1B[39m#x1B[32m368#x1B[39m     #x1B[38;5;28;01mreturn#x1B[39;00m #x1B[38;5;28;43mself#x1B[39;49m#x1B[43m.#x1B[49m#x1B[43mall_with#x1B[49m#x1B[43m(#x1B[49m#x1B[43margstr#x1B[49m#x1B[43m)#x1B[49m
#x1B[32m    369#x1B[39m #x1B[38;5;28;01mexcept#x1B[39;00m #x1B[38;5;167;01mException#x1B[39;00m:

#x1B[36mFile #x1B[39m#x1B[32m~/bamboo-agent-home/xml-data/build-dir/RAD-TEST-UVF/fmdtools-full/lib/python3.11/site-packages/fmdtools/analyze/result.py:442#x1B[39m, in #x1B[36mResult.all_with#x1B[39m#x1B[34m(self, attr)#x1B[39m
#x1B[32m    441#x1B[39m #x1B[38;5;28;01melse#x1B[39;00m:
#x1B[32m--&gt; #x1B[39m#x1B[32m442#x1B[39m     #x1B[38;5;28;01mraise#x1B[39;00m #x1B[38;5;167;01mException#x1B[39;00m(attr+#x1B[33m"#x1B[39m#x1B[33m not in Result keys: #x1B[39m#x1B[33m"#x1B[39m+#x1B[38;5;28mstr#x1B[39m(#x1B[38;5;28mself#x1B[39m.keys()))

#x1B[31mException#x1B[39m: graph not in Result keys: dict_keys(['nominal.tend.classify.rate', 'nominal.tend.classify.cost', 'nominal.tend.classify.expected_cost', 'ee_to_me_toohigh_torque_t0.tend.classify.rate', 'ee_to_me_toohigh_torque_t0.tend.classify.cost', 'ee_to_me_toohigh_torque_t0.tend.classify.expected_cost'])

During handling of the above exception, another exception occurred:

#x1B[31mAttributeError#x1B[39m                            Traceback (most recent call last)
#x1B[36mCell#x1B[39m#x1B[36m #x1B[39m#x1B[32mIn[5]#x1B[39m#x1B[32m, line 1#x1B[39m
#x1B[32m----&gt; #x1B[39m#x1B[32m1#x1B[39m #x1B[43mresult#x1B[49m#x1B[43m.#x1B[49m#x1B[43mgraph#x1B[49m.set_edge_labels(title=#x1B[33m'#x1B[39m#x1B[33m'#x1B[39m)
#x1B[32m      2#x1B[39m fig, ax = result.graph.draw(figsize=(#x1B[32m14#x1B[39m,#x1B[32m10#x1B[39m))

#x1B[36mFile #x1B[39m#x1B[32m~/bamboo-agent-home/xml-data/build-dir/RAD-TEST-UVF/fmdtools-full/lib/python3.11/site-packages/fmdtools/analyze/result.py:370#x1B[39m, in #x1B[36mResult.__getattr__#x1B[39m#x1B[34m(self, argstr)#x1B[39m
#x1B[32m    368#x1B[39m     #x1B[38;5;28;01mreturn#x1B[39;00m #x1B[38;5;28mself#x1B[39m.all_with(argstr)
#x1B[32m    369#x1B[39m #x1B[38;5;28;01mexcept#x1B[39;00m #x1B[38;5;167;01mException#x1B[39;00m:
#x1B[32m--&gt; #x1B[39m#x1B[32m370#x1B[39m     #x1B[38;5;28;01mraise#x1B[39;00m #x1B[38;5;167;01mAttributeError#x1B[39;00m(#x1B[33m"#x1B[39m#x1B[33mNot in dict: #x1B[39m#x1B[33m"#x1B[39m+#x1B[38;5;28mstr#x1B[39m(argstr))

#x1B[31mAttributeError#x1B[39m: Not in dict: graph</failure></testcase><testcase classname="examples.eps.test_eps.epsTests" name="test_all_faults" time="3.602" /><testcase classname="examples.eps.test_eps.epsTests" name="test_backward_fault_prop_1" time="0.193" /><testcase classname="examples.eps.test_eps.epsTests" name="test_backward_fault_prop_2" time="0.203" /><testcase classname="examples.eps.test_eps.epsTests" name="test_fault_app" time="5.089" /><testcase classname="examples.eps.test_eps.epsTests" name="test_multfault_saving" time="0.677" /><testcase classname="examples.eps.test_eps.epsTests" name="test_nominal_saving" time="0.192" /><testcase classname="examples.eps.test_eps.epsTests" name="test_pickleability" time="6.908" /><testcase classname="examples.eps.test_eps.epsTests" name="test_save_load_onefault" time="0.638" /><testcase classname="examples.eps.test_eps.epsTests" name="test_save_load_singlefaults" time="12.162" /><testcase classname="examples.multiflow_demo.Multiflow_and_Commsflow_Demonstration.ipynb" name="Multiflow_and_Commsflow_Demonstration.ipynb" time="8.057" /><testcase classname="examples.multiflow_demo.test_multiflow.define_Tests" name="test_multiflow_combination" time="0.670" /><testcase classname="examples.multiflow_demo.test_multiflow.define_Tests" name="test_multiflow_passing" time="0.520" /><testcase classname="examples.multiflow_demo.test_multiflow.define_Tests" name="test_mutliflow_copying" time="0.487" /><testcase classname="examples.multirotor.Demonstration.ipynb" name="Demonstration.ipynb" time="19.005"><failure message="#x1B[31mAttributeError#x1B[39m: Not in dict: graph">---------------------------------------------------------------------------
static_mdl = Drone_Static()
result, mdlhist = propagate.one_fault(static_mdl,'affect_dof', 'mechbreak', t=0, to_return='graph')

result.graph.set_edge_labels(title='')
fig, ax = result.graph.draw(title = 'AffectDOF: Mechbreak at final sim time')
#fig.savefig('static_propagation.pdf', format="pdf", bbox_inches = 'tight', pad_inches = 0)
#x1B[31m---------------------------------------------------------------------------#x1B[39m
#x1B[31mKeyError#x1B[39m                                  Traceback (most recent call last)
#x1B[36mFile #x1B[39m#x1B[32m~/bamboo-agent-home/xml-data/build-dir/RAD-TEST-UVF/fmdtools-full/lib/python3.11/site-packages/fmdtools/analyze/result.py:365#x1B[39m, in #x1B[36mResult.__getattr__#x1B[39m#x1B[34m(self, argstr)#x1B[39m
#x1B[32m    364#x1B[39m         obj = #x1B[38;5;28mself#x1B[39m
#x1B[32m--&gt; #x1B[39m#x1B[32m365#x1B[39m     #x1B[38;5;28;01mreturn#x1B[39;00m #x1B[43mget_dict_attr#x1B[49m#x1B[43m(#x1B[49m#x1B[43mobj#x1B[49m#x1B[43m.#x1B[49m#x1B[43mdata#x1B[49m#x1B[43m,#x1B[49m#x1B[43m #x1B[49m#x1B[38;5;28;43mself#x1B[39;49m#x1B[43m.#x1B[49m#x1B[34;43m__class__#x1B[39;49m#x1B[43m,#x1B[49m#x1B[43m #x1B[49m#x1B[43m*#x1B[49m#x1B[43margs#x1B[49m#x1B[43m)#x1B[49m
#x1B[32m    366#x1B[39m #x1B[38;5;28;01mexcept#x1B[39;00m #x1B[38;5;167;01mKeyError#x1B[39;00m:

#x1B[36mFile #x1B[39m#x1B[32m~/bamboo-agent-home/xml-data/build-dir/RAD-TEST-UVF/fmdtools-full/lib/python3.11/site-packages/fmdtools/analyze/result.py:96#x1B[39m, in #x1B[36mget_dict_attr#x1B[39m#x1B[34m(dict_in, des_class, *attr)#x1B[39m
#x1B[32m     95#x1B[39m #x1B[38;5;250m#x1B[39m#x1B[33;03m"""Get attributes *attr from a given nested dict dict_in of class des_class."""#x1B[39;00m
#x1B[32m---&gt; #x1B[39m#x1B[32m96#x1B[39m sub_dict = #x1B[43mdict_in#x1B[49m#x1B[43m[#x1B[49m#x1B[43mattr#x1B[49m#x1B[43m[#x1B[49m#x1B[32;43m0#x1B[39;49m#x1B[43m]#x1B[49m#x1B[43m]#x1B[49m
#x1B[32m     97#x1B[39m #x1B[38;5;28;01mif#x1B[39;00m #x1B[38;5;28mlen#x1B[39m(attr) == #x1B[32m1#x1B[39m:

#x1B[31mKeyError#x1B[39m: 'graph'

During handling of the above exception, another exception occurred:

#x1B[31mException#x1B[39m                                 Traceback (most recent call last)
#x1B[36mFile #x1B[39m#x1B[32m~/bamboo-agent-home/xml-data/build-dir/RAD-TEST-UVF/fmdtools-full/lib/python3.11/site-packages/fmdtools/analyze/result.py:368#x1B[39m, in #x1B[36mResult.__getattr__#x1B[39m#x1B[34m(self, argstr)#x1B[39m
#x1B[32m    367#x1B[39m #x1B[38;5;28;01mtry#x1B[39;00m:
#x1B[32m--&gt; #x1B[39m#x1B[32m368#x1B[39m     #x1B[38;5;28;01mreturn#x1B[39;00m #x1B[38;5;28;43mself#x1B[39;49m#x1B[43m.#x1B[49m#x1B[43mall_with#x1B[49m#x1B[43m(#x1B[49m#x1B[43margstr#x1B[49m#x1B[43m)#x1B[49m
#x1B[32m    369#x1B[39m #x1B[38;5;28;01mexcept#x1B[39;00m #x1B[38;5;167;01mException#x1B[39;00m:

#x1B[36mFile #x1B[39m#x1B[32m~/bamboo-agent-home/xml-data/build-dir/RAD-TEST-UVF/fmdtools-full/lib/python3.11/site-packages/fmdtools/analyze/result.py:442#x1B[39m, in #x1B[36mResult.all_with#x1B[39m#x1B[34m(self, attr)#x1B[39m
#x1B[32m    441#x1B[39m #x1B[38;5;28;01melse#x1B[39;00m:
#x1B[32m--&gt; #x1B[39m#x1B[32m442#x1B[39m     #x1B[38;5;28;01mraise#x1B[39;00m #x1B[38;5;167;01mException#x1B[39;00m(attr+#x1B[33m"#x1B[39m#x1B[33m not in Result keys: #x1B[39m#x1B[33m"#x1B[39m+#x1B[38;5;28mstr#x1B[39m(#x1B[38;5;28mself#x1B[39m.keys()))

#x1B[31mException#x1B[39m: graph not in Result keys: dict_keys(['nominal.tend.classify.rate', 'nominal.tend.classify.cost', 'nominal.tend.classify.expected_cost', 'affect_dof_mechbreak_t0.tend.classify.rate', 'affect_dof_mechbreak_t0.tend.classify.cost', 'affect_dof_mechbreak_t0.tend.classify.expected_cost'])

During handling of the above exception, another exception occurred:

#x1B[31mAttributeError#x1B[39m                            Traceback (most recent call last)
#x1B[36mCell#x1B[39m#x1B[36m #x1B[39m#x1B[32mIn[24]#x1B[39m#x1B[32m, line 4#x1B[39m
#x1B[32m      1#x1B[39m static_mdl = Drone_Static()
#x1B[32m      2#x1B[39m result, mdlhist = propagate.one_fault(static_mdl,#x1B[33m'#x1B[39m#x1B[33maffect_dof#x1B[39m#x1B[33m'#x1B[39m, #x1B[33m'#x1B[39m#x1B[33mmechbreak#x1B[39m#x1B[33m'#x1B[39m, t=#x1B[32m0#x1B[39m, to_return=#x1B[33m'#x1B[39m#x1B[33mgraph#x1B[39m#x1B[33m'#x1B[39m)
#x1B[32m----&gt; #x1B[39m#x1B[32m4#x1B[39m #x1B[43mresult#x1B[49m#x1B[43m.#x1B[49m#x1B[43mgraph#x1B[49m.set_edge_labels(title=#x1B[33m'#x1B[39m#x1B[33m'#x1B[39m)
#x1B[32m      5#x1B[39m fig, ax = result.graph.draw(title = #x1B[33m'#x1B[39m#x1B[33mAffectDOF: Mechbreak at final sim time#x1B[39m#x1B[33m'#x1B[39m)
#x1B[32m      6#x1B[39m #x1B[38;5;66;03m#fig.savefig('static_propagation.pdf', format="pdf", bbox_inches = 'tight', pad_inches = 0)#x1B[39;00m

#x1B[36mFile #x1B[39m#x1B[32m~/bamboo-agent-home/xml-data/build-dir/RAD-TEST-UVF/fmdtools-full/lib/python3.11/site-packages/fmdtools/analyze/result.py:370#x1B[39m, in #x1B[36mResult.__getattr__#x1B[39m#x1B[34m(self, argstr)#x1B[39m
#x1B[32m    368#x1B[39m     #x1B[38;5;28;01mreturn#x1B[39;00m #x1B[38;5;28mself#x1B[39m.all_with(argstr)
#x1B[32m    369#x1B[39m #x1B[38;5;28;01mexcept#x1B[39;00m #x1B[38;5;167;01mException#x1B[39;00m:
#x1B[32m--&gt; #x1B[39m#x1B[32m370#x1B[39m     #x1B[38;5;28;01mraise#x1B[39;00m #x1B[38;5;167;01mAttributeError#x1B[39;00m(#x1B[33m"#x1B[39m#x1B[33mNot in dict: #x1B[39m#x1B[33m"#x1B[39m+#x1B[38;5;28mstr#x1B[39m(argstr))

#x1B[31mAttributeError#x1B[39m: Not in dict: graph</failure></testcase><testcase classname="examples.multirotor.Multirotor_Optimization.ipynb" name="Multirotor_Optimization.ipynb" time="10.595"><failure message="#x1B[31mException#x1B[39m: Value endclass.expected_cost not in Result keys.">---------------------------------------------------------------------------
oper_prob.co(1, 1, 100)
#x1B[31m---------------------------------------------------------------------------#x1B[39m
#x1B[31mException#x1B[39m                                 Traceback (most recent call last)
#x1B[36mCell#x1B[39m#x1B[36m #x1B[39m#x1B[32mIn[10]#x1B[39m#x1B[32m, line 1#x1B[39m
#x1B[32m----&gt; #x1B[39m#x1B[32m1#x1B[39m #x1B[43moper_prob#x1B[49m#x1B[43m.#x1B[49m#x1B[43mco#x1B[49m#x1B[43m(#x1B[49m#x1B[32;43m1#x1B[39;49m#x1B[43m,#x1B[49m#x1B[43m #x1B[49m#x1B[32;43m1#x1B[39;49m#x1B[43m,#x1B[49m#x1B[43m #x1B[49m#x1B[32;43m100#x1B[39;49m#x1B[43m)#x1B[49m

#x1B[36mFile #x1B[39m#x1B[32m~/bamboo-agent-home/xml-data/build-dir/RAD-TEST-UVF/fmdtools-full/lib/python3.11/site-packages/fmdtools/sim/search.py:233#x1B[39m, in #x1B[36mBaseProblem.add_objective_callable.&lt;locals&gt;.newobj#x1B[39m#x1B[34m(*x)#x1B[39m
#x1B[32m    232#x1B[39m #x1B[38;5;28;01mdef#x1B[39;00m#x1B[38;5;250m #x1B[39m#x1B[34mnewobj#x1B[39m(*x):
#x1B[32m--&gt; #x1B[39m#x1B[32m233#x1B[39m     #x1B[38;5;28;01mreturn#x1B[39;00m #x1B[38;5;28;43mself#x1B[39;49m#x1B[43m.#x1B[49m#x1B[43mcall_objective#x1B[49m#x1B[43m(#x1B[49m#x1B[43m*#x1B[49m#x1B[43mx#x1B[49m#x1B[43m,#x1B[49m#x1B[43m #x1B[49m#x1B[43mobjective#x1B[49m#x1B[43m=#x1B[49m#x1B[43mname#x1B[49m#x1B[43m)#x1B[49m

#x1B[36mFile #x1B[39m#x1B[32m~/bamboo-agent-home/xml-data/build-dir/RAD-TEST-UVF/fmdtools-full/lib/python3.11/site-packages/fmdtools/sim/search.py:296#x1B[39m, in #x1B[36mBaseProblem.call_objective#x1B[39m#x1B[34m(self, objective, *x)#x1B[39m
#x1B[32m    294#x1B[39m #x1B[38;5;250m#x1B[39m#x1B[33;03m"""Call a given objective at x."""#x1B[39;00m
#x1B[32m    295#x1B[39m #x1B[38;5;28;01mif#x1B[39;00m #x1B[38;5;28mself#x1B[39m.new_x(*x):
#x1B[32m--&gt; #x1B[39m#x1B[32m296#x1B[39m     #x1B[38;5;28;43mself#x1B[39;49m#x1B[43m.#x1B[49m#x1B[43mupdate_objectives#x1B[49m#x1B[43m(#x1B[49m#x1B[43m*#x1B[49m#x1B[43mx#x1B[49m#x1B[43m)#x1B[49m
#x1B[32m    297#x1B[39m #x1B[38;5;28;01mreturn#x1B[39;00m #x1B[38;5;28mself#x1B[39m.objectives[objective].value

#x1B[36mFile #x1B[39m#x1B[32m~/bamboo-agent-home/xml-data/build-dir/RAD-TEST-UVF/fmdtools-full/lib/python3.11/site-packages/fmdtools/sim/search.py:765#x1B[39m, in #x1B[36mBaseSimProblem.update_objectives#x1B[39m#x1B[34m(self, *x)#x1B[39m
#x1B[32m    763#x1B[39m         obj.update(#x1B[38;5;28mself#x1B[39m.hist)
#x1B[32m    764#x1B[39m     #x1B[38;5;28;01melif#x1B[39;00m #x1B[38;5;28misinstance#x1B[39m(obj, ResultObjective):
#x1B[32m--&gt; #x1B[39m#x1B[32m765#x1B[39m         #x1B[43mobj#x1B[49m#x1B[43m.#x1B[49m#x1B[43mupdate#x1B[49m#x1B[43m(#x1B[49m#x1B[38;5;28;43mself#x1B[39;49m#x1B[43m.#x1B[49m#x1B[43mres#x1B[49m#x1B[43m)#x1B[49m
#x1B[32m    766#x1B[39m #x1B[38;5;28mself#x1B[39m.log_hist()

#x1B[36mFile #x1B[39m#x1B[32m~/bamboo-agent-home/xml-data/build-dir/RAD-TEST-UVF/fmdtools-full/lib/python3.11/site-packages/fmdtools/sim/search.py:552#x1B[39m, in #x1B[36mResultObjective.update#x1B[39m#x1B[34m(self, res)#x1B[39m
#x1B[32m    550#x1B[39m #x1B[38;5;28;01mdef#x1B[39;00m#x1B[38;5;250m #x1B[39m#x1B[34mupdate#x1B[39m(#x1B[38;5;28mself#x1B[39m, res):
#x1B[32m    551#x1B[39m #x1B[38;5;250m    #x1B[39m#x1B[33;03m"""Update the value of the objective given the result."""#x1B[39;00m
#x1B[32m--&gt; #x1B[39m#x1B[32m552#x1B[39m     value = #x1B[38;5;28;43mself#x1B[39;49m#x1B[43m.#x1B[49m#x1B[43mget_result_value#x1B[49m#x1B[43m(#x1B[49m#x1B[43mres#x1B[49m#x1B[43m)#x1B[49m
#x1B[32m    553#x1B[39m     #x1B[38;5;28mself#x1B[39m.value = #x1B[38;5;28mself#x1B[39m.obj_from_value(value)

#x1B[36mFile #x1B[39m#x1B[32m~/bamboo-agent-home/xml-data/build-dir/RAD-TEST-UVF/fmdtools-full/lib/python3.11/site-packages/fmdtools/sim/search.py:544#x1B[39m, in #x1B[36mResultObjective.get_result_value#x1B[39m#x1B[34m(self, res)#x1B[39m
#x1B[32m    517#x1B[39m #x1B[38;5;250m#x1B[39m#x1B[33;03m"""#x1B[39;00m
#x1B[32m    518#x1B[39m #x1B[33;03mGet the value corresponding to the objective from the result.#x1B[39;00m
#x1B[32m    519#x1B[39m 
#x1B[32m   (...)#x1B[39m#x1B[32m    541#x1B[39m #x1B[33;03m22.0#x1B[39;00m
#x1B[32m    542#x1B[39m #x1B[33;03m"""#x1B[39;00m
#x1B[32m    543#x1B[39m #x1B[38;5;28;01mif#x1B[39;00m #x1B[38;5;129;01mnot#x1B[39;00m #x1B[38;5;28mself#x1B[39m.time:
#x1B[32m--&gt; #x1B[39m#x1B[32m544#x1B[39m     val = #x1B[43mres#x1B[49m#x1B[43m.#x1B[49m#x1B[43mget_metric#x1B[49m#x1B[43m(#x1B[49m#x1B[38;5;28;43mself#x1B[39;49m#x1B[43m.#x1B[49m#x1B[43mname#x1B[49m#x1B[43m,#x1B[49m#x1B[43m #x1B[49m#x1B[43mmethod#x1B[49m#x1B[43m=#x1B[49m#x1B[38;5;28;43mself#x1B[39;49m#x1B[43m.#x1B[49m#x1B[43mmethod#x1B[49m#x1B[43m)#x1B[49m
#x1B[32m    545#x1B[39m #x1B[38;5;28;01melse#x1B[39;00m:
#x1B[32m    546#x1B[39m     t = t_key(#x1B[38;5;28mfloat#x1B[39m(#x1B[38;5;28mself#x1B[39m.time))

#x1B[36mFile #x1B[39m#x1B[32m~/bamboo-agent-home/xml-data/build-dir/RAD-TEST-UVF/fmdtools-full/lib/python3.11/site-packages/fmdtools/analyze/result.py:856#x1B[39m, in #x1B[36mResult.get_metric#x1B[39m#x1B[34m(self, value, method, rates, weights, prefix, **kwargs)#x1B[39m
#x1B[32m    823#x1B[39m #x1B[38;5;28;01mdef#x1B[39;00m#x1B[38;5;250m #x1B[39m#x1B[34mget_metric#x1B[39m(#x1B[38;5;28mself#x1B[39m, value, method=np.average, rates=#x1B[38;5;28;01mNone#x1B[39;00m, weights=#x1B[38;5;28;01mNone#x1B[39;00m, prefix=#x1B[33m"#x1B[39m#x1B[33m"#x1B[39m,
#x1B[32m    824#x1B[39m                **kwargs):
#x1B[32m    825#x1B[39m #x1B[38;5;250m    #x1B[39m#x1B[33;03m"""#x1B[39;00m
#x1B[32m    826#x1B[39m #x1B[33;03m    Calculate a statistic of the value using a provided metric function.#x1B[39;00m
#x1B[32m    827#x1B[39m 
#x1B[32m   (...)#x1B[39m#x1B[32m    854#x1B[39m #x1B[33;03m    0.21000000000000002#x1B[39;00m
#x1B[32m    855#x1B[39m #x1B[33;03m    """#x1B[39;00m
#x1B[32m--&gt; #x1B[39m#x1B[32m856#x1B[39m     vals, rates, weights = #x1B[38;5;28;43mself#x1B[39;49m#x1B[43m.#x1B[49m#x1B[43mget_vals#x1B[49m#x1B[43m(#x1B[49m#x1B[43mvalue#x1B[49m#x1B[43m,#x1B[49m#x1B[43m #x1B[49m#x1B[43mprefix#x1B[49m#x1B[43m=#x1B[49m#x1B[43mprefix#x1B[49m#x1B[43m,#x1B[49m
#x1B[32m    857#x1B[39m #x1B[43m                                         #x1B[49m#x1B[43mrates#x1B[49m#x1B[43m=#x1B[49m#x1B[43mrates#x1B[49m#x1B[43m,#x1B[49m#x1B[43m #x1B[49m#x1B[43mweights#x1B[49m#x1B[43m=#x1B[49m#x1B[43mweights#x1B[49m#x1B[43m)#x1B[49m
#x1B[32m    858#x1B[39m     #x1B[38;5;28;01mreturn#x1B[39;00m calc_metric(vals, method=method, weights=weights, rates=rates, **kwargs)

#x1B[36mFile #x1B[39m#x1B[32m~/bamboo-agent-home/xml-data/build-dir/RAD-TEST-UVF/fmdtools-full/lib/python3.11/site-packages/fmdtools/analyze/result.py:491#x1B[39m, in #x1B[36mResult.get_vals#x1B[39m#x1B[34m(self, prefix, *values, **val_kwargs)#x1B[39m
#x1B[32m    478#x1B[39m #x1B[38;5;28;01mdef#x1B[39;00m#x1B[38;5;250m #x1B[39m#x1B[34mget_vals#x1B[39m(#x1B[38;5;28mself#x1B[39m, *values, prefix=#x1B[33m"#x1B[39m#x1B[33m"#x1B[39m, **val_kwargs):
#x1B[32m    479#x1B[39m #x1B[38;5;250m    #x1B[39m#x1B[33;03m"""#x1B[39;00m
#x1B[32m    480#x1B[39m #x1B[33;03m    Get *values from the dict and return as tuples.#x1B[39;00m
#x1B[32m    481#x1B[39m 
#x1B[32m   (...)#x1B[39m#x1B[32m    489#x1B[39m #x1B[33;03m    ([1, 3], [4, 5])#x1B[39;00m
#x1B[32m    490#x1B[39m #x1B[33;03m    """#x1B[39;00m
#x1B[32m--&gt; #x1B[39m#x1B[32m491#x1B[39m     get_vals = #x1B[43m[#x1B[49m#x1B[43m[#x1B[49m#x1B[43m*#x1B[49m#x1B[38;5;28;43mself#x1B[39;49m#x1B[43m.#x1B[49m#x1B[43mget_values#x1B[49m#x1B[43m(#x1B[49m#x1B[43mval#x1B[49m#x1B[43m,#x1B[49m#x1B[43m #x1B[49m#x1B[43mprefix#x1B[49m#x1B[43m=#x1B[49m#x1B[43mprefix#x1B[49m#x1B[43m)#x1B[49m#x1B[43m.#x1B[49m#x1B[43mvalues#x1B[49m#x1B[43m(#x1B[49m#x1B[43m)#x1B[49m#x1B[43m]#x1B[49m
#x1B[32m    492#x1B[39m #x1B[43m                #x1B[49m#x1B[38;5;28;43;01mfor#x1B[39;49;00m#x1B[43m #x1B[49m#x1B[43mval#x1B[49m#x1B[43m #x1B[49m#x1B[38;5;129;43;01min#x1B[39;49;00m#x1B[43m #x1B[49m#x1B[43mvalues#x1B[49m#x1B[43m]#x1B[49m
#x1B[32m    493#x1B[39m     k_vals = [[*#x1B[38;5;28mself#x1B[39m.get_values(val, prefix=prefix).values()]
#x1B[32m    494#x1B[39m               #x1B[38;5;28;01mif#x1B[39;00m #x1B[38;5;28misinstance#x1B[39m(val, #x1B[38;5;28mstr#x1B[39m) #x1B[38;5;28;01melse#x1B[39;00m
#x1B[32m    495#x1B[39m               [*#x1B[38;5;28mself#x1B[39m.align_external_dict(val).values()] #x1B[38;5;28;01mif#x1B[39;00m #x1B[38;5;28misinstance#x1B[39m(val, #x1B[38;5;28mdict#x1B[39m)
#x1B[32m    496#x1B[39m               #x1B[38;5;28;01melse#x1B[39;00m val
#x1B[32m    497#x1B[39m               #x1B[38;5;28;01mfor#x1B[39;00m val #x1B[38;5;129;01min#x1B[39;00m val_kwargs.values()]
#x1B[32m    498#x1B[39m     #x1B[38;5;28;01mreturn#x1B[39;00m #x1B[38;5;28mtuple#x1B[39m(get_vals+k_vals)

#x1B[36mFile #x1B[39m#x1B[32m~/bamboo-agent-home/xml-data/build-dir/RAD-TEST-UVF/fmdtools-full/lib/python3.11/site-packages/fmdtools/analyze/result.py:491#x1B[39m, in #x1B[36m&lt;listcomp&gt;#x1B[39m#x1B[34m(.0)#x1B[39m
#x1B[32m    478#x1B[39m #x1B[38;5;28;01mdef#x1B[39;00m#x1B[38;5;250m #x1B[39m#x1B[34mget_vals#x1B[39m(#x1B[38;5;28mself#x1B[39m, *values, prefix=#x1B[33m"#x1B[39m#x1B[33m"#x1B[39m, **val_kwargs):
#x1B[32m    479#x1B[39m #x1B[38;5;250m    #x1B[39m#x1B[33;03m"""#x1B[39;00m
#x1B[32m    480#x1B[39m #x1B[33;03m    Get *values from the dict and return as tuples.#x1B[39;00m
#x1B[32m    481#x1B[39m 
#x1B[32m   (...)#x1B[39m#x1B[32m    489#x1B[39m #x1B[33;03m    ([1, 3], [4, 5])#x1B[39;00m
#x1B[32m    490#x1B[39m #x1B[33;03m    """#x1B[39;00m
#x1B[32m--&gt; #x1B[39m#x1B[32m491#x1B[39m     get_vals = [[*#x1B[38;5;28;43mself#x1B[39;49m#x1B[43m.#x1B[49m#x1B[43mget_values#x1B[49m#x1B[43m(#x1B[49m#x1B[43mval#x1B[49m#x1B[43m,#x1B[49m#x1B[43m #x1B[49m#x1B[43mprefix#x1B[49m#x1B[43m=#x1B[49m#x1B[43mprefix#x1B[49m#x1B[43m)#x1B[49m.values()]
#x1B[32m    492#x1B[39m                 #x1B[38;5;28;01mfor#x1B[39;00m val #x1B[38;5;129;01min#x1B[39;00m values]
#x1B[32m    493#x1B[39m     k_vals = [[*#x1B[38;5;28mself#x1B[39m.get_values(val, prefix=prefix).values()]
#x1B[32m    494#x1B[39m               #x1B[38;5;28;01mif#x1B[39;00m #x1B[38;5;28misinstance#x1B[39m(val, #x1B[38;5;28mstr#x1B[39m) #x1B[38;5;28;01melse#x1B[39;00m
#x1B[32m    495#x1B[39m               [*#x1B[38;5;28mself#x1B[39m.align_external_dict(val).values()] #x1B[38;5;28;01mif#x1B[39;00m #x1B[38;5;28misinstance#x1B[39m(val, #x1B[38;5;28mdict#x1B[39m)
#x1B[32m    496#x1B[39m               #x1B[38;5;28;01melse#x1B[39;00m val
#x1B[32m    497#x1B[39m               #x1B[38;5;28;01mfor#x1B[39;00m val #x1B[38;5;129;01min#x1B[39;00m val_kwargs.values()]
#x1B[32m    498#x1B[39m     #x1B[38;5;28;01mreturn#x1B[39;00m #x1B[38;5;28mtuple#x1B[39m(get_vals+k_vals)

#x1B[36mFile #x1B[39m#x1B[32m~/bamboo-agent-home/xml-data/build-dir/RAD-TEST-UVF/fmdtools-full/lib/python3.11/site-packages/fmdtools/analyze/result.py:523#x1B[39m, in #x1B[36mResult.get_values#x1B[39m#x1B[34m(self, prefix, *values)#x1B[39m
#x1B[32m    521#x1B[39m     ks = [k #x1B[38;5;28;01mfor#x1B[39;00m k #x1B[38;5;129;01min#x1B[39;00m flatself.keys() #x1B[38;5;28;01mif#x1B[39;00m k.endswith(prefix+v)]
#x1B[32m    522#x1B[39m     #x1B[38;5;28;01mif#x1B[39;00m #x1B[38;5;129;01mnot#x1B[39;00m ks:
#x1B[32m--&gt; #x1B[39m#x1B[32m523#x1B[39m         #x1B[38;5;28;01mraise#x1B[39;00m #x1B[38;5;167;01mException#x1B[39;00m(#x1B[33m"#x1B[39m#x1B[33mValue #x1B[39m#x1B[33m"#x1B[39m+v+#x1B[33m"#x1B[39m#x1B[33m not in Result keys.#x1B[39m#x1B[33m"#x1B[39m)
#x1B[32m    524#x1B[39m     k_vs.extend(ks)
#x1B[32m    526#x1B[39m #x1B[38;5;28;01mfor#x1B[39;00m k #x1B[38;5;129;01min#x1B[39;00m k_vs:

#x1B[31mException#x1B[39m: Value endclass.expected_cost not in Result keys.</failure></testcase><testcase classname="examples.multirotor.drone_mdl_dynamic" name="examples.multirotor.drone_mdl_dynamic.AffectDOF.inc_pos" time="0.008" /><testcase classname="examples.multirotor.drone_mdl_dynamic" name="examples.multirotor.drone_mdl_dynamic.PlanPath.assign_vectdist_to_goal" time="0.006" /><testcase classname="examples.multirotor.drone_mdl_dynamic" name="examples.multirotor.drone_mdl_dynamic.PlanPath.calc_dist_to_goal" time="0.006" /><testcase classname="examples.multirotor.drone_mdl_dynamic" name="examples.multirotor.drone_mdl_dynamic.SightGrid" time="0.601" /><testcase classname="examples.multirotor.drone_mdl_hierarchical" name="examples.multirotor.drone_mdl_hierarchical.AffectDOF.calc_pwr" time="0.018" /><testcase classname="examples.multirotor.drone_mdl_hierarchical" name="examples.multirotor.drone_mdl_hierarchical.LineArchParam" time="0.004" /><testcase classname="examples.multirotor.drone_mdl_static" name="examples.multirotor.drone_mdl_static.AffectDOF.static_behavior" time="0.006" /><testcase classname="examples.multirotor.drone_mdl_static" name="examples.multirotor.drone_mdl_static.CtlDOF.static_behavior" time="0.006" /><testcase classname="examples.multirotor.drone_mdl_static" name="examples.multirotor.drone_mdl_static.DesTrajState.dist2d" time="0.002" /><testcase classname="examples.multirotor.drone_mdl_static" name="examples.multirotor.drone_mdl_static.DesTrajState.unit_vect2d" time="0.003" /><testcase classname="examples.multirotor.drone_mdl_static" name="examples.multirotor.drone_mdl_static.DistEE.static_behavior" time="0.008" /><testcase classname="examples.multirotor.drone_mdl_static" name="examples.multirotor.drone_mdl_static.HoldPayload.static_behavior" time="0.005" /><testcase classname="examples.multirotor.drone_mdl_static" name="examples.multirotor.drone_mdl_static.PlanPath.static_behavior" time="0.005" /><testcase classname="examples.multirotor.test_multirotor.DroneParameterTests" name="test_objectives" time="1.806" /><testcase classname="examples.multirotor.test_multirotor.DroneParameterTests" name="test_param_domain_1" time="0.002" /><testcase classname="examples.multirotor.test_multirotor.DroneParameterTests" name="test_param_domain_2" time="0.001" /><testcase classname="examples.multirotor.test_multirotor.DroneParameterTests" name="test_set_constraints_1" time="0.001" /><testcase classname="examples.multirotor.test_multirotor.DroneParameterTests" name="test_set_constraints_2" time="0.001" /><testcase classname="examples.multirotor.test_multirotor.DroneParameterTests" name="test_sim_mdl" time="1.474" /><testcase classname="examples.multirotor.test_multirotor.DroneScenarioTest" name="test_scenprob_results" time="4.213" /><testcase classname="examples.multirotor.test_multirotor.DroneScenarioTest2" name="test_scenprob_results" time="3.563" /><testcase classname="examples.multirotor.test_multirotor.DroneScenarioTest3" name="test_scenprob_results" time="3.228" /><testcase classname="examples.multirotor.test_multirotor.DroneDisturbanceTest" name="test_disturbance_set" time="1.067" /><testcase classname="examples.pump.Optimization.ipynb" name="Optimization.ipynb" time="9.143"><failure message="#x1B[31mException#x1B[39m: Error simulating nominal scenario(s)">---------------------------------------------------------------------------
new_problem.f1(1)
new_problem.f1(0.5)
new_problem.f1(1.5)
new_problem.f1(2)
new_problem.f1(0.3)
#x1B[31m---------------------------------------------------------------------------#x1B[39m
#x1B[31mNameError#x1B[39m                                 Traceback (most recent call last)
#x1B[36mFile #x1B[39m#x1B[32m~/bamboo-agent-home/xml-data/build-dir/RAD-TEST-UVF/fmdtools-full/lib/python3.11/site-packages/fmdtools/define/block/base.py:796#x1B[39m, in #x1B[36mSimulable.__call__#x1B[39m#x1B[34m(self, time, proptype, faults, disturbances, inc_at, end_of_simulation, copy)#x1B[39m
#x1B[32m    795#x1B[39m #x1B[38;5;28mself#x1B[39m.update_dynamic_behaviors(proptype=proptype)
#x1B[32m--&gt; #x1B[39m#x1B[32m796#x1B[39m #x1B[38;5;28;43mself#x1B[39;49m#x1B[43m.#x1B[49m#x1B[43mupdate_static_behaviors#x1B[49m#x1B[43m(#x1B[49m#x1B[43mproptype#x1B[49m#x1B[43m=#x1B[49m#x1B[43mproptype#x1B[49m#x1B[43m)#x1B[49m
#x1B[32m    797#x1B[39m #x1B[38;5;28mself#x1B[39m.set_sub_faults()

#x1B[36mFile #x1B[39m#x1B[32m~/bamboo-agent-home/xml-data/build-dir/RAD-TEST-UVF/fmdtools-full/lib/python3.11/site-packages/fmdtools/define/block/base.py:728#x1B[39m, in #x1B[36mSimulable.update_static_behaviors#x1B[39m#x1B[34m(self, proptype)#x1B[39m
#x1B[32m    727#x1B[39m #x1B[38;5;28;01melif#x1B[39;00m proptype #x1B[38;5;129;01min#x1B[39;00m [#x1B[33m'#x1B[39m#x1B[33mstatic-once#x1B[39m#x1B[33m'#x1B[39m]:
#x1B[32m--&gt; #x1B[39m#x1B[32m728#x1B[39m     #x1B[38;5;28;43mself#x1B[39;49m#x1B[43m.#x1B[49m#x1B[43mexecute_static_behaviors#x1B[49m#x1B[43m(#x1B[49m#x1B[43m)#x1B[49m

#x1B[36mFile #x1B[39m#x1B[32m~/bamboo-agent-home/xml-data/build-dir/RAD-TEST-UVF/fmdtools-full/lib/python3.11/site-packages/fmdtools/define/block/base.py:734#x1B[39m, in #x1B[36mSimulable.execute_static_behaviors#x1B[39m#x1B[34m(self)#x1B[39m
#x1B[32m    733#x1B[39m #x1B[38;5;28;01mif#x1B[39;00m #x1B[38;5;28mhasattr#x1B[39m(#x1B[38;5;28mself#x1B[39m, #x1B[33m'#x1B[39m#x1B[33mstatic_behavior#x1B[39m#x1B[33m'#x1B[39m):
#x1B[32m--&gt; #x1B[39m#x1B[32m734#x1B[39m     #x1B[38;5;28;43mself#x1B[39;49m#x1B[43m.#x1B[49m#x1B[43mstatic_behavior#x1B[49m#x1B[43m(#x1B[49m#x1B[43m)#x1B[49m
#x1B[32m    735#x1B[39m #x1B[38;5;28;01mif#x1B[39;00m #x1B[38;5;28mself#x1B[39m.sp.with_loadings #x1B[38;5;129;01mand#x1B[39;00m #x1B[38;5;28mhasattr#x1B[39m(#x1B[38;5;28mself#x1B[39m, #x1B[33m'#x1B[39m#x1B[33mstatic_loading#x1B[39m#x1B[33m'#x1B[39m):

#x1B[36mFile #x1B[39m#x1B[32m~/bamboo-agent-home/xml-data/build-dir/RAD-TEST-UVF/fmdtools/examples/pump/pump_stochastic.py:116#x1B[39m, in #x1B[36mMoveWat.static_behavior#x1B[39m#x1B[34m(self)#x1B[39m
#x1B[32m    115#x1B[39m #x1B[38;5;28mself#x1B[39m.s.eff = #x1B[38;5;28mself#x1B[39m.r.s.eff
#x1B[32m--&gt; #x1B[39m#x1B[32m116#x1B[39m #x1B[38;5;28;43msuper#x1B[39;49m#x1B[43m(#x1B[49m#x1B[43m)#x1B[49m#x1B[43m.#x1B[49m#x1B[43mstatic_behavior#x1B[49m#x1B[43m(#x1B[49m#x1B[43m)#x1B[49m
#x1B[32m    117#x1B[39m #x1B[38;5;28;01mif#x1B[39;00m #x1B[38;5;129;01mnot#x1B[39;00m #x1B[38;5;28mself#x1B[39m.t.executed_static:

#x1B[36mFile #x1B[39m#x1B[32m~/bamboo-agent-home/xml-data/build-dir/RAD-TEST-UVF/fmdtools-full/lib/python3.11/site-packages/examples/pump/ex_pump.py:436#x1B[39m, in #x1B[36mMoveWat.static_behavior#x1B[39m#x1B[34m(self)#x1B[39m
#x1B[32m    435#x1B[39m #x1B[38;5;28mself#x1B[39m.wat_in.s.assign(#x1B[38;5;28mself#x1B[39m.wat_out.s, #x1B[33m'#x1B[39m#x1B[33mpressure#x1B[39m#x1B[33m'#x1B[39m, #x1B[33m'#x1B[39m#x1B[33mflowrate#x1B[39m#x1B[33m'#x1B[39m)
#x1B[32m--&gt; #x1B[39m#x1B[32m436#x1B[39m #x1B[38;5;28mprint#x1B[39m(#x1B[43ma#x1B[49m)

#x1B[31mNameError#x1B[39m: name 'a' is not defined

The above exception was the direct cause of the following exception:

#x1B[31mException#x1B[39m                                 Traceback (most recent call last)
#x1B[36mFile #x1B[39m#x1B[32m~/bamboo-agent-home/xml-data/build-dir/RAD-TEST-UVF/fmdtools-full/lib/python3.11/site-packages/fmdtools/define/block/base.py:796#x1B[39m, in #x1B[36mSimulable.__call__#x1B[39m#x1B[34m(self, time, proptype, faults, disturbances, inc_at, end_of_simulation, copy)#x1B[39m
#x1B[32m    795#x1B[39m #x1B[38;5;28mself#x1B[39m.update_dynamic_behaviors(proptype=proptype)
#x1B[32m--&gt; #x1B[39m#x1B[32m796#x1B[39m #x1B[38;5;28;43mself#x1B[39;49m#x1B[43m.#x1B[49m#x1B[43mupdate_static_behaviors#x1B[49m#x1B[43m(#x1B[49m#x1B[43mproptype#x1B[49m#x1B[43m=#x1B[49m#x1B[43mproptype#x1B[49m#x1B[43m)#x1B[49m
#x1B[32m    797#x1B[39m #x1B[38;5;28mself#x1B[39m.set_sub_faults()

#x1B[36mFile #x1B[39m#x1B[32m~/bamboo-agent-home/xml-data/build-dir/RAD-TEST-UVF/fmdtools-full/lib/python3.11/site-packages/fmdtools/define/block/base.py:724#x1B[39m, in #x1B[36mSimulable.update_static_behaviors#x1B[39m#x1B[34m(self, proptype)#x1B[39m
#x1B[32m    723#x1B[39m #x1B[38;5;28;01mwhile#x1B[39;00m active:
#x1B[32m--&gt; #x1B[39m#x1B[32m724#x1B[39m     #x1B[38;5;28;43mself#x1B[39;49m#x1B[43m.#x1B[49m#x1B[43mexecute_static_behaviors#x1B[49m#x1B[43m(#x1B[49m#x1B[43m)#x1B[49m
#x1B[32m    725#x1B[39m     #x1B[38;5;66;03m# determine if propagation should continue due to new states#x1B[39;00m

#x1B[36mFile #x1B[39m#x1B[32m~/bamboo-agent-home/xml-data/build-dir/RAD-TEST-UVF/fmdtools-full/lib/python3.11/site-packages/fmdtools/define/block/base.py:732#x1B[39m, in #x1B[36mSimulable.execute_static_behaviors#x1B[39m#x1B[34m(self)#x1B[39m
#x1B[32m    731#x1B[39m #x1B[38;5;250m#x1B[39m#x1B[33;03m"""Execute static behaviors."""#x1B[39;00m
#x1B[32m--&gt; #x1B[39m#x1B[32m732#x1B[39m #x1B[38;5;28;43mself#x1B[39;49m#x1B[43m.#x1B[49m#x1B[43mupdate_arch_behaviors#x1B[49m#x1B[43m(#x1B[49m#x1B[33;43m"#x1B[39;49m#x1B[33;43mstatic#x1B[39;49m#x1B[33;43m"#x1B[39;49m#x1B[43m)#x1B[49m
#x1B[32m    733#x1B[39m #x1B[38;5;28;01mif#x1B[39;00m #x1B[38;5;28mhasattr#x1B[39m(#x1B[38;5;28mself#x1B[39m, #x1B[33m'#x1B[39m#x1B[33mstatic_behavior#x1B[39m#x1B[33m'#x1B[39m):

#x1B[36mFile #x1B[39m#x1B[32m~/bamboo-agent-home/xml-data/build-dir/RAD-TEST-UVF/fmdtools-full/lib/python3.11/site-packages/fmdtools/define/architecture/base.py:163#x1B[39m, in #x1B[36mArchitecture.update_arch_behaviors#x1B[39m#x1B[34m(self, proptype)#x1B[39m
#x1B[32m    162#x1B[39m #x1B[38;5;28;01mif#x1B[39;00m proptype #x1B[38;5;129;01min#x1B[39;00m [#x1B[33m"#x1B[39m#x1B[33mstatic#x1B[39m#x1B[33m"#x1B[39m, #x1B[33m"#x1B[39m#x1B[33mstatic-once#x1B[39m#x1B[33m"#x1B[39m, #x1B[33m"#x1B[39m#x1B[33mboth#x1B[39m#x1B[33m"#x1B[39m] #x1B[38;5;129;01mand#x1B[39;00m #x1B[38;5;28mhasattr#x1B[39m(#x1B[38;5;28mself#x1B[39m, #x1B[33m'#x1B[39m#x1B[33mprop_static#x1B[39m#x1B[33m'#x1B[39m):
#x1B[32m--&gt; #x1B[39m#x1B[32m163#x1B[39m     #x1B[38;5;28;43mself#x1B[39;49m#x1B[43m.#x1B[49m#x1B[43mprop_static#x1B[49m#x1B[43m(#x1B[49m#x1B[43m)#x1B[49m

#x1B[36mFile #x1B[39m#x1B[32m~/bamboo-agent-home/xml-data/build-dir/RAD-TEST-UVF/fmdtools-full/lib/python3.11/site-packages/fmdtools/define/architecture/base.py:203#x1B[39m, in #x1B[36mArchitecture.prop_static#x1B[39m#x1B[34m(self)#x1B[39m
#x1B[32m    202#x1B[39m sim.set_mutables(exclude=[*#x1B[38;5;28mself#x1B[39m.staticflows])
#x1B[32m--&gt; #x1B[39m#x1B[32m203#x1B[39m #x1B[43msim#x1B[49m#x1B[43m(#x1B[49m#x1B[43mtime#x1B[49m#x1B[43m=#x1B[49m#x1B[38;5;28;43mself#x1B[39;49m#x1B[43m.#x1B[49m#x1B[43mt#x1B[49m#x1B[43m.#x1B[49m#x1B[43mtime#x1B[49m#x1B[43m,#x1B[49m#x1B[43m #x1B[49m#x1B[43mproptype#x1B[49m#x1B[43m=#x1B[49m#x1B[33;43m'#x1B[39;49m#x1B[33;43mstatic-once#x1B[39;49m#x1B[33;43m'#x1B[39;49m#x1B[43m,#x1B[49m#x1B[43m #x1B[49m#x1B[43minc_at#x1B[49m#x1B[43m=#x1B[49m#x1B[33;43m"#x1B[39;49m#x1B[33;43m"#x1B[39;49m#x1B[43m)#x1B[49m
#x1B[32m    204#x1B[39m #x1B[38;5;28;01mif#x1B[39;00m sim.has_changed(update=#x1B[38;5;28;01mTrue#x1B[39;00m, exclude=[*#x1B[38;5;28mself#x1B[39m.staticflows]):

#x1B[36mFile #x1B[39m#x1B[32m~/bamboo-agent-home/xml-data/build-dir/RAD-TEST-UVF/fmdtools-full/lib/python3.11/site-packages/fmdtools/define/block/base.py:808#x1B[39m, in #x1B[36mSimulable.__call__#x1B[39m#x1B[34m(self, time, proptype, faults, disturbances, inc_at, end_of_simulation, copy)#x1B[39m
#x1B[32m    807#x1B[39m #x1B[38;5;28;01mexcept#x1B[39;00m #x1B[38;5;167;01mException#x1B[39;00m #x1B[38;5;28;01mas#x1B[39;00m e:
#x1B[32m--&gt; #x1B[39m#x1B[32m808#x1B[39m     #x1B[38;5;28;01mraise#x1B[39;00m #x1B[38;5;167;01mException#x1B[39;00m(#x1B[33m"#x1B[39m#x1B[33mError simulating #x1B[39m#x1B[33m"#x1B[39m + #x1B[38;5;28mself#x1B[39m.name +
#x1B[32m    809#x1B[39m                     #x1B[33m"#x1B[39m#x1B[33m of class #x1B[39m#x1B[33m"#x1B[39m + #x1B[38;5;28mself#x1B[39m.#x1B[34m__class__#x1B[39m.#x1B[34m__name__#x1B[39m +
#x1B[32m    810#x1B[39m                     #x1B[33m"#x1B[39m#x1B[33m at time=#x1B[39m#x1B[33m"#x1B[39m + #x1B[38;5;28mstr#x1B[39m(#x1B[38;5;28mself#x1B[39m.t.time)) #x1B[38;5;28;01mfrom#x1B[39;00m#x1B[38;5;250m #x1B[39m#x1B[34;01me#x1B[39;00m

#x1B[31mException#x1B[39m: Error simulating move_water of class MoveWat at time=0.0

The above exception was the direct cause of the following exception:

#x1B[31mException#x1B[39m                                 Traceback (most recent call last)
#x1B[36mFile #x1B[39m#x1B[32m~/bamboo-agent-home/xml-data/build-dir/RAD-TEST-UVF/fmdtools-full/lib/python3.11/site-packages/fmdtools/sim/propagate.py:480#x1B[39m, in #x1B[36mBaseSimulation.__call__#x1B[39m#x1B[34m(self, **kwargs)#x1B[39m
#x1B[32m    479#x1B[39m #x1B[38;5;28;01mtry#x1B[39;00m:
#x1B[32m--&gt; #x1B[39m#x1B[32m480#x1B[39m     #x1B[38;5;28;43mself#x1B[39;49m#x1B[43m.#x1B[49m#x1B[43mrun#x1B[49m#x1B[43m(#x1B[49m#x1B[43m*#x1B[49m#x1B[43m*#x1B[49m#x1B[43mkwargs#x1B[49m#x1B[43m)#x1B[49m
#x1B[32m    481#x1B[39m #x1B[38;5;28;01mexcept#x1B[39;00m #x1B[38;5;167;01mException#x1B[39;00m #x1B[38;5;28;01mas#x1B[39;00m e:

#x1B[36mFile #x1B[39m#x1B[32m~/bamboo-agent-home/xml-data/build-dir/RAD-TEST-UVF/fmdtools-full/lib/python3.11/site-packages/fmdtools/sim/propagate.py:632#x1B[39m, in #x1B[36mSimulation.run#x1B[39m#x1B[34m(self, **kwargs)#x1B[39m
#x1B[32m    631#x1B[39m #x1B[38;5;28;01mfor#x1B[39;00m simevent #x1B[38;5;129;01min#x1B[39;00m #x1B[38;5;28mself#x1B[39m.simevents:
#x1B[32m--&gt; #x1B[39m#x1B[32m632#x1B[39m     #x1B[43msimevent#x1B[49m#x1B[43m.#x1B[49m#x1B[43mrun#x1B[49m#x1B[43m(#x1B[49m#x1B[38;5;28;43mself#x1B[39;49m#x1B[43m.#x1B[49m#x1B[43mmdl#x1B[49m#x1B[43m,#x1B[49m#x1B[43m #x1B[49m#x1B[43mscen#x1B[49m#x1B[43m=#x1B[49m#x1B[38;5;28;43mself#x1B[39;49m#x1B[43m.#x1B[49m#x1B[43mscen#x1B[49m#x1B[43m,#x1B[49m#x1B[43m #x1B[49m#x1B[43m*#x1B[49m#x1B[43m*#x1B[49m#x1B[43mkwargs#x1B[49m#x1B[43m)#x1B[49m
#x1B[32m    633#x1B[39m     #x1B[38;5;28;01mif#x1B[39;00m simevent.result:

#x1B[36mFile #x1B[39m#x1B[32m~/bamboo-agent-home/xml-data/build-dir/RAD-TEST-UVF/fmdtools-full/lib/python3.11/site-packages/fmdtools/sim/propagate.py:395#x1B[39m, in #x1B[36mSimEvent.run#x1B[39m#x1B[34m(self, mdl, scen, nomhist, nomresult, **kwargs)#x1B[39m
#x1B[32m    394#x1B[39m #x1B[38;5;28;01mif#x1B[39;00m #x1B[38;5;28mself#x1B[39m.copy:
#x1B[32m--&gt; #x1B[39m#x1B[32m395#x1B[39m     #x1B[38;5;28mself#x1B[39m.mdl_copy = #x1B[43mmdl#x1B[49m#x1B[43m(#x1B[49m#x1B[43mtime#x1B[49m#x1B[43m=#x1B[49m#x1B[38;5;28;43mself#x1B[39;49m#x1B[43m.#x1B[49m#x1B[43mtime#x1B[49m#x1B[43m,#x1B[49m#x1B[43m #x1B[49m#x1B[43m*#x1B[49m#x1B[43m*#x1B[49m#x1B[43mkwar#x1B[49m#x1B[43m,#x1B[49m#x1B[43m #x1B[49m#x1B[43mcopy#x1B[49m#x1B[43m=#x1B[49m#x1B[38;5;28;43;01mTrue#x1B[39;49;00m#x1B[43m)#x1B[49m
#x1B[32m    396#x1B[39m #x1B[38;5;28;01melse#x1B[39;00m:

#x1B[36mFile #x1B[39m#x1B[32m~/bamboo-agent-home/xml-data/build-dir/RAD-TEST-UVF/fmdtools-full/lib/python3.11/site-packages/fmdtools/define/block/base.py:808#x1B[39m, in #x1B[36mSimulable.__call__#x1B[39m#x1B[34m(self, time, proptype, faults, disturbances, inc_at, end_of_simulation, copy)#x1B[39m
#x1B[32m    807#x1B[39m #x1B[38;5;28;01mexcept#x1B[39;00m #x1B[38;5;167;01mException#x1B[39;00m #x1B[38;5;28;01mas#x1B[39;00m e:
#x1B[32m--&gt; #x1B[39m#x1B[32m808#x1B[39m     #x1B[38;5;28;01mraise#x1B[39;00m #x1B[38;5;167;01mException#x1B[39;00m(#x1B[33m"#x1B[39m#x1B[33mError simulating #x1B[39m#x1B[33m"#x1B[39m + #x1B[38;5;28mself#x1B[39m.name +
#x1B[32m    809#x1B[39m                     #x1B[33m"#x1B[39m#x1B[33m of class #x1B[39m#x1B[33m"#x1B[39m + #x1B[38;5;28mself#x1B[39m.#x1B[34m__class__#x1B[39m.#x1B[34m__name__#x1B[39m +
#x1B[32m    810#x1B[39m                     #x1B[33m"#x1B[39m#x1B[33m at time=#x1B[39m#x1B[33m"#x1B[39m + #x1B[38;5;28mstr#x1B[39m(#x1B[38;5;28mself#x1B[39m.t.time)) #x1B[38;5;28;01mfrom#x1B[39;00m#x1B[38;5;250m #x1B[39m#x1B[34;01me#x1B[39;00m

#x1B[31mException#x1B[39m: Error simulating pump of class Pump at time=0.0

The above exception was the direct cause of the following exception:

#x1B[31mException#x1B[39m                                 Traceback (most recent call last)
#x1B[36mCell#x1B[39m#x1B[36m #x1B[39m#x1B[32mIn[4]#x1B[39m#x1B[32m, line 1#x1B[39m
#x1B[32m----&gt; #x1B[39m#x1B[32m1#x1B[39m #x1B[43mnew_problem#x1B[49m#x1B[43m.#x1B[49m#x1B[43mf1#x1B[49m#x1B[43m(#x1B[49m#x1B[32;43m1#x1B[39;49m#x1B[43m)#x1B[49m
#x1B[32m      2#x1B[39m new_problem.f1(#x1B[32m0.5#x1B[39m)
#x1B[32m      3#x1B[39m new_problem.f1(#x1B[32m1.5#x1B[39m)

#x1B[36mFile #x1B[39m#x1B[32m~/bamboo-agent-home/xml-data/build-dir/RAD-TEST-UVF/fmdtools-full/lib/python3.11/site-packages/fmdtools/sim/search.py:233#x1B[39m, in #x1B[36mBaseProblem.add_objective_callable.&lt;locals&gt;.newobj#x1B[39m#x1B[34m(*x)#x1B[39m
#x1B[32m    232#x1B[39m #x1B[38;5;28;01mdef#x1B[39;00m#x1B[38;5;250m #x1B[39m#x1B[34mnewobj#x1B[39m(*x):
#x1B[32m--&gt; #x1B[39m#x1B[32m233#x1B[39m     #x1B[38;5;28;01mreturn#x1B[39;00m #x1B[38;5;28;43mself#x1B[39;49m#x1B[43m.#x1B[49m#x1B[43mcall_objective#x1B[49m#x1B[43m(#x1B[49m#x1B[43m*#x1B[49m#x1B[43mx#x1B[49m#x1B[43m,#x1B[49m#x1B[43m #x1B[49m#x1B[43mobjective#x1B[49m#x1B[43m=#x1B[49m#x1B[43mname#x1B[49m#x1B[43m)#x1B[49m

#x1B[36mFile #x1B[39m#x1B[32m~/bamboo-agent-home/xml-data/build-dir/RAD-TEST-UVF/fmdtools-full/lib/python3.11/site-packages/fmdtools/sim/search.py:296#x1B[39m, in #x1B[36mBaseProblem.call_objective#x1B[39m#x1B[34m(self, objective, *x)#x1B[39m
#x1B[32m    294#x1B[39m #x1B[38;5;250m#x1B[39m#x1B[33;03m"""Call a given objective at x."""#x1B[39;00m
#x1B[32m    295#x1B[39m #x1B[38;5;28;01mif#x1B[39;00m #x1B[38;5;28mself#x1B[39m.new_x(*x):
#x1B[32m--&gt; #x1B[39m#x1B[32m296#x1B[39m     #x1B[38;5;28;43mself#x1B[39;49m#x1B[43m.#x1B[49m#x1B[43mupdate_objectives#x1B[49m#x1B[43m(#x1B[49m#x1B[43m*#x1B[49m#x1B[43mx#x1B[49m#x1B[43m)#x1B[49m
#x1B[32m    297#x1B[39m #x1B[38;5;28;01mreturn#x1B[39;00m #x1B[38;5;28mself#x1B[39m.objectives[objective].value

#x1B[36mFile #x1B[39m#x1B[32m~/bamboo-agent-home/xml-data/build-dir/RAD-TEST-UVF/fmdtools-full/lib/python3.11/site-packages/fmdtools/sim/search.py:760#x1B[39m, in #x1B[36mBaseSimProblem.update_objectives#x1B[39m#x1B[34m(self, *x)#x1B[39m
#x1B[32m    758#x1B[39m #x1B[38;5;250m#x1B[39m#x1B[33;03m"""Update objectives/constraints by simulating the model at x."""#x1B[39;00m
#x1B[32m    759#x1B[39m #x1B[38;5;28mself#x1B[39m.update_variables(*x)
#x1B[32m--&gt; #x1B[39m#x1B[32m760#x1B[39m #x1B[38;5;28mself#x1B[39m.res, #x1B[38;5;28mself#x1B[39m.hist = #x1B[38;5;28;43mself#x1B[39;49m#x1B[43m.#x1B[49m#x1B[43msim_mdl#x1B[49m#x1B[43m(#x1B[49m#x1B[43m*#x1B[49m#x1B[38;5;28;43mself#x1B[39;49m#x1B[43m.#x1B[49m#x1B[43mcurrent_x#x1B[49m#x1B[43m(#x1B[49m#x1B[43m)#x1B[49m#x1B[43m)#x1B[49m
#x1B[32m    761#x1B[39m #x1B[38;5;28;01mfor#x1B[39;00m obj #x1B[38;5;129;01min#x1B[39;00m {**#x1B[38;5;28mself#x1B[39m.objectives, **#x1B[38;5;28mself#x1B[39m.constraints}.values():
#x1B[32m    762#x1B[39m     #x1B[38;5;28;01mif#x1B[39;00m #x1B[38;5;28misinstance#x1B[39m(obj, HistoryObjective) #x1B[38;5;129;01mor#x1B[39;00m #x1B[38;5;28misinstance#x1B[39m(obj, HistoryConstraint):

#x1B[36mFile #x1B[39m#x1B[32m~/bamboo-agent-home/xml-data/build-dir/RAD-TEST-UVF/fmdtools-full/lib/python3.11/site-packages/fmdtools/sim/search.py:943#x1B[39m, in #x1B[36mScenarioProblem.sim_mdl#x1B[39m#x1B[34m(self, *x)#x1B[39m
#x1B[32m    927#x1B[39m #x1B[38;5;250m#x1B[39m#x1B[33;03m"""#x1B[39;00m
#x1B[32m    928#x1B[39m #x1B[33;03mSimulate the model at the given variable value.#x1B[39;00m
#x1B[32m    929#x1B[39m 
#x1B[32m   (...)#x1B[39m#x1B[32m    940#x1B[39m #x1B[33;03m    history for the sim.#x1B[39;00m
#x1B[32m    941#x1B[39m #x1B[33;03m"""#x1B[39;00m
#x1B[32m    942#x1B[39m #x1B[38;5;28;01mif#x1B[39;00m #x1B[38;5;129;01mnot#x1B[39;00m #x1B[38;5;28mself#x1B[39m.base_sim:
#x1B[32m--&gt; #x1B[39m#x1B[32m943#x1B[39m     #x1B[38;5;28;43mself#x1B[39;49m#x1B[43m.#x1B[49m#x1B[43mprep_sim#x1B[49m#x1B[43m(#x1B[49m#x1B[43m)#x1B[49m
#x1B[32m    945#x1B[39m kwargs = {**#x1B[38;5;28mself#x1B[39m.kwargs,
#x1B[32m    946#x1B[39m           #x1B[33m'#x1B[39m#x1B[33mscen#x1B[39m#x1B[33m'#x1B[39m: #x1B[38;5;28mself#x1B[39m.gen_scenario(*x),
#x1B[32m    947#x1B[39m           #x1B[33m'#x1B[39m#x1B[33mmdl#x1B[39m#x1B[33m'#x1B[39m: [*#x1B[38;5;28mself#x1B[39m.base_sim.get_models().values()][#x1B[32m0#x1B[39m],
#x1B[32m    948#x1B[39m           #x1B[33m'#x1B[39m#x1B[33mto_return#x1B[39m#x1B[33m'#x1B[39m: #x1B[38;5;28mself#x1B[39m.obj_con_des_res(),
#x1B[32m    949#x1B[39m           #x1B[33m'#x1B[39m#x1B[33mprotect#x1B[39m#x1B[33m'#x1B[39m: #x1B[38;5;28;01mFalse#x1B[39;00m,
#x1B[32m    950#x1B[39m           #x1B[33m'#x1B[39m#x1B[33mcopy#x1B[39m#x1B[33m'#x1B[39m: #x1B[38;5;28;01mTrue#x1B[39;00m}
#x1B[32m    951#x1B[39m sim_kwar = {#x1B[33m'#x1B[39m#x1B[33mnomhist#x1B[39m#x1B[33m'#x1B[39m: #x1B[38;5;28mself#x1B[39m.base_sim.history.copy(),
#x1B[32m    952#x1B[39m             #x1B[33m'#x1B[39m#x1B[33mnomresult#x1B[39m#x1B[33m'#x1B[39m: #x1B[38;5;28mself#x1B[39m.base_sim.result.copy()}

#x1B[36mFile #x1B[39m#x1B[32m~/bamboo-agent-home/xml-data/build-dir/RAD-TEST-UVF/fmdtools-full/lib/python3.11/site-packages/fmdtools/sim/search.py:924#x1B[39m, in #x1B[36mScenarioProblem.prep_sim#x1B[39m#x1B[34m(self)#x1B[39m
#x1B[32m    918#x1B[39m sim_kwar = {**filter_kwargs(Simulation, **#x1B[38;5;28mself#x1B[39m.kwargs),
#x1B[32m    919#x1B[39m             #x1B[33m'#x1B[39m#x1B[33mscen#x1B[39m#x1B[33m'#x1B[39m: ParameterScenario(sp={#x1B[33m'#x1B[39m#x1B[33mend_time#x1B[39m#x1B[33m'#x1B[39m: #x1B[38;5;28mself#x1B[39m.get_end_time()}),
#x1B[32m    920#x1B[39m             #x1B[33m'#x1B[39m#x1B[33mto_return#x1B[39m#x1B[33m'#x1B[39m: #x1B[38;5;28mself#x1B[39m.obj_con_des_res(),
#x1B[32m    921#x1B[39m             #x1B[33m'#x1B[39m#x1B[33mmdl#x1B[39m#x1B[33m'#x1B[39m: #x1B[38;5;28mself#x1B[39m.mdl,
#x1B[32m    922#x1B[39m             #x1B[33m'#x1B[39m#x1B[33mctimes#x1B[39m#x1B[33m'#x1B[39m: [#x1B[38;5;28mself#x1B[39m.get_start_time()]}
#x1B[32m    923#x1B[39m #x1B[38;5;28mself#x1B[39m.base_sim = Simulation(**sim_kwar)
#x1B[32m--&gt; #x1B[39m#x1B[32m924#x1B[39m #x1B[38;5;28;43mself#x1B[39;49m#x1B[43m.#x1B[49m#x1B[43mbase_sim#x1B[49m#x1B[43m(#x1B[49m#x1B[43m*#x1B[49m#x1B[43m*#x1B[49m#x1B[43mget_sim_call_kwargs#x1B[49m#x1B[43m(#x1B[49m#x1B[38;5;28;43mself#x1B[39;49m#x1B[43m.#x1B[49m#x1B[43mbase_sim#x1B[49m#x1B[43m,#x1B[49m#x1B[43m #x1B[49m#x1B[43m*#x1B[49m#x1B[43m*#x1B[49m#x1B[38;5;28;43mself#x1B[39;49m#x1B[43m.#x1B[49m#x1B[43mkwargs#x1B[49m#x1B[43m)#x1B[49m#x1B[43m)#x1B[49m

#x1B[36mFile #x1B[39m#x1B[32m~/bamboo-agent-home/xml-data/build-dir/RAD-TEST-UVF/fmdtools-full/lib/python3.11/site-packages/fmdtools/sim/propagate.py:620#x1B[39m, in #x1B[36mSimulation.__call__#x1B[39m#x1B[34m(self, with_mdls, gen_samp, **kwargs)#x1B[39m
#x1B[32m    618#x1B[39m #x1B[38;5;28;01mdef#x1B[39;00m#x1B[38;5;250m #x1B[39m#x1B[34m__call__#x1B[39m(#x1B[38;5;28mself#x1B[39m, with_mdls=#x1B[38;5;28;01mFalse#x1B[39;00m, gen_samp=#x1B[38;5;28;01mFalse#x1B[39;00m, **kwargs):
#x1B[32m    619#x1B[39m #x1B[38;5;250m    #x1B[39m#x1B[33;03m"""Call the sim. Options return copied models and generated sampleapproches."""#x1B[39;00m
#x1B[32m--&gt; #x1B[39m#x1B[32m620#x1B[39m     res, hist = #x1B[38;5;28;43msuper#x1B[39;49m#x1B[43m(#x1B[49m#x1B[43m)#x1B[49m#x1B[43m.#x1B[49m#x1B[34;43m__call__#x1B[39;49m#x1B[43m(#x1B[49m#x1B[43m*#x1B[49m#x1B[43m*#x1B[49m#x1B[43mkwargs#x1B[49m#x1B[43m)#x1B[49m
#x1B[32m    621#x1B[39m     #x1B[38;5;28mself#x1B[39m.check_faults()
#x1B[32m    622#x1B[39m     rets = [res, hist]

#x1B[36mFile #x1B[39m#x1B[32m~/bamboo-agent-home/xml-data/build-dir/RAD-TEST-UVF/fmdtools-full/lib/python3.11/site-packages/fmdtools/sim/propagate.py:482#x1B[39m, in #x1B[36mBaseSimulation.__call__#x1B[39m#x1B[34m(self, **kwargs)#x1B[39m
#x1B[32m    480#x1B[39m     #x1B[38;5;28mself#x1B[39m.run(**kwargs)
#x1B[32m    481#x1B[39m #x1B[38;5;28;01mexcept#x1B[39;00m #x1B[38;5;167;01mException#x1B[39;00m #x1B[38;5;28;01mas#x1B[39;00m e:
#x1B[32m--&gt; #x1B[39m#x1B[32m482#x1B[39m     #x1B[38;5;28;01mraise#x1B[39;00m #x1B[38;5;167;01mException#x1B[39;00m(#x1B[33m"#x1B[39m#x1B[33mError simulating #x1B[39m#x1B[33m"#x1B[39m+#x1B[38;5;28mself#x1B[39m.name+#x1B[33m"#x1B[39m#x1B[33m scenario(s)#x1B[39m#x1B[33m"#x1B[39m) #x1B[38;5;28;01mfrom#x1B[39;00m#x1B[38;5;250m #x1B[39m#x1B[34;01me#x1B[39;00m
#x1B[32m    483#x1B[39m #x1B[38;5;28;01mif#x1B[39;00m #x1B[38;5;28mself#x1B[39m.tosave:
#x1B[32m    484#x1B[39m     #x1B[38;5;28mself#x1B[39m.save(**filter_kwargs(#x1B[38;5;28mself#x1B[39m.save, **kwargs))

#x1B[31mException#x1B[39m: Error simulating nominal scenario(s)</failure></testcase><testcase classname="examples.pump.Parallelism_Tutorial.ipynb" name="Parallelism_Tutorial.ipynb" time="7.375"><failure message="#x1B[31mException#x1B[39m: Error simulating nominal scenario(s)">---------------------------------------------------------------------------
result, mdlhist = propagate.nominal(mdl, to_return='graph')

#x1B[31m---------------------------------------------------------------------------#x1B[39m
#x1B[31mNameError#x1B[39m                                 Traceback (most recent call last)
#x1B[36mFile #x1B[39m#x1B[32m~/bamboo-agent-home/xml-data/build-dir/RAD-TEST-UVF/fmdtools-full/lib/python3.11/site-packages/fmdtools/define/block/base.py:796#x1B[39m, in #x1B[36mSimulable.__call__#x1B[39m#x1B[34m(self, time, proptype, faults, disturbances, inc_at, end_of_simulation, copy)#x1B[39m
#x1B[32m    795#x1B[39m #x1B[38;5;28mself#x1B[39m.update_dynamic_behaviors(proptype=proptype)
#x1B[32m--&gt; #x1B[39m#x1B[32m796#x1B[39m #x1B[38;5;28;43mself#x1B[39;49m#x1B[43m.#x1B[49m#x1B[43mupdate_static_behaviors#x1B[49m#x1B[43m(#x1B[49m#x1B[43mproptype#x1B[49m#x1B[43m=#x1B[49m#x1B[43mproptype#x1B[49m#x1B[43m)#x1B[49m
#x1B[32m    797#x1B[39m #x1B[38;5;28mself#x1B[39m.set_sub_faults()

#x1B[36mFile #x1B[39m#x1B[32m~/bamboo-agent-home/xml-data/build-dir/RAD-TEST-UVF/fmdtools-full/lib/python3.11/site-packages/fmdtools/define/block/base.py:728#x1B[39m, in #x1B[36mSimulable.update_static_behaviors#x1B[39m#x1B[34m(self, proptype)#x1B[39m
#x1B[32m    727#x1B[39m #x1B[38;5;28;01melif#x1B[39;00m proptype #x1B[38;5;129;01min#x1B[39;00m [#x1B[33m'#x1B[39m#x1B[33mstatic-once#x1B[39m#x1B[33m'#x1B[39m]:
#x1B[32m--&gt; #x1B[39m#x1B[32m728#x1B[39m     #x1B[38;5;28;43mself#x1B[39;49m#x1B[43m.#x1B[49m#x1B[43mexecute_static_behaviors#x1B[49m#x1B[43m(#x1B[49m#x1B[43m)#x1B[49m

#x1B[36mFile #x1B[39m#x1B[32m~/bamboo-agent-home/xml-data/build-dir/RAD-TEST-UVF/fmdtools-full/lib/python3.11/site-packages/fmdtools/define/block/base.py:734#x1B[39m, in #x1B[36mSimulable.execute_static_behaviors#x1B[39m#x1B[34m(self)#x1B[39m
#x1B[32m    733#x1B[39m #x1B[38;5;28;01mif#x1B[39;00m #x1B[38;5;28mhasattr#x1B[39m(#x1B[38;5;28mself#x1B[39m, #x1B[33m'#x1B[39m#x1B[33mstatic_behavior#x1B[39m#x1B[33m'#x1B[39m):
#x1B[32m--&gt; #x1B[39m#x1B[32m734#x1B[39m     #x1B[38;5;28;43mself#x1B[39;49m#x1B[43m.#x1B[49m#x1B[43mstatic_behavior#x1B[49m#x1B[43m(#x1B[49m#x1B[43m)#x1B[49m
#x1B[32m    735#x1B[39m #x1B[38;5;28;01mif#x1B[39;00m #x1B[38;5;28mself#x1B[39m.sp.with_loadings #x1B[38;5;129;01mand#x1B[39;00m #x1B[38;5;28mhasattr#x1B[39m(#x1B[38;5;28mself#x1B[39m, #x1B[33m'#x1B[39m#x1B[33mstatic_loading#x1B[39m#x1B[33m'#x1B[39m):

#x1B[36mFile #x1B[39m#x1B[32m~/bamboo-agent-home/xml-data/build-dir/RAD-TEST-UVF/fmdtools/examples/pump/ex_pump.py:436#x1B[39m, in #x1B[36mMoveWat.static_behavior#x1B[39m#x1B[34m(self)#x1B[39m
#x1B[32m    435#x1B[39m #x1B[38;5;28mself#x1B[39m.wat_in.s.assign(#x1B[38;5;28mself#x1B[39m.wat_out.s, #x1B[33m'#x1B[39m#x1B[33mpressure#x1B[39m#x1B[33m'#x1B[39m, #x1B[33m'#x1B[39m#x1B[33mflowrate#x1B[39m#x1B[33m'#x1B[39m)
#x1B[32m--&gt; #x1B[39m#x1B[32m436#x1B[39m #x1B[38;5;28mprint#x1B[39m(#x1B[43ma#x1B[49m)

#x1B[31mNameError#x1B[39m: name 'a' is not defined

The above exception was the direct cause of the following exception:

#x1B[31mException#x1B[39m                                 Traceback (most recent call last)
#x1B[36mFile #x1B[39m#x1B[32m~/bamboo-agent-home/xml-data/build-dir/RAD-TEST-UVF/fmdtools-full/lib/python3.11/site-packages/fmdtools/define/block/base.py:796#x1B[39m, in #x1B[36mSimulable.__call__#x1B[39m#x1B[34m(self, time, proptype, faults, disturbances, inc_at, end_of_simulation, copy)#x1B[39m
#x1B[32m    795#x1B[39m #x1B[38;5;28mself#x1B[39m.update_dynamic_behaviors(proptype=proptype)
#x1B[32m--&gt; #x1B[39m#x1B[32m796#x1B[39m #x1B[38;5;28;43mself#x1B[39;49m#x1B[43m.#x1B[49m#x1B[43mupdate_static_behaviors#x1B[49m#x1B[43m(#x1B[49m#x1B[43mproptype#x1B[49m#x1B[43m=#x1B[49m#x1B[43mproptype#x1B[49m#x1B[43m)#x1B[49m
#x1B[32m    797#x1B[39m #x1B[38;5;28mself#x1B[39m.set_sub_faults()

#x1B[36mFile #x1B[39m#x1B[32m~/bamboo-agent-home/xml-data/build-dir/RAD-TEST-UVF/fmdtools-full/lib/python3.11/site-packages/fmdtools/define/block/base.py:724#x1B[39m, in #x1B[36mSimulable.update_static_behaviors#x1B[39m#x1B[34m(self, proptype)#x1B[39m
#x1B[32m    723#x1B[39m #x1B[38;5;28;01mwhile#x1B[39;00m active:
#x1B[32m--&gt; #x1B[39m#x1B[32m724#x1B[39m     #x1B[38;5;28;43mself#x1B[39;49m#x1B[43m.#x1B[49m#x1B[43mexecute_static_behaviors#x1B[49m#x1B[43m(#x1B[49m#x1B[43m)#x1B[49m
#x1B[32m    725#x1B[39m     #x1B[38;5;66;03m# determine if propagation should continue due to new states#x1B[39;00m

#x1B[36mFile #x1B[39m#x1B[32m~/bamboo-agent-home/xml-data/build-dir/RAD-TEST-UVF/fmdtools-full/lib/python3.11/site-packages/fmdtools/define/block/base.py:732#x1B[39m, in #x1B[36mSimulable.execute_static_behaviors#x1B[39m#x1B[34m(self)#x1B[39m
#x1B[32m    731#x1B[39m #x1B[38;5;250m#x1B[39m#x1B[33;03m"""Execute static behaviors."""#x1B[39;00m
#x1B[32m--&gt; #x1B[39m#x1B[32m732#x1B[39m #x1B[38;5;28;43mself#x1B[39;49m#x1B[43m.#x1B[49m#x1B[43mupdate_arch_behaviors#x1B[49m#x1B[43m(#x1B[49m#x1B[33;43m"#x1B[39;49m#x1B[33;43mstatic#x1B[39;49m#x1B[33;43m"#x1B[39;49m#x1B[43m)#x1B[49m
#x1B[32m    733#x1B[39m #x1B[38;5;28;01mif#x1B[39;00m #x1B[38;5;28mhasattr#x1B[39m(#x1B[38;5;28mself#x1B[39m, #x1B[33m'#x1B[39m#x1B[33mstatic_behavior#x1B[39m#x1B[33m'#x1B[39m):

#x1B[36mFile #x1B[39m#x1B[32m~/bamboo-agent-home/xml-data/build-dir/RAD-TEST-UVF/fmdtools-full/lib/python3.11/site-packages/fmdtools/define/architecture/base.py:163#x1B[39m, in #x1B[36mArchitecture.update_arch_behaviors#x1B[39m#x1B[34m(self, proptype)#x1B[39m
#x1B[32m    162#x1B[39m #x1B[38;5;28;01mif#x1B[39;00m proptype #x1B[38;5;129;01min#x1B[39;00m [#x1B[33m"#x1B[39m#x1B[33mstatic#x1B[39m#x1B[33m"#x1B[39m, #x1B[33m"#x1B[39m#x1B[33mstatic-once#x1B[39m#x1B[33m"#x1B[39m, #x1B[33m"#x1B[39m#x1B[33mboth#x1B[39m#x1B[33m"#x1B[39m] #x1B[38;5;129;01mand#x1B[39;00m #x1B[38;5;28mhasattr#x1B[39m(#x1B[38;5;28mself#x1B[39m, #x1B[33m'#x1B[39m#x1B[33mprop_static#x1B[39m#x1B[33m'#x1B[39m):
#x1B[32m--&gt; #x1B[39m#x1B[32m163#x1B[39m     #x1B[38;5;28;43mself#x1B[39;49m#x1B[43m.#x1B[49m#x1B[43mprop_static#x1B[49m#x1B[43m(#x1B[49m#x1B[43m)#x1B[49m

#x1B[36mFile #x1B[39m#x1B[32m~/bamboo-agent-home/xml-data/build-dir/RAD-TEST-UVF/fmdtools-full/lib/python3.11/site-packages/fmdtools/define/architecture/base.py:203#x1B[39m, in #x1B[36mArchitecture.prop_static#x1B[39m#x1B[34m(self)#x1B[39m
#x1B[32m    202#x1B[39m sim.set_mutables(exclude=[*#x1B[38;5;28mself#x1B[39m.staticflows])
#x1B[32m--&gt; #x1B[39m#x1B[32m203#x1B[39m #x1B[43msim#x1B[49m#x1B[43m(#x1B[49m#x1B[43mtime#x1B[49m#x1B[43m=#x1B[49m#x1B[38;5;28;43mself#x1B[39;49m#x1B[43m.#x1B[49m#x1B[43mt#x1B[49m#x1B[43m.#x1B[49m#x1B[43mtime#x1B[49m#x1B[43m,#x1B[49m#x1B[43m #x1B[49m#x1B[43mproptype#x1B[49m#x1B[43m=#x1B[49m#x1B[33;43m'#x1B[39;49m#x1B[33;43mstatic-once#x1B[39;49m#x1B[33;43m'#x1B[39;49m#x1B[43m,#x1B[49m#x1B[43m #x1B[49m#x1B[43minc_at#x1B[49m#x1B[43m=#x1B[49m#x1B[33;43m"#x1B[39;49m#x1B[33;43m"#x1B[39;49m#x1B[43m)#x1B[49m
#x1B[32m    204#x1B[39m #x1B[38;5;28;01mif#x1B[39;00m sim.has_changed(update=#x1B[38;5;28;01mTrue#x1B[39;00m, exclude=[*#x1B[38;5;28mself#x1B[39m.staticflows]):

#x1B[36mFile #x1B[39m#x1B[32m~/bamboo-agent-home/xml-data/build-dir/RAD-TEST-UVF/fmdtools-full/lib/python3.11/site-packages/fmdtools/define/block/base.py:808#x1B[39m, in #x1B[36mSimulable.__call__#x1B[39m#x1B[34m(self, time, proptype, faults, disturbances, inc_at, end_of_simulation, copy)#x1B[39m
#x1B[32m    807#x1B[39m #x1B[38;5;28;01mexcept#x1B[39;00m #x1B[38;5;167;01mException#x1B[39;00m #x1B[38;5;28;01mas#x1B[39;00m e:
#x1B[32m--&gt; #x1B[39m#x1B[32m808#x1B[39m     #x1B[38;5;28;01mraise#x1B[39;00m #x1B[38;5;167;01mException#x1B[39;00m(#x1B[33m"#x1B[39m#x1B[33mError simulating #x1B[39m#x1B[33m"#x1B[39m + #x1B[38;5;28mself#x1B[39m.name +
#x1B[32m    809#x1B[39m                     #x1B[33m"#x1B[39m#x1B[33m of class #x1B[39m#x1B[33m"#x1B[39m + #x1B[38;5;28mself#x1B[39m.#x1B[34m__class__#x1B[39m.#x1B[34m__name__#x1B[39m +
#x1B[32m    810#x1B[39m                     #x1B[33m"#x1B[39m#x1B[33m at time=#x1B[39m#x1B[33m"#x1B[39m + #x1B[38;5;28mstr#x1B[39m(#x1B[38;5;28mself#x1B[39m.t.time)) #x1B[38;5;28;01mfrom#x1B[39;00m#x1B[38;5;250m #x1B[39m#x1B[34;01me#x1B[39;00m

#x1B[31mException#x1B[39m: Error simulating move_water of class MoveWat at time=0.0

The above exception was the direct cause of the following exception:

#x1B[31mException#x1B[39m                                 Traceback (most recent call last)
#x1B[36mFile #x1B[39m#x1B[32m~/bamboo-agent-home/xml-data/build-dir/RAD-TEST-UVF/fmdtools-full/lib/python3.11/site-packages/fmdtools/sim/propagate.py:480#x1B[39m, in #x1B[36mBaseSimulation.__call__#x1B[39m#x1B[34m(self, **kwargs)#x1B[39m
#x1B[32m    479#x1B[39m #x1B[38;5;28;01mtry#x1B[39;00m:
#x1B[32m--&gt; #x1B[39m#x1B[32m480#x1B[39m     #x1B[38;5;28;43mself#x1B[39;49m#x1B[43m.#x1B[49m#x1B[43mrun#x1B[49m#x1B[43m(#x1B[49m#x1B[43m*#x1B[49m#x1B[43m*#x1B[49m#x1B[43mkwargs#x1B[49m#x1B[43m)#x1B[49m
#x1B[32m    481#x1B[39m #x1B[38;5;28;01mexcept#x1B[39;00m #x1B[38;5;167;01mException#x1B[39;00m #x1B[38;5;28;01mas#x1B[39;00m e:

#x1B[36mFile #x1B[39m#x1B[32m~/bamboo-agent-home/xml-data/build-dir/RAD-TEST-UVF/fmdtools-full/lib/python3.11/site-packages/fmdtools/sim/propagate.py:632#x1B[39m, in #x1B[36mSimulation.run#x1B[39m#x1B[34m(self, **kwargs)#x1B[39m
#x1B[32m    631#x1B[39m #x1B[38;5;28;01mfor#x1B[39;00m simevent #x1B[38;5;129;01min#x1B[39;00m #x1B[38;5;28mself#x1B[39m.simevents:
#x1B[32m--&gt; #x1B[39m#x1B[32m632#x1B[39m     #x1B[43msimevent#x1B[49m#x1B[43m.#x1B[49m#x1B[43mrun#x1B[49m#x1B[43m(#x1B[49m#x1B[38;5;28;43mself#x1B[39;49m#x1B[43m.#x1B[49m#x1B[43mmdl#x1B[49m#x1B[43m,#x1B[49m#x1B[43m #x1B[49m#x1B[43mscen#x1B[49m#x1B[43m=#x1B[49m#x1B[38;5;28;43mself#x1B[39;49m#x1B[43m.#x1B[49m#x1B[43mscen#x1B[49m#x1B[43m,#x1B[49m#x1B[43m #x1B[49m#x1B[43m*#x1B[49m#x1B[43m*#x1B[49m#x1B[43mkwargs#x1B[49m#x1B[43m)#x1B[49m
#x1B[32m    633#x1B[39m     #x1B[38;5;28;01mif#x1B[39;00m simevent.result:

#x1B[36mFile #x1B[39m#x1B[32m~/bamboo-agent-home/xml-data/build-dir/RAD-TEST-UVF/fmdtools-full/lib/python3.11/site-packages/fmdtools/sim/propagate.py:397#x1B[39m, in #x1B[36mSimEvent.run#x1B[39m#x1B[34m(self, mdl, scen, nomhist, nomresult, **kwargs)#x1B[39m
#x1B[32m    396#x1B[39m #x1B[38;5;28;01melse#x1B[39;00m:
#x1B[32m--&gt; #x1B[39m#x1B[32m397#x1B[39m     #x1B[43mmdl#x1B[49m#x1B[43m(#x1B[49m#x1B[43mtime#x1B[49m#x1B[43m=#x1B[49m#x1B[38;5;28;43mself#x1B[39;49m#x1B[43m.#x1B[49m#x1B[43mtime#x1B[49m#x1B[43m,#x1B[49m#x1B[43m #x1B[49m#x1B[43m*#x1B[49m#x1B[43m*#x1B[49m#x1B[43mkwar#x1B[49m#x1B[43m)#x1B[49m
#x1B[32m    398#x1B[39m #x1B[38;5;28;01mif#x1B[39;00m #x1B[38;5;28mself#x1B[39m.to_return:

#x1B[36mFile #x1B[39m#x1B[32m~/bamboo-agent-home/xml-data/build-dir/RAD-TEST-UVF/fmdtools-full/lib/python3.11/site-packages/fmdtools/define/block/base.py:808#x1B[39m, in #x1B[36mSimulable.__call__#x1B[39m#x1B[34m(self, time, proptype, faults, disturbances, inc_at, end_of_simulation, copy)#x1B[39m
#x1B[32m    807#x1B[39m #x1B[38;5;28;01mexcept#x1B[39;00m #x1B[38;5;167;01mException#x1B[39;00m #x1B[38;5;28;01mas#x1B[39;00m e:
#x1B[32m--&gt; #x1B[39m#x1B[32m808#x1B[39m     #x1B[38;5;28;01mraise#x1B[39;00m #x1B[38;5;167;01mException#x1B[39;00m(#x1B[33m"#x1B[39m#x1B[33mError simulating #x1B[39m#x1B[33m"#x1B[39m + #x1B[38;5;28mself#x1B[39m.name +
#x1B[32m    809#x1B[39m                     #x1B[33m"#x1B[39m#x1B[33m of class #x1B[39m#x1B[33m"#x1B[39m + #x1B[38;5;28mself#x1B[39m.#x1B[34m__class__#x1B[39m.#x1B[34m__name__#x1B[39m +
#x1B[32m    810#x1B[39m                     #x1B[33m"#x1B[39m#x1B[33m at time=#x1B[39m#x1B[33m"#x1B[39m + #x1B[38;5;28mstr#x1B[39m(#x1B[38;5;28mself#x1B[39m.t.time)) #x1B[38;5;28;01mfrom#x1B[39;00m#x1B[38;5;250m #x1B[39m#x1B[34;01me#x1B[39;00m

#x1B[31mException#x1B[39m: Error simulating pump of class Pump at time=0.0

The above exception was the direct cause of the following exception:

#x1B[31mException#x1B[39m                                 Traceback (most recent call last)
#x1B[36mCell#x1B[39m#x1B[36m #x1B[39m#x1B[32mIn[3]#x1B[39m#x1B[32m, line 1#x1B[39m
#x1B[32m----&gt; #x1B[39m#x1B[32m1#x1B[39m result, mdlhist = #x1B[43mpropagate#x1B[49m#x1B[43m.#x1B[49m#x1B[43mnominal#x1B[49m#x1B[43m(#x1B[49m#x1B[43mmdl#x1B[49m#x1B[43m,#x1B[49m#x1B[43m #x1B[49m#x1B[43mto_return#x1B[49m#x1B[43m=#x1B[49m#x1B[33;43m'#x1B[39;49m#x1B[33;43mgraph#x1B[39;49m#x1B[33;43m'#x1B[39;49m#x1B[43m)#x1B[49m

#x1B[36mFile #x1B[39m#x1B[32m~/bamboo-agent-home/xml-data/build-dir/RAD-TEST-UVF/fmdtools-full/lib/python3.11/site-packages/fmdtools/sim/propagate.py:92#x1B[39m, in #x1B[36mnominal#x1B[39m#x1B[34m(mdl, **kwargs)#x1B[39m
#x1B[32m     74#x1B[39m #x1B[38;5;250m#x1B[39m#x1B[33;03m"""#x1B[39;00m
#x1B[32m     75#x1B[39m #x1B[33;03mRun the model over time in the nominal scenario.#x1B[39;00m
#x1B[32m     76#x1B[39m 
#x1B[32m   (...)#x1B[39m#x1B[32m     89#x1B[39m #x1B[33;03m    A History dict with a history of tracked model properties over time.#x1B[39;00m
#x1B[32m     90#x1B[39m #x1B[33;03m"""#x1B[39;00m
#x1B[32m     91#x1B[39m sim = Simulation(mdl=mdl, **filter_kwargs(Simulation, **kwargs))
#x1B[32m---&gt; #x1B[39m#x1B[32m92#x1B[39m #x1B[38;5;28;01mreturn#x1B[39;00m #x1B[43msim#x1B[49m#x1B[43m(#x1B[49m#x1B[43m*#x1B[49m#x1B[43m*#x1B[49m#x1B[43mget_sim_call_kwargs#x1B[49m#x1B[43m(#x1B[49m#x1B[43msim#x1B[49m#x1B[43m,#x1B[49m#x1B[43m #x1B[49m#x1B[43m*#x1B[49m#x1B[43m*#x1B[49m#x1B[43mkwargs#x1B[49m#x1B[43m)#x1B[49m#x1B[43m)#x1B[49m

#x1B[36mFile #x1B[39m#x1B[32m~/bamboo-agent-home/xml-data/build-dir/RAD-TEST-UVF/fmdtools-full/lib/python3.11/site-packages/fmdtools/sim/propagate.py:620#x1B[39m, in #x1B[36mSimulation.__call__#x1B[39m#x1B[34m(self, with_mdls, gen_samp, **kwargs)#x1B[39m
#x1B[32m    618#x1B[39m #x1B[38;5;28;01mdef#x1B[39;00m#x1B[38;5;250m #x1B[39m#x1B[34m__call__#x1B[39m(#x1B[38;5;28mself#x1B[39m, with_mdls=#x1B[38;5;28;01mFalse#x1B[39;00m, gen_samp=#x1B[38;5;28;01mFalse#x1B[39;00m, **kwargs):
#x1B[32m    619#x1B[39m #x1B[38;5;250m    #x1B[39m#x1B[33;03m"""Call the sim. Options return copied models and generated sampleapproches."""#x1B[39;00m
#x1B[32m--&gt; #x1B[39m#x1B[32m620#x1B[39m     res, hist = #x1B[38;5;28;43msuper#x1B[39;49m#x1B[43m(#x1B[49m#x1B[43m)#x1B[49m#x1B[43m.#x1B[49m#x1B[34;43m__call__#x1B[39;49m#x1B[43m(#x1B[49m#x1B[43m*#x1B[49m#x1B[43m*#x1B[49m#x1B[43mkwargs#x1B[49m#x1B[43m)#x1B[49m
#x1B[32m    621#x1B[39m     #x1B[38;5;28mself#x1B[39m.check_faults()
#x1B[32m    622#x1B[39m     rets = [res, hist]

#x1B[36mFile #x1B[39m#x1B[32m~/bamboo-agent-home/xml-data/build-dir/RAD-TEST-UVF/fmdtools-full/lib/python3.11/site-packages/fmdtools/sim/propagate.py:482#x1B[39m, in #x1B[36mBaseSimulation.__call__#x1B[39m#x1B[34m(self, **kwargs)#x1B[39m
#x1B[32m    480#x1B[39m     #x1B[38;5;28mself#x1B[39m.run(**kwargs)
#x1B[32m    481#x1B[39m #x1B[38;5;28;01mexcept#x1B[39;00m #x1B[38;5;167;01mException#x1B[39;00m #x1B[38;5;28;01mas#x1B[39;00m e:
#x1B[32m--&gt; #x1B[39m#x1B[32m482#x1B[39m     #x1B[38;5;28;01mraise#x1B[39;00m #x1B[38;5;167;01mException#x1B[39;00m(#x1B[33m"#x1B[39m#x1B[33mError simulating #x1B[39m#x1B[33m"#x1B[39m+#x1B[38;5;28mself#x1B[39m.name+#x1B[33m"#x1B[39m#x1B[33m scenario(s)#x1B[39m#x1B[33m"#x1B[39m) #x1B[38;5;28;01mfrom#x1B[39;00m#x1B[38;5;250m #x1B[39m#x1B[34;01me#x1B[39;00m
#x1B[32m    483#x1B[39m #x1B[38;5;28;01mif#x1B[39;00m #x1B[38;5;28mself#x1B[39m.tosave:
#x1B[32m    484#x1B[39m     #x1B[38;5;28mself#x1B[39m.save(**filter_kwargs(#x1B[38;5;28mself#x1B[39m.save, **kwargs))

#x1B[31mException#x1B[39m: Error simulating nominal scenario(s)</failure></testcase><testcase classname="examples.pump.Pump_Example_Notebook.ipynb" name="Pump_Example_Notebook.ipynb" time="9.074"><failure message="#x1B[31mException#x1B[39m: Error simulating nominal scenario(s)">---------------------------------------------------------------------------
result, mdlhist=propagate.nominal(mdl, to_return={'graph': FunctionArchitectureGraph})

#x1B[31m---------------------------------------------------------------------------#x1B[39m
#x1B[31mNameError#x1B[39m                                 Traceback (most recent call last)
#x1B[36mFile #x1B[39m#x1B[32m~/bamboo-agent-home/xml-data/build-dir/RAD-TEST-UVF/fmdtools-full/lib/python3.11/site-packages/fmdtools/define/block/base.py:796#x1B[39m, in #x1B[36mSimulable.__call__#x1B[39m#x1B[34m(self, time, proptype, faults, disturbances, inc_at, end_of_simulation, copy)#x1B[39m
#x1B[32m    795#x1B[39m #x1B[38;5;28mself#x1B[39m.update_dynamic_behaviors(proptype=proptype)
#x1B[32m--&gt; #x1B[39m#x1B[32m796#x1B[39m #x1B[38;5;28;43mself#x1B[39;49m#x1B[43m.#x1B[49m#x1B[43mupdate_static_behaviors#x1B[49m#x1B[43m(#x1B[49m#x1B[43mproptype#x1B[49m#x1B[43m=#x1B[49m#x1B[43mproptype#x1B[49m#x1B[43m)#x1B[49m
#x1B[32m    797#x1B[39m #x1B[38;5;28mself#x1B[39m.set_sub_faults()

#x1B[36mFile #x1B[39m#x1B[32m~/bamboo-agent-home/xml-data/build-dir/RAD-TEST-UVF/fmdtools-full/lib/python3.11/site-packages/fmdtools/define/block/base.py:728#x1B[39m, in #x1B[36mSimulable.update_static_behaviors#x1B[39m#x1B[34m(self, proptype)#x1B[39m
#x1B[32m    727#x1B[39m #x1B[38;5;28;01melif#x1B[39;00m proptype #x1B[38;5;129;01min#x1B[39;00m [#x1B[33m'#x1B[39m#x1B[33mstatic-once#x1B[39m#x1B[33m'#x1B[39m]:
#x1B[32m--&gt; #x1B[39m#x1B[32m728#x1B[39m     #x1B[38;5;28;43mself#x1B[39;49m#x1B[43m.#x1B[49m#x1B[43mexecute_static_behaviors#x1B[49m#x1B[43m(#x1B[49m#x1B[43m)#x1B[49m

#x1B[36mFile #x1B[39m#x1B[32m~/bamboo-agent-home/xml-data/build-dir/RAD-TEST-UVF/fmdtools-full/lib/python3.11/site-packages/fmdtools/define/block/base.py:734#x1B[39m, in #x1B[36mSimulable.execute_static_behaviors#x1B[39m#x1B[34m(self)#x1B[39m
#x1B[32m    733#x1B[39m #x1B[38;5;28;01mif#x1B[39;00m #x1B[38;5;28mhasattr#x1B[39m(#x1B[38;5;28mself#x1B[39m, #x1B[33m'#x1B[39m#x1B[33mstatic_behavior#x1B[39m#x1B[33m'#x1B[39m):
#x1B[32m--&gt; #x1B[39m#x1B[32m734#x1B[39m     #x1B[38;5;28;43mself#x1B[39;49m#x1B[43m.#x1B[49m#x1B[43mstatic_behavior#x1B[49m#x1B[43m(#x1B[49m#x1B[43m)#x1B[49m
#x1B[32m    735#x1B[39m #x1B[38;5;28;01mif#x1B[39;00m #x1B[38;5;28mself#x1B[39m.sp.with_loadings #x1B[38;5;129;01mand#x1B[39;00m #x1B[38;5;28mhasattr#x1B[39m(#x1B[38;5;28mself#x1B[39m, #x1B[33m'#x1B[39m#x1B[33mstatic_loading#x1B[39m#x1B[33m'#x1B[39m):

#x1B[36mFile #x1B[39m#x1B[32m~/bamboo-agent-home/xml-data/build-dir/RAD-TEST-UVF/fmdtools/examples/pump/ex_pump.py:436#x1B[39m, in #x1B[36mMoveWat.static_behavior#x1B[39m#x1B[34m(self)#x1B[39m
#x1B[32m    435#x1B[39m #x1B[38;5;28mself#x1B[39m.wat_in.s.assign(#x1B[38;5;28mself#x1B[39m.wat_out.s, #x1B[33m'#x1B[39m#x1B[33mpressure#x1B[39m#x1B[33m'#x1B[39m, #x1B[33m'#x1B[39m#x1B[33mflowrate#x1B[39m#x1B[33m'#x1B[39m)
#x1B[32m--&gt; #x1B[39m#x1B[32m436#x1B[39m #x1B[38;5;28mprint#x1B[39m(#x1B[43ma#x1B[49m)

#x1B[31mNameError#x1B[39m: name 'a' is not defined

The above exception was the direct cause of the following exception:

#x1B[31mException#x1B[39m                                 Traceback (most recent call last)
#x1B[36mFile #x1B[39m#x1B[32m~/bamboo-agent-home/xml-data/build-dir/RAD-TEST-UVF/fmdtools-full/lib/python3.11/site-packages/fmdtools/define/block/base.py:796#x1B[39m, in #x1B[36mSimulable.__call__#x1B[39m#x1B[34m(self, time, proptype, faults, disturbances, inc_at, end_of_simulation, copy)#x1B[39m
#x1B[32m    795#x1B[39m #x1B[38;5;28mself#x1B[39m.update_dynamic_behaviors(proptype=proptype)
#x1B[32m--&gt; #x1B[39m#x1B[32m796#x1B[39m #x1B[38;5;28;43mself#x1B[39;49m#x1B[43m.#x1B[49m#x1B[43mupdate_static_behaviors#x1B[49m#x1B[43m(#x1B[49m#x1B[43mproptype#x1B[49m#x1B[43m=#x1B[49m#x1B[43mproptype#x1B[49m#x1B[43m)#x1B[49m
#x1B[32m    797#x1B[39m #x1B[38;5;28mself#x1B[39m.set_sub_faults()

#x1B[36mFile #x1B[39m#x1B[32m~/bamboo-agent-home/xml-data/build-dir/RAD-TEST-UVF/fmdtools-full/lib/python3.11/site-packages/fmdtools/define/block/base.py:724#x1B[39m, in #x1B[36mSimulable.update_static_behaviors#x1B[39m#x1B[34m(self, proptype)#x1B[39m
#x1B[32m    723#x1B[39m #x1B[38;5;28;01mwhile#x1B[39;00m active:
#x1B[32m--&gt; #x1B[39m#x1B[32m724#x1B[39m     #x1B[38;5;28;43mself#x1B[39;49m#x1B[43m.#x1B[49m#x1B[43mexecute_static_behaviors#x1B[49m#x1B[43m(#x1B[49m#x1B[43m)#x1B[49m
#x1B[32m    725#x1B[39m     #x1B[38;5;66;03m# determine if propagation should continue due to new states#x1B[39;00m

#x1B[36mFile #x1B[39m#x1B[32m~/bamboo-agent-home/xml-data/build-dir/RAD-TEST-UVF/fmdtools-full/lib/python3.11/site-packages/fmdtools/define/block/base.py:732#x1B[39m, in #x1B[36mSimulable.execute_static_behaviors#x1B[39m#x1B[34m(self)#x1B[39m
#x1B[32m    731#x1B[39m #x1B[38;5;250m#x1B[39m#x1B[33;03m"""Execute static behaviors."""#x1B[39;00m
#x1B[32m--&gt; #x1B[39m#x1B[32m732#x1B[39m #x1B[38;5;28;43mself#x1B[39;49m#x1B[43m.#x1B[49m#x1B[43mupdate_arch_behaviors#x1B[49m#x1B[43m(#x1B[49m#x1B[33;43m"#x1B[39;49m#x1B[33;43mstatic#x1B[39;49m#x1B[33;43m"#x1B[39;49m#x1B[43m)#x1B[49m
#x1B[32m    733#x1B[39m #x1B[38;5;28;01mif#x1B[39;00m #x1B[38;5;28mhasattr#x1B[39m(#x1B[38;5;28mself#x1B[39m, #x1B[33m'#x1B[39m#x1B[33mstatic_behavior#x1B[39m#x1B[33m'#x1B[39m):

#x1B[36mFile #x1B[39m#x1B[32m~/bamboo-agent-home/xml-data/build-dir/RAD-TEST-UVF/fmdtools-full/lib/python3.11/site-packages/fmdtools/define/architecture/base.py:163#x1B[39m, in #x1B[36mArchitecture.update_arch_behaviors#x1B[39m#x1B[34m(self, proptype)#x1B[39m
#x1B[32m    162#x1B[39m #x1B[38;5;28;01mif#x1B[39;00m proptype #x1B[38;5;129;01min#x1B[39;00m [#x1B[33m"#x1B[39m#x1B[33mstatic#x1B[39m#x1B[33m"#x1B[39m, #x1B[33m"#x1B[39m#x1B[33mstatic-once#x1B[39m#x1B[33m"#x1B[39m, #x1B[33m"#x1B[39m#x1B[33mboth#x1B[39m#x1B[33m"#x1B[39m] #x1B[38;5;129;01mand#x1B[39;00m #x1B[38;5;28mhasattr#x1B[39m(#x1B[38;5;28mself#x1B[39m, #x1B[33m'#x1B[39m#x1B[33mprop_static#x1B[39m#x1B[33m'#x1B[39m):
#x1B[32m--&gt; #x1B[39m#x1B[32m163#x1B[39m     #x1B[38;5;28;43mself#x1B[39;49m#x1B[43m.#x1B[49m#x1B[43mprop_static#x1B[49m#x1B[43m(#x1B[49m#x1B[43m)#x1B[49m

#x1B[36mFile #x1B[39m#x1B[32m~/bamboo-agent-home/xml-data/build-dir/RAD-TEST-UVF/fmdtools-full/lib/python3.11/site-packages/fmdtools/define/architecture/base.py:203#x1B[39m, in #x1B[36mArchitecture.prop_static#x1B[39m#x1B[34m(self)#x1B[39m
#x1B[32m    202#x1B[39m sim.set_mutables(exclude=[*#x1B[38;5;28mself#x1B[39m.staticflows])
#x1B[32m--&gt; #x1B[39m#x1B[32m203#x1B[39m #x1B[43msim#x1B[49m#x1B[43m(#x1B[49m#x1B[43mtime#x1B[49m#x1B[43m=#x1B[49m#x1B[38;5;28;43mself#x1B[39;49m#x1B[43m.#x1B[49m#x1B[43mt#x1B[49m#x1B[43m.#x1B[49m#x1B[43mtime#x1B[49m#x1B[43m,#x1B[49m#x1B[43m #x1B[49m#x1B[43mproptype#x1B[49m#x1B[43m=#x1B[49m#x1B[33;43m'#x1B[39;49m#x1B[33;43mstatic-once#x1B[39;49m#x1B[33;43m'#x1B[39;49m#x1B[43m,#x1B[49m#x1B[43m #x1B[49m#x1B[43minc_at#x1B[49m#x1B[43m=#x1B[49m#x1B[33;43m"#x1B[39;49m#x1B[33;43m"#x1B[39;49m#x1B[43m)#x1B[49m
#x1B[32m    204#x1B[39m #x1B[38;5;28;01mif#x1B[39;00m sim.has_changed(update=#x1B[38;5;28;01mTrue#x1B[39;00m, exclude=[*#x1B[38;5;28mself#x1B[39m.staticflows]):

#x1B[36mFile #x1B[39m#x1B[32m~/bamboo-agent-home/xml-data/build-dir/RAD-TEST-UVF/fmdtools-full/lib/python3.11/site-packages/fmdtools/define/block/base.py:808#x1B[39m, in #x1B[36mSimulable.__call__#x1B[39m#x1B[34m(self, time, proptype, faults, disturbances, inc_at, end_of_simulation, copy)#x1B[39m
#x1B[32m    807#x1B[39m #x1B[38;5;28;01mexcept#x1B[39;00m #x1B[38;5;167;01mException#x1B[39;00m #x1B[38;5;28;01mas#x1B[39;00m e:
#x1B[32m--&gt; #x1B[39m#x1B[32m808#x1B[39m     #x1B[38;5;28;01mraise#x1B[39;00m #x1B[38;5;167;01mException#x1B[39;00m(#x1B[33m"#x1B[39m#x1B[33mError simulating #x1B[39m#x1B[33m"#x1B[39m + #x1B[38;5;28mself#x1B[39m.name +
[...]
kwargs = {}

    def __call__(self, **kwargs):
        """Run the sim, save its results (if needed), return its result and history."""
        try:
            self.run(**kwargs)
        except Exception as e:
&gt;           raise Exception("Error simulating "+self.name+" scenario(s)") from e
E           Exception: Error simulating ('move_water', 'short') scenario(s)

fmdtools/sim/propagate.py:482: Exception</failure></testcase><testcase classname="tests.test_graph.ModelGraphTests" name="test_flowgraph_plot" time="1.184" /><testcase classname="tests.test_graph.ModelGraphTests" name="test_fxngraph_plot" time="0.430" /><testcase classname="tests.test_graph.ModelGraphTests" name="test_modelgraph_plot" time="0.613" /><testcase classname="tests.test_graph.ModelGraphTests" name="test_result_from_plot" time="0.065"><failure message="Exception: Error simulating ('move_water', 'short') scenario(s)">self = move_water MoveWat
- t=MoveWatTime(time=0.0, timers={'pressure_limit': Timer pressure_limit: mode= standby, time= 0.0}...(flowrate=0.0, pressure=0.0, area=1.0, level=1.0))
- wat_out=Water(s=(flowrate=0.0, pressure=0.0, area=1.0, level=1.0))
time = 0.0, proptype = 'static-once', faults = [], disturbances = {}
inc_at = '', end_of_simulation = False, copy = False

    def __call__(self, time=None, proptype="both", faults=[], disturbances={},
                 inc_at="all", end_of_simulation=False, copy=False):
        """
        Call the Simulable to propagate behavior at a single time-step.
    
        Parameters
        ----------
        time : float/'end'
            Time at which to simulate the Simulable. Default is None, which uses
            self.t.time. If 'end' is provided, will be simulated until the end of
            the simulation (sp.end_time or sp.end_condition)
        proptype : str
            Type of propagation step to update ('static', 'dynamic', or 'both')
        faults : dict/list
            Faults to inject during this propagation step. (to be injected at time.)
            With structure ['fault1', 'fault2'...]
        disturbances : dict
            Variables to change during this propagation step. (to be injected at time.)
            With structure {'var1': value}
        inc_at : bool
            When to increment the history. If "all", increment at each time the sim
            iterates through. If "time", increment only at t==time.
        end_of_simulation : bool
            Whether this is the end of the simulation (and history should be cut).
        copy : bool
            If true, returns a copy of the model just before fault injection and
            stops simulation
        """
        try:
            if time == 'end':
                time = self.sp.end_time
            start_time, end_time = self.t.get_sim_times(time)
            sim_times = self.sp.get_timerange(start_time, end_time)
            for t in sim_times:
                if t == end_time:
                    if copy:
                        return self.copy()
                    if t != self.t.time:  # faults are only injected if not run yet
                        self.set_vars(**disturbances)
                        self.inject_faults(faults)
                self.t.update_time(t)
                if self.t.executing:
                    self.update_stochastic_states()
                    self.update_dynamic_behaviors(proptype=proptype)
&gt;                   self.update_static_behaviors(proptype=proptype)

fmdtools/define/block/base.py:796: 
_ _ _ _ _ _ _ _ _ _ _ _ _ _ _ _ _ _ _ _ _ _ _ _ _ _ _ _ _ _ _ _ _ _ _ _ _ _ _ _ 
fmdtools/define/block/base.py:728: in update_static_behaviors
    self.execute_static_behaviors()
fmdtools/define/block/base.py:734: in execute_static_behaviors
    self.static_behavior()
_ _ _ _ _ _ _ _ _ _ _ _ _ _ _ _ _ _ _ _ _ _ _ _ _ _ _ _ _ _ _ _ _ _ _ _ _ _ _ _ 

self = move_water MoveWat
- t=MoveWatTime(time=0.0, timers={'pressure_limit': Timer pressure_limit: mode= standby, time= 0.0}...(flowrate=0.0, pressure=0.0, area=1.0, level=1.0))
- wat_out=Water(s=(flowrate=0.0, pressure=0.0, area=1.0, level=1.0))

    def static_behavior(self):
        """Define how the function will behave with different faults."""
        self.set_faults()
        if self.m.has_fault('short'):
            self.ee_in.s.current = 500*10/5000*self.sig_in.s.power*self.ee_in.s.voltage
            self.s.eff = 0.0
        elif self.m.has_fault('mech_break'):
            self.ee_in.s.current = 0.2*10/5000*self.sig_in.s.power*self.ee_in.s.voltage
            self.s.eff = 0.0
        else:
            self.ee_in.s.current = 10/5000*self.sig_in.s.power * \
                self.ee_in.s.voltage*min(13.0, self.wat_out.s.pressure)
            # if we wanted to enforce nominall eff state, we would include:
            # self.s.eff = 1.0
    
        velocity = self.sig_in.s.power*self.s.eff * \
            min(1000, self.ee_in.s.voltage)*self.wat_in.s.level
        self.wat_out.s.pressure = 10/500 * velocity/self.wat_out.s.area
        self.wat_out.s.flowrate = 0.3/500 * velocity*self.wat_out.s.area
    
        self.wat_in.s.assign(self.wat_out.s, 'pressure', 'flowrate')
&gt;       print(a)
              ^
E       NameError: name 'a' is not defined

examples/pump/ex_pump.py:436: NameError

The above exception was the direct cause of the following exception:

self = pump Pump
- t=Time(time=0.0, timers={})
- m=Mode(mode='nominal', faults=set(), sub_faults=False)
FLOWS:
- ee_1=Electri...minal', faults=set(), sub_faults=False))
- export_water=ExportWater(m=(mode='nominal', faults=set(), sub_faults=False))
time = 10.0, proptype = 'both', faults = [], disturbances = {}, inc_at = 'all'
end_of_simulation = False, copy = True

    def __call__(self, time=None, proptype="both", faults=[], disturbances={},
                 inc_at="all", end_of_simulation=False, copy=False):
        """
        Call the Simulable to propagate behavior at a single time-step.
    
        Parameters
        ----------
        time : float/'end'
            Time at which to simulate the Simulable. Default is None, which uses
            self.t.time. If 'end' is provided, will be simulated until the end of
            the simulation (sp.end_time or sp.end_condition)
        proptype : str
            Type of propagation step to update ('static', 'dynamic', or 'both')
        faults : dict/list
            Faults to inject during this propagation step. (to be injected at time.)
            With structure ['fault1', 'fault2'...]
        disturbances : dict
            Variables to change during this propagation step. (to be injected at time.)
            With structure {'var1': value}
        inc_at : bool
            When to increment the history. If "all", increment at each time the sim
            iterates through. If "time", increment only at t==time.
        end_of_simulation : bool
            Whether this is the end of the simulation (and history should be cut).
        copy : bool
            If true, returns a copy of the model just before fault injection and
            stops simulation
        """
        try:
            if time == 'end':
                time = self.sp.end_time
            start_time, end_time = self.t.get_sim_times(time)
            sim_times = self.sp.get_timerange(start_time, end_time)
            for t in sim_times:
                if t == end_time:
                    if copy:
                        return self.copy()
                    if t != self.t.time:  # faults are only injected if not run yet
                        self.set_vars(**disturbances)
                        self.inject_faults(faults)
                self.t.update_time(t)
                if self.t.executing:
                    self.update_stochastic_states()
                    self.update_dynamic_behaviors(proptype=proptype)
&gt;                   self.update_static_behaviors(proptype=proptype)

fmdtools/define/block/base.py:796: 
_ _ _ _ _ _ _ _ _ _ _ _ _ _ _ _ _ _ _ _ _ _ _ _ _ _ _ _ _ _ _ _ _ _ _ _ _ _ _ _ 
fmdtools/define/block/base.py:724: in update_static_behaviors
    self.execute_static_behaviors()
fmdtools/define/block/base.py:732: in execute_static_behaviors
    self.update_arch_behaviors("static")
fmdtools/define/architecture/base.py:163: in update_arch_behaviors
    self.prop_static()
fmdtools/define/architecture/base.py:203: in prop_static
    sim(time=self.t.time, proptype='static-once', inc_at="")
_ _ _ _ _ _ _ _ _ _ _ _ _ _ _ _ _ _ _ _ _ _ _ _ _ _ _ _ _ _ _ _ _ _ _ _ _ _ _ _ 

self = move_water MoveWat
- t=MoveWatTime(time=0.0, timers={'pressure_limit': Timer pressure_limit: mode= standby, time= 0.0}...(flowrate=0.0, pressure=0.0, area=1.0, level=1.0))
- wat_out=Water(s=(flowrate=0.0, pressure=0.0, area=1.0, level=1.0))
time = 0.0, proptype = 'static-once', faults = [], disturbances = {}
inc_at = '', end_of_simulation = False, copy = False

    def __call__(self, time=None, proptype="both", faults=[], disturbances={},
                 inc_at="all", end_of_simulation=False, copy=False):
        """
        Call the Simulable to propagate behavior at a single time-step.
    
        Parameters
        ----------
        time : float/'end'
            Time at which to simulate the Simulable. Default is None, which uses
            self.t.time. If 'end' is provided, will be simulated until the end of
            the simulation (sp.end_time or sp.end_condition)
        proptype : str
            Type of propagation step to update ('static', 'dynamic', or 'both')
        faults : dict/list
            Faults to inject during this propagation step. (to be injected at time.)
            With structure ['fault1', 'fault2'...]
        disturbances : dict
            Variables to change during this propagation step. (to be injected at time.)
            With structure {'var1': value}
        inc_at : bool
            When to increment the history. If "all", increment at each time the sim
            iterates through. If "time", increment only at t==time.
        end_of_simulation : bool
            Whether this is the end of the simulation (and history should be cut).
        copy : bool
            If true, returns a copy of the model just before fault injection and
            stops simulation
        """
        try:
            if time == 'end':
                time = self.sp.end_time
            start_time, end_time = self.t.get_sim_times(time)
            sim_times = self.sp.get_timerange(start_time, end_time)
            for t in sim_times:
                if t == end_time:
                    if copy:
                        return self.copy()
                    if t != self.t.time:  # faults are only injected if not run yet
                        self.set_vars(**disturbances)
                        self.inject_faults(faults)
                self.t.update_time(t)
                if self.t.executing:
                    self.update_stochastic_states()
                    self.update_dynamic_behaviors(proptype=proptype)
                    self.update_static_behaviors(proptype=proptype)
                    self.set_sub_faults()
                    if inc_at == "all" or (inc_at == "time" and t == time):
                        self.inc_sim_time()
                        self.h.log(self, self.t.t_ind, self.t.time)
                    if self.sp.end_condition:
                        if get_var(self, self.sp.end_condition)():
                            break
    
            if end_of_simulation:
                self.cut_hist()
        except Exception as e:
&gt;           raise Exception("Error simulating " + self.name +
                            " of class " + self.__class__.__name__ +
                            " at time=" + str(self.t.time)) from e
E           Exception: Error simulating move_water of class MoveWat at time=0.0

fmdtools/define/block/base.py:808: Exception

The above exception was the direct cause of the following exception:

self = Simulation with SimEvents:
- 10.0=SimEvent(copy=True)
- end=SimEvent(to_return={'graph': None, 'classify': None, 'faults': None})
kwargs = {}

    def __call__(self, **kwargs):
        """Run the sim, save its results (if needed), return its result and history."""
        try:
&gt;           self.run(**kwargs)

fmdtools/sim/propagate.py:480: 
_ _ _ _ _ _ _ _ _ _ _ _ _ _ _ _ _ _ _ _ _ _ _ _ _ _ _ _ _ _ _ _ _ _ _ _ _ _ _ _ 
fmdtools/sim/propagate.py:632: in run
    simevent.run(self.mdl, scen=self.scen, **kwargs)
fmdtools/sim/propagate.py:395: in run
    self.mdl_copy = mdl(time=self.time, **kwar, copy=True)
                    ^^^^^^^^^^^^^^^^^^^^^^^^^^^^^^^^^^^^^^
_ _ _ _ _ _ _ _ _ _ _ _ _ _ _ _ _ _ _ _ _ _ _ _ _ _ _ _ _ _ _ _ _ _ _ _ _ _ _ _ 

self = pump Pump
- t=Time(time=0.0, timers={})
- m=Mode(mode='nominal', faults=set(), sub_faults=False)
FLOWS:
- ee_1=Electri...minal', faults=set(), sub_faults=False))
- export_water=ExportWater(m=(mode='nominal', faults=set(), sub_faults=False))
time = 10.0, proptype = 'both', faults = [], disturbances = {}, inc_at = 'all'
end_of_simulation = False, copy = True

    def __call__(self, time=None, proptype="both", faults=[], disturbances={},
                 inc_at="all", end_of_simulation=False, copy=False):
        """
        Call the Simulable to propagate behavior at a single time-step.
    
        Parameters
        ----------
        time : float/'end'
            Time at which to simulate the Simulable. Default is None, which uses
            self.t.time. If 'end' is provided, will be simulated until the end of
            the simulation (sp.end_time or sp.end_condition)
        proptype : str
            Type of propagation step to update ('static', 'dynamic', or 'both')
        faults : dict/list
            Faults to inject during this propagation step. (to be injected at time.)
            With structure ['fault1', 'fault2'...]
        disturbances : dict
            Variables to change during this propagation step. (to be injected at time.)
            With structure {'var1': value}
        inc_at : bool
            When to increment the history. If "all", increment at each time the sim
            iterates through. If "time", increment only at t==time.
        end_of_simulation : bool
            Whether this is the end of the simulation (and history should be cut).
        copy : bool
            If true, returns a copy of the model just before fault injection and
            stops simulation
        """
        try:
            if time == 'end':
                time = self.sp.end_time
            start_time, end_time = self.t.get_sim_times(time)
            sim_times = self.sp.get_timerange(start_time, end_time)
            for t in sim_times:
                if t == end_time:
                    if copy:
                        return self.copy()
                    if t != self.t.time:  # faults are only injected if not run yet
                        self.set_vars(**disturbances)
                        self.inject_faults(faults)
                self.t.update_time(t)
                if self.t.executing:
                    self.update_stochastic_states()
                    self.update_dynamic_behaviors(proptype=proptype)
                    self.update_static_behaviors(proptype=proptype)
                    self.set_sub_faults()
                    if inc_at == "all" or (inc_at == "time" and t == time):
                        self.inc_sim_time()
                        self.h.log(self, self.t.t_ind, self.t.time)
                    if self.sp.end_condition:
                        if get_var(self, self.sp.end_condition)():
                            break
    
            if end_of_simulation:
                self.cut_hist()
        except Exception as e:
&gt;           raise Exception("Error simulating " + self.name +
                            " of class " + self.__class__.__name__ +
                            " at time=" + str(self.t.time)) from e
E           Exception: Error simulating pump of class Pump at time=0.0

fmdtools/define/block/base.py:808: Exception

The above exception was the direct cause of the following exception:

self = MultiEventSimulation of
SingleFaultScenario(sequence={10.0: Injection(faults={'move_water': ['short']}, disturbances={})}, times=(10,), function='move_water', fault='short', rate=1e-05, name='move_water_short_t10', time=10, phase='')
kwargs = {}

    def __call__(self, **kwargs):
        """Run the sim, save its results (if needed), return its result and history."""
        try:
&gt;           self.run(**kwargs)

fmdtools/sim/propagate.py:480: 
_ _ _ _ _ _ _ _ _ _ _ _ _ _ _ _ _ _ _ _ _ _ _ _ _ _ _ _ _ _ _ _ _ _ _ _ _ _ _ _ 
fmdtools/sim/propagate.py:1023: in run
    self.run_nom(with_copy=True)
fmdtools/sim/propagate.py:1008: in run_nom
    outs = nomsim(**sim_kwar)
           ^^^^^^^^^^^^^^^^^^
fmdtools/sim/propagate.py:620: in __call__
    res, hist = super().__call__(**kwargs)
                ^^^^^^^^^^^^^^^^^^^^^^^^^^
_ _ _ _ _ _ _ _ _ _ _ _ _ _ _ _ _ _ _ _ _ _ _ _ _ _ _ _ _ _ _ _ _ _ _ _ _ _ _ _ 

self = Simulation with SimEvents:
- 10.0=SimEvent(copy=True)
- end=SimEvent(to_return={'graph': None, 'classify': None, 'faults': None})
kwargs = {}

    def __call__(self, **kwargs):
        """Run the sim, save its results (if needed), return its result and history."""
        try:
            self.run(**kwargs)
        except Exception as e:
&gt;           raise Exception("Error simulating "+self.name+" scenario(s)") from e
E           Exception: Error simulating nominal scenario(s)

fmdtools/sim/propagate.py:482: Exception

The above exception was the direct cause of the following exception:

self = &lt;tests.test_graph.ModelGraphTests testMethod=test_result_from_plot&gt;

    def test_result_from_plot(self):
        des_res = ['graph', 'classify', 'faults']
&gt;       er, hist = propagate.one_fault(self.mdl, 'move_water', 'short',
                                       time=10, track='all', to_return=des_res)

tests/test_graph.py:88: 
_ _ _ _ _ _ _ _ _ _ _ _ _ _ _ _ _ _ _ _ _ _ _ _ _ _ _ _ _ _ _ _ _ _ _ _ _ _ _ _ 
fmdtools/sim/propagate.py:162: in one_fault
    return sequence(mdl, scen=scen, name=str((fxnname, fault)), **kwargs)
           ^^^^^^^^^^^^^^^^^^^^^^^^^^^^^^^^^^^^^^^^^^^^^^^^^^^^^^^^^^^^^^
fmdtools/sim/propagate.py:222: in sequence
    return sim(**get_sim_call_kwargs(sim, **kwargs))
           ^^^^^^^^^^^^^^^^^^^^^^^^^^^^^^^^^^^^^^^^^
fmdtools/sim/propagate.py:975: in __call__
    rets = super().__call__(**kwargs)
           ^^^^^^^^^^^^^^^^^^^^^^^^^^
_ _ _ _ _ _ _ _ _ _ _ _ _ _ _ _ _ _ _ _ _ _ _ _ _ _ _ _ _ _ _ _ _ _ _ _ _ _ _ _ 

self = MultiEventSimulation of
SingleFaultScenario(sequence={10.0: Injection(faults={'move_water': ['short']}, disturbances={})}, times=(10,), function='move_water', fault='short', rate=1e-05, name='move_water_short_t10', time=10, phase='')
kwargs = {}

    def __call__(self, **kwargs):
        """Run the sim, save its results (if needed), return its result and history."""
        try:
            self.run(**kwargs)
        except Exception as e:
&gt;           raise Exception("Error simulating "+self.name+" scenario(s)") from e
E           Exception: Error simulating ('move_water', 'short') scenario(s)

fmdtools/sim/propagate.py:482: Exception</failure></testcase><testcase classname="tests.test_graph.ModelGraphTests" name="test_typegraph_plot" time="0.180" /><testcase classname="tests.test_hierarchical.define_Tests" name="test_arg_passdown" time="0.024" /><testcase classname="tests.test_hierarchical.define_Tests" name="test_fault_injection" time="0.009" /><testcase classname="tests.test_hierarchical.define_Tests" name="test_prop_method" time="0.887" /><testcase classname="tests.test_hierarchical.define_Tests" name="test_propagation" time="0.022" /><testcase classname="tests.test_packages.define_Tests" name="test_pdf_translation_options" time="0.009" /></testsuite></testsuites>