<?xml version="1.0" encoding="utf-8"?><testsuites name="pytest tests"><testsuite name="pytest" errors="0" failures="1" skipped="3" tests="402" time="3445.060" timestamp="2026-05-27T20:02:14.410599-07:00" hostname="bamboo-r3.ndc.nasa.gov"><testcase classname="examples.airport_taxiway.demo_overview.ipynb" name="demo_overview.ipynb" time="2.596" /><testcase classname="examples.airport_taxiway.paper_jcise_dsa.ipynb" name="paper_jcise_dsa.ipynb" time="30.565" /><testcase classname="examples.airport_taxiway.test_asset.AssetTests" name="test_avoid" time="0.491" /><testcase classname="examples.airport_taxiway.test_asset.AssetTests" name="test_avoid_plot" time="0.725" /><testcase classname="examples.airport_taxiway.test_asset.AssetTests" name="test_heli_cycle" time="0.279" /><testcase classname="examples.airport_taxiway.test_asset.AssetTests" name="test_heli_cycle_plot" time="0.532" /><testcase classname="examples.airport_taxiway.test_asset.AssetTests" name="test_lost_sight" time="1.059" /><testcase classname="examples.airport_taxiway.test_asset.AssetTests" name="test_lost_sight_plot" time="1.251" /><testcase classname="examples.airport_taxiway.test_asset.AssetTests" name="test_one_cycle" time="0.239" /><testcase classname="examples.airport_taxiway.test_asset.AssetTests" name="test_one_cycle_plot" time="0.307" /><testcase classname="examples.airport_taxiway.test_model.ModelTests" name="test_atc_lost_ground_perception" time="4.656" /><testcase classname="examples.airport_taxiway.test_model.ModelTests" name="test_atc_lost_ground_perception_plot" time="4.464" /><testcase classname="examples.airport_taxiway.test_model.ModelTests" name="test_atc_wrong_land_command" time="5.388" /><testcase classname="examples.airport_taxiway.test_model.ModelTests" name="test_atc_wrong_land_command_lost_sight" time="4.606" /><testcase classname="examples.airport_taxiway.test_model.ModelTests" name="test_atc_wrong_land_command_sight_plot" time="6.681" /><testcase classname="examples.airport_taxiway.test_model.ModelTests" name="test_default_plots" time="4.472" /><testcase classname="examples.airport_taxiway.test_model.ModelTests" name="test_scen" time="2.160" /><testcase classname="examples.airspacelib.base.arch.aviate" name="examples.airspacelib.base.arch.aviate.Aviate" time="0.012" /><testcase classname="examples.airspacelib.base.arch.controlflight" name="examples.airspacelib.base.arch.controlflight.ControlFlight" time="0.014" /><testcase classname="examples.airspacelib.base.arch.perceiveenvironment" name="examples.airspacelib.base.arch.perceiveenvironment.PerceiveEnvironment.dynamic_behavior" time="0.008" /><testcase classname="examples.airspacelib.base.state" name="examples.airspacelib.base.state.AircraftPosition.at_goal" time="0.002" /><testcase classname="examples.airspacelib.base.state" name="examples.airspacelib.base.state.AircraftPosition.find_direction" time="0.002" /><testcase classname="examples.airspacelib.base.state" name="examples.airspacelib.base.state.AircraftPosition.update_dist_to_travel" time="0.002" /><testcase classname="examples.airspacelib.base.state" name="examples.airspacelib.base.state.AircraftPosition.update_position" time="0.003" /><testcase classname="examples.airspacelib.contingency_management.demo_contingency.ipynb" name="demo_contingency.ipynb" time="278.567" /><testcase classname="examples.airspacelib.contingency_management.demo_overview.ipynb" name="demo_overview.ipynb" time="5.076" /><testcase classname="examples.airspacelib.contingency_management.demo_proxthreat.ipynb" name="demo_proxthreat.ipynb" time="25.435" /><testcase classname="examples.airspacelib.contingency_management.model_flightplanner" name="examples.airspacelib.contingency_management.model_flightplanner.DroneFlightGrid" time="13.016" /><testcase classname="examples.airspacelib.wildfire_response.demo_overview.ipynb" name="demo_overview.ipynb" time="4.812" /><testcase classname="examples.airspacelib.wildfire_response.demo_wildfire.ipynb" name="demo_wildfire.ipynb" time="50.860" /><testcase classname="examples.cooling_tank.demo_tank_model.ipynb" name="demo_tank_model.ipynb" time="56.006" /><testcase classname="examples.cooling_tank.test_tank.TankTests" name="test_approach" time="11.051" /><testcase classname="examples.cooling_tank.test_tank.TankTests" name="test_approach_parallelism_0" time="21.890" /><testcase classname="examples.cooling_tank.test_tank.TankTests" name="test_approach_parallelism_1" time="37.977" /><testcase classname="examples.cooling_tank.test_tank.TankTests" name="test_approach_parallelism_notrack" time="23.039" /><testcase classname="examples.cooling_tank.test_tank.TankTests" name="test_comp_mode_inj" time="0.134" /><testcase classname="examples.cooling_tank.test_tank.TankTests" name="test_different_components" time="0.062" /><testcase classname="examples.cooling_tank.test_tank.TankTests" name="test_epc_math" time="0.042" /><testcase classname="examples.cooling_tank.test_tank.TankTests" name="test_fault_sample_isave" time="11.871" /><testcase classname="examples.cooling_tank.test_tank.TankTests" name="test_fault_sample_save" time="11.353" /><testcase classname="examples.cooling_tank.test_tank.TankTests" name="test_local_tstep" time="0.766" /><testcase classname="examples.cooling_tank.test_tank.TankTests" name="test_model_copy_different" time="2.068" /><testcase classname="examples.cooling_tank.test_tank.TankTests" name="test_model_copy_same" time="5.165" /><testcase classname="examples.cooling_tank.test_tank.TankTests" name="test_model_reset" time="0.001"><skipped type="pytest.skip" message="Reset not fully implemented yet and unused throughout.">/home/bamboo/bamboo-agent-home/xml-data/build-dir/RAD-TEST-UVF/examples/cooling_tank/test_tank.py:69: Reset not fully implemented yet and unused throughout.</skipped></testcase><testcase classname="examples.cooling_tank.test_tank.TankTests" name="test_nested_sample_isave" time="121.468" /><testcase classname="examples.cooling_tank.test_tank.TankTests" name="test_nested_sample_save" time="122.180" /><testcase classname="examples.cooling_tank.test_tank.TankTests" name="test_param_sample_isave" time="3.015" /><testcase classname="examples.cooling_tank.test_tank.TankTests" name="test_param_sample_save" time="2.409" /><testcase classname="examples.cooling_tank.test_tank.TankTests" name="test_save_load_multfault" time="0.692" /><testcase classname="examples.cooling_tank.test_tank.TankTests" name="test_save_load_nominal" time="0.272" /><testcase classname="examples.cooling_tank.test_tank.TankTests" name="test_save_load_onefault" time="0.694" /><testcase classname="examples.cooling_tank.test_tank.TankTests" name="test_save_load_singlefaults" time="6.607" /><testcase classname="examples.cooling_tank.test_tank.TankTests" name="test_singlefaults_isave" time="6.737" /><testcase classname="examples.cooling_tank.test_tank.TankTests" name="test_tank_copy_args" time="0.579" /><testcase classname="examples.electric_power_system.demo_static_models.ipynb" name="demo_static_models.ipynb" time="11.013" /><testcase classname="examples.electric_power_system.test_model.epsTests" name="test_all_faults" time="1.927" /><testcase classname="examples.electric_power_system.test_model.epsTests" name="test_backward_fault_prop_1" time="0.103" /><testcase classname="examples.electric_power_system.test_model.epsTests" name="test_backward_fault_prop_2" time="0.104" /><testcase classname="examples.electric_power_system.test_model.epsTests" name="test_fault_app" time="2.842" /><testcase classname="examples.electric_power_system.test_model.epsTests" name="test_multfault_saving" time="0.304" /><testcase classname="examples.electric_power_system.test_model.epsTests" name="test_nominal_saving" time="0.089" /><testcase classname="examples.electric_power_system.test_model.epsTests" name="test_pickleability" time="7.500" /><testcase classname="examples.electric_power_system.test_model.epsTests" name="test_save_load_onefault" time="0.327" /><testcase classname="examples.electric_power_system.test_model.epsTests" name="test_save_load_singlefaults" time="5.567" /><testcase classname="examples.human_hazard_mitigation.tutorial_actionarchitecture.ipynb" name="tutorial_actionarchitecture.ipynb" time="14.035" /><testcase classname="examples.multirotor_drone.demo_optimization_architectures.ipynb" name="demo_optimization_architectures.ipynb" time="109.682"><failure message="#x1B[31mAssertionError#x1B[39m: ">---------------------------------------------------------------------------
assert abs(a - b) &lt; 0.00001
#x1B[31m---------------------------------------------------------------------------#x1B[39m
#x1B[31mAssertionError#x1B[39m                            Traceback (most recent call last)
#x1B[36mCell#x1B[39m#x1B[36m #x1B[39m#x1B[32mIn[36]#x1B[39m#x1B[32m, line 1#x1B[39m
#x1B[32m----&gt; #x1B[39m#x1B[32m1#x1B[39m #x1B[38;5;28;01massert#x1B[39;00m abs(a - b) &lt; #x1B[32m0.00001#x1B[39m

#x1B[31mAssertionError#x1B[39m:</failure></testcase><testcase classname="examples.multirotor_drone.demo_overview.ipynb" name="demo_overview.ipynb" time="12.158" /><testcase classname="examples.multirotor_drone.model_dynamic" name="examples.multirotor_drone.model_dynamic.AffectDOF.inc_pos" time="0.010" /><testcase classname="examples.multirotor_drone.model_dynamic" name="examples.multirotor_drone.model_dynamic.PlanPath.assign_vectdist_to_goal" time="0.005" /><testcase classname="examples.multirotor_drone.model_dynamic" name="examples.multirotor_drone.model_dynamic.PlanPath.calc_dist_to_goal" time="0.005" /><testcase classname="examples.multirotor_drone.model_dynamic" name="examples.multirotor_drone.model_dynamic.SightGrid" time="0.299" /><testcase classname="examples.multirotor_drone.model_hierarchical" name="examples.multirotor_drone.model_hierarchical.AffectDOF" time="0.032" /><testcase classname="examples.multirotor_drone.model_hierarchical" name="examples.multirotor_drone.model_hierarchical.AffectDOFArch" time="0.015" /><testcase classname="examples.multirotor_drone.model_hierarchical" name="examples.multirotor_drone.model_hierarchical.LineArchParam" time="0.003" /><testcase classname="examples.multirotor_drone.model_static" name="examples.multirotor_drone.model_static.AffectDOF.static_behavior" time="0.006" /><testcase classname="examples.multirotor_drone.model_static" name="examples.multirotor_drone.model_static.CtlDOF.static_behavior" time="0.005" /><testcase classname="examples.multirotor_drone.model_static" name="examples.multirotor_drone.model_static.DesTrajState.dist2d" time="0.002" /><testcase classname="examples.multirotor_drone.model_static" name="examples.multirotor_drone.model_static.DesTrajState.unit_vect2d" time="0.002" /><testcase classname="examples.multirotor_drone.model_static" name="examples.multirotor_drone.model_static.DistEE.static_behavior" time="0.006" /><testcase classname="examples.multirotor_drone.model_static" name="examples.multirotor_drone.model_static.HoldPayload.static_behavior" time="0.005" /><testcase classname="examples.multirotor_drone.model_static" name="examples.multirotor_drone.model_static.PlanPath.static_behavior" time="0.004" /><testcase classname="examples.multirotor_drone.paper_ijphm_fmdtools.ipynb" name="paper_ijphm_fmdtools.ipynb" time="114.134" /><testcase classname="examples.multirotor_drone.test_multirotor.DroneParameterTests" name="test_objectives" time="1.451" /><testcase classname="examples.multirotor_drone.test_multirotor.DroneParameterTests" name="test_param_domain_1" time="0.002" /><testcase classname="examples.multirotor_drone.test_multirotor.DroneParameterTests" name="test_param_domain_2" time="0.001" /><testcase classname="examples.multirotor_drone.test_multirotor.DroneParameterTests" name="test_set_constraints_1" time="0.001" /><testcase classname="examples.multirotor_drone.test_multirotor.DroneParameterTests" name="test_set_constraints_2" time="0.001" /><testcase classname="examples.multirotor_drone.test_multirotor.DroneParameterTests" name="test_sim_mdl" time="0.596" /><testcase classname="examples.multirotor_drone.test_multirotor.DroneScenarioTest" name="test_scenprob_results" time="1.830" /><testcase classname="examples.multirotor_drone.test_multirotor.DroneScenarioTest2" name="test_scenprob_results" time="1.731" /><testcase classname="examples.multirotor_drone.test_multirotor.DroneScenarioTest3" name="test_scenprob_results" time="1.676" /><testcase classname="examples.multirotor_drone.test_multirotor.DroneDisturbanceTest" name="test_disturbance_set" time="0.699" /><testcase classname="examples.multirotor_drone.tutorial_fmdtools_basics.ipynb" name="tutorial_fmdtools_basics.ipynb" time="21.083" /><testcase classname="examples.navigating_rover.demo_degradation.ipynb" name="demo_degradation.ipynb" time="289.945" /><testcase classname="examples.navigating_rover.demo_overview.ipynb" name="demo_overview.ipynb" time="22.682" /><testcase classname="examples.navigating_rover.demo_rover_model.ipynb" name="demo_rover_model.ipynb" time="59.290" /><testcase classname="examples.navigating_rover.model_human" name="examples.navigating_rover.model_human.Comprehend" time="0.006" /><testcase classname="examples.navigating_rover.model_human" name="examples.navigating_rover.model_human.Decide" time="0.004" /><testcase classname="examples.navigating_rover.model_human" name="examples.navigating_rover.model_human.HumanActions" time="0.026" /><testcase classname="examples.navigating_rover.model_human" name="examples.navigating_rover.model_human.Look" time="0.006" /><testcase classname="examples.navigating_rover.model_human" name="examples.navigating_rover.model_human.Percieve" time="0.007" /><testcase classname="examples.navigating_rover.model_human" name="examples.navigating_rover.model_human.Press" time="0.006" /><testcase classname="examples.navigating_rover.model_human" name="examples.navigating_rover.model_human.Project" time="0.007" /><testcase classname="examples.navigating_rover.model_main" name="examples.navigating_rover.model_main.Drive.drive_nominal" time="0.086" /><testcase classname="examples.navigating_rover.paper_idetc_human.ipynb" name="paper_idetc_human.ipynb" time="394.711" /><testcase classname="examples.navigating_rover.test_rover.RoverTests" name="test_obj_values" time="6.338" /><testcase classname="examples.navigating_rover.tutorial_FaultSample.ipynb" name="tutorial_FaultSample.ipynb" time="17.568" /><testcase classname="examples.navigating_rover.tutorial_model_structure_visualization.ipynb" name="tutorial_model_structure_visualization.ipynb" time="54.593" /><testcase classname="examples.state_communication.Tutorial_MultiFlow_and_CommsFlow.ipynb" name="Tutorial_MultiFlow_and_CommsFlow.ipynb" time="5.696" /><testcase classname="examples.state_communication.test_multiflow.define_Tests" name="test_multiflow_combination" time="0.112" /><testcase classname="examples.state_communication.test_multiflow.define_Tests" name="test_multiflow_passing" time="0.094" /><testcase classname="examples.state_communication.test_multiflow.define_Tests" name="test_mutliflow_copying" time="0.152" /><testcase classname="examples.water_pump.demo_fault_analysis.ipynb" name="demo_fault_analysis.ipynb" time="34.590" /><testcase classname="examples.water_pump.model_main" name="examples.water_pump.model_main.accumulate" time="0.003" /><testcase classname="examples.water_pump.model_main" name="examples.water_pump.model_main.reseting_accumulate" time="0.003" /><testcase classname="examples.water_pump.test_pump.PumpTests" name="test_app_prop_values" time="0.698" /><testcase classname="examples.water_pump.test_pump.PumpTests" name="test_approach_cost_calc" time="55.994" /><testcase classname="examples.water_pump.test_pump.PumpTests" name="test_approach_parallelism" time="54.300" /><testcase classname="examples.water_pump.test_pump.PumpTests" name="test_dynamic_prop_values" time="0.835" /><testcase classname="examples.water_pump.test_pump.PumpTests" name="test_dynamic_prop_values_2" time="1.061" /><testcase classname="examples.water_pump.test_pump.PumpTests" name="test_fault_sample_isave" time="7.490" /><testcase classname="examples.water_pump.test_pump.PumpTests" name="test_fault_sample_save" time="7.203" /><testcase classname="examples.water_pump.test_pump.PumpTests" name="test_fmea_options" time="1.010" /><testcase classname="examples.water_pump.test_pump.PumpTests" name="test_hist_tracking_setup" time="0.039" /><testcase classname="examples.water_pump.test_pump.PumpTests" name="test_model_copy_different" time="5.128" /><testcase classname="examples.water_pump.test_pump.PumpTests" name="test_model_copy_same" time="11.070" /><testcase classname="examples.water_pump.test_pump.PumpTests" name="test_model_reset" time="0.001"><skipped type="pytest.skip" message="Reset not fully implemented yet and unused throughout.">/home/bamboo/bamboo-agent-home/xml-data/build-dir/RAD-TEST-UVF/examples/water_pump/test_pump.py:138: Reset not fully implemented yet and unused throughout.</skipped></testcase><testcase classname="examples.water_pump.test_pump.PumpTests" name="test_nested_sample_isave" time="76.713" /><testcase classname="examples.water_pump.test_pump.PumpTests" name="test_nested_sample_save" time="75.650" /><testcase classname="examples.water_pump.test_pump.PumpTests" name="test_nominal_save" time="0.424" /><testcase classname="examples.water_pump.test_pump.PumpTests" name="test_one_run_csv" time="0.310" /><testcase classname="examples.water_pump.test_pump.PumpTests" name="test_one_run_json" time="0.292" /><testcase classname="examples.water_pump.test_pump.PumpTests" name="test_one_run_pickle" time="0.292" /><testcase classname="examples.water_pump.test_pump.PumpTests" name="test_onefault_save" time="0.725" /><testcase classname="examples.water_pump.test_pump.PumpTests" name="test_param_sample" time="0.023" /><testcase classname="examples.water_pump.test_pump.PumpTests" name="test_param_sample_isave" time="4.626" /><testcase classname="examples.water_pump.test_pump.PumpTests" name="test_param_sample_save" time="4.061" /><testcase classname="examples.water_pump.test_pump.PumpTests" name="test_pickleability" time="7.889" /><testcase classname="examples.water_pump.test_pump.PumpTests" name="test_save_load_multfault" time="1.190" /><testcase classname="examples.water_pump.test_pump.PumpTests" name="test_single_faults_isave" time="4.649" /><testcase classname="examples.water_pump.test_pump.PumpTests" name="test_single_faults_save" time="3.994" /><testcase classname="examples.water_pump.test_pump.PumpTests" name="test_value_setting" time="0.024" /><testcase classname="examples.water_pump.test_pump.PumpTests" name="test_value_setting_dict" time="0.022" /><testcase classname="examples.water_pump.test_pump.IndivPumpTests" name="test_mutable_setup" time="0.018" /><testcase classname="examples.water_pump.test_pump_example.ImportEE_Tests" name="test_behave_inf_v" time="0.002" /><testcase classname="examples.water_pump.test_pump_example.ImportEE_Tests" name="test_behave_no_v" time="0.002" /><testcase classname="examples.water_pump.test_pump_example.ImportEE_Tests" name="test_behave_nom" time="0.002" /><testcase classname="examples.water_pump.test_pump_example.ImportEE_Tests" name="test_condfaults_hi" time="0.002" /><testcase classname="examples.water_pump.test_pump_example.ImportEE_Tests" name="test_condfaults_nom" time="0.002" /><testcase classname="examples.water_pump.test_pump_example.ImportEE_Tests" name="test_initialization" time="0.002" /><testcase classname="examples.water_pump.test_pump_example.MoveWat_Tests" name="test_condfaults_dynamic" time="0.003" /><testcase classname="examples.water_pump.test_pump_example.MoveWat_Tests" name="test_initialization" time="0.003" /><testcase classname="examples.water_pump.test_pump_example.MoveWat_Tests" name="test_nom" time="0.002" /><testcase classname="examples.water_pump.test_pump_example.Integration_Tests" name="test_blockage_results" time="0.291" /><testcase classname="examples.water_pump.test_pump_example.Integration_Tests" name="test_blockage_static" time="0.037" /><testcase classname="examples.water_pump.test_pump_example.Integration_Tests" name="test_nominal_results" time="0.153" /><testcase classname="examples.water_pump.test_pump_stochastic.StochasticPumpTests" name="test_mdl_pickle" time="83.268" /><testcase classname="examples.water_pump.test_pump_stochastic.StochasticPumpTests" name="test_model_copy_different" time="6.415" /><testcase classname="examples.water_pump.test_pump_stochastic.StochasticPumpTests" name="test_model_copy_same" time="14.776" /><testcase classname="examples.water_pump.test_pump_stochastic.StochasticPumpTests" name="test_model_reset" time="0.001"><skipped type="pytest.skip" message="Reset not fully implemented yet and unused throughout.">/home/bamboo/bamboo-agent-home/xml-data/build-dir/RAD-TEST-UVF/examples/water_pump/test_pump_stochastic.py:112: Reset not fully implemented yet and unused throughout.</skipped></testcase><testcase classname="examples.water_pump.test_pump_stochastic.StochasticPumpTests" name="test_model_set_vars" time="0.021" /><testcase classname="examples.water_pump.test_pump_stochastic.StochasticPumpTests" name="test_nested_sample_isave" time="53.191" /><testcase classname="examples.water_pump.test_pump_stochastic.StochasticPumpTests" name="test_nested_sample_save" time="52.918" /><testcase classname="examples.water_pump.test_pump_stochastic.StochasticPumpTests" name="test_param_sample_isave" time="12.425" /><testcase classname="examples.water_pump.test_pump_stochastic.StochasticPumpTests" name="test_param_sample_save" time="11.716" /><testcase classname="examples.water_pump.test_pump_stochastic.StochasticPumpTests" name="test_plot_nested_hists" time="8.709" /><testcase classname="examples.water_pump.test_pump_stochastic.StochasticPumpTests" name="test_plot_nominal_vals" time="2.614" /><testcase classname="examples.water_pump.test_pump_stochastic.StochasticPumpTests" name="test_plot_nominal_vals_xd" time="153.817" /><testcase classname="examples.water_pump.test_pump_stochastic.StochasticPumpTests" name="test_rand_paramsample_plot" time="6.134" /><testcase classname="examples.water_pump.test_pump_stochastic.StochasticPumpTests" name="test_run_approach" time="239.295" /><testcase classname="examples.water_pump.test_pump_stochastic.StochasticPumpTests" name="test_run_safety" time="16.112" /><testcase classname="examples.water_pump.test_pump_stochastic.StochasticPumpTests" name="test_set_seeds" time="0.067" /><testcase classname="examples.water_pump.test_pump_stochastic.StochasticPumpTests" name="test_stochastic_pdf" time="0.075" /><testcase classname="examples.water_pump.tutorial_fmdtools_basics.ipynb" name="tutorial_fmdtools_basics.ipynb" time="15.812" /><testcase classname="examples.water_pump.tutorial_optimization.ipynb" name="tutorial_optimization.ipynb" time="139.627" /><testcase classname="examples.water_pump.tutorial_parallelism.ipynb" name="tutorial_parallelism.ipynb" time="178.918" /><testcase classname="src.fmdtools.analyze.common" name="fmdtools.analyze.common.auto_filetype" time="0.005" /><testcase classname="src.fmdtools.analyze.common" name="fmdtools.analyze.common.calc_average" time="0.003" /><testcase classname="src.fmdtools.analyze.common" name="fmdtools.analyze.common.calc_expected" time="0.002" /><testcase classname="src.fmdtools.analyze.common" name="fmdtools.analyze.common.calc_metric" time="0.003" /><testcase classname="src.fmdtools.analyze.common" name="fmdtools.analyze.common.calc_metric_ci" time="0.024" /><testcase classname="src.fmdtools.analyze.common" name="fmdtools.analyze.common.calc_percent" time="0.002" /><testcase classname="src.fmdtools.analyze.common" name="fmdtools.analyze.common.calc_rate" time="0.002" /><testcase classname="src.fmdtools.analyze.common" name="fmdtools.analyze.common.calc_sum" time="0.002" /><testcase classname="src.fmdtools.analyze.common" name="fmdtools.analyze.common.calc_total" time="0.002" /><testcase classname="src.fmdtools.analyze.common" name="fmdtools.analyze.common.create_indiv_filename" time="0.002" /><testcase classname="src.fmdtools.analyze.common" name="fmdtools.analyze.common.diff" time="0.002" /><testcase classname="src.fmdtools.analyze.common" name="fmdtools.analyze.common.join_key" time="0.002" /><testcase classname="src.fmdtools.analyze.common" name="fmdtools.analyze.common.to_include_keys" time="0.002" /><testcase classname="src.fmdtools.analyze.graph.base" name="fmdtools.analyze.graph.base.Graph" time="0.481" /><testcase classname="src.fmdtools.analyze.graph.base" name="fmdtools.analyze.graph.base.Graph._get_edge_style" time="0.005" /><testcase classname="src.fmdtools.analyze.graph.base" name="fmdtools.analyze.graph.base.Graph._get_node_style" time="0.004" /><testcase classname="src.fmdtools.analyze.graph.base" name="fmdtools.analyze.graph.base.Graph.add_node_groups" time="0.107" /><testcase classname="src.fmdtools.analyze.graph.base" name="fmdtools.analyze.graph.base.Graph.compare_with" time="0.067" /><testcase classname="src.fmdtools.analyze.graph.base" name="fmdtools.analyze.graph.base.Graph.draw_drawio" time="0.015" /><testcase classname="src.fmdtools.analyze.graph.base" name="fmdtools.analyze.graph.base.Graph.get_node_percentiles" time="0.003" /><testcase classname="src.fmdtools.analyze.graph.base" name="fmdtools.analyze.graph.base.Graph.plot_node_percentiles" time="0.491" /><testcase classname="src.fmdtools.analyze.graph.base" name="fmdtools.analyze.graph.base.Graph.set_heatmap" time="0.105" /><testcase classname="src.fmdtools.analyze.graph.base" name="fmdtools.analyze.graph.base.Graph.summary" time="0.004" /><testcase classname="src.fmdtools.analyze.graph.model" name="fmdtools.analyze.graph.model.ModelGraph" time="0.013" /><testcase classname="src.fmdtools.analyze.graph.model" name="fmdtools.analyze.graph.model.create_inheritance_subgraph" time="0.004" /><testcase classname="src.fmdtools.analyze.graph.style" name="fmdtools.analyze.graph.style.FlowEdgeStyle" time="0.002" /><testcase classname="src.fmdtools.analyze.graph.style" name="fmdtools.analyze.graph.style.edge_style_factory" time="0.669" /><testcase classname="src.fmdtools.analyze.graph.style" name="fmdtools.analyze.graph.style.node_style_factory" time="1.013" /><testcase classname="src.fmdtools.analyze.graph.style" name="fmdtools.analyze.graph.style.to_legend_label" time="0.003" /><testcase classname="src.fmdtools.analyze.history" name="fmdtools.analyze.history.History" time="0.005" /><testcase classname="src.fmdtools.analyze.history" name="fmdtools.analyze.history.History.cut" time="0.002" /><testcase classname="src.fmdtools.analyze.history" name="fmdtools.analyze.history.History.get_degraded_hist" time="0.003" /><testcase classname="src.fmdtools.analyze.history" name="fmdtools.analyze.history.History.get_fault_time" time="0.002" /><testcase classname="src.fmdtools.analyze.history" name="fmdtools.analyze.history.History.get_faulty_hist" time="0.004" /><testcase classname="src.fmdtools.analyze.history" name="fmdtools.analyze.history.History.get_mean_bound_errhist" time="0.003" /><testcase classname="src.fmdtools.analyze.history" name="fmdtools.analyze.history.History.get_mean_ci_errhist" time="0.011" /><testcase classname="src.fmdtools.analyze.history" name="fmdtools.analyze.history.History.get_mean_std_errhist" time="0.003" /><testcase classname="src.fmdtools.analyze.history" name="fmdtools.analyze.history.History.get_percentile_errhist" time="0.006" /><testcase classname="src.fmdtools.analyze.history" name="fmdtools.analyze.history.History.get_slice" time="0.002" /><testcase classname="src.fmdtools.analyze.phases" name="fmdtools.analyze.phases.PhaseMap.calc_modephase_time" time="0.002" /><testcase classname="src.fmdtools.analyze.phases" name="fmdtools.analyze.phases.PhaseMap.calc_phase_time" time="0.002" /><testcase classname="src.fmdtools.analyze.phases" name="fmdtools.analyze.phases.PhaseMap.calc_samples_in_phases" time="0.002" /><testcase classname="src.fmdtools.analyze.phases" name="fmdtools.analyze.phases.PhaseMap.find_modephase" time="0.002" /><testcase classname="src.fmdtools.analyze.phases" name="fmdtools.analyze.phases.PhaseMap.get_phase_times" time="0.003" /><testcase classname="src.fmdtools.analyze.phases" name="fmdtools.analyze.phases.PhaseMap.get_sample_times" time="0.002" /><testcase classname="src.fmdtools.analyze.phases" name="fmdtools.analyze.phases.find_interval_overlap" time="0.002" /><testcase classname="src.fmdtools.analyze.phases" name="fmdtools.analyze.phases.from_hist" time="0.002" /><testcase classname="src.fmdtools.analyze.phases" name="fmdtools.analyze.phases.join_phasemaps" time="0.003" /><testcase classname="src.fmdtools.analyze.result" name="fmdtools.analyze.result.Result" time="0.003" /><testcase classname="src.fmdtools.analyze.result" name="fmdtools.analyze.result.Result.__eq__" time="0.003" /><testcase classname="src.fmdtools.analyze.result" name="fmdtools.analyze.result.Result.__sub__" time="0.002" /><testcase classname="src.fmdtools.analyze.result" name="fmdtools.analyze.result.Result.align_external_dict" time="0.002" /><testcase classname="src.fmdtools.analyze.result" name="fmdtools.analyze.result.Result.fromdict" time="0.002" /><testcase classname="src.fmdtools.analyze.result" name="fmdtools.analyze.result.Result.get" time="0.002" /><testcase classname="src.fmdtools.analyze.result" name="fmdtools.analyze.result.Result.get_metric" time="0.004" /><testcase classname="src.fmdtools.analyze.result" name="fmdtools.analyze.result.Result.get_metric_ci" time="0.009" /><testcase classname="src.fmdtools.analyze.result" name="fmdtools.analyze.result.Result.get_vals" time="0.002" /><testcase classname="src.fmdtools.analyze.result" name="fmdtools.analyze.result.Result.is_flat" time="0.002" /><testcase classname="src.fmdtools.analyze.tabulate" name="fmdtools.analyze.tabulate.Comparison" time="0.570" /><testcase classname="src.fmdtools.analyze.tabulate" name="fmdtools.analyze.tabulate.FMEA" time="0.028" /><testcase classname="src.fmdtools.analyze.tabulate" name="fmdtools.analyze.tabulate.result_summary" time="0.135" /><testcase classname="src.fmdtools.analyze.tabulate" name="fmdtools.analyze.tabulate.result_summary_fmea" time="0.692" /><testcase classname="src.fmdtools.define.architecture.action" name="fmdtools.define.architecture.action.ActionArchitecture" time="0.014" /><testcase classname="src.fmdtools.define.architecture.action" name="fmdtools.define.architecture.action.ActionArchitectureActGraph" time="0.005" /><testcase classname="src.fmdtools.define.architecture.action" name="fmdtools.define.architecture.action.ActionArchitectureFlowGraph" time="0.005" /><testcase classname="src.fmdtools.define.architecture.action" name="fmdtools.define.architecture.action.ActionArchitectureGraph" time="0.005" /><testcase classname="src.fmdtools.define.architecture.base" name="fmdtools.define.architecture.base.Architecture.as_drawio" time="0.032" /><testcase classname="src.fmdtools.define.architecture.component" name="fmdtools.define.architecture.component.ComponentArchitecture" time="0.009" /><testcase classname="src.fmdtools.define.architecture.function" name="fmdtools.define.architecture.function.FunctionArchitecture" time="0.039" /><testcase classname="src.fmdtools.define.architecture.function" name="fmdtools.define.architecture.function.FunctionArchitectureFlowGraph" time="0.012" /><testcase classname="src.fmdtools.define.architecture.function" name="fmdtools.define.architecture.function.FunctionArchitectureFxnGraph" time="0.011" /><testcase classname="src.fmdtools.define.architecture.function" name="fmdtools.define.architecture.function.FunctionArchitectureGraph" time="0.023" /><testcase classname="src.fmdtools.define.architecture.function" name="fmdtools.define.architecture.function.FunctionArchitectureTypeGraph" time="0.010" /><testcase classname="src.fmdtools.define.architecture.geom" name="fmdtools.define.architecture.geom.GeomArchitecture" time="0.030" /><testcase classname="src.fmdtools.define.architecture.geom" name="fmdtools.define.architecture.geom.GeomArchitecture.all_at" time="0.015" /><testcase classname="src.fmdtools.define.base" name="fmdtools.define.base.is_bool" time="0.004" /><testcase classname="src.fmdtools.define.base" name="fmdtools.define.base.is_numeric" time="0.004" /><testcase classname="src.fmdtools.define.base" name="fmdtools.define.base.nan_to_x" time="0.003" /><testcase classname="src.fmdtools.define.block.action" name="fmdtools.define.block.action.Action" time="0.010" /><testcase classname="src.fmdtools.define.block.base" name="fmdtools.define.block.base.SimParam.get_hist_ind" time="0.004" /><testcase classname="src.fmdtools.define.block.base" name="fmdtools.define.block.base.SimParam.get_timerange" time="0.004" /><testcase classname="src.fmdtools.define.block.component" name="fmdtools.define.block.component.Component" time="0.012" /><testcase classname="src.fmdtools.define.block.function" name="fmdtools.define.block.function.Function" time="0.022" /><testcase classname="src.fmdtools.define.container.base" name="fmdtools.define.container.base.BaseContainer" time="0.006" /><testcase classname="src.fmdtools.define.container.base" name="fmdtools.define.container.base.BaseContainer.assign" time="0.004" /><testcase classname="src.fmdtools.define.container.base" name="fmdtools.define.container.base.BaseContainer.copy" time="0.003" /><testcase classname="src.fmdtools.define.container.base" name="fmdtools.define.container.base.BaseContainer.create_hist" time="0.002" /><testcase classname="src.fmdtools.define.container.base" name="fmdtools.define.container.base.BaseContainer.get_field_dict" time="0.002" /><testcase classname="src.fmdtools.define.container.base" name="fmdtools.define.container.base.BaseContainer.set_field" time="0.002" /><testcase classname="src.fmdtools.define.container.base" name="fmdtools.define.container.base.BaseContainer.to_default" time="0.003" /><testcase classname="src.fmdtools.define.container.base" name="fmdtools.define.container.base.check_container_pick" time="0.002" /><testcase classname="src.fmdtools.define.container.mode" name="fmdtools.define.container.mode.Fault.calc_rate" time="0.003" /><testcase classname="src.fmdtools.define.container.mode" name="fmdtools.define.container.mode.HumanErrorMode" time="0.004" /><testcase classname="src.fmdtools.define.container.mode" name="fmdtools.define.container.mode.Mode" time="0.003" /><testcase classname="src.fmdtools.define.container.mode" name="fmdtools.define.container.mode.Mode.add_fault" time="0.004" /><testcase classname="src.fmdtools.define.container.mode" name="fmdtools.define.container.mode.Mode.get_fault" time="0.003" /><testcase classname="src.fmdtools.define.container.parameter" name="fmdtools.define.container.parameter.ExNestedParam" time="0.005" /><testcase classname="src.fmdtools.define.container.parameter" name="fmdtools.define.container.parameter.Parameter" time="0.003" /><testcase classname="src.fmdtools.define.container.rand" name="fmdtools.define.container.rand.Rand" time="0.007" /><testcase classname="src.fmdtools.define.container.rand" name="fmdtools.define.container.rand.Rand.get_rand_states" time="0.003" /><testcase classname="src.fmdtools.define.container.rand" name="fmdtools.define.container.rand.calc_prob_density_for_random" time="0.002" /><testcase classname="src.fmdtools.define.container.rand" name="fmdtools.define.container.rand.calc_prob_for_choice" time="0.002" /><testcase classname="src.fmdtools.define.container.rand" name="fmdtools.define.container.rand.calc_prob_for_integers" time="0.002" /><testcase classname="src.fmdtools.define.container.rand" name="fmdtools.define.container.rand.calc_prob_for_permuted" time="0.003" /><testcase classname="src.fmdtools.define.container.rand" name="fmdtools.define.container.rand.calc_prob_for_shuffle_permutation" time="0.002" /><testcase classname="src.fmdtools.define.container.rand" name="fmdtools.define.container.rand.get_exp_ray_pdf" time="0.003" /><testcase classname="src.fmdtools.define.container.rand" name="fmdtools.define.container.rand.get_hypergeometric_pmf" time="0.002" /><testcase classname="src.fmdtools.define.container.rand" name="fmdtools.define.container.rand.get_lognormal_pdf" time="0.003" /><testcase classname="src.fmdtools.define.container.rand" name="fmdtools.define.container.rand.get_prob_for_rand" time="0.003" /><testcase classname="src.fmdtools.define.container.rand" name="fmdtools.define.container.rand.get_standard_t_pdf" time="0.002" /><testcase classname="src.fmdtools.define.container.rand" name="fmdtools.define.container.rand.get_triangular_pdf" time="0.003" /><testcase classname="src.fmdtools.define.container.state" name="fmdtools.define.container.state.State" time="0.002" /><testcase classname="src.fmdtools.define.container.state" name="fmdtools.define.container.state.State.add" time="0.002" /><testcase classname="src.fmdtools.define.container.state" name="fmdtools.define.container.state.State.div" time="0.002" /><testcase classname="src.fmdtools.define.container.state" name="fmdtools.define.container.state.State.get" time="0.002" /><testcase classname="src.fmdtools.define.container.state" name="fmdtools.define.container.state.State.gett" time="0.002" /><testcase classname="src.fmdtools.define.container.state" name="fmdtools.define.container.state.State.inc" time="0.002" /><testcase classname="src.fmdtools.define.container.state" name="fmdtools.define.container.state.State.limit" time="0.002" /><testcase classname="src.fmdtools.define.container.state" name="fmdtools.define.container.state.State.mul" time="0.002" /><testcase classname="src.fmdtools.define.container.state" name="fmdtools.define.container.state.State.put" time="0.002" /><testcase classname="src.fmdtools.define.container.state" name="fmdtools.define.container.state.State.roundto" time="0.002" /><testcase classname="src.fmdtools.define.container.state" name="fmdtools.define.container.state.State.same" time="0.002" /><testcase classname="src.fmdtools.define.container.state" name="fmdtools.define.container.state.State.set_atts" time="0.002" /><testcase classname="src.fmdtools.define.container.state" name="fmdtools.define.container.state.State.sub" time="0.002" /><testcase classname="src.fmdtools.define.container.time" name="fmdtools.define.container.time.Time" time="0.003" /><testcase classname="src.fmdtools.define.environment" name="fmdtools.define.environment.Environment" time="0.096" /><testcase classname="src.fmdtools.define.flow.base" name="fmdtools.define.flow.base.Flow" time="0.004" /><testcase classname="src.fmdtools.define.flow.commsflow" name="fmdtools.define.flow.commsflow.CommsFlow" time="0.006" /><testcase classname="src.fmdtools.define.flow.multiflow" name="fmdtools.define.flow.multiflow.MultiFlow" time="0.004" /><testcase classname="src.fmdtools.define.flow.multiflow" name="fmdtools.define.flow.multiflow.MultiFlow.copy" time="0.003" /><testcase classname="src.fmdtools.define.flow.multiflow" name="fmdtools.define.flow.multiflow.MultiFlow.create_hist" time="0.002" /><testcase classname="src.fmdtools.define.flow.multiflow" name="fmdtools.define.flow.multiflow.MultiFlow.get_view" time="0.002" /><testcase classname="src.fmdtools.define.object.base" name="fmdtools.define.object.base.BaseObject" time="0.005" /><testcase classname="src.fmdtools.define.object.base" name="fmdtools.define.object.base.BaseObject.assign_roles" time="0.003" /><testcase classname="src.fmdtools.define.object.base" name="fmdtools.define.object.base.BaseObject.get_att_roletype" time="0.002" /><testcase classname="src.fmdtools.define.object.base" name="fmdtools.define.object.base.BaseObject.get_node_attrs" time="0.002" /><testcase classname="src.fmdtools.define.object.coords" name="fmdtools.define.object.coords.BaseCoords.find_all_prop" time="0.003" /><testcase classname="src.fmdtools.define.object.coords" name="fmdtools.define.object.coords.BaseCoords.find_all_props" time="0.004" /><testcase classname="src.fmdtools.define.object.coords" name="fmdtools.define.object.coords.BaseCoords.get" time="0.003" /><testcase classname="src.fmdtools.define.object.coords" name="fmdtools.define.object.coords.BaseCoords.get_neighbors" time="0.007" /><testcase classname="src.fmdtools.define.object.coords" name="fmdtools.define.object.coords.BaseCoords.get_properties" time="0.003" /><testcase classname="src.fmdtools.define.object.coords" name="fmdtools.define.object.coords.BaseCoords.set" time="0.004" /><testcase classname="src.fmdtools.define.object.coords" name="fmdtools.define.object.coords.BaseCoords.set_pts" time="0.004" /><testcase classname="src.fmdtools.define.object.coords" name="fmdtools.define.object.coords.BaseCoords.set_range" time="0.006" /><testcase classname="src.fmdtools.define.object.coords" name="fmdtools.define.object.coords.BaseCoords.to_gridpoint" time="0.004" /><testcase classname="src.fmdtools.define.object.coords" name="fmdtools.define.object.coords.BaseCoords.to_index" time="0.003" /><testcase classname="src.fmdtools.define.object.coords" name="fmdtools.define.object.coords.Coords" time="0.008" /><testcase classname="src.fmdtools.define.object.coords" name="fmdtools.define.object.coords.Coords.asdict" time="0.005" /><testcase classname="src.fmdtools.define.object.coords" name="fmdtools.define.object.coords.Coords.find_all" time="0.005" /><testcase classname="src.fmdtools.define.object.coords" name="fmdtools.define.object.coords.Coords.find_closest" time="0.004" /><testcase classname="src.fmdtools.define.object.coords" name="fmdtools.define.object.coords.Coords.in_area" time="0.004" /><testcase classname="src.fmdtools.define.object.coords" name="fmdtools.define.object.coords.Coords.set_rand_pts" time="0.003" /><testcase classname="src.fmdtools.define.object.coords" name="fmdtools.define.object.coords.ExampleFileCoords" time="0.019" /><testcase classname="src.fmdtools.define.object.coords" name="fmdtools.define.object.coords.MetricCoords" time="0.004" /><testcase classname="src.fmdtools.define.object.geom" name="fmdtools.define.object.geom.BaseGeom.all_at" time="0.004" /><testcase classname="src.fmdtools.define.object.geom" name="fmdtools.define.object.geom.BaseGeom.vect_at_shape" time="0.003" /><testcase classname="src.fmdtools.define.object.geom" name="fmdtools.define.object.geom.BaseGeom.vect_to_shape" time="0.004" /><testcase classname="src.fmdtools.define.object.geom" name="fmdtools.define.object.geom.GeomJSON" time="0.005" /><testcase classname="src.fmdtools.define.object.geom" name="fmdtools.define.object.geom.GeomLine" time="0.005" /><testcase classname="src.fmdtools.define.object.geom" name="fmdtools.define.object.geom.GeomParameter" time="0.003" /><testcase classname="src.fmdtools.define.object.geom" name="fmdtools.define.object.geom.GeomPoint" time="0.006" /><testcase classname="src.fmdtools.define.object.geom" name="fmdtools.define.object.geom.GeomPoly" time="0.004" /><testcase classname="src.fmdtools.define.object.geom" name="fmdtools.define.object.geom.PolyParam" time="0.002" /><testcase classname="src.fmdtools.define.object.timer" name="fmdtools.define.object.timer.Timer" time="0.003" /><testcase classname="src.fmdtools.sim.propagate" name="fmdtools.sim.propagate.MultiEventSimulation" time="1.214" /><testcase classname="src.fmdtools.sim.propagate" name="fmdtools.sim.propagate.MultiSimulation" time="0.705" /><testcase classname="src.fmdtools.sim.propagate" name="fmdtools.sim.propagate.NestedSimulation" time="0.329" /><testcase classname="src.fmdtools.sim.propagate" name="fmdtools.sim.propagate.SimEvent" time="0.006" /><testcase classname="src.fmdtools.sim.propagate" name="fmdtools.sim.propagate.Simulation" time="0.046" /><testcase classname="src.fmdtools.sim.sample" name="fmdtools.sim.sample.BaseSample.get_metric" time="0.004" /><testcase classname="src.fmdtools.sim.sample" name="fmdtools.sim.sample.FaultDomain.add_all" time="0.006" /><testcase classname="src.fmdtools.sim.sample" name="fmdtools.sim.sample.FaultDomain.add_all_fxn_modes" time="0.005" /><testcase classname="src.fmdtools.sim.sample" name="fmdtools.sim.sample.FaultDomain.add_all_fxnclass_modes" time="0.005" /><testcase classname="src.fmdtools.sim.sample" name="fmdtools.sim.sample.FaultDomain.add_fault" time="0.006" /><testcase classname="src.fmdtools.sim.sample" name="fmdtools.sim.sample.FaultDomain.add_fault_space" time="0.006" /><testcase classname="src.fmdtools.sim.sample" name="fmdtools.sim.sample.FaultDomain.add_faults" time="0.005" /><testcase classname="src.fmdtools.sim.sample" name="fmdtools.sim.sample.FaultDomain.add_singlecomp_modes" time="0.033" /><testcase classname="src.fmdtools.sim.sample" name="fmdtools.sim.sample.FaultSample" time="0.003" /><testcase classname="src.fmdtools.sim.sample" name="fmdtools.sim.sample.FaultSample.add_fault_phases" time="0.031" /><testcase classname="src.fmdtools.sim.sample" name="fmdtools.sim.sample.FaultSample.add_fault_times" time="0.033" /><testcase classname="src.fmdtools.sim.sample" name="fmdtools.sim.sample.FaultSample.add_joint_fault_scenario" time="0.033" /><testcase classname="src.fmdtools.sim.sample" name="fmdtools.sim.sample.FaultSample.add_single_fault_scenario" time="0.031" /><testcase classname="src.fmdtools.sim.sample" name="fmdtools.sim.sample.ParameterDomain" time="0.004" /><testcase classname="src.fmdtools.sim.sample" name="fmdtools.sim.sample.ParameterDomain.get_var_iters" time="0.002" /><testcase classname="src.fmdtools.sim.sample" name="fmdtools.sim.sample.ParameterHistSample" time="0.003" /><testcase classname="src.fmdtools.sim.sample" name="fmdtools.sim.sample.ParameterResultSample" time="0.003" /><testcase classname="src.fmdtools.sim.sample" name="fmdtools.sim.sample.ParameterSample.add_variable_ranges" time="0.003" /><testcase classname="src.fmdtools.sim.sample" name="fmdtools.sim.sample.ParameterSample.add_variable_replicates" time="0.002" /><testcase classname="src.fmdtools.sim.sample" name="fmdtools.sim.sample.ParameterSample.add_variable_scenario" time="0.002" /><testcase classname="src.fmdtools.sim.sample" name="fmdtools.sim.sample.ParameterSample.combine_orthogonal" time="0.002" /><testcase classname="src.fmdtools.sim.sample" name="fmdtools.sim.sample.ParameterSample.combine_product" time="0.002" /><testcase classname="src.fmdtools.sim.sample" name="fmdtools.sim.sample.ParameterSample.combine_random" time="0.002" /><testcase classname="src.fmdtools.sim.sample" name="fmdtools.sim.sample.SampleApproach.add_faultdomain" time="0.039" /><testcase classname="src.fmdtools.sim.sample" name="fmdtools.sim.sample.SampleApproach.add_faultsample" time="0.100" /><testcase classname="src.fmdtools.sim.sample" name="fmdtools.sim.sample.combine_orthogonal" time="0.003" /><testcase classname="src.fmdtools.sim.sample" name="fmdtools.sim.sample.combine_random" time="0.002" /><testcase classname="src.fmdtools.sim.sample" name="fmdtools.sim.sample.sample_times_even" time="0.002" /><testcase classname="src.fmdtools.sim.sample" name="fmdtools.sim.sample.sample_times_quad" time="0.002" /><testcase classname="src.fmdtools.sim.scenario" name="fmdtools.sim.scenario.Sequence" time="0.002" /><testcase classname="src.fmdtools.sim.scenario" name="fmdtools.sim.scenario.Sequence.update_sequence" time="0.002" /><testcase classname="src.fmdtools.sim.scenario" name="fmdtools.sim.scenario.SingleFaultScenario.from_fault" time="0.002" /><testcase classname="src.fmdtools.sim.search" name="fmdtools.sim.search.BaseProblem.get_opt_hist" time="0.003" /><testcase classname="src.fmdtools.sim.search" name="fmdtools.sim.search.DisturbanceProblem" time="0.015" /><testcase classname="src.fmdtools.sim.search" name="fmdtools.sim.search.HistoryObjective" time="0.002" /><testcase classname="src.fmdtools.sim.search" name="fmdtools.sim.search.ParameterSimProblem" time="0.063" /><testcase classname="src.fmdtools.sim.search" name="fmdtools.sim.search.ProblemArchitecture" time="0.036" /><testcase classname="src.fmdtools.sim.search" name="fmdtools.sim.search.ProblemArchitecture.update_full_problem" time="0.027" /><testcase classname="src.fmdtools.sim.search" name="fmdtools.sim.search.ProblemArchitecture.update_problem" time="0.024" /><testcase classname="src.fmdtools.sim.search" name="fmdtools.sim.search.ResultConstraint.con_from_value" time="0.003" /><testcase classname="src.fmdtools.sim.search" name="fmdtools.sim.search.ResultObjective.get_result_value" time="0.004" /><testcase classname="src.fmdtools.sim.search" name="fmdtools.sim.search.SimpleProblem" time="0.003" /><testcase classname="src.fmdtools.sim.search" name="fmdtools.sim.search.SingleFaultScenarioProblem" time="0.027" /><testcase classname="tests.test_graph.ModelGraphTests" name="test_compare_with" time="0.095" /><testcase classname="tests.test_graph.ModelGraphTests" name="test_fault_plot" time="0.619" /><testcase classname="tests.test_graph.ModelGraphTests" name="test_flowgraph_plot" time="0.514" /><testcase classname="tests.test_graph.ModelGraphTests" name="test_fxngraph_plot" time="0.285" /><testcase classname="tests.test_graph.ModelGraphTests" name="test_modelgraph_plot" time="0.785" /><testcase classname="tests.test_graph.ModelGraphTests" name="test_plot_centrality" time="0.390" /><testcase classname="tests.test_graph.ModelGraphTests" name="test_result_from_plot" time="0.377" /><testcase classname="tests.test_graph.ModelGraphTests" name="test_summary" time="0.038" /><testcase classname="tests.test_graph.ModelGraphTests" name="test_typegraph_plot" time="0.118" /><testcase classname="tests.test_hierarchical.define_Tests" name="test_arg_passdown" time="0.014" /><testcase classname="tests.test_hierarchical.define_Tests" name="test_fault_injection" time="0.005" /><testcase classname="tests.test_hierarchical.define_Tests" name="test_prop_method" time="0.221" /><testcase classname="tests.test_hierarchical.define_Tests" name="test_propagation" time="0.008" /><testcase classname="tests.test_packages.define_Tests" name="test_pdf_translation_options" time="0.006" /></testsuite></testsuites>